status file for recon-all
Thu Jul  6 19:04:32 EDT 2017
#@# MotionCor Thu Jul  6 19:04:40 EDT 2017
#@# Deface Thu Jul  6 19:04:50 EDT 2017
#@# Talairach Thu Jul  6 19:07:01 EDT 2017
#@# Talairach Failure Detection Thu Jul  6 19:08:38 EDT 2017
#@# Nu Intensity Correction Thu Jul  6 19:08:39 EDT 2017
#@# Intensity Normalization Thu Jul  6 19:10:06 EDT 2017
#@# Skull Stripping Thu Jul  6 19:12:07 EDT 2017
#@# EM Registration Thu Jul  6 19:24:44 EDT 2017
#@# CA Normalize Thu Jul  6 19:37:45 EDT 2017
#@# CA Reg Thu Jul  6 19:40:35 EDT 2017
#@# SubCort Seg Thu Jul  6 22:51:17 EDT 2017
#@# Merge ASeg Thu Jul  6 23:51:06 EDT 2017
#@# Intensity Normalization2 Thu Jul  6 23:51:06 EDT 2017
#@# Mask BFS Thu Jul  6 23:54:11 EDT 2017
#@# WM Segmentation Thu Jul  6 23:54:12 EDT 2017
#@# Fill Thu Jul  6 23:56:30 EDT 2017
#@# Tessellate lh Thu Jul  6 23:57:12 EDT 2017
#@# Tessellate rh Thu Jul  6 23:57:18 EDT 2017
#@# Smooth1 lh Thu Jul  6 23:57:23 EDT 2017
#@# Smooth1 rh Thu Jul  6 23:57:24 EDT 2017
Darwin trash-can.local 15.6.0 Darwin Kernel Version 15.6.0: Thu Jun 23 18:25:34 PDT 2016; root:xnu-3248.60.10~1/RELEASE_X86_64 x86_64 i386 MacPro6,1 Darwin

recon-all -s sub-01 exited with ERRORS at Thu Jul  6 23:57:24 EDT 2017

\n\n
New invocation of recon-all 
\n\n
status file for recon-all
Fri Jul  7 09:45:57 EDT 2017
#@# Smooth1 lh Fri Jul  7 09:45:57 EDT 2017
recon-all -s sub-01 finished without error at Fri Jul  7 09:46:05 EDT 2017
\n\n
New invocation of recon-all 
\n\n
status file for recon-all
Fri Jul  7 09:46:06 EDT 2017
#@# Smooth1 rh Fri Jul  7 09:46:06 EDT 2017
recon-all -s sub-01 finished without error at Fri Jul  7 09:46:14 EDT 2017
\n\n
New invocation of recon-all 
\n\n
status file for recon-all
Fri Jul  7 09:46:14 EDT 2017
#@# Inflation1 lh Fri Jul  7 09:46:14 EDT 2017
recon-all -s sub-01 finished without error at Fri Jul  7 09:46:32 EDT 2017
\n\n
New invocation of recon-all 
\n\n
status file for recon-all
Fri Jul  7 09:46:32 EDT 2017
#@# Inflation1 rh Fri Jul  7 09:46:32 EDT 2017
recon-all -s sub-01 finished without error at Fri Jul  7 09:46:50 EDT 2017
\n\n
New invocation of recon-all 
\n\n
status file for recon-all
Fri Jul  7 09:46:51 EDT 2017
#@# QSphere lh Fri Jul  7 09:46:51 EDT 2017
recon-all -s sub-01 finished without error at Fri Jul  7 09:48:59 EDT 2017
\n\n
New invocation of recon-all 
\n\n
status file for recon-all
Fri Jul  7 09:48:59 EDT 2017
#@# QSphere rh Fri Jul  7 09:48:59 EDT 2017
recon-all -s sub-01 finished without error at Fri Jul  7 09:52:02 EDT 2017
\n\n
New invocation of recon-all 
\n\n
status file for recon-all
Fri Jul  7 09:52:02 EDT 2017
#@# Fix Topology Copy lh Fri Jul  7 09:52:02 EDT 2017
#@# Fix Topology lh Fri Jul  7 09:52:02 EDT 2017
recon-all -s sub-01 finished without error at Fri Jul  7 10:31:06 EDT 2017
\n\n
New invocation of recon-all 
\n\n
status file for recon-all
Fri Jul  7 10:31:06 EDT 2017
#@# Fix Topology Copy rh Fri Jul  7 10:31:06 EDT 2017
#@# Fix Topology rh Fri Jul  7 10:31:06 EDT 2017
recon-all -s sub-01 finished without error at Fri Jul  7 11:10:48 EDT 2017
\n\n
New invocation of recon-all 
\n\n
status file for recon-all
Fri Jul  7 11:10:49 EDT 2017
#@# Make White Surf lh Fri Jul  7 11:10:49 EDT 2017
recon-all -s sub-01 finished without error at Fri Jul  7 11:31:05 EDT 2017
\n\n
New invocation of recon-all 
\n\n
status file for recon-all
Fri Jul  7 11:31:06 EDT 2017
#@# Make White Surf rh Fri Jul  7 11:31:06 EDT 2017
recon-all -s sub-01 finished without error at Fri Jul  7 11:52:33 EDT 2017
\n\n
New invocation of recon-all 
\n\n
status file for recon-all
Fri Jul  7 11:52:34 EDT 2017
#@# Smooth2 lh Fri Jul  7 11:52:34 EDT 2017
recon-all -s sub-01 finished without error at Fri Jul  7 11:52:43 EDT 2017
\n\n
New invocation of recon-all 
\n\n
status file for recon-all
Fri Jul  7 11:52:44 EDT 2017
#@# Inflation2 lh Fri Jul  7 11:52:44 EDT 2017
recon-all -s sub-01 finished without error at Fri Jul  7 11:53:03 EDT 2017
\n\n
New invocation of recon-all 
\n\n
status file for recon-all
Fri Jul  7 11:53:04 EDT 2017
#@# Sphere lh Fri Jul  7 11:53:04 EDT 2017
recon-all -s sub-01 finished without error at Fri Jul  7 12:15:16 EDT 2017
\n\n
New invocation of recon-all 
\n\n
status file for recon-all
Fri Jul  7 12:15:16 EDT 2017
#@# Surf Reg lh Fri Jul  7 12:15:16 EDT 2017
recon-all -s sub-01 finished without error at Fri Jul  7 12:57:57 EDT 2017
\n\n
New invocation of recon-all 
\n\n
status file for recon-all
Fri Jul  7 12:57:57 EDT 2017
#@# Cortical Parc lh Fri Jul  7 12:57:57 EDT 2017
recon-all -s sub-01 finished without error at Fri Jul  7 12:58:27 EDT 2017
\n\n
New invocation of recon-all 
\n\n
status file for recon-all
Fri Jul  7 12:58:27 EDT 2017
#@# Make Pial Surf lh Fri Jul  7 12:58:27 EDT 2017
#@# Surf Volume lh Fri Jul  7 13:23:02 EDT 2017
recon-all -s sub-01 finished without error at Fri Jul  7 13:23:07 EDT 2017
\n\n
New invocation of recon-all 
\n\n
status file for recon-all
Fri Jul  7 13:23:07 EDT 2017
#@# Surf Volume lh Fri Jul  7 13:23:07 EDT 2017
recon-all -s sub-01 finished without error at Fri Jul  7 13:23:12 EDT 2017
\n\n
New invocation of recon-all 
\n\n
status file for recon-all
Fri Jul  7 13:23:12 EDT 2017
#@# Smooth2 rh Fri Jul  7 13:23:12 EDT 2017
recon-all -s sub-01 finished without error at Fri Jul  7 13:23:22 EDT 2017
\n\n
New invocation of recon-all 
\n\n
status file for recon-all
Fri Jul  7 13:23:22 EDT 2017
#@# Inflation2 rh Fri Jul  7 13:23:23 EDT 2017
recon-all -s sub-01 finished without error at Fri Jul  7 13:23:45 EDT 2017
\n\n
New invocation of recon-all 
\n\n
status file for recon-all
Fri Jul  7 13:23:46 EDT 2017
#@# Sphere rh Fri Jul  7 13:23:46 EDT 2017
recon-all -s sub-01 finished without error at Fri Jul  7 13:52:57 EDT 2017
\n\n
New invocation of recon-all 
\n\n
status file for recon-all
Fri Jul  7 13:52:57 EDT 2017
#@# Surf Reg rh Fri Jul  7 13:52:57 EDT 2017
recon-all -s sub-01 finished without error at Fri Jul  7 14:30:28 EDT 2017
\n\n
New invocation of recon-all 
\n\n
status file for recon-all
Fri Jul  7 14:30:28 EDT 2017
#@# Cortical Parc rh Fri Jul  7 14:30:28 EDT 2017
recon-all -s sub-01 finished without error at Fri Jul  7 14:30:51 EDT 2017
\n\n
New invocation of recon-all 
\n\n
status file for recon-all
Fri Jul  7 14:30:52 EDT 2017
#@# Make Pial Surf rh Fri Jul  7 14:30:52 EDT 2017
#@# Surf Volume rh Fri Jul  7 14:51:48 EDT 2017
recon-all -s sub-01 finished without error at Fri Jul  7 14:51:52 EDT 2017
\n\n
New invocation of recon-all 
\n\n
status file for recon-all
Fri Jul  7 14:51:53 EDT 2017
#@# Surf Volume rh Fri Jul  7 14:51:53 EDT 2017
recon-all -s sub-01 finished without error at Fri Jul  7 14:51:57 EDT 2017
\n\n
New invocation of recon-all 
\n\n
status file for recon-all
Fri Jul  7 14:51:57 EDT 2017
#@# Curv .H and .K lh Fri Jul  7 14:51:57 EDT 2017
recon-all -s sub-01 finished without error at Fri Jul  7 14:53:24 EDT 2017
\n\n
New invocation of recon-all 
\n\n
status file for recon-all
Fri Jul  7 14:53:25 EDT 2017
#@# Curv .H and .K rh Fri Jul  7 14:53:25 EDT 2017
recon-all -s sub-01 finished without error at Fri Jul  7 14:54:46 EDT 2017
\n\n
New invocation of recon-all 
\n\n
status file for recon-all
Fri Jul  7 14:54:46 EDT 2017
#@# Curvature Stats lh Fri Jul  7 14:54:46 EDT 2017
recon-all -s sub-01 finished without error at Fri Jul  7 14:54:53 EDT 2017
\n\n
New invocation of recon-all 
\n\n
status file for recon-all
Fri Jul  7 14:54:53 EDT 2017
#@# Curvature Stats rh Fri Jul  7 14:54:53 EDT 2017
recon-all -s sub-01 finished without error at Fri Jul  7 14:54:59 EDT 2017
\n\n
New invocation of recon-all 
\n\n
status file for recon-all
Fri Jul  7 14:55:00 EDT 2017
#@# Jacobian white lh Fri Jul  7 14:55:00 EDT 2017
recon-all -s sub-01 finished without error at Fri Jul  7 14:55:02 EDT 2017
\n\n
New invocation of recon-all 
\n\n
status file for recon-all
Fri Jul  7 14:55:02 EDT 2017
#@# Jacobian white rh Fri Jul  7 14:55:02 EDT 2017
recon-all -s sub-01 finished without error at Fri Jul  7 14:55:04 EDT 2017
\n\n
New invocation of recon-all 
\n\n
status file for recon-all
Fri Jul  7 14:55:04 EDT 2017
#@# AvgCurv lh Fri Jul  7 14:55:04 EDT 2017
recon-all -s sub-01 finished without error at Fri Jul  7 14:55:06 EDT 2017
\n\n
New invocation of recon-all 
\n\n
status file for recon-all
Fri Jul  7 14:55:07 EDT 2017
#@# AvgCurv rh Fri Jul  7 14:55:07 EDT 2017
recon-all -s sub-01 finished without error at Fri Jul  7 14:55:09 EDT 2017
\n\n
New invocation of recon-all 
\n\n
status file for recon-all
Fri Jul  7 14:55:09 EDT 2017
#@# Cortical ribbon mask Fri Jul  7 14:55:09 EDT 2017
recon-all -s sub-01 finished without error at Fri Jul  7 15:15:17 EDT 2017
\n\n
New invocation of recon-all 
\n\n
status file for recon-all
Fri Jul  7 15:15:18 EDT 2017
#@# Parcellation Stats lh Fri Jul  7 15:15:18 EDT 2017
recon-all -s sub-01 finished without error at Fri Jul  7 15:16:57 EDT 2017
\n\n
New invocation of recon-all 
\n\n
status file for recon-all
Fri Jul  7 15:16:57 EDT 2017
#@# Parcellation Stats rh Fri Jul  7 15:16:57 EDT 2017
recon-all -s sub-01 finished without error at Fri Jul  7 15:18:31 EDT 2017
\n\n
New invocation of recon-all 
\n\n
status file for recon-all
Fri Jul  7 15:18:31 EDT 2017
#@# Cortical Parc 2 lh Fri Jul  7 15:18:31 EDT 2017
recon-all -s sub-01 finished without error at Fri Jul  7 15:18:57 EDT 2017
\n\n
New invocation of recon-all 
\n\n
status file for recon-all
Fri Jul  7 15:18:58 EDT 2017
#@# Cortical Parc 2 rh Fri Jul  7 15:18:58 EDT 2017
recon-all -s sub-01 finished without error at Fri Jul  7 15:19:23 EDT 2017
\n\n
New invocation of recon-all 
\n\n
status file for recon-all
Fri Jul  7 15:19:23 EDT 2017
#@# Parcellation Stats 2 lh Fri Jul  7 15:19:23 EDT 2017
recon-all -s sub-01 finished without error at Fri Jul  7 15:20:14 EDT 2017
\n\n
New invocation of recon-all 
\n\n
status file for recon-all
Fri Jul  7 15:20:14 EDT 2017
#@# Parcellation Stats 2 rh Fri Jul  7 15:20:14 EDT 2017
recon-all -s sub-01 finished without error at Fri Jul  7 15:21:07 EDT 2017
\n\n
New invocation of recon-all 
\n\n
status file for recon-all
Fri Jul  7 15:21:07 EDT 2017
#@# Cortical Parc 3 lh Fri Jul  7 15:21:07 EDT 2017
recon-all -s sub-01 finished without error at Fri Jul  7 15:21:30 EDT 2017
\n\n
New invocation of recon-all 
\n\n
status file for recon-all
Fri Jul  7 15:21:31 EDT 2017
#@# Cortical Parc 3 rh Fri Jul  7 15:21:31 EDT 2017
recon-all -s sub-01 finished without error at Fri Jul  7 15:21:53 EDT 2017
\n\n
New invocation of recon-all 
\n\n
status file for recon-all
Fri Jul  7 15:21:53 EDT 2017
#@# Parcellation Stats 3 lh Fri Jul  7 15:21:53 EDT 2017
recon-all -s sub-01 finished without error at Fri Jul  7 15:22:44 EDT 2017
\n\n
New invocation of recon-all 
\n\n
status file for recon-all
Fri Jul  7 15:22:45 EDT 2017
#@# Parcellation Stats 3 rh Fri Jul  7 15:22:45 EDT 2017
recon-all -s sub-01 finished without error at Fri Jul  7 15:23:34 EDT 2017
\n\n
New invocation of recon-all 
\n\n
status file for recon-all
Fri Jul  7 15:23:35 EDT 2017
#@# WM/GM Contrast lh Fri Jul  7 15:23:35 EDT 2017
recon-all -s sub-01 finished without error at Fri Jul  7 15:23:43 EDT 2017
\n\n
New invocation of recon-all 
\n\n
status file for recon-all
Fri Jul  7 15:23:44 EDT 2017
#@# WM/GM Contrast rh Fri Jul  7 15:23:44 EDT 2017
recon-all -s sub-01 finished without error at Fri Jul  7 15:23:51 EDT 2017
\n\n
New invocation of recon-all 
\n\n
status file for recon-all
Fri Jul  7 15:23:52 EDT 2017
#@# Relabel Hypointensities Fri Jul  7 15:23:52 EDT 2017
recon-all -s sub-01 finished without error at Fri Jul  7 15:24:28 EDT 2017
\n\n
New invocation of recon-all 
\n\n
status file for recon-all
Fri Jul  7 15:24:28 EDT 2017
#@# AParc-to-ASeg aparc Fri Jul  7 15:24:28 EDT 2017
#@# AParc-to-ASeg a2009s Fri Jul  7 15:30:14 EDT 2017
#@# AParc-to-ASeg DKTatlas Fri Jul  7 15:35:45 EDT 2017
recon-all -s sub-01 finished without error at Fri Jul  7 15:40:54 EDT 2017
\n\n
New invocation of recon-all 
\n\n
status file for recon-all
Fri Jul  7 15:40:54 EDT 2017
#@# APas-to-ASeg Fri Jul  7 15:40:54 EDT 2017
recon-all -s sub-01 finished without error at Fri Jul  7 15:41:00 EDT 2017
\n\n
New invocation of recon-all 
\n\n
status file for recon-all
Fri Jul  7 15:41:01 EDT 2017
#@# ASeg Stats Fri Jul  7 15:41:01 EDT 2017
recon-all -s sub-01 finished without error at Fri Jul  7 15:42:17 EDT 2017
\n\n
New invocation of recon-all 
\n\n
status file for recon-all
Fri Jul  7 15:42:17 EDT 2017
#@# WMParc Fri Jul  7 15:42:17 EDT 2017
recon-all -s sub-01 finished without error at Fri Jul  7 15:49:22 EDT 2017
\n\n
New invocation of recon-all 
\n\n
status file for recon-all
Fri Jul  7 15:49:22 EDT 2017
#@# BA_exvivo Labels lh Fri Jul  7 15:49:22 EDT 2017
recon-all -s sub-01 finished without error at Fri Jul  7 15:54:32 EDT 2017
\n\n
New invocation of recon-all 
\n\n
status file for recon-all
Fri Jul  7 15:54:32 EDT 2017
#@# BA_exvivo Labels rh Fri Jul  7 15:54:32 EDT 2017
recon-all -s sub-01 finished without error at Fri Jul  7 15:59:33 EDT 2017
\n\n
New invocation of recon-all 
\n\n
status file for recon-all
Mon Jul 10 13:05:14 EDT 2017
#@# MotionCor Mon Jul 10 13:05:14 EDT 2017
Darwin CFMI-iMac-10.local 16.6.0 Darwin Kernel Version 16.6.0: Fri Apr 14 16:21:16 PDT 2017; root:xnu-3789.60.24~6/RELEASE_X86_64 x86_64

recon-all -s sub-01 exited with ERRORS at Mon Jul 10 13:05:14 EDT 2017

\n\n
New invocation of recon-all 
\n\n
status file for recon-all
Mon Jul 10 13:14:43 EDT 2017
#@# MotionCor Mon Jul 10 13:14:43 EDT 2017
recon-all -s sub-01 finished without error at Mon Jul 10 13:14:54 EDT 2017
\n\n
New invocation of recon-all 
\n\n
status file for recon-all
Mon Jul 10 13:14:55 EDT 2017
#@# Talairach Mon Jul 10 13:14:55 EDT 2017
#@# Talairach Failure Detection Mon Jul 10 13:16:29 EDT 2017
recon-all -s sub-01 finished without error at Mon Jul 10 13:16:30 EDT 2017
\n\n
New invocation of recon-all 
\n\n
status file for recon-all
Mon Jul 10 13:16:30 EDT 2017
#@# Nu Intensity Correction Mon Jul 10 13:16:30 EDT 2017
recon-all -s sub-01 finished without error at Mon Jul 10 13:18:19 EDT 2017
\n\n
New invocation of recon-all 
\n\n
status file for recon-all
Mon Jul 10 13:18:20 EDT 2017
#@# Intensity Normalization Mon Jul 10 13:18:20 EDT 2017
recon-all -s sub-01 finished without error at Mon Jul 10 13:21:04 EDT 2017
\n\n
New invocation of recon-all 
\n\n
status file for recon-all
Mon Jul 10 13:21:04 EDT 2017
#@# Skull Stripping Mon Jul 10 13:21:04 EDT 2017
recon-all -s sub-01 finished without error at Mon Jul 10 13:21:28 EDT 2017
\n\n
New invocation of recon-all 
\n\n
status file for recon-all
Mon Jul 10 13:21:28 EDT 2017
#@# EM Registration Mon Jul 10 13:21:28 EDT 2017
recon-all -s sub-01 finished without error at Mon Jul 10 13:32:59 EDT 2017
\n\n
New invocation of recon-all 
\n\n
status file for recon-all
Mon Jul 10 13:32:59 EDT 2017
#@# CA Normalize Mon Jul 10 13:32:59 EDT 2017
recon-all -s sub-01 finished without error at Mon Jul 10 13:34:18 EDT 2017
\n\n
New invocation of recon-all 
\n\n
status file for recon-all
Mon Jul 10 13:34:19 EDT 2017
#@# CA Reg Mon Jul 10 13:34:19 EDT 2017
recon-all -s sub-01 finished without error at Mon Jul 10 15:41:54 EDT 2017
\n\n
New invocation of recon-all 
\n\n
status file for recon-all
Mon Jul 10 15:41:54 EDT 2017
#@# SubCort Seg Mon Jul 10 15:41:54 EDT 2017
#@# Merge ASeg Mon Jul 10 16:31:45 EDT 2017
recon-all -s sub-01 finished without error at Mon Jul 10 16:31:45 EDT 2017
\n\n
New invocation of recon-all 
\n\n
status file for recon-all
Mon Jul 10 16:31:46 EDT 2017
#@# Intensity Normalization2 Mon Jul 10 16:31:46 EDT 2017
recon-all -s sub-01 finished without error at Mon Jul 10 16:36:03 EDT 2017
\n\n
New invocation of recon-all 
\n\n
status file for recon-all
Mon Jul 10 16:36:03 EDT 2017
#@# Mask BFS Mon Jul 10 16:36:03 EDT 2017
recon-all -s sub-01 finished without error at Mon Jul 10 16:36:05 EDT 2017
\n\n
New invocation of recon-all 
\n\n
status file for recon-all
Mon Jul 10 16:36:06 EDT 2017
#@# WM Segmentation Mon Jul 10 16:36:06 EDT 2017
recon-all -s sub-01 finished without error at Mon Jul 10 16:38:25 EDT 2017
\n\n
New invocation of recon-all 
\n\n
status file for recon-all
Mon Jul 10 16:38:26 EDT 2017
#@# Fill Mon Jul 10 16:38:26 EDT 2017
recon-all -s sub-01 finished without error at Mon Jul 10 16:39:06 EDT 2017
\n\n
New invocation of recon-all 
\n\n
status file for recon-all
Mon Jul 10 16:39:06 EDT 2017
#@# Tessellate lh Mon Jul 10 16:39:06 EDT 2017
recon-all -s sub-01 finished without error at Mon Jul 10 16:39:13 EDT 2017
\n\n
New invocation of recon-all 
\n\n
status file for recon-all
Mon Jul 10 16:39:14 EDT 2017
#@# Tessellate rh Mon Jul 10 16:39:14 EDT 2017
recon-all -s sub-01 finished without error at Mon Jul 10 16:39:21 EDT 2017
\n\n
New invocation of recon-all 
\n\n
status file for recon-all
Mon Jul 10 16:39:21 EDT 2017
#@# Smooth1 lh Mon Jul 10 16:39:21 EDT 2017
recon-all -s sub-01 finished without error at Mon Jul 10 16:39:30 EDT 2017
\n\n
New invocation of recon-all 
\n\n
status file for recon-all
Mon Jul 10 16:39:30 EDT 2017
#@# Smooth1 rh Mon Jul 10 16:39:30 EDT 2017
recon-all -s sub-01 finished without error at Mon Jul 10 16:39:39 EDT 2017
\n\n
New invocation of recon-all 
\n\n
status file for recon-all
Mon Jul 10 16:39:39 EDT 2017
#@# Inflation1 lh Mon Jul 10 16:39:39 EDT 2017
recon-all -s sub-01 finished without error at Mon Jul 10 16:40:16 EDT 2017
\n\n
New invocation of recon-all 
\n\n
status file for recon-all
Mon Jul 10 16:40:16 EDT 2017
#@# Inflation1 rh Mon Jul 10 16:40:16 EDT 2017
recon-all -s sub-01 finished without error at Mon Jul 10 16:40:52 EDT 2017
\n\n
New invocation of recon-all 
\n\n
status file for recon-all
Mon Jul 10 16:40:53 EDT 2017
#@# QSphere lh Mon Jul 10 16:40:53 EDT 2017
recon-all -s sub-01 finished without error at Mon Jul 10 16:44:13 EDT 2017
\n\n
New invocation of recon-all 
\n\n
status file for recon-all
Mon Jul 10 16:44:13 EDT 2017
#@# QSphere rh Mon Jul 10 16:44:13 EDT 2017
recon-all -s sub-01 finished without error at Mon Jul 10 16:47:37 EDT 2017
\n\n
New invocation of recon-all 
\n\n
status file for recon-all
Mon Jul 10 16:47:37 EDT 2017
#@# Fix Topology Copy lh Mon Jul 10 16:47:37 EDT 2017
#@# Fix Topology lh Mon Jul 10 16:47:37 EDT 2017
recon-all -s sub-01 finished without error at Mon Jul 10 17:15:39 EDT 2017
\n\n
New invocation of recon-all 
\n\n
status file for recon-all
Mon Jul 10 17:15:39 EDT 2017
#@# Fix Topology Copy rh Mon Jul 10 17:15:39 EDT 2017
#@# Fix Topology rh Mon Jul 10 17:15:40 EDT 2017
recon-all -s sub-01 finished without error at Mon Jul 10 17:55:29 EDT 2017
\n\n
New invocation of recon-all 
\n\n
status file for recon-all
Mon Jul 10 17:55:30 EDT 2017
#@# Make White Surf lh Mon Jul 10 17:55:30 EDT 2017
recon-all -s sub-01 finished without error at Mon Jul 10 18:11:30 EDT 2017
\n\n
New invocation of recon-all 
\n\n
status file for recon-all
Mon Jul 10 18:11:31 EDT 2017
#@# Make White Surf rh Mon Jul 10 18:11:31 EDT 2017
recon-all -s sub-01 finished without error at Mon Jul 10 18:28:04 EDT 2017
\n\n
New invocation of recon-all 
\n\n
status file for recon-all
Mon Jul 10 18:28:05 EDT 2017
#@# Smooth2 lh Mon Jul 10 18:28:05 EDT 2017
recon-all -s sub-01 finished without error at Mon Jul 10 18:28:13 EDT 2017
\n\n
New invocation of recon-all 
\n\n
status file for recon-all
Mon Jul 10 18:28:13 EDT 2017
#@# Inflation2 lh Mon Jul 10 18:28:13 EDT 2017
recon-all -s sub-01 finished without error at Mon Jul 10 18:28:46 EDT 2017
\n\n
New invocation of recon-all 
\n\n
status file for recon-all
Mon Jul 10 18:28:46 EDT 2017
#@# Sphere lh Mon Jul 10 18:28:46 EDT 2017
recon-all -s sub-01 finished without error at Mon Jul 10 19:06:34 EDT 2017
\n\n
New invocation of recon-all 
\n\n
status file for recon-all
Mon Jul 10 19:06:34 EDT 2017
#@# Surf Reg lh Mon Jul 10 19:06:34 EDT 2017
recon-all -s sub-01 finished without error at Mon Jul 10 19:52:02 EDT 2017
\n\n
New invocation of recon-all 
\n\n
status file for recon-all
Mon Jul 10 19:52:02 EDT 2017
#@# Cortical Parc lh Mon Jul 10 19:52:02 EDT 2017
recon-all -s sub-01 finished without error at Mon Jul 10 19:52:19 EDT 2017
\n\n
New invocation of recon-all 
\n\n
status file for recon-all
Mon Jul 10 19:52:19 EDT 2017
#@# Make Pial Surf lh Mon Jul 10 19:52:19 EDT 2017
#@# Surf Volume lh Mon Jul 10 20:07:47 EDT 2017
recon-all -s sub-01 finished without error at Mon Jul 10 20:07:51 EDT 2017
\n\n
New invocation of recon-all 
\n\n
status file for recon-all
Mon Jul 10 20:07:51 EDT 2017
#@# Surf Volume lh Mon Jul 10 20:07:51 EDT 2017
recon-all -s sub-01 finished without error at Mon Jul 10 20:07:55 EDT 2017
\n\n
New invocation of recon-all 
\n\n
status file for recon-all
Mon Jul 10 20:07:55 EDT 2017
#@# Smooth2 rh Mon Jul 10 20:07:55 EDT 2017
recon-all -s sub-01 finished without error at Mon Jul 10 20:08:03 EDT 2017
\n\n
New invocation of recon-all 
\n\n
status file for recon-all
Mon Jul 10 20:08:03 EDT 2017
#@# Inflation2 rh Mon Jul 10 20:08:03 EDT 2017
recon-all -s sub-01 finished without error at Mon Jul 10 20:08:34 EDT 2017
\n\n
New invocation of recon-all 
\n\n
status file for recon-all
Mon Jul 10 20:08:35 EDT 2017
#@# Sphere rh Mon Jul 10 20:08:35 EDT 2017
recon-all -s sub-01 finished without error at Mon Jul 10 20:42:55 EDT 2017
\n\n
New invocation of recon-all 
\n\n
status file for recon-all
Mon Jul 10 20:42:55 EDT 2017
#@# Surf Reg rh Mon Jul 10 20:42:56 EDT 2017
recon-all -s sub-01 finished without error at Mon Jul 10 21:33:34 EDT 2017
\n\n
New invocation of recon-all 
\n\n
status file for recon-all
Mon Jul 10 21:33:34 EDT 2017
#@# Cortical Parc rh Mon Jul 10 21:33:34 EDT 2017
recon-all -s sub-01 finished without error at Mon Jul 10 21:33:53 EDT 2017
\n\n
New invocation of recon-all 
\n\n
status file for recon-all
Mon Jul 10 21:33:53 EDT 2017
#@# Make Pial Surf rh Mon Jul 10 21:33:53 EDT 2017
#@# Surf Volume rh Mon Jul 10 21:51:00 EDT 2017
recon-all -s sub-01 finished without error at Mon Jul 10 21:51:05 EDT 2017
\n\n
New invocation of recon-all 
\n\n
status file for recon-all
Mon Jul 10 21:51:05 EDT 2017
#@# Surf Volume rh Mon Jul 10 21:51:05 EDT 2017
recon-all -s sub-01 finished without error at Mon Jul 10 21:51:09 EDT 2017
\n\n
New invocation of recon-all 
\n\n
status file for recon-all
Mon Jul 10 21:51:09 EDT 2017
#@# Curv .H and .K lh Mon Jul 10 21:51:09 EDT 2017
recon-all -s sub-01 finished without error at Mon Jul 10 21:52:26 EDT 2017
\n\n
New invocation of recon-all 
\n\n
status file for recon-all
Mon Jul 10 21:52:26 EDT 2017
#@# Curv .H and .K rh Mon Jul 10 21:52:26 EDT 2017
recon-all -s sub-01 finished without error at Mon Jul 10 21:53:44 EDT 2017
\n\n
New invocation of recon-all 
\n\n
status file for recon-all
Mon Jul 10 21:53:44 EDT 2017
#@# Curvature Stats lh Mon Jul 10 21:53:44 EDT 2017
recon-all -s sub-01 finished without error at Mon Jul 10 21:53:51 EDT 2017
\n\n
New invocation of recon-all 
\n\n
status file for recon-all
Mon Jul 10 21:53:51 EDT 2017
#@# Curvature Stats rh Mon Jul 10 21:53:51 EDT 2017
recon-all -s sub-01 finished without error at Mon Jul 10 21:53:57 EDT 2017
\n\n
New invocation of recon-all 
\n\n
status file for recon-all
Mon Jul 10 21:53:57 EDT 2017
#@# Jacobian white lh Mon Jul 10 21:53:57 EDT 2017
recon-all -s sub-01 finished without error at Mon Jul 10 21:54:00 EDT 2017
\n\n
New invocation of recon-all 
\n\n
status file for recon-all
Mon Jul 10 21:54:00 EDT 2017
#@# Jacobian white rh Mon Jul 10 21:54:00 EDT 2017
recon-all -s sub-01 finished without error at Mon Jul 10 21:54:02 EDT 2017
\n\n
New invocation of recon-all 
\n\n
status file for recon-all
Mon Jul 10 21:54:03 EDT 2017
#@# AvgCurv lh Mon Jul 10 21:54:03 EDT 2017
recon-all -s sub-01 finished without error at Mon Jul 10 21:54:05 EDT 2017
\n\n
New invocation of recon-all 
\n\n
status file for recon-all
Mon Jul 10 21:54:05 EDT 2017
#@# AvgCurv rh Mon Jul 10 21:54:05 EDT 2017
recon-all -s sub-01 finished without error at Mon Jul 10 21:54:07 EDT 2017
\n\n
New invocation of recon-all 
\n\n
status file for recon-all
Mon Jul 10 21:54:07 EDT 2017
#@# Cortical ribbon mask Mon Jul 10 21:54:07 EDT 2017
recon-all -s sub-01 finished without error at Mon Jul 10 22:17:30 EDT 2017
\n\n
New invocation of recon-all 
\n\n
status file for recon-all
Mon Jul 10 22:17:30 EDT 2017
#@# Parcellation Stats lh Mon Jul 10 22:17:30 EDT 2017
recon-all -s sub-01 finished without error at Mon Jul 10 22:19:09 EDT 2017
\n\n
New invocation of recon-all 
\n\n
status file for recon-all
Mon Jul 10 22:19:09 EDT 2017
#@# Parcellation Stats rh Mon Jul 10 22:19:09 EDT 2017
recon-all -s sub-01 finished without error at Mon Jul 10 22:20:45 EDT 2017
\n\n
New invocation of recon-all 
\n\n
status file for recon-all
Mon Jul 10 22:20:45 EDT 2017
#@# Cortical Parc 2 lh Mon Jul 10 22:20:45 EDT 2017
recon-all -s sub-01 finished without error at Mon Jul 10 22:21:08 EDT 2017
\n\n
New invocation of recon-all 
\n\n
status file for recon-all
Mon Jul 10 22:21:08 EDT 2017
#@# Cortical Parc 2 rh Mon Jul 10 22:21:08 EDT 2017
recon-all -s sub-01 finished without error at Mon Jul 10 22:21:31 EDT 2017
\n\n
New invocation of recon-all 
\n\n
status file for recon-all
Mon Jul 10 22:21:31 EDT 2017
#@# Parcellation Stats 2 lh Mon Jul 10 22:21:31 EDT 2017
recon-all -s sub-01 finished without error at Mon Jul 10 22:22:20 EDT 2017
\n\n
New invocation of recon-all 
\n\n
status file for recon-all
Mon Jul 10 22:22:20 EDT 2017
#@# Parcellation Stats 2 rh Mon Jul 10 22:22:20 EDT 2017
recon-all -s sub-01 finished without error at Mon Jul 10 22:23:02 EDT 2017
\n\n
New invocation of recon-all 
\n\n
status file for recon-all
Mon Jul 10 22:23:02 EDT 2017
#@# Cortical Parc 3 lh Mon Jul 10 22:23:02 EDT 2017
recon-all -s sub-01 finished without error at Mon Jul 10 22:23:20 EDT 2017
\n\n
New invocation of recon-all 
\n\n
status file for recon-all
Mon Jul 10 22:23:20 EDT 2017
#@# Cortical Parc 3 rh Mon Jul 10 22:23:20 EDT 2017
recon-all -s sub-01 finished without error at Mon Jul 10 22:23:38 EDT 2017
\n\n
New invocation of recon-all 
\n\n
status file for recon-all
Mon Jul 10 22:23:38 EDT 2017
#@# Parcellation Stats 3 lh Mon Jul 10 22:23:38 EDT 2017
recon-all -s sub-01 finished without error at Mon Jul 10 22:24:17 EDT 2017
\n\n
New invocation of recon-all 
\n\n
status file for recon-all
Mon Jul 10 22:24:17 EDT 2017
#@# Parcellation Stats 3 rh Mon Jul 10 22:24:18 EDT 2017
recon-all -s sub-01 finished without error at Mon Jul 10 22:25:00 EDT 2017
\n\n
New invocation of recon-all 
\n\n
status file for recon-all
Mon Jul 10 22:25:01 EDT 2017
#@# WM/GM Contrast lh Mon Jul 10 22:25:01 EDT 2017
recon-all -s sub-01 finished without error at Mon Jul 10 22:25:07 EDT 2017
\n\n
New invocation of recon-all 
\n\n
status file for recon-all
Mon Jul 10 22:25:08 EDT 2017
#@# WM/GM Contrast rh Mon Jul 10 22:25:08 EDT 2017
recon-all -s sub-01 finished without error at Mon Jul 10 22:25:14 EDT 2017
\n\n
New invocation of recon-all 
\n\n
status file for recon-all
Mon Jul 10 22:25:14 EDT 2017
#@# Relabel Hypointensities Mon Jul 10 22:25:14 EDT 2017
recon-all -s sub-01 finished without error at Mon Jul 10 22:25:42 EDT 2017
\n\n
New invocation of recon-all 
\n\n
status file for recon-all
Mon Jul 10 22:25:43 EDT 2017
#@# AParc-to-ASeg aparc Mon Jul 10 22:25:43 EDT 2017
#@# AParc-to-ASeg a2009s Mon Jul 10 22:31:15 EDT 2017
#@# AParc-to-ASeg DKTatlas Mon Jul 10 22:36:34 EDT 2017
recon-all -s sub-01 finished without error at Mon Jul 10 22:42:01 EDT 2017
\n\n
New invocation of recon-all 
\n\n
status file for recon-all
Mon Jul 10 22:42:02 EDT 2017
#@# APas-to-ASeg Mon Jul 10 22:42:02 EDT 2017
recon-all -s sub-01 finished without error at Mon Jul 10 22:42:08 EDT 2017
\n\n
New invocation of recon-all 
\n\n
status file for recon-all
Mon Jul 10 22:42:08 EDT 2017
#@# ASeg Stats Mon Jul 10 22:42:08 EDT 2017
recon-all -s sub-01 finished without error at Mon Jul 10 22:45:16 EDT 2017
\n\n
New invocation of recon-all 
\n\n
status file for recon-all
Mon Jul 10 22:45:16 EDT 2017
#@# WMParc Mon Jul 10 22:45:16 EDT 2017
recon-all -s sub-01 finished without error at Mon Jul 10 22:54:37 EDT 2017
\n\n
New invocation of recon-all 
\n\n
status file for recon-all
Mon Jul 10 22:54:37 EDT 2017
#@# BA_exvivo Labels lh Mon Jul 10 22:54:37 EDT 2017
recon-all -s sub-01 finished without error at Mon Jul 10 22:59:36 EDT 2017
\n\n
New invocation of recon-all 
\n\n
status file for recon-all
Mon Jul 10 22:59:36 EDT 2017
#@# BA_exvivo Labels rh Mon Jul 10 22:59:36 EDT 2017
recon-all -s sub-01 finished without error at Mon Jul 10 23:04:49 EDT 2017
\n\n
New invocation of recon-all 
\n\n
status file for recon-all
Tue Jul 11 10:45:10 EDT 2017
#@# Intensity Normalization2 Tue Jul 11 10:45:10 EDT 2017
#@# Mask BFS Tue Jul 11 10:49:01 EDT 2017
#@# WM Segmentation Tue Jul 11 10:49:03 EDT 2017
#@# Fill Tue Jul 11 10:51:09 EDT 2017
#@# Tessellate lh Tue Jul 11 10:51:45 EDT 2017
#@# Tessellate rh Tue Jul 11 10:51:51 EDT 2017
#@# Smooth1 lh Tue Jul 11 10:51:56 EDT 2017
#@# Smooth1 rh Tue Jul 11 10:52:04 EDT 2017
#@# Inflation1 lh Tue Jul 11 10:52:12 EDT 2017
#@# Inflation1 rh Tue Jul 11 10:52:41 EDT 2017
#@# QSphere lh Tue Jul 11 10:53:12 EDT 2017
#@# QSphere rh Tue Jul 11 10:56:05 EDT 2017
#@# Fix Topology Copy lh Tue Jul 11 10:59:02 EDT 2017
#@# Fix Topology Copy rh Tue Jul 11 10:59:02 EDT 2017
#@# Fix Topology lh Tue Jul 11 10:59:03 EDT 2017
#@# Fix Topology rh Tue Jul 11 11:23:21 EDT 2017
#@# Make White Surf lh Tue Jul 11 12:02:00 EDT 2017
#@# Make White Surf rh Tue Jul 11 12:07:12 EDT 2017
#@# Smooth2 lh Tue Jul 11 12:12:35 EDT 2017
#@# Smooth2 rh Tue Jul 11 12:12:43 EDT 2017
#@# Inflation2 lh Tue Jul 11 12:12:52 EDT 2017
#@# Inflation2 rh Tue Jul 11 12:13:24 EDT 2017
#@# Curv .H and .K lh Tue Jul 11 12:13:57 EDT 2017
#@# Curv .H and .K rh Tue Jul 11 12:15:13 EDT 2017
#@# Curvature Stats lh Tue Jul 11 12:16:30 EDT 2017
#@# Curvature Stats rh Tue Jul 11 12:16:37 EDT 2017
#@# Sphere lh Tue Jul 11 12:16:43 EDT 2017
#@# Sphere rh Tue Jul 11 12:58:27 EDT 2017
#@# Surf Reg lh Tue Jul 11 13:38:20 EDT 2017
#@# Surf Reg rh Tue Jul 11 14:48:15 EDT 2017
#@# Jacobian white lh Tue Jul 11 16:02:03 EDT 2017
#@# Jacobian white rh Tue Jul 11 16:02:06 EDT 2017
#@# AvgCurv lh Tue Jul 11 16:02:08 EDT 2017
#@# AvgCurv rh Tue Jul 11 16:02:11 EDT 2017
#@# Cortical Parc lh Tue Jul 11 16:02:13 EDT 2017
#@# Cortical Parc rh Tue Jul 11 16:02:32 EDT 2017
#@# Make Pial Surf lh Tue Jul 11 16:02:49 EDT 2017
#@# Make Pial Surf rh Tue Jul 11 16:19:42 EDT 2017
#@# Surf Volume lh Tue Jul 11 16:37:03 EDT 2017
#@# Surf Volume rh Tue Jul 11 16:37:08 EDT 2017
#@# Cortical ribbon mask Tue Jul 11 16:37:12 EDT 2017
#@# Parcellation Stats lh Tue Jul 11 16:58:17 EDT 2017
#@# Parcellation Stats rh Tue Jul 11 17:00:00 EDT 2017
#@# Cortical Parc 2 lh Tue Jul 11 17:01:31 EDT 2017
#@# Cortical Parc 2 rh Tue Jul 11 17:01:54 EDT 2017
#@# Parcellation Stats 2 lh Tue Jul 11 17:02:18 EDT 2017
#@# Parcellation Stats 2 rh Tue Jul 11 17:03:01 EDT 2017
#@# Cortical Parc 3 lh Tue Jul 11 17:03:49 EDT 2017
#@# Cortical Parc 3 rh Tue Jul 11 17:04:09 EDT 2017
#@# Parcellation Stats 3 lh Tue Jul 11 17:04:29 EDT 2017
#@# Parcellation Stats 3 rh Tue Jul 11 17:05:20 EDT 2017
#@# WM/GM Contrast lh Tue Jul 11 17:06:14 EDT 2017
#@# WM/GM Contrast rh Tue Jul 11 17:06:23 EDT 2017
#@# Relabel Hypointensities Tue Jul 11 17:06:30 EDT 2017
#@# AParc-to-ASeg aparc Tue Jul 11 17:07:02 EDT 2017
#@# AParc-to-ASeg a2009s Tue Jul 11 17:12:31 EDT 2017
#@# AParc-to-ASeg DKTatlas Tue Jul 11 17:17:51 EDT 2017
#@# APas-to-ASeg Tue Jul 11 17:23:45 EDT 2017
#@# ASeg Stats Tue Jul 11 17:23:52 EDT 2017
#@# WMParc Tue Jul 11 17:27:06 EDT 2017
#@# BA_exvivo Labels lh Tue Jul 11 17:37:35 EDT 2017
#@# BA_exvivo Labels rh Tue Jul 11 17:42:42 EDT 2017
recon-all -s sub-01 finished without error at Tue Jul 11 17:48:00 EDT 2017
\n\n
New invocation of recon-all 
\n\n
status file for recon-all
Tue Jul 18 10:33:47 EDT 2017
#@# Qdec Cache preproc lh thickness fsaverage Tue Jul 18 10:33:47 EDT 2017
#@# Qdec Cache preproc lh area fsaverage Tue Jul 18 10:33:54 EDT 2017
#@# Qdec Cache preproc lh area.pial fsaverage Tue Jul 18 10:34:02 EDT 2017
#@# Qdec Cache preproc lh volume fsaverage Tue Jul 18 10:34:10 EDT 2017
#@# Qdec Cache preproc lh curv fsaverage Tue Jul 18 10:34:18 EDT 2017
#@# Qdec Cache preproc lh sulc fsaverage Tue Jul 18 10:34:25 EDT 2017
#@# Qdec Cache preproc lh white.K fsaverage Tue Jul 18 10:34:31 EDT 2017
#@# Qdec Cache preproc lh white.H fsaverage Tue Jul 18 10:34:38 EDT 2017
#@# Qdec Cache preproc lh jacobian_white fsaverage Tue Jul 18 10:34:45 EDT 2017
#@# Qdec Cache preproc lh w-g.pct.mgh fsaverage Tue Jul 18 10:34:53 EDT 2017
#@# Qdec Cache preproc rh thickness fsaverage Tue Jul 18 10:35:00 EDT 2017
#@# Qdec Cache preproc rh area fsaverage Tue Jul 18 10:35:08 EDT 2017
#@# Qdec Cache preproc rh area.pial fsaverage Tue Jul 18 10:35:17 EDT 2017
#@# Qdec Cache preproc rh volume fsaverage Tue Jul 18 10:35:26 EDT 2017
#@# Qdec Cache preproc rh curv fsaverage Tue Jul 18 10:35:34 EDT 2017
#@# Qdec Cache preproc rh sulc fsaverage Tue Jul 18 10:35:40 EDT 2017
#@# Qdec Cache preproc rh white.K fsaverage Tue Jul 18 10:35:48 EDT 2017
#@# Qdec Cache preproc rh white.H fsaverage Tue Jul 18 10:35:55 EDT 2017
#@# Qdec Cache preproc rh jacobian_white fsaverage Tue Jul 18 10:36:01 EDT 2017
#@# Qdec Cache preproc rh w-g.pct.mgh fsaverage Tue Jul 18 10:36:07 EDT 2017
#@# Qdec Cache surf2surf lh thickness fwhm0 fsaverage Tue Jul 18 10:36:13 EDT 2017
#@# Qdec Cache surf2surf lh thickness fwhm5 fsaverage Tue Jul 18 10:36:16 EDT 2017
#@# Qdec Cache surf2surf lh thickness fwhm10 fsaverage Tue Jul 18 10:36:21 EDT 2017
#@# Qdec Cache surf2surf lh thickness fwhm15 fsaverage Tue Jul 18 10:36:25 EDT 2017
#@# Qdec Cache surf2surf lh thickness fwhm20 fsaverage Tue Jul 18 10:36:30 EDT 2017
#@# Qdec Cache surf2surf lh thickness fwhm25 fsaverage Tue Jul 18 10:36:34 EDT 2017
#@# Qdec Cache surf2surf lh area fwhm0 fsaverage Tue Jul 18 10:36:40 EDT 2017
#@# Qdec Cache surf2surf lh area fwhm5 fsaverage Tue Jul 18 10:36:42 EDT 2017
#@# Qdec Cache surf2surf lh area fwhm10 fsaverage Tue Jul 18 10:36:46 EDT 2017
#@# Qdec Cache surf2surf lh area fwhm15 fsaverage Tue Jul 18 10:36:50 EDT 2017
#@# Qdec Cache surf2surf lh area fwhm20 fsaverage Tue Jul 18 10:36:55 EDT 2017
#@# Qdec Cache surf2surf lh area fwhm25 fsaverage Tue Jul 18 10:37:01 EDT 2017
#@# Qdec Cache surf2surf lh area.pial fwhm0 fsaverage Tue Jul 18 10:37:07 EDT 2017
#@# Qdec Cache surf2surf lh area.pial fwhm5 fsaverage Tue Jul 18 10:37:10 EDT 2017
#@# Qdec Cache surf2surf lh area.pial fwhm10 fsaverage Tue Jul 18 10:37:16 EDT 2017
#@# Qdec Cache surf2surf lh area.pial fwhm15 fsaverage Tue Jul 18 10:37:21 EDT 2017
#@# Qdec Cache surf2surf lh area.pial fwhm20 fsaverage Tue Jul 18 10:37:25 EDT 2017
#@# Qdec Cache surf2surf lh area.pial fwhm25 fsaverage Tue Jul 18 10:37:30 EDT 2017
#@# Qdec Cache surf2surf lh volume fwhm0 fsaverage Tue Jul 18 10:37:35 EDT 2017
#@# Qdec Cache surf2surf lh volume fwhm5 fsaverage Tue Jul 18 10:37:37 EDT 2017
#@# Qdec Cache surf2surf lh volume fwhm10 fsaverage Tue Jul 18 10:37:42 EDT 2017
#@# Qdec Cache surf2surf lh volume fwhm15 fsaverage Tue Jul 18 10:37:46 EDT 2017
#@# Qdec Cache surf2surf lh volume fwhm20 fsaverage Tue Jul 18 10:37:51 EDT 2017
#@# Qdec Cache surf2surf lh volume fwhm25 fsaverage Tue Jul 18 10:37:55 EDT 2017
#@# Qdec Cache surf2surf lh curv fwhm0 fsaverage Tue Jul 18 10:38:01 EDT 2017
#@# Qdec Cache surf2surf lh curv fwhm5 fsaverage Tue Jul 18 10:38:03 EDT 2017
#@# Qdec Cache surf2surf lh curv fwhm10 fsaverage Tue Jul 18 10:38:07 EDT 2017
#@# Qdec Cache surf2surf lh curv fwhm15 fsaverage Tue Jul 18 10:38:11 EDT 2017
#@# Qdec Cache surf2surf lh curv fwhm20 fsaverage Tue Jul 18 10:38:16 EDT 2017
#@# Qdec Cache surf2surf lh curv fwhm25 fsaverage Tue Jul 18 10:38:21 EDT 2017
#@# Qdec Cache surf2surf lh sulc fwhm0 fsaverage Tue Jul 18 10:38:27 EDT 2017
#@# Qdec Cache surf2surf lh sulc fwhm5 fsaverage Tue Jul 18 10:38:29 EDT 2017
#@# Qdec Cache surf2surf lh sulc fwhm10 fsaverage Tue Jul 18 10:38:34 EDT 2017
#@# Qdec Cache surf2surf lh sulc fwhm15 fsaverage Tue Jul 18 10:38:39 EDT 2017
#@# Qdec Cache surf2surf lh sulc fwhm20 fsaverage Tue Jul 18 10:38:45 EDT 2017
#@# Qdec Cache surf2surf lh sulc fwhm25 fsaverage Tue Jul 18 10:38:51 EDT 2017
#@# Qdec Cache surf2surf lh white.K fwhm0 fsaverage Tue Jul 18 10:38:58 EDT 2017
#@# Qdec Cache surf2surf lh white.K fwhm5 fsaverage Tue Jul 18 10:39:00 EDT 2017
#@# Qdec Cache surf2surf lh white.K fwhm10 fsaverage Tue Jul 18 10:39:06 EDT 2017
#@# Qdec Cache surf2surf lh white.K fwhm15 fsaverage Tue Jul 18 10:39:11 EDT 2017
#@# Qdec Cache surf2surf lh white.K fwhm20 fsaverage Tue Jul 18 10:39:16 EDT 2017
#@# Qdec Cache surf2surf lh white.K fwhm25 fsaverage Tue Jul 18 10:39:22 EDT 2017
#@# Qdec Cache surf2surf lh white.H fwhm0 fsaverage Tue Jul 18 10:39:28 EDT 2017
#@# Qdec Cache surf2surf lh white.H fwhm5 fsaverage Tue Jul 18 10:39:31 EDT 2017
#@# Qdec Cache surf2surf lh white.H fwhm10 fsaverage Tue Jul 18 10:39:36 EDT 2017
#@# Qdec Cache surf2surf lh white.H fwhm15 fsaverage Tue Jul 18 10:39:42 EDT 2017
#@# Qdec Cache surf2surf lh white.H fwhm20 fsaverage Tue Jul 18 10:39:48 EDT 2017
#@# Qdec Cache surf2surf lh white.H fwhm25 fsaverage Tue Jul 18 10:39:55 EDT 2017
#@# Qdec Cache surf2surf lh jacobian_white fwhm0 fsaverage Tue Jul 18 10:40:01 EDT 2017
#@# Qdec Cache surf2surf lh jacobian_white fwhm5 fsaverage Tue Jul 18 10:40:04 EDT 2017
#@# Qdec Cache surf2surf lh jacobian_white fwhm10 fsaverage Tue Jul 18 10:40:10 EDT 2017
#@# Qdec Cache surf2surf lh jacobian_white fwhm15 fsaverage Tue Jul 18 10:40:16 EDT 2017
#@# Qdec Cache surf2surf lh jacobian_white fwhm20 fsaverage Tue Jul 18 10:40:23 EDT 2017
#@# Qdec Cache surf2surf lh jacobian_white fwhm25 fsaverage Tue Jul 18 10:40:29 EDT 2017
#@# Qdec Cache surf2surf lh w-g.pct.mgh fwhm0 fsaverage Tue Jul 18 10:40:35 EDT 2017
#@# Qdec Cache surf2surf lh w-g.pct.mgh fwhm5 fsaverage Tue Jul 18 10:40:38 EDT 2017
#@# Qdec Cache surf2surf lh w-g.pct.mgh fwhm10 fsaverage Tue Jul 18 10:40:44 EDT 2017
#@# Qdec Cache surf2surf lh w-g.pct.mgh fwhm15 fsaverage Tue Jul 18 10:40:49 EDT 2017
#@# Qdec Cache surf2surf lh w-g.pct.mgh fwhm20 fsaverage Tue Jul 18 10:40:56 EDT 2017
#@# Qdec Cache surf2surf lh w-g.pct.mgh fwhm25 fsaverage Tue Jul 18 10:41:02 EDT 2017
#@# Qdec Cache surf2surf rh thickness fwhm0 fsaverage Tue Jul 18 10:41:09 EDT 2017
#@# Qdec Cache surf2surf rh thickness fwhm5 fsaverage Tue Jul 18 10:41:12 EDT 2017
#@# Qdec Cache surf2surf rh thickness fwhm10 fsaverage Tue Jul 18 10:41:18 EDT 2017
#@# Qdec Cache surf2surf rh thickness fwhm15 fsaverage Tue Jul 18 10:41:24 EDT 2017
#@# Qdec Cache surf2surf rh thickness fwhm20 fsaverage Tue Jul 18 10:41:30 EDT 2017
#@# Qdec Cache surf2surf rh thickness fwhm25 fsaverage Tue Jul 18 10:41:36 EDT 2017
#@# Qdec Cache surf2surf rh area fwhm0 fsaverage Tue Jul 18 10:41:44 EDT 2017
#@# Qdec Cache surf2surf rh area fwhm5 fsaverage Tue Jul 18 10:41:47 EDT 2017
#@# Qdec Cache surf2surf rh area fwhm10 fsaverage Tue Jul 18 10:41:53 EDT 2017
#@# Qdec Cache surf2surf rh area fwhm15 fsaverage Tue Jul 18 10:41:58 EDT 2017
#@# Qdec Cache surf2surf rh area fwhm20 fsaverage Tue Jul 18 10:42:04 EDT 2017
#@# Qdec Cache surf2surf rh area fwhm25 fsaverage Tue Jul 18 10:42:11 EDT 2017
#@# Qdec Cache surf2surf rh area.pial fwhm0 fsaverage Tue Jul 18 10:42:18 EDT 2017
#@# Qdec Cache surf2surf rh area.pial fwhm5 fsaverage Tue Jul 18 10:42:21 EDT 2017
#@# Qdec Cache surf2surf rh area.pial fwhm10 fsaverage Tue Jul 18 10:42:27 EDT 2017
#@# Qdec Cache surf2surf rh area.pial fwhm15 fsaverage Tue Jul 18 10:42:33 EDT 2017
#@# Qdec Cache surf2surf rh area.pial fwhm20 fsaverage Tue Jul 18 10:42:39 EDT 2017
#@# Qdec Cache surf2surf rh area.pial fwhm25 fsaverage Tue Jul 18 10:42:45 EDT 2017
#@# Qdec Cache surf2surf rh volume fwhm0 fsaverage Tue Jul 18 10:42:52 EDT 2017
#@# Qdec Cache surf2surf rh volume fwhm5 fsaverage Tue Jul 18 10:42:55 EDT 2017
#@# Qdec Cache surf2surf rh volume fwhm10 fsaverage Tue Jul 18 10:43:01 EDT 2017
#@# Qdec Cache surf2surf rh volume fwhm15 fsaverage Tue Jul 18 10:43:06 EDT 2017
#@# Qdec Cache surf2surf rh volume fwhm20 fsaverage Tue Jul 18 10:43:13 EDT 2017
#@# Qdec Cache surf2surf rh volume fwhm25 fsaverage Tue Jul 18 10:43:18 EDT 2017
#@# Qdec Cache surf2surf rh curv fwhm0 fsaverage Tue Jul 18 10:43:26 EDT 2017
#@# Qdec Cache surf2surf rh curv fwhm5 fsaverage Tue Jul 18 10:43:29 EDT 2017
#@# Qdec Cache surf2surf rh curv fwhm10 fsaverage Tue Jul 18 10:43:35 EDT 2017
#@# Qdec Cache surf2surf rh curv fwhm15 fsaverage Tue Jul 18 10:43:41 EDT 2017
#@# Qdec Cache surf2surf rh curv fwhm20 fsaverage Tue Jul 18 10:43:47 EDT 2017
#@# Qdec Cache surf2surf rh curv fwhm25 fsaverage Tue Jul 18 10:43:53 EDT 2017
#@# Qdec Cache surf2surf rh sulc fwhm0 fsaverage Tue Jul 18 10:44:00 EDT 2017
#@# Qdec Cache surf2surf rh sulc fwhm5 fsaverage Tue Jul 18 10:44:03 EDT 2017
#@# Qdec Cache surf2surf rh sulc fwhm10 fsaverage Tue Jul 18 10:44:08 EDT 2017
#@# Qdec Cache surf2surf rh sulc fwhm15 fsaverage Tue Jul 18 10:44:14 EDT 2017
#@# Qdec Cache surf2surf rh sulc fwhm20 fsaverage Tue Jul 18 10:44:19 EDT 2017
#@# Qdec Cache surf2surf rh sulc fwhm25 fsaverage Tue Jul 18 10:44:26 EDT 2017
#@# Qdec Cache surf2surf rh white.K fwhm0 fsaverage Tue Jul 18 10:44:32 EDT 2017
#@# Qdec Cache surf2surf rh white.K fwhm5 fsaverage Tue Jul 18 10:44:35 EDT 2017
#@# Qdec Cache surf2surf rh white.K fwhm10 fsaverage Tue Jul 18 10:44:40 EDT 2017
#@# Qdec Cache surf2surf rh white.K fwhm15 fsaverage Tue Jul 18 10:44:46 EDT 2017
#@# Qdec Cache surf2surf rh white.K fwhm20 fsaverage Tue Jul 18 10:44:51 EDT 2017
#@# Qdec Cache surf2surf rh white.K fwhm25 fsaverage Tue Jul 18 10:44:58 EDT 2017
#@# Qdec Cache surf2surf rh white.H fwhm0 fsaverage Tue Jul 18 10:45:05 EDT 2017
#@# Qdec Cache surf2surf rh white.H fwhm5 fsaverage Tue Jul 18 10:45:07 EDT 2017
#@# Qdec Cache surf2surf rh white.H fwhm10 fsaverage Tue Jul 18 10:45:13 EDT 2017
#@# Qdec Cache surf2surf rh white.H fwhm15 fsaverage Tue Jul 18 10:45:18 EDT 2017
#@# Qdec Cache surf2surf rh white.H fwhm20 fsaverage Tue Jul 18 10:45:24 EDT 2017
#@# Qdec Cache surf2surf rh white.H fwhm25 fsaverage Tue Jul 18 10:45:30 EDT 2017
#@# Qdec Cache surf2surf rh jacobian_white fwhm0 fsaverage Tue Jul 18 10:45:36 EDT 2017
#@# Qdec Cache surf2surf rh jacobian_white fwhm5 fsaverage Tue Jul 18 10:45:39 EDT 2017
#@# Qdec Cache surf2surf rh jacobian_white fwhm10 fsaverage Tue Jul 18 10:45:44 EDT 2017
#@# Qdec Cache surf2surf rh jacobian_white fwhm15 fsaverage Tue Jul 18 10:45:50 EDT 2017
#@# Qdec Cache surf2surf rh jacobian_white fwhm20 fsaverage Tue Jul 18 10:45:56 EDT 2017
#@# Qdec Cache surf2surf rh jacobian_white fwhm25 fsaverage Tue Jul 18 10:46:02 EDT 2017
#@# Qdec Cache surf2surf rh w-g.pct.mgh fwhm0 fsaverage Tue Jul 18 10:46:08 EDT 2017
#@# Qdec Cache surf2surf rh w-g.pct.mgh fwhm5 fsaverage Tue Jul 18 10:46:11 EDT 2017
#@# Qdec Cache surf2surf rh w-g.pct.mgh fwhm10 fsaverage Tue Jul 18 10:46:16 EDT 2017
#@# Qdec Cache surf2surf rh w-g.pct.mgh fwhm15 fsaverage Tue Jul 18 10:46:22 EDT 2017
#@# Qdec Cache surf2surf rh w-g.pct.mgh fwhm20 fsaverage Tue Jul 18 10:46:28 EDT 2017
#@# Qdec Cache surf2surf rh w-g.pct.mgh fwhm25 fsaverage Tue Jul 18 10:46:35 EDT 2017
recon-all -s sub-01 finished without error at Tue Jul 18 10:46:43 EDT 2017
