Log file for wmedits2surf
Tue Jul 18 15:43:02 EDT 2017

setenv SUBJECTS_DIR /Users/freesurfer_user/Documents/Github/Edits-FreeSurfer-Training-Data
cd /Users/freesurfer_user/Documents/Github/Edits-FreeSurfer-Training-Data
/Applications/freesurfer/bin/wmedits2surf --s sub-10 --overwrite

freesurfer-Darwin-OSX-stable-pub-v6.0.0-2beb96c
$Id: FreeSurferEnv.csh,v 1.89 2016/06/09 14:54:31 zkaufman Exp $
Darwin CFMI-iMac-10.local 16.6.0 Darwin Kernel Version 16.6.0: Fri Apr 14 16:21:16 PDT 2017; root:xnu-3789.60.24~6/RELEASE_X86_64 x86_64
mri_binarize --i /Users/freesurfer_user/Documents/Github/Edits-FreeSurfer-Training-Data/sub-10/mri/wm.mgz --match 1 --o /Users/freesurfer_user/Documents/Github/Edits-FreeSurfer-Training-Data/sub-10/surf/tmpdir.wmedits2surf.1575/wm.erase.mgh --count /Users/freesurfer_user/Documents/Github/Edits-FreeSurfer-Training-Data/sub-10/stats/wm.erase.dat

$Id: mri_binarize.c,v 1.43 2016/06/09 20:46:21 greve Exp $
cwd /Users/freesurfer_user/Documents/GitHub/Edits-FreeSurfer-Training-Data
cmdline mri_binarize.bin --i /Users/freesurfer_user/Documents/Github/Edits-FreeSurfer-Training-Data/sub-10/mri/wm.mgz --match 1 --o /Users/freesurfer_user/Documents/Github/Edits-FreeSurfer-Training-Data/sub-10/surf/tmpdir.wmedits2surf.1575/wm.erase.mgh --count /Users/freesurfer_user/Documents/Github/Edits-FreeSurfer-Training-Data/sub-10/stats/wm.erase.dat 
sysname  Darwin
hostname CFMI-iMac-10.local
machine  x86_64
user     freesurfer_user

input      /Users/freesurfer_user/Documents/Github/Edits-FreeSurfer-Training-Data/sub-10/mri/wm.mgz
frame      0
nErode3d   0
nErode2d   0
output     /Users/freesurfer_user/Documents/Github/Edits-FreeSurfer-Training-Data/sub-10/surf/tmpdir.wmedits2surf.1575/wm.erase.mgh
Binarizing based on matching values
nMatch 1
 0     1
binval        1
binvalnot     0
fstart = 0, fend = 0, nframes = 1
Found 71 values in range
Counting number of voxels in first frame
Found 71 voxels in final mask
Count: 71 71.000000 16777216 0.000423
mri_binarize done
mri_vol2surf --regheader sub-10 --hemi lh --mov /Users/freesurfer_user/Documents/Github/Edits-FreeSurfer-Training-Data/sub-10/surf/tmpdir.wmedits2surf.1575/wm.erase.mgh --o /Users/freesurfer_user/Documents/Github/Edits-FreeSurfer-Training-Data/sub-10/surf/lh.wmerase.fsa.mgh --interp nearest --projfrac-max -1 1 .3 --trgsubject fsaverage
srcvol = /Users/freesurfer_user/Documents/Github/Edits-FreeSurfer-Training-Data/sub-10/surf/tmpdir.wmedits2surf.1575/wm.erase.mgh
srcreg unspecified
srcregold = 0
srcwarp unspecified
surf = white
hemi = lh
trgsubject = fsaverage
surfreg = sphere.reg
ProjFrac = 0.5
thickness = thickness
reshape = 0
interp = nearest
float2int = round
GetProjMax = 1
INFO: float2int code = 0
INFO: changing type to float
Done loading volume
Computing registration from header.
  Using /Users/freesurfer_user/Documents/Github/Edits-FreeSurfer-Training-Data/sub-10/mri/orig.mgz as target reference.
-------- original matrix -----------
 1.00000   0.00000   0.00000   0.00000;
 0.00000   1.00000   0.00000   0.00000;
 0.00000   0.00000   1.00000   0.00000;
 0.00000   0.00000   0.00000   1.00000;
-------- original matrix -----------
Reading surface /Users/freesurfer_user/Documents/Github/Edits-FreeSurfer-Training-Data/sub-10/surf/lh.white
Done reading source surface
Reading thickness /Users/freesurfer_user/Documents/Github/Edits-FreeSurfer-Training-Data/sub-10/surf/lh.thickness
Done
Mapping Source Volume onto Source Subject Surface
 1 -1 -1 1
using old
 2 -0.7 -1 1
using old
 3 -0.4 -1 1
using old
 4 -0.1 -1 1
using old
 5 0.2 -1 1
using old
 6 0.5 -1 1
using old
 7 0.8 -1 1
using old
Done mapping volume to surface
Number of source voxels hit = 63423
Reading source surface registration 
  /Users/freesurfer_user/Documents/Github/Edits-FreeSurfer-Training-Data/sub-10/surf/lh.sphere.reg
Done loading source registration surface
Reading target registration 
   /Users/freesurfer_user/Documents/Github/Edits-FreeSurfer-Training-Data/fsaverage/surf/lh.sphere.reg
Done loading target registration surface
Mapping Surfaces (sub-10 -> fsaverage)
surf2surf_nnfr: building source hash (res=16).
Surf2Surf: Forward Loop (163842)

surf2surf_nnfr: building target hash (res=16).
Surf2Surf: Reverse Loop (112335)
Reverse Loop had 12639 hits
Surf2Surf: Dividing by number of hits (163842)
INFO: nSrcLost = 0
Done mapping surfaces
nSrc121 = 66516, nSrcLost =     0, nSrcMulti = 45819, MnSrcMultiHits = 2.39999
nTrg121 = 154513, nTrgMulti =  9329, MnTrgMultiHits = 2.35481
Writing to /Users/freesurfer_user/Documents/Github/Edits-FreeSurfer-Training-Data/sub-10/surf/lh.wmerase.fsa.mgh
Dim: 163842 1 1
mri_binarize --i /Users/freesurfer_user/Documents/Github/Edits-FreeSurfer-Training-Data/sub-10/surf/lh.wmerase.fsa.mgh --min .0001 --o /Users/freesurfer_user/Documents/Github/Edits-FreeSurfer-Training-Data/sub-10/surf/lh.wmerase.fsa.mgh

$Id: mri_binarize.c,v 1.43 2016/06/09 20:46:21 greve Exp $
cwd /Users/freesurfer_user/Documents/GitHub/Edits-FreeSurfer-Training-Data
cmdline mri_binarize.bin --i /Users/freesurfer_user/Documents/Github/Edits-FreeSurfer-Training-Data/sub-10/surf/lh.wmerase.fsa.mgh --min .0001 --o /Users/freesurfer_user/Documents/Github/Edits-FreeSurfer-Training-Data/sub-10/surf/lh.wmerase.fsa.mgh 
sysname  Darwin
hostname CFMI-iMac-10.local
machine  x86_64
user     freesurfer_user

input      /Users/freesurfer_user/Documents/Github/Edits-FreeSurfer-Training-Data/sub-10/surf/lh.wmerase.fsa.mgh
frame      0
nErode3d   0
nErode2d   0
output     /Users/freesurfer_user/Documents/Github/Edits-FreeSurfer-Training-Data/sub-10/surf/lh.wmerase.fsa.mgh
Binarizing based on threshold
min        0.0001
max        +infinity
binval        1
binvalnot     0
fstart = 0, fend = 0, nframes = 1
Found 0 values in range
Counting number of voxels in first frame
Found 0 voxels in final mask
Count: 0 0.000000 163842 0.000000
mri_binarize done
mri_vol2surf --regheader sub-10 --hemi rh --mov /Users/freesurfer_user/Documents/Github/Edits-FreeSurfer-Training-Data/sub-10/surf/tmpdir.wmedits2surf.1575/wm.erase.mgh --o /Users/freesurfer_user/Documents/Github/Edits-FreeSurfer-Training-Data/sub-10/surf/rh.wmerase.fsa.mgh --interp nearest --projfrac-max -1 1 .3 --trgsubject fsaverage
srcvol = /Users/freesurfer_user/Documents/Github/Edits-FreeSurfer-Training-Data/sub-10/surf/tmpdir.wmedits2surf.1575/wm.erase.mgh
srcreg unspecified
srcregold = 0
srcwarp unspecified
surf = white
hemi = rh
trgsubject = fsaverage
surfreg = sphere.reg
ProjFrac = 0.5
thickness = thickness
reshape = 0
interp = nearest
float2int = round
GetProjMax = 1
INFO: float2int code = 0
INFO: changing type to float
Done loading volume
Computing registration from header.
  Using /Users/freesurfer_user/Documents/Github/Edits-FreeSurfer-Training-Data/sub-10/mri/orig.mgz as target reference.
-------- original matrix -----------
 1.00000   0.00000   0.00000   0.00000;
 0.00000   1.00000   0.00000   0.00000;
 0.00000   0.00000   1.00000   0.00000;
 0.00000   0.00000   0.00000   1.00000;
-------- original matrix -----------
Reading surface /Users/freesurfer_user/Documents/Github/Edits-FreeSurfer-Training-Data/sub-10/surf/rh.white
Done reading source surface
Reading thickness /Users/freesurfer_user/Documents/Github/Edits-FreeSurfer-Training-Data/sub-10/surf/rh.thickness
Done
Mapping Source Volume onto Source Subject Surface
 1 -1 -1 1
using old
 2 -0.7 -1 1
using old
 3 -0.4 -1 1
using old
 4 -0.1 -1 1
using old
 5 0.2 -1 1
using old
 6 0.5 -1 1
using old
 7 0.8 -1 1
using old
Done mapping volume to surface
Number of source voxels hit = 65006
Reading source surface registration 
  /Users/freesurfer_user/Documents/Github/Edits-FreeSurfer-Training-Data/sub-10/surf/rh.sphere.reg
Done loading source registration surface
Reading target registration 
   /Users/freesurfer_user/Documents/Github/Edits-FreeSurfer-Training-Data/fsaverage/surf/rh.sphere.reg
Done loading target registration surface
Mapping Surfaces (sub-10 -> fsaverage)
surf2surf_nnfr: building source hash (res=16).
Surf2Surf: Forward Loop (163842)

surf2surf_nnfr: building target hash (res=16).
Surf2Surf: Reverse Loop (114708)
Reverse Loop had 13228 hits
Surf2Surf: Dividing by number of hits (163842)
INFO: nSrcLost = 0
Done mapping surfaces
nSrc121 = 69797, nSrcLost =     0, nSrcMulti = 44911, MnSrcMultiHits = 2.38857
nTrg121 = 153810, nTrgMulti = 10032, MnTrgMultiHits = 2.31858
Writing to /Users/freesurfer_user/Documents/Github/Edits-FreeSurfer-Training-Data/sub-10/surf/rh.wmerase.fsa.mgh
Dim: 163842 1 1
mri_binarize --i /Users/freesurfer_user/Documents/Github/Edits-FreeSurfer-Training-Data/sub-10/surf/rh.wmerase.fsa.mgh --min .0001 --o /Users/freesurfer_user/Documents/Github/Edits-FreeSurfer-Training-Data/sub-10/surf/rh.wmerase.fsa.mgh

$Id: mri_binarize.c,v 1.43 2016/06/09 20:46:21 greve Exp $
cwd /Users/freesurfer_user/Documents/GitHub/Edits-FreeSurfer-Training-Data
cmdline mri_binarize.bin --i /Users/freesurfer_user/Documents/Github/Edits-FreeSurfer-Training-Data/sub-10/surf/rh.wmerase.fsa.mgh --min .0001 --o /Users/freesurfer_user/Documents/Github/Edits-FreeSurfer-Training-Data/sub-10/surf/rh.wmerase.fsa.mgh 
sysname  Darwin
hostname CFMI-iMac-10.local
machine  x86_64
user     freesurfer_user

input      /Users/freesurfer_user/Documents/Github/Edits-FreeSurfer-Training-Data/sub-10/surf/rh.wmerase.fsa.mgh
frame      0
nErode3d   0
nErode2d   0
output     /Users/freesurfer_user/Documents/Github/Edits-FreeSurfer-Training-Data/sub-10/surf/rh.wmerase.fsa.mgh
Binarizing based on threshold
min        0.0001
max        +infinity
binval        1
binvalnot     0
fstart = 0, fend = 0, nframes = 1
Found 25 values in range
Counting number of voxels in first frame
Found 25 voxels in final mask
Count: 25 25.000000 163842 0.015259
mri_binarize done
mri_binarize --i /Users/freesurfer_user/Documents/Github/Edits-FreeSurfer-Training-Data/sub-10/mri/wm.mgz --match 255 --o /Users/freesurfer_user/Documents/Github/Edits-FreeSurfer-Training-Data/sub-10/surf/tmpdir.wmedits2surf.1575/wm.fill.mgh --count /Users/freesurfer_user/Documents/Github/Edits-FreeSurfer-Training-Data/sub-10/stats/wm.fill.dat

$Id: mri_binarize.c,v 1.43 2016/06/09 20:46:21 greve Exp $
cwd /Users/freesurfer_user/Documents/GitHub/Edits-FreeSurfer-Training-Data
cmdline mri_binarize.bin --i /Users/freesurfer_user/Documents/Github/Edits-FreeSurfer-Training-Data/sub-10/mri/wm.mgz --match 255 --o /Users/freesurfer_user/Documents/Github/Edits-FreeSurfer-Training-Data/sub-10/surf/tmpdir.wmedits2surf.1575/wm.fill.mgh --count /Users/freesurfer_user/Documents/Github/Edits-FreeSurfer-Training-Data/sub-10/stats/wm.fill.dat 
sysname  Darwin
hostname CFMI-iMac-10.local
machine  x86_64
user     freesurfer_user

input      /Users/freesurfer_user/Documents/Github/Edits-FreeSurfer-Training-Data/sub-10/mri/wm.mgz
frame      0
nErode3d   0
nErode2d   0
output     /Users/freesurfer_user/Documents/Github/Edits-FreeSurfer-Training-Data/sub-10/surf/tmpdir.wmedits2surf.1575/wm.fill.mgh
Binarizing based on matching values
nMatch 1
 0   255
binval        1
binvalnot     0
fstart = 0, fend = 0, nframes = 1
Found 1359 values in range
Counting number of voxels in first frame
Found 1359 voxels in final mask
Count: 1359 1359.000000 16777216 0.008100
mri_binarize done
mri_vol2surf --regheader sub-10 --hemi lh --mov /Users/freesurfer_user/Documents/Github/Edits-FreeSurfer-Training-Data/sub-10/surf/tmpdir.wmedits2surf.1575/wm.fill.mgh --o /Users/freesurfer_user/Documents/Github/Edits-FreeSurfer-Training-Data/sub-10/surf/lh.wmfill.fsa.mgh --interp nearest --projfrac-max -1 1 .3 --trgsubject fsaverage
srcvol = /Users/freesurfer_user/Documents/Github/Edits-FreeSurfer-Training-Data/sub-10/surf/tmpdir.wmedits2surf.1575/wm.fill.mgh
srcreg unspecified
srcregold = 0
srcwarp unspecified
surf = white
hemi = lh
trgsubject = fsaverage
surfreg = sphere.reg
ProjFrac = 0.5
thickness = thickness
reshape = 0
interp = nearest
float2int = round
GetProjMax = 1
INFO: float2int code = 0
INFO: changing type to float
Done loading volume
Computing registration from header.
  Using /Users/freesurfer_user/Documents/Github/Edits-FreeSurfer-Training-Data/sub-10/mri/orig.mgz as target reference.
-------- original matrix -----------
 1.00000   0.00000   0.00000   0.00000;
 0.00000   1.00000   0.00000   0.00000;
 0.00000   0.00000   1.00000   0.00000;
 0.00000   0.00000   0.00000   1.00000;
-------- original matrix -----------
Reading surface /Users/freesurfer_user/Documents/Github/Edits-FreeSurfer-Training-Data/sub-10/surf/lh.white
Done reading source surface
Reading thickness /Users/freesurfer_user/Documents/Github/Edits-FreeSurfer-Training-Data/sub-10/surf/lh.thickness
Done
Mapping Source Volume onto Source Subject Surface
 1 -1 -1 1
using old
 2 -0.7 -1 1
using old
 3 -0.4 -1 1
using old
 4 -0.1 -1 1
using old
 5 0.2 -1 1
using old
 6 0.5 -1 1
using old
 7 0.8 -1 1
using old
Done mapping volume to surface
Number of source voxels hit = 63423
Reading source surface registration 
  /Users/freesurfer_user/Documents/Github/Edits-FreeSurfer-Training-Data/sub-10/surf/lh.sphere.reg
Done loading source registration surface
Reading target registration 
   /Users/freesurfer_user/Documents/Github/Edits-FreeSurfer-Training-Data/fsaverage/surf/lh.sphere.reg
Done loading target registration surface
Mapping Surfaces (sub-10 -> fsaverage)
surf2surf_nnfr: building source hash (res=16).
Surf2Surf: Forward Loop (163842)

surf2surf_nnfr: building target hash (res=16).
Surf2Surf: Reverse Loop (112335)
Reverse Loop had 12639 hits
Surf2Surf: Dividing by number of hits (163842)
INFO: nSrcLost = 0
Done mapping surfaces
nSrc121 = 66516, nSrcLost =     0, nSrcMulti = 45819, MnSrcMultiHits = 2.39999
nTrg121 = 154513, nTrgMulti =  9329, MnTrgMultiHits = 2.35481
Writing to /Users/freesurfer_user/Documents/Github/Edits-FreeSurfer-Training-Data/sub-10/surf/lh.wmfill.fsa.mgh
Dim: 163842 1 1
mri_binarize --i /Users/freesurfer_user/Documents/Github/Edits-FreeSurfer-Training-Data/sub-10/surf/lh.wmfill.fsa.mgh --min .0001 --o /Users/freesurfer_user/Documents/Github/Edits-FreeSurfer-Training-Data/sub-10/surf/lh.wmfill.fsa.mgh

$Id: mri_binarize.c,v 1.43 2016/06/09 20:46:21 greve Exp $
cwd /Users/freesurfer_user/Documents/GitHub/Edits-FreeSurfer-Training-Data
cmdline mri_binarize.bin --i /Users/freesurfer_user/Documents/Github/Edits-FreeSurfer-Training-Data/sub-10/surf/lh.wmfill.fsa.mgh --min .0001 --o /Users/freesurfer_user/Documents/Github/Edits-FreeSurfer-Training-Data/sub-10/surf/lh.wmfill.fsa.mgh 
sysname  Darwin
hostname CFMI-iMac-10.local
machine  x86_64
user     freesurfer_user

input      /Users/freesurfer_user/Documents/Github/Edits-FreeSurfer-Training-Data/sub-10/surf/lh.wmfill.fsa.mgh
frame      0
nErode3d   0
nErode2d   0
output     /Users/freesurfer_user/Documents/Github/Edits-FreeSurfer-Training-Data/sub-10/surf/lh.wmfill.fsa.mgh
Binarizing based on threshold
min        0.0001
max        +infinity
binval        1
binvalnot     0
fstart = 0, fend = 0, nframes = 1
Found 689 values in range
Counting number of voxels in first frame
Found 689 voxels in final mask
Count: 689 689.000000 163842 0.420527
mri_binarize done
mri_vol2surf --regheader sub-10 --hemi rh --mov /Users/freesurfer_user/Documents/Github/Edits-FreeSurfer-Training-Data/sub-10/surf/tmpdir.wmedits2surf.1575/wm.fill.mgh --o /Users/freesurfer_user/Documents/Github/Edits-FreeSurfer-Training-Data/sub-10/surf/rh.wmfill.fsa.mgh --interp nearest --projfrac-max -1 1 .3 --trgsubject fsaverage
srcvol = /Users/freesurfer_user/Documents/Github/Edits-FreeSurfer-Training-Data/sub-10/surf/tmpdir.wmedits2surf.1575/wm.fill.mgh
srcreg unspecified
srcregold = 0
srcwarp unspecified
surf = white
hemi = rh
trgsubject = fsaverage
surfreg = sphere.reg
ProjFrac = 0.5
thickness = thickness
reshape = 0
interp = nearest
float2int = round
GetProjMax = 1
INFO: float2int code = 0
INFO: changing type to float
Done loading volume
Computing registration from header.
  Using /Users/freesurfer_user/Documents/Github/Edits-FreeSurfer-Training-Data/sub-10/mri/orig.mgz as target reference.
-------- original matrix -----------
 1.00000   0.00000   0.00000   0.00000;
 0.00000   1.00000   0.00000   0.00000;
 0.00000   0.00000   1.00000   0.00000;
 0.00000   0.00000   0.00000   1.00000;
-------- original matrix -----------
Reading surface /Users/freesurfer_user/Documents/Github/Edits-FreeSurfer-Training-Data/sub-10/surf/rh.white
Done reading source surface
Reading thickness /Users/freesurfer_user/Documents/Github/Edits-FreeSurfer-Training-Data/sub-10/surf/rh.thickness
Done
Mapping Source Volume onto Source Subject Surface
 1 -1 -1 1
using old
 2 -0.7 -1 1
using old
 3 -0.4 -1 1
using old
 4 -0.1 -1 1
using old
 5 0.2 -1 1
using old
 6 0.5 -1 1
using old
 7 0.8 -1 1
using old
Done mapping volume to surface
Number of source voxels hit = 65006
Reading source surface registration 
  /Users/freesurfer_user/Documents/Github/Edits-FreeSurfer-Training-Data/sub-10/surf/rh.sphere.reg
Done loading source registration surface
Reading target registration 
   /Users/freesurfer_user/Documents/Github/Edits-FreeSurfer-Training-Data/fsaverage/surf/rh.sphere.reg
Done loading target registration surface
Mapping Surfaces (sub-10 -> fsaverage)
surf2surf_nnfr: building source hash (res=16).
Surf2Surf: Forward Loop (163842)

surf2surf_nnfr: building target hash (res=16).
Surf2Surf: Reverse Loop (114708)
Reverse Loop had 13228 hits
Surf2Surf: Dividing by number of hits (163842)
INFO: nSrcLost = 0
Done mapping surfaces
nSrc121 = 69797, nSrcLost =     0, nSrcMulti = 44911, MnSrcMultiHits = 2.38857
nTrg121 = 153810, nTrgMulti = 10032, MnTrgMultiHits = 2.31858
Writing to /Users/freesurfer_user/Documents/Github/Edits-FreeSurfer-Training-Data/sub-10/surf/rh.wmfill.fsa.mgh
Dim: 163842 1 1
mri_binarize --i /Users/freesurfer_user/Documents/Github/Edits-FreeSurfer-Training-Data/sub-10/surf/rh.wmfill.fsa.mgh --min .0001 --o /Users/freesurfer_user/Documents/Github/Edits-FreeSurfer-Training-Data/sub-10/surf/rh.wmfill.fsa.mgh

$Id: mri_binarize.c,v 1.43 2016/06/09 20:46:21 greve Exp $
cwd /Users/freesurfer_user/Documents/GitHub/Edits-FreeSurfer-Training-Data
cmdline mri_binarize.bin --i /Users/freesurfer_user/Documents/Github/Edits-FreeSurfer-Training-Data/sub-10/surf/rh.wmfill.fsa.mgh --min .0001 --o /Users/freesurfer_user/Documents/Github/Edits-FreeSurfer-Training-Data/sub-10/surf/rh.wmfill.fsa.mgh 
sysname  Darwin
hostname CFMI-iMac-10.local
machine  x86_64
user     freesurfer_user

input      /Users/freesurfer_user/Documents/Github/Edits-FreeSurfer-Training-Data/sub-10/surf/rh.wmfill.fsa.mgh
frame      0
nErode3d   0
nErode2d   0
output     /Users/freesurfer_user/Documents/Github/Edits-FreeSurfer-Training-Data/sub-10/surf/rh.wmfill.fsa.mgh
Binarizing based on threshold
min        0.0001
max        +infinity
binval        1
binvalnot     0
fstart = 0, fend = 0, nframes = 1
Found 1801 values in range
Counting number of voxels in first frame
Found 1801 voxels in final mask
Count: 1801 1801.000000 163842 1.099230
mri_binarize done
 
Started at Tue Jul 18 15:43:02 EDT 2017 
Ended   at Tue Jul 18 15:43:32 EDT 2017
Wmedits2surf-Run-Time-Sec 30
Wmedits2surf-Run-Time-Hours 0.01
 
wmedits2surf Done
