status file for recon-all
Thu Jul  6 19:25:17 EDT 2017
#@# MotionCor Thu Jul  6 19:25:28 EDT 2017
#@# Deface Thu Jul  6 19:25:43 EDT 2017
#@# Talairach Thu Jul  6 19:29:07 EDT 2017
#@# Talairach Failure Detection Thu Jul  6 19:32:15 EDT 2017
#@# Nu Intensity Correction Thu Jul  6 19:32:15 EDT 2017
#@# Intensity Normalization Thu Jul  6 19:34:41 EDT 2017
#@# Skull Stripping Thu Jul  6 19:38:11 EDT 2017
#@# EM Registration Thu Jul  6 19:55:10 EDT 2017
#@# CA Normalize Thu Jul  6 20:14:48 EDT 2017
#@# CA Reg Thu Jul  6 20:16:46 EDT 2017
#@# SubCort Seg Thu Jul  6 22:59:38 EDT 2017
#@# Merge ASeg Fri Jul  7 00:01:52 EDT 2017
#@# Intensity Normalization2 Fri Jul  7 00:01:52 EDT 2017
#@# Mask BFS Fri Jul  7 00:04:49 EDT 2017
#@# WM Segmentation Fri Jul  7 00:04:50 EDT 2017
#@# Fill Fri Jul  7 00:07:14 EDT 2017
#@# Tessellate lh Fri Jul  7 00:07:56 EDT 2017
#@# Tessellate rh Fri Jul  7 00:08:01 EDT 2017
#@# Smooth1 lh Fri Jul  7 00:08:07 EDT 2017
#@# Smooth1 rh Fri Jul  7 00:08:07 EDT 2017
Darwin trash-can.local 15.6.0 Darwin Kernel Version 15.6.0: Thu Jun 23 18:25:34 PDT 2016; root:xnu-3248.60.10~1/RELEASE_X86_64 x86_64 i386 MacPro6,1 Darwin

recon-all -s sub-09 exited with ERRORS at Fri Jul  7 00:08:08 EDT 2017

\n\n
New invocation of recon-all 
\n\n
status file for recon-all
Fri Jul  7 09:49:57 EDT 2017
#@# Smooth1 lh Fri Jul  7 09:49:57 EDT 2017
recon-all -s sub-09 finished without error at Fri Jul  7 09:50:11 EDT 2017
\n\n
New invocation of recon-all 
\n\n
status file for recon-all
Fri Jul  7 09:50:11 EDT 2017
#@# Smooth1 rh Fri Jul  7 09:50:11 EDT 2017
recon-all -s sub-09 finished without error at Fri Jul  7 09:50:27 EDT 2017
\n\n
New invocation of recon-all 
\n\n
status file for recon-all
Fri Jul  7 09:50:27 EDT 2017
#@# Inflation1 lh Fri Jul  7 09:50:27 EDT 2017
recon-all -s sub-09 finished without error at Fri Jul  7 09:51:12 EDT 2017
\n\n
New invocation of recon-all 
\n\n
status file for recon-all
Fri Jul  7 09:51:12 EDT 2017
#@# Inflation1 rh Fri Jul  7 09:51:12 EDT 2017
recon-all -s sub-09 finished without error at Fri Jul  7 09:51:56 EDT 2017
\n\n
New invocation of recon-all 
\n\n
status file for recon-all
Fri Jul  7 09:51:56 EDT 2017
#@# QSphere lh Fri Jul  7 09:51:56 EDT 2017
recon-all -s sub-09 finished without error at Fri Jul  7 09:55:10 EDT 2017
\n\n
New invocation of recon-all 
\n\n
status file for recon-all
Fri Jul  7 09:55:11 EDT 2017
#@# QSphere rh Fri Jul  7 09:55:11 EDT 2017
recon-all -s sub-09 finished without error at Fri Jul  7 09:57:42 EDT 2017
\n\n
New invocation of recon-all 
\n\n
status file for recon-all
Fri Jul  7 09:57:42 EDT 2017
#@# Fix Topology Copy lh Fri Jul  7 09:57:42 EDT 2017
#@# Fix Topology lh Fri Jul  7 09:57:42 EDT 2017
recon-all -s sub-09 finished without error at Fri Jul  7 13:30:56 EDT 2017
\n\n
New invocation of recon-all 
\n\n
status file for recon-all
Fri Jul  7 13:30:56 EDT 2017
#@# Fix Topology Copy rh Fri Jul  7 13:30:56 EDT 2017
#@# Fix Topology rh Fri Jul  7 13:30:57 EDT 2017
recon-all -s sub-09 finished without error at Fri Jul  7 15:31:30 EDT 2017
\n\n
New invocation of recon-all 
\n\n
status file for recon-all
Fri Jul  7 15:31:31 EDT 2017
#@# Make White Surf lh Fri Jul  7 15:31:31 EDT 2017
recon-all -s sub-09 finished without error at Fri Jul  7 15:49:47 EDT 2017
\n\n
New invocation of recon-all 
\n\n
status file for recon-all
Fri Jul  7 15:49:47 EDT 2017
#@# Make White Surf rh Fri Jul  7 15:49:47 EDT 2017
recon-all -s sub-09 finished without error at Fri Jul  7 16:08:07 EDT 2017
\n\n
New invocation of recon-all 
\n\n
status file for recon-all
Fri Jul  7 16:08:08 EDT 2017
#@# Smooth2 lh Fri Jul  7 16:08:08 EDT 2017
recon-all -s sub-09 finished without error at Fri Jul  7 16:08:16 EDT 2017
\n\n
New invocation of recon-all 
\n\n
status file for recon-all
Fri Jul  7 16:08:17 EDT 2017
#@# Inflation2 lh Fri Jul  7 16:08:17 EDT 2017
recon-all -s sub-09 finished without error at Fri Jul  7 16:08:35 EDT 2017
\n\n
New invocation of recon-all 
\n\n
status file for recon-all
Fri Jul  7 16:08:35 EDT 2017
#@# Sphere lh Fri Jul  7 16:08:35 EDT 2017
recon-all -s sub-09 finished without error at Fri Jul  7 16:25:03 EDT 2017
\n\n
New invocation of recon-all 
\n\n
status file for recon-all
Fri Jul  7 16:25:04 EDT 2017
#@# Surf Reg lh Fri Jul  7 16:25:04 EDT 2017
recon-all -s sub-09 finished without error at Fri Jul  7 16:56:25 EDT 2017
\n\n
New invocation of recon-all 
\n\n
status file for recon-all
Fri Jul  7 16:56:25 EDT 2017
#@# Cortical Parc lh Fri Jul  7 16:56:25 EDT 2017
recon-all -s sub-09 finished without error at Fri Jul  7 16:56:43 EDT 2017
\n\n
New invocation of recon-all 
\n\n
status file for recon-all
Fri Jul  7 16:56:43 EDT 2017
#@# Make Pial Surf lh Fri Jul  7 16:56:44 EDT 2017
#@# Surf Volume lh Fri Jul  7 17:15:12 EDT 2017
recon-all -s sub-09 finished without error at Fri Jul  7 17:15:16 EDT 2017
\n\n
New invocation of recon-all 
\n\n
status file for recon-all
Fri Jul  7 17:15:16 EDT 2017
#@# Surf Volume lh Fri Jul  7 17:15:16 EDT 2017
recon-all -s sub-09 finished without error at Fri Jul  7 17:15:20 EDT 2017
\n\n
New invocation of recon-all 
\n\n
status file for recon-all
Fri Jul  7 17:15:21 EDT 2017
#@# Smooth2 rh Fri Jul  7 17:15:21 EDT 2017
recon-all -s sub-09 finished without error at Fri Jul  7 17:15:30 EDT 2017
\n\n
New invocation of recon-all 
\n\n
status file for recon-all
Fri Jul  7 17:15:31 EDT 2017
#@# Inflation2 rh Fri Jul  7 17:15:31 EDT 2017
recon-all -s sub-09 finished without error at Fri Jul  7 17:15:50 EDT 2017
\n\n
New invocation of recon-all 
\n\n
status file for recon-all
Fri Jul  7 17:15:50 EDT 2017
#@# Sphere rh Fri Jul  7 17:15:50 EDT 2017
recon-all -s sub-09 finished without error at Fri Jul  7 17:34:27 EDT 2017
\n\n
New invocation of recon-all 
\n\n
status file for recon-all
Fri Jul  7 17:34:27 EDT 2017
#@# Surf Reg rh Fri Jul  7 17:34:27 EDT 2017
recon-all -s sub-09 finished without error at Fri Jul  7 18:07:00 EDT 2017
\n\n
New invocation of recon-all 
\n\n
status file for recon-all
Fri Jul  7 18:07:00 EDT 2017
#@# Cortical Parc rh Fri Jul  7 18:07:01 EDT 2017
recon-all -s sub-09 finished without error at Fri Jul  7 18:07:17 EDT 2017
\n\n
New invocation of recon-all 
\n\n
status file for recon-all
Fri Jul  7 18:07:18 EDT 2017
#@# Make Pial Surf rh Fri Jul  7 18:07:18 EDT 2017
#@# Surf Volume rh Fri Jul  7 18:25:51 EDT 2017
recon-all -s sub-09 finished without error at Fri Jul  7 18:25:55 EDT 2017
\n\n
New invocation of recon-all 
\n\n
status file for recon-all
Fri Jul  7 18:25:56 EDT 2017
#@# Surf Volume rh Fri Jul  7 18:25:56 EDT 2017
recon-all -s sub-09 finished without error at Fri Jul  7 18:26:00 EDT 2017
\n\n
New invocation of recon-all 
\n\n
status file for recon-all
Fri Jul  7 18:26:00 EDT 2017
#@# Curv .H and .K lh Fri Jul  7 18:26:00 EDT 2017
recon-all -s sub-09 finished without error at Fri Jul  7 18:27:22 EDT 2017
\n\n
New invocation of recon-all 
\n\n
status file for recon-all
Fri Jul  7 18:27:22 EDT 2017
#@# Curv .H and .K rh Fri Jul  7 18:27:22 EDT 2017
recon-all -s sub-09 finished without error at Fri Jul  7 18:28:46 EDT 2017
\n\n
New invocation of recon-all 
\n\n
status file for recon-all
Fri Jul  7 18:28:46 EDT 2017
#@# Curvature Stats lh Fri Jul  7 18:28:46 EDT 2017
recon-all -s sub-09 finished without error at Fri Jul  7 18:28:53 EDT 2017
\n\n
New invocation of recon-all 
\n\n
status file for recon-all
Fri Jul  7 18:28:53 EDT 2017
#@# Curvature Stats rh Fri Jul  7 18:28:53 EDT 2017
recon-all -s sub-09 finished without error at Fri Jul  7 18:28:59 EDT 2017
\n\n
New invocation of recon-all 
\n\n
status file for recon-all
Fri Jul  7 18:29:00 EDT 2017
#@# Jacobian white lh Fri Jul  7 18:29:00 EDT 2017
recon-all -s sub-09 finished without error at Fri Jul  7 18:29:02 EDT 2017
\n\n
New invocation of recon-all 
\n\n
status file for recon-all
Fri Jul  7 18:29:02 EDT 2017
#@# Jacobian white rh Fri Jul  7 18:29:02 EDT 2017
recon-all -s sub-09 finished without error at Fri Jul  7 18:29:04 EDT 2017
\n\n
New invocation of recon-all 
\n\n
status file for recon-all
Fri Jul  7 18:29:05 EDT 2017
#@# AvgCurv lh Fri Jul  7 18:29:05 EDT 2017
recon-all -s sub-09 finished without error at Fri Jul  7 18:29:07 EDT 2017
\n\n
New invocation of recon-all 
\n\n
status file for recon-all
Fri Jul  7 18:29:07 EDT 2017
#@# AvgCurv rh Fri Jul  7 18:29:07 EDT 2017
recon-all -s sub-09 finished without error at Fri Jul  7 18:29:09 EDT 2017
\n\n
New invocation of recon-all 
\n\n
status file for recon-all
Fri Jul  7 18:29:10 EDT 2017
#@# Cortical ribbon mask Fri Jul  7 18:29:10 EDT 2017
recon-all -s sub-09 finished without error at Fri Jul  7 18:42:58 EDT 2017
\n\n
New invocation of recon-all 
\n\n
status file for recon-all
Fri Jul  7 18:42:58 EDT 2017
#@# Parcellation Stats lh Fri Jul  7 18:42:59 EDT 2017
recon-all -s sub-09 finished without error at Fri Jul  7 18:44:18 EDT 2017
\n\n
New invocation of recon-all 
\n\n
status file for recon-all
Fri Jul  7 18:44:18 EDT 2017
#@# Parcellation Stats rh Fri Jul  7 18:44:18 EDT 2017
recon-all -s sub-09 finished without error at Fri Jul  7 18:45:39 EDT 2017
\n\n
New invocation of recon-all 
\n\n
status file for recon-all
Fri Jul  7 18:45:39 EDT 2017
#@# Cortical Parc 2 lh Fri Jul  7 18:45:39 EDT 2017
recon-all -s sub-09 finished without error at Fri Jul  7 18:46:00 EDT 2017
\n\n
New invocation of recon-all 
\n\n
status file for recon-all
Fri Jul  7 18:46:01 EDT 2017
#@# Cortical Parc 2 rh Fri Jul  7 18:46:01 EDT 2017
recon-all -s sub-09 finished without error at Fri Jul  7 18:46:22 EDT 2017
\n\n
New invocation of recon-all 
\n\n
status file for recon-all
Fri Jul  7 18:46:22 EDT 2017
#@# Parcellation Stats 2 lh Fri Jul  7 18:46:22 EDT 2017
recon-all -s sub-09 finished without error at Fri Jul  7 18:47:02 EDT 2017
\n\n
New invocation of recon-all 
\n\n
status file for recon-all
Fri Jul  7 18:47:03 EDT 2017
#@# Parcellation Stats 2 rh Fri Jul  7 18:47:03 EDT 2017
recon-all -s sub-09 finished without error at Fri Jul  7 18:47:44 EDT 2017
\n\n
New invocation of recon-all 
\n\n
status file for recon-all
Fri Jul  7 18:47:44 EDT 2017
#@# Cortical Parc 3 lh Fri Jul  7 18:47:44 EDT 2017
recon-all -s sub-09 finished without error at Fri Jul  7 18:48:01 EDT 2017
\n\n
New invocation of recon-all 
\n\n
status file for recon-all
Fri Jul  7 18:48:01 EDT 2017
#@# Cortical Parc 3 rh Fri Jul  7 18:48:01 EDT 2017
recon-all -s sub-09 finished without error at Fri Jul  7 18:48:18 EDT 2017
\n\n
New invocation of recon-all 
\n\n
status file for recon-all
Fri Jul  7 18:48:18 EDT 2017
#@# Parcellation Stats 3 lh Fri Jul  7 18:48:18 EDT 2017
recon-all -s sub-09 finished without error at Fri Jul  7 18:48:58 EDT 2017
\n\n
New invocation of recon-all 
\n\n
status file for recon-all
Fri Jul  7 18:48:58 EDT 2017
#@# Parcellation Stats 3 rh Fri Jul  7 18:48:58 EDT 2017
recon-all -s sub-09 finished without error at Fri Jul  7 18:49:38 EDT 2017
\n\n
New invocation of recon-all 
\n\n
status file for recon-all
Fri Jul  7 18:49:39 EDT 2017
#@# WM/GM Contrast lh Fri Jul  7 18:49:39 EDT 2017
recon-all -s sub-09 finished without error at Fri Jul  7 18:49:46 EDT 2017
\n\n
New invocation of recon-all 
\n\n
status file for recon-all
Fri Jul  7 18:49:46 EDT 2017
#@# WM/GM Contrast rh Fri Jul  7 18:49:46 EDT 2017
recon-all -s sub-09 finished without error at Fri Jul  7 18:49:52 EDT 2017
\n\n
New invocation of recon-all 
\n\n
status file for recon-all
Fri Jul  7 18:49:53 EDT 2017
#@# Relabel Hypointensities Fri Jul  7 18:49:53 EDT 2017
recon-all -s sub-09 finished without error at Fri Jul  7 18:50:20 EDT 2017
\n\n
New invocation of recon-all 
\n\n
status file for recon-all
Fri Jul  7 18:50:20 EDT 2017
#@# AParc-to-ASeg aparc Fri Jul  7 18:50:20 EDT 2017
#@# AParc-to-ASeg a2009s Fri Jul  7 18:55:38 EDT 2017
#@# AParc-to-ASeg DKTatlas Fri Jul  7 19:00:53 EDT 2017
recon-all -s sub-09 finished without error at Fri Jul  7 19:06:13 EDT 2017
\n\n
New invocation of recon-all 
\n\n
status file for recon-all
Fri Jul  7 19:06:13 EDT 2017
#@# APas-to-ASeg Fri Jul  7 19:06:13 EDT 2017
recon-all -s sub-09 finished without error at Fri Jul  7 19:06:19 EDT 2017
\n\n
New invocation of recon-all 
\n\n
status file for recon-all
Fri Jul  7 19:06:19 EDT 2017
#@# ASeg Stats Fri Jul  7 19:06:19 EDT 2017
recon-all -s sub-09 finished without error at Fri Jul  7 19:07:34 EDT 2017
\n\n
New invocation of recon-all 
\n\n
status file for recon-all
Fri Jul  7 19:07:34 EDT 2017
#@# WMParc Fri Jul  7 19:07:34 EDT 2017
recon-all -s sub-09 finished without error at Fri Jul  7 19:14:39 EDT 2017
\n\n
New invocation of recon-all 
\n\n
status file for recon-all
Fri Jul  7 19:14:39 EDT 2017
#@# BA_exvivo Labels lh Fri Jul  7 19:14:39 EDT 2017
recon-all -s sub-09 finished without error at Fri Jul  7 19:19:51 EDT 2017
\n\n
New invocation of recon-all 
\n\n
status file for recon-all
Fri Jul  7 19:19:51 EDT 2017
#@# BA_exvivo Labels rh Fri Jul  7 19:19:51 EDT 2017
recon-all -s sub-09 finished without error at Fri Jul  7 19:25:08 EDT 2017
\n\n
New invocation of recon-all 
\n\n
status file for recon-all
Wed Jul 12 13:52:21 EDT 2017
#@# MotionCor Wed Jul 12 13:52:21 EDT 2017
recon-all -s sub-09 finished without error at Wed Jul 12 13:52:30 EDT 2017
\n\n
New invocation of recon-all 
\n\n
status file for recon-all
Wed Jul 12 13:52:30 EDT 2017
#@# Talairach Wed Jul 12 13:52:30 EDT 2017
#@# Talairach Failure Detection Wed Jul 12 13:54:17 EDT 2017
recon-all -s sub-09 finished without error at Wed Jul 12 13:54:18 EDT 2017
\n\n
New invocation of recon-all 
\n\n
status file for recon-all
Wed Jul 12 13:54:18 EDT 2017
#@# Nu Intensity Correction Wed Jul 12 13:54:18 EDT 2017
recon-all -s sub-09 finished without error at Wed Jul 12 13:56:23 EDT 2017
\n\n
New invocation of recon-all 
\n\n
status file for recon-all
Wed Jul 12 13:56:24 EDT 2017
#@# Intensity Normalization Wed Jul 12 13:56:24 EDT 2017
recon-all -s sub-09 finished without error at Wed Jul 12 13:58:46 EDT 2017
\n\n
New invocation of recon-all 
\n\n
status file for recon-all
Wed Jul 12 13:58:46 EDT 2017
#@# Skull Stripping Wed Jul 12 13:58:46 EDT 2017
recon-all -s sub-09 finished without error at Wed Jul 12 13:59:14 EDT 2017
\n\n
New invocation of recon-all 
\n\n
status file for recon-all
Wed Jul 12 13:59:14 EDT 2017
#@# EM Registration Wed Jul 12 13:59:14 EDT 2017
recon-all -s sub-09 finished without error at Wed Jul 12 14:09:46 EDT 2017
\n\n
New invocation of recon-all 
\n\n
status file for recon-all
Wed Jul 12 14:09:47 EDT 2017
#@# CA Normalize Wed Jul 12 14:09:47 EDT 2017
recon-all -s sub-09 finished without error at Wed Jul 12 14:11:19 EDT 2017
\n\n
New invocation of recon-all 
\n\n
status file for recon-all
Wed Jul 12 14:11:20 EDT 2017
#@# CA Reg Wed Jul 12 14:11:20 EDT 2017
recon-all -s sub-09 finished without error at Wed Jul 12 16:50:15 EDT 2017
\n\n
New invocation of recon-all 
\n\n
status file for recon-all
Wed Jul 12 16:50:16 EDT 2017
#@# SubCort Seg Wed Jul 12 16:50:16 EDT 2017
#@# Merge ASeg Wed Jul 12 17:48:17 EDT 2017
recon-all -s sub-09 finished without error at Wed Jul 12 17:48:18 EDT 2017
\n\n
New invocation of recon-all 
\n\n
status file for recon-all
Wed Jul 12 17:48:18 EDT 2017
#@# Intensity Normalization2 Wed Jul 12 17:48:18 EDT 2017
recon-all -s sub-09 finished without error at Wed Jul 12 17:52:39 EDT 2017
\n\n
New invocation of recon-all 
\n\n
status file for recon-all
Wed Jul 12 17:52:39 EDT 2017
#@# Mask BFS Wed Jul 12 17:52:39 EDT 2017
recon-all -s sub-09 finished without error at Wed Jul 12 17:52:42 EDT 2017
\n\n
New invocation of recon-all 
\n\n
status file for recon-all
Wed Jul 12 17:52:42 EDT 2017
#@# WM Segmentation Wed Jul 12 17:52:42 EDT 2017
recon-all -s sub-09 finished without error at Wed Jul 12 17:55:20 EDT 2017
\n\n
New invocation of recon-all 
\n\n
status file for recon-all
Wed Jul 12 17:55:21 EDT 2017
#@# Fill Wed Jul 12 17:55:21 EDT 2017
recon-all -s sub-09 finished without error at Wed Jul 12 17:56:09 EDT 2017
\n\n
New invocation of recon-all 
\n\n
status file for recon-all
Wed Jul 12 17:56:09 EDT 2017
#@# Tessellate lh Wed Jul 12 17:56:09 EDT 2017
recon-all -s sub-09 finished without error at Wed Jul 12 17:56:18 EDT 2017
\n\n
New invocation of recon-all 
\n\n
status file for recon-all
Wed Jul 12 17:56:18 EDT 2017
#@# Tessellate rh Wed Jul 12 17:56:18 EDT 2017
recon-all -s sub-09 finished without error at Wed Jul 12 17:56:26 EDT 2017
\n\n
New invocation of recon-all 
\n\n
status file for recon-all
Wed Jul 12 17:56:26 EDT 2017
#@# Smooth1 lh Wed Jul 12 17:56:26 EDT 2017
recon-all -s sub-09 finished without error at Wed Jul 12 17:56:36 EDT 2017
\n\n
New invocation of recon-all 
\n\n
status file for recon-all
Wed Jul 12 17:56:37 EDT 2017
#@# Smooth1 rh Wed Jul 12 17:56:37 EDT 2017
recon-all -s sub-09 finished without error at Wed Jul 12 17:56:47 EDT 2017
\n\n
New invocation of recon-all 
\n\n
status file for recon-all
Wed Jul 12 17:56:47 EDT 2017
#@# Inflation1 lh Wed Jul 12 17:56:47 EDT 2017
recon-all -s sub-09 finished without error at Wed Jul 12 17:57:34 EDT 2017
\n\n
New invocation of recon-all 
\n\n
status file for recon-all
Wed Jul 12 17:57:34 EDT 2017
#@# Inflation1 rh Wed Jul 12 17:57:34 EDT 2017
recon-all -s sub-09 finished without error at Wed Jul 12 17:58:20 EDT 2017
\n\n
New invocation of recon-all 
\n\n
status file for recon-all
Wed Jul 12 17:58:20 EDT 2017
#@# QSphere lh Wed Jul 12 17:58:20 EDT 2017
recon-all -s sub-09 finished without error at Wed Jul 12 18:02:27 EDT 2017
\n\n
New invocation of recon-all 
\n\n
status file for recon-all
Wed Jul 12 18:02:28 EDT 2017
#@# QSphere rh Wed Jul 12 18:02:28 EDT 2017
recon-all -s sub-09 finished without error at Wed Jul 12 18:06:40 EDT 2017
\n\n
New invocation of recon-all 
\n\n
status file for recon-all
Wed Jul 12 18:06:40 EDT 2017
#@# Fix Topology Copy lh Wed Jul 12 18:06:40 EDT 2017
#@# Fix Topology lh Wed Jul 12 18:06:40 EDT 2017
recon-all -s sub-09 finished without error at Wed Jul 12 18:46:41 EDT 2017
\n\n
New invocation of recon-all 
\n\n
status file for recon-all
Wed Jul 12 18:46:41 EDT 2017
#@# Fix Topology Copy rh Wed Jul 12 18:46:41 EDT 2017
#@# Fix Topology rh Wed Jul 12 18:46:42 EDT 2017
recon-all -s sub-09 finished without error at Wed Jul 12 19:27:34 EDT 2017
\n\n
New invocation of recon-all 
\n\n
status file for recon-all
Wed Jul 12 19:27:34 EDT 2017
#@# Make White Surf lh Wed Jul 12 19:27:34 EDT 2017
recon-all -s sub-09 finished without error at Wed Jul 12 19:43:35 EDT 2017
\n\n
New invocation of recon-all 
\n\n
status file for recon-all
Wed Jul 12 19:43:35 EDT 2017
#@# Make White Surf rh Wed Jul 12 19:43:35 EDT 2017
recon-all -s sub-09 finished without error at Wed Jul 12 20:00:15 EDT 2017
\n\n
New invocation of recon-all 
\n\n
status file for recon-all
Wed Jul 12 20:00:15 EDT 2017
#@# Smooth2 lh Wed Jul 12 20:00:15 EDT 2017
recon-all -s sub-09 finished without error at Wed Jul 12 20:00:23 EDT 2017
\n\n
New invocation of recon-all 
\n\n
status file for recon-all
Wed Jul 12 20:00:23 EDT 2017
#@# Inflation2 lh Wed Jul 12 20:00:24 EDT 2017
recon-all -s sub-09 finished without error at Wed Jul 12 20:00:56 EDT 2017
\n\n
New invocation of recon-all 
\n\n
status file for recon-all
Wed Jul 12 20:00:56 EDT 2017
#@# Sphere lh Wed Jul 12 20:00:56 EDT 2017
recon-all -s sub-09 finished without error at Wed Jul 12 20:48:16 EDT 2017
\n\n
New invocation of recon-all 
\n\n
status file for recon-all
Wed Jul 12 20:48:16 EDT 2017
#@# Surf Reg lh Wed Jul 12 20:48:16 EDT 2017
recon-all -s sub-09 finished without error at Wed Jul 12 21:50:05 EDT 2017
\n\n
New invocation of recon-all 
\n\n
status file for recon-all
Wed Jul 12 21:50:06 EDT 2017
#@# Cortical Parc lh Wed Jul 12 21:50:06 EDT 2017
recon-all -s sub-09 finished without error at Wed Jul 12 21:50:26 EDT 2017
\n\n
New invocation of recon-all 
\n\n
status file for recon-all
Wed Jul 12 21:50:26 EDT 2017
#@# Make Pial Surf lh Wed Jul 12 21:50:26 EDT 2017
#@# Surf Volume lh Wed Jul 12 22:07:37 EDT 2017
recon-all -s sub-09 finished without error at Wed Jul 12 22:07:42 EDT 2017
\n\n
New invocation of recon-all 
\n\n
status file for recon-all
Wed Jul 12 22:07:42 EDT 2017
#@# Surf Volume lh Wed Jul 12 22:07:42 EDT 2017
recon-all -s sub-09 finished without error at Wed Jul 12 22:07:46 EDT 2017
\n\n
New invocation of recon-all 
\n\n
status file for recon-all
Wed Jul 12 22:07:46 EDT 2017
#@# Smooth2 rh Wed Jul 12 22:07:46 EDT 2017
recon-all -s sub-09 finished without error at Wed Jul 12 22:07:55 EDT 2017
\n\n
New invocation of recon-all 
\n\n
status file for recon-all
Wed Jul 12 22:07:56 EDT 2017
#@# Inflation2 rh Wed Jul 12 22:07:56 EDT 2017
recon-all -s sub-09 finished without error at Wed Jul 12 22:08:31 EDT 2017
\n\n
New invocation of recon-all 
\n\n
status file for recon-all
Wed Jul 12 22:08:31 EDT 2017
#@# Sphere rh Wed Jul 12 22:08:31 EDT 2017
recon-all -s sub-09 finished without error at Wed Jul 12 22:50:32 EDT 2017
\n\n
New invocation of recon-all 
\n\n
status file for recon-all
Wed Jul 12 22:50:33 EDT 2017
#@# Surf Reg rh Wed Jul 12 22:50:33 EDT 2017
recon-all -s sub-09 finished without error at Wed Jul 12 23:43:14 EDT 2017
\n\n
New invocation of recon-all 
\n\n
status file for recon-all
Wed Jul 12 23:43:14 EDT 2017
#@# Cortical Parc rh Wed Jul 12 23:43:14 EDT 2017
recon-all -s sub-09 finished without error at Wed Jul 12 23:43:30 EDT 2017
\n\n
New invocation of recon-all 
\n\n
status file for recon-all
Wed Jul 12 23:43:30 EDT 2017
#@# Make Pial Surf rh Wed Jul 12 23:43:30 EDT 2017
#@# Surf Volume rh Wed Jul 12 23:57:26 EDT 2017
recon-all -s sub-09 finished without error at Wed Jul 12 23:57:30 EDT 2017
\n\n
New invocation of recon-all 
\n\n
status file for recon-all
Wed Jul 12 23:57:30 EDT 2017
#@# Surf Volume rh Wed Jul 12 23:57:30 EDT 2017
recon-all -s sub-09 finished without error at Wed Jul 12 23:57:34 EDT 2017
\n\n
New invocation of recon-all 
\n\n
status file for recon-all
Wed Jul 12 23:57:34 EDT 2017
#@# Curv .H and .K lh Wed Jul 12 23:57:34 EDT 2017
recon-all -s sub-09 finished without error at Wed Jul 12 23:58:40 EDT 2017
\n\n
New invocation of recon-all 
\n\n
status file for recon-all
Wed Jul 12 23:58:40 EDT 2017
#@# Curv .H and .K rh Wed Jul 12 23:58:40 EDT 2017
recon-all -s sub-09 finished without error at Wed Jul 12 23:59:47 EDT 2017
\n\n
New invocation of recon-all 
\n\n
status file for recon-all
Wed Jul 12 23:59:47 EDT 2017
#@# Curvature Stats lh Wed Jul 12 23:59:47 EDT 2017
recon-all -s sub-09 finished without error at Wed Jul 12 23:59:53 EDT 2017
\n\n
New invocation of recon-all 
\n\n
status file for recon-all
Wed Jul 12 23:59:53 EDT 2017
#@# Curvature Stats rh Wed Jul 12 23:59:53 EDT 2017
recon-all -s sub-09 finished without error at Wed Jul 12 23:59:59 EDT 2017
\n\n
New invocation of recon-all 
\n\n
status file for recon-all
Wed Jul 12 23:59:59 EDT 2017
#@# Jacobian white lh Wed Jul 12 23:59:59 EDT 2017
recon-all -s sub-09 finished without error at Thu Jul 13 00:00:04 EDT 2017
\n\n
New invocation of recon-all 
\n\n
status file for recon-all
Thu Jul 13 00:00:05 EDT 2017
#@# Jacobian white rh Thu Jul 13 00:00:05 EDT 2017
recon-all -s sub-09 finished without error at Thu Jul 13 00:00:07 EDT 2017
\n\n
New invocation of recon-all 
\n\n
status file for recon-all
Thu Jul 13 00:00:07 EDT 2017
#@# AvgCurv lh Thu Jul 13 00:00:07 EDT 2017
recon-all -s sub-09 finished without error at Thu Jul 13 00:00:10 EDT 2017
\n\n
New invocation of recon-all 
\n\n
status file for recon-all
Thu Jul 13 00:00:10 EDT 2017
#@# AvgCurv rh Thu Jul 13 00:00:10 EDT 2017
recon-all -s sub-09 finished without error at Thu Jul 13 00:00:12 EDT 2017
\n\n
New invocation of recon-all 
\n\n
status file for recon-all
Thu Jul 13 00:00:12 EDT 2017
#@# Cortical ribbon mask Thu Jul 13 00:00:12 EDT 2017
recon-all -s sub-09 finished without error at Thu Jul 13 00:14:10 EDT 2017
\n\n
New invocation of recon-all 
\n\n
status file for recon-all
Thu Jul 13 00:14:11 EDT 2017
#@# Parcellation Stats lh Thu Jul 13 00:14:11 EDT 2017
recon-all -s sub-09 finished without error at Thu Jul 13 00:15:22 EDT 2017
\n\n
New invocation of recon-all 
\n\n
status file for recon-all
Thu Jul 13 00:15:22 EDT 2017
#@# Parcellation Stats rh Thu Jul 13 00:15:22 EDT 2017
recon-all -s sub-09 finished without error at Thu Jul 13 00:16:34 EDT 2017
\n\n
New invocation of recon-all 
\n\n
status file for recon-all
Thu Jul 13 00:16:34 EDT 2017
#@# Cortical Parc 2 lh Thu Jul 13 00:16:34 EDT 2017
recon-all -s sub-09 finished without error at Thu Jul 13 00:16:54 EDT 2017
\n\n
New invocation of recon-all 
\n\n
status file for recon-all
Thu Jul 13 00:16:54 EDT 2017
#@# Cortical Parc 2 rh Thu Jul 13 00:16:54 EDT 2017
recon-all -s sub-09 finished without error at Thu Jul 13 00:17:15 EDT 2017
\n\n
New invocation of recon-all 
\n\n
status file for recon-all
Thu Jul 13 00:17:15 EDT 2017
#@# Parcellation Stats 2 lh Thu Jul 13 00:17:15 EDT 2017
recon-all -s sub-09 finished without error at Thu Jul 13 00:17:52 EDT 2017
\n\n
New invocation of recon-all 
\n\n
status file for recon-all
Thu Jul 13 00:17:52 EDT 2017
#@# Parcellation Stats 2 rh Thu Jul 13 00:17:52 EDT 2017
recon-all -s sub-09 finished without error at Thu Jul 13 00:18:28 EDT 2017
\n\n
New invocation of recon-all 
\n\n
status file for recon-all
Thu Jul 13 00:18:28 EDT 2017
#@# Cortical Parc 3 lh Thu Jul 13 00:18:29 EDT 2017
recon-all -s sub-09 finished without error at Thu Jul 13 00:18:44 EDT 2017
\n\n
New invocation of recon-all 
\n\n
status file for recon-all
Thu Jul 13 00:18:44 EDT 2017
#@# Cortical Parc 3 rh Thu Jul 13 00:18:44 EDT 2017
recon-all -s sub-09 finished without error at Thu Jul 13 00:19:00 EDT 2017
\n\n
New invocation of recon-all 
\n\n
status file for recon-all
Thu Jul 13 00:19:00 EDT 2017
#@# Parcellation Stats 3 lh Thu Jul 13 00:19:00 EDT 2017
recon-all -s sub-09 finished without error at Thu Jul 13 00:19:35 EDT 2017
\n\n
New invocation of recon-all 
\n\n
status file for recon-all
Thu Jul 13 00:19:35 EDT 2017
#@# Parcellation Stats 3 rh Thu Jul 13 00:19:35 EDT 2017
recon-all -s sub-09 finished without error at Thu Jul 13 00:20:11 EDT 2017
\n\n
New invocation of recon-all 
\n\n
status file for recon-all
Thu Jul 13 00:20:11 EDT 2017
#@# WM/GM Contrast lh Thu Jul 13 00:20:11 EDT 2017
recon-all -s sub-09 finished without error at Thu Jul 13 00:20:18 EDT 2017
\n\n
New invocation of recon-all 
\n\n
status file for recon-all
Thu Jul 13 00:20:18 EDT 2017
#@# WM/GM Contrast rh Thu Jul 13 00:20:18 EDT 2017
recon-all -s sub-09 finished without error at Thu Jul 13 00:20:23 EDT 2017
\n\n
New invocation of recon-all 
\n\n
status file for recon-all
Thu Jul 13 00:20:24 EDT 2017
#@# Relabel Hypointensities Thu Jul 13 00:20:24 EDT 2017
recon-all -s sub-09 finished without error at Thu Jul 13 00:20:46 EDT 2017
\n\n
New invocation of recon-all 
\n\n
status file for recon-all
Thu Jul 13 00:20:46 EDT 2017
#@# AParc-to-ASeg aparc Thu Jul 13 00:20:46 EDT 2017
#@# AParc-to-ASeg a2009s Thu Jul 13 00:25:04 EDT 2017
#@# AParc-to-ASeg DKTatlas Thu Jul 13 00:29:22 EDT 2017
recon-all -s sub-09 finished without error at Thu Jul 13 00:33:39 EDT 2017
\n\n
New invocation of recon-all 
\n\n
status file for recon-all
Thu Jul 13 00:33:40 EDT 2017
#@# APas-to-ASeg Thu Jul 13 00:33:40 EDT 2017
recon-all -s sub-09 finished without error at Thu Jul 13 00:33:45 EDT 2017
\n\n
New invocation of recon-all 
\n\n
status file for recon-all
Thu Jul 13 00:33:46 EDT 2017
#@# ASeg Stats Thu Jul 13 00:33:46 EDT 2017
recon-all -s sub-09 finished without error at Thu Jul 13 00:36:34 EDT 2017
\n\n
New invocation of recon-all 
\n\n
status file for recon-all
Thu Jul 13 00:36:34 EDT 2017
#@# WMParc Thu Jul 13 00:36:34 EDT 2017
recon-all -s sub-09 finished without error at Thu Jul 13 00:44:33 EDT 2017
\n\n
New invocation of recon-all 
\n\n
status file for recon-all
Thu Jul 13 00:44:34 EDT 2017
#@# BA_exvivo Labels lh Thu Jul 13 00:44:34 EDT 2017
recon-all -s sub-09 finished without error at Thu Jul 13 00:48:56 EDT 2017
\n\n
New invocation of recon-all 
\n\n
status file for recon-all
Thu Jul 13 00:48:56 EDT 2017
#@# BA_exvivo Labels rh Thu Jul 13 00:48:56 EDT 2017
recon-all -s sub-09 finished without error at Thu Jul 13 00:53:20 EDT 2017
