status file for recon-all
Thu Jul  6 19:10:28 EDT 2017
#@# MotionCor Thu Jul  6 19:10:36 EDT 2017
#@# Deface Thu Jul  6 19:10:47 EDT 2017
#@# Talairach Thu Jul  6 19:13:01 EDT 2017
#@# Talairach Failure Detection Thu Jul  6 19:14:45 EDT 2017
#@# Nu Intensity Correction Thu Jul  6 19:14:45 EDT 2017
#@# Intensity Normalization Thu Jul  6 19:16:31 EDT 2017
#@# Skull Stripping Thu Jul  6 19:19:50 EDT 2017
#@# EM Registration Thu Jul  6 19:34:03 EDT 2017
#@# CA Normalize Thu Jul  6 19:44:07 EDT 2017
#@# CA Reg Thu Jul  6 19:46:58 EDT 2017
#@# SubCort Seg Thu Jul  6 22:35:51 EDT 2017
#@# Merge ASeg Thu Jul  6 23:41:01 EDT 2017
#@# Intensity Normalization2 Thu Jul  6 23:41:01 EDT 2017
#@# Mask BFS Thu Jul  6 23:44:07 EDT 2017
#@# WM Segmentation Thu Jul  6 23:44:08 EDT 2017
#@# Fill Thu Jul  6 23:46:35 EDT 2017
#@# Tessellate lh Thu Jul  6 23:47:19 EDT 2017
#@# Tessellate rh Thu Jul  6 23:47:25 EDT 2017
#@# Smooth1 lh Thu Jul  6 23:47:30 EDT 2017
#@# Smooth1 rh Thu Jul  6 23:47:30 EDT 2017
Darwin trash-can.local 15.6.0 Darwin Kernel Version 15.6.0: Thu Jun 23 18:25:34 PDT 2016; root:xnu-3248.60.10~1/RELEASE_X86_64 x86_64 i386 MacPro6,1 Darwin

recon-all -s sub-07 exited with ERRORS at Thu Jul  6 23:47:31 EDT 2017

\n\n
New invocation of recon-all 
\n\n
status file for recon-all
Fri Jul  7 09:49:41 EDT 2017
#@# Smooth1 lh Fri Jul  7 09:49:41 EDT 2017
recon-all -s sub-07 finished without error at Fri Jul  7 09:49:52 EDT 2017
\n\n
New invocation of recon-all 
\n\n
status file for recon-all
Fri Jul  7 09:49:53 EDT 2017
#@# Smooth1 rh Fri Jul  7 09:49:53 EDT 2017
recon-all -s sub-07 finished without error at Fri Jul  7 09:50:06 EDT 2017
\n\n
New invocation of recon-all 
\n\n
status file for recon-all
Fri Jul  7 09:50:06 EDT 2017
#@# Inflation1 lh Fri Jul  7 09:50:06 EDT 2017
recon-all -s sub-07 finished without error at Fri Jul  7 09:50:44 EDT 2017
\n\n
New invocation of recon-all 
\n\n
status file for recon-all
Fri Jul  7 09:50:45 EDT 2017
#@# Inflation1 rh Fri Jul  7 09:50:45 EDT 2017
recon-all -s sub-07 finished without error at Fri Jul  7 09:51:29 EDT 2017
\n\n
New invocation of recon-all 
\n\n
status file for recon-all
Fri Jul  7 09:51:30 EDT 2017
#@# QSphere lh Fri Jul  7 09:51:30 EDT 2017
recon-all -s sub-07 finished without error at Fri Jul  7 09:54:53 EDT 2017
\n\n
New invocation of recon-all 
\n\n
status file for recon-all
Fri Jul  7 09:54:53 EDT 2017
#@# QSphere rh Fri Jul  7 09:54:53 EDT 2017
recon-all -s sub-07 finished without error at Fri Jul  7 09:57:27 EDT 2017
\n\n
New invocation of recon-all 
\n\n
status file for recon-all
Fri Jul  7 09:57:27 EDT 2017
#@# Fix Topology Copy lh Fri Jul  7 09:57:27 EDT 2017
#@# Fix Topology lh Fri Jul  7 09:57:28 EDT 2017
recon-all -s sub-07 finished without error at Fri Jul  7 10:49:06 EDT 2017
\n\n
New invocation of recon-all 
\n\n
status file for recon-all
Fri Jul  7 10:49:06 EDT 2017
#@# Fix Topology Copy rh Fri Jul  7 10:49:06 EDT 2017
#@# Fix Topology rh Fri Jul  7 10:49:06 EDT 2017
recon-all -s sub-07 finished without error at Fri Jul  7 11:48:12 EDT 2017
\n\n
New invocation of recon-all 
\n\n
status file for recon-all
Fri Jul  7 11:48:13 EDT 2017
#@# Make White Surf lh Fri Jul  7 11:48:13 EDT 2017
recon-all -s sub-07 finished without error at Fri Jul  7 12:15:24 EDT 2017
\n\n
New invocation of recon-all 
\n\n
status file for recon-all
Fri Jul  7 12:15:24 EDT 2017
#@# Make White Surf rh Fri Jul  7 12:15:24 EDT 2017
recon-all -s sub-07 finished without error at Fri Jul  7 12:45:18 EDT 2017
\n\n
New invocation of recon-all 
\n\n
status file for recon-all
Fri Jul  7 12:45:19 EDT 2017
#@# Smooth2 lh Fri Jul  7 12:45:19 EDT 2017
recon-all -s sub-07 finished without error at Fri Jul  7 12:45:34 EDT 2017
\n\n
New invocation of recon-all 
\n\n
status file for recon-all
Fri Jul  7 12:45:35 EDT 2017
#@# Inflation2 lh Fri Jul  7 12:45:35 EDT 2017
recon-all -s sub-07 finished without error at Fri Jul  7 12:46:09 EDT 2017
\n\n
New invocation of recon-all 
\n\n
status file for recon-all
Fri Jul  7 12:46:09 EDT 2017
#@# Sphere lh Fri Jul  7 12:46:10 EDT 2017
recon-all -s sub-07 finished without error at Fri Jul  7 13:13:45 EDT 2017
\n\n
New invocation of recon-all 
\n\n
status file for recon-all
Fri Jul  7 13:13:45 EDT 2017
#@# Surf Reg lh Fri Jul  7 13:13:45 EDT 2017
recon-all -s sub-07 finished without error at Fri Jul  7 14:04:23 EDT 2017
\n\n
New invocation of recon-all 
\n\n
status file for recon-all
Fri Jul  7 14:04:23 EDT 2017
#@# Cortical Parc lh Fri Jul  7 14:04:24 EDT 2017
recon-all -s sub-07 finished without error at Fri Jul  7 14:04:55 EDT 2017
\n\n
New invocation of recon-all 
\n\n
status file for recon-all
Fri Jul  7 14:04:56 EDT 2017
#@# Make Pial Surf lh Fri Jul  7 14:04:56 EDT 2017
#@# Surf Volume lh Fri Jul  7 14:28:55 EDT 2017
recon-all -s sub-07 finished without error at Fri Jul  7 14:29:00 EDT 2017
\n\n
New invocation of recon-all 
\n\n
status file for recon-all
Fri Jul  7 14:29:00 EDT 2017
#@# Surf Volume lh Fri Jul  7 14:29:00 EDT 2017
recon-all -s sub-07 finished without error at Fri Jul  7 14:29:06 EDT 2017
\n\n
New invocation of recon-all 
\n\n
status file for recon-all
Fri Jul  7 14:29:06 EDT 2017
#@# Smooth2 rh Fri Jul  7 14:29:06 EDT 2017
recon-all -s sub-07 finished without error at Fri Jul  7 14:29:18 EDT 2017
\n\n
New invocation of recon-all 
\n\n
status file for recon-all
Fri Jul  7 14:29:18 EDT 2017
#@# Inflation2 rh Fri Jul  7 14:29:18 EDT 2017
recon-all -s sub-07 finished without error at Fri Jul  7 14:29:44 EDT 2017
\n\n
New invocation of recon-all 
\n\n
status file for recon-all
Fri Jul  7 14:29:44 EDT 2017
#@# Sphere rh Fri Jul  7 14:29:44 EDT 2017
recon-all -s sub-07 finished without error at Fri Jul  7 14:53:34 EDT 2017
\n\n
New invocation of recon-all 
\n\n
status file for recon-all
Fri Jul  7 14:53:35 EDT 2017
#@# Surf Reg rh Fri Jul  7 14:53:35 EDT 2017
recon-all -s sub-07 finished without error at Fri Jul  7 15:37:32 EDT 2017
\n\n
New invocation of recon-all 
\n\n
status file for recon-all
Fri Jul  7 15:37:32 EDT 2017
#@# Cortical Parc rh Fri Jul  7 15:37:32 EDT 2017
recon-all -s sub-07 finished without error at Fri Jul  7 15:37:49 EDT 2017
\n\n
New invocation of recon-all 
\n\n
status file for recon-all
Fri Jul  7 15:37:50 EDT 2017
#@# Make Pial Surf rh Fri Jul  7 15:37:50 EDT 2017
#@# Surf Volume rh Fri Jul  7 15:56:54 EDT 2017
recon-all -s sub-07 finished without error at Fri Jul  7 15:56:59 EDT 2017
\n\n
New invocation of recon-all 
\n\n
status file for recon-all
Fri Jul  7 15:56:59 EDT 2017
#@# Surf Volume rh Fri Jul  7 15:56:59 EDT 2017
recon-all -s sub-07 finished without error at Fri Jul  7 15:57:03 EDT 2017
\n\n
New invocation of recon-all 
\n\n
status file for recon-all
Fri Jul  7 15:57:03 EDT 2017
#@# Curv .H and .K lh Fri Jul  7 15:57:03 EDT 2017
recon-all -s sub-07 finished without error at Fri Jul  7 15:58:24 EDT 2017
\n\n
New invocation of recon-all 
\n\n
status file for recon-all
Fri Jul  7 15:58:24 EDT 2017
#@# Curv .H and .K rh Fri Jul  7 15:58:24 EDT 2017
recon-all -s sub-07 finished without error at Fri Jul  7 15:59:46 EDT 2017
\n\n
New invocation of recon-all 
\n\n
status file for recon-all
Fri Jul  7 15:59:46 EDT 2017
#@# Curvature Stats lh Fri Jul  7 15:59:46 EDT 2017
recon-all -s sub-07 finished without error at Fri Jul  7 15:59:53 EDT 2017
\n\n
New invocation of recon-all 
\n\n
status file for recon-all
Fri Jul  7 15:59:53 EDT 2017
#@# Curvature Stats rh Fri Jul  7 15:59:53 EDT 2017
recon-all -s sub-07 finished without error at Fri Jul  7 15:59:59 EDT 2017
\n\n
New invocation of recon-all 
\n\n
status file for recon-all
Fri Jul  7 16:00:00 EDT 2017
#@# Jacobian white lh Fri Jul  7 16:00:00 EDT 2017
recon-all -s sub-07 finished without error at Fri Jul  7 16:00:02 EDT 2017
\n\n
New invocation of recon-all 
\n\n
status file for recon-all
Fri Jul  7 16:00:02 EDT 2017
#@# Jacobian white rh Fri Jul  7 16:00:02 EDT 2017
recon-all -s sub-07 finished without error at Fri Jul  7 16:00:04 EDT 2017
\n\n
New invocation of recon-all 
\n\n
status file for recon-all
Fri Jul  7 16:00:04 EDT 2017
#@# AvgCurv lh Fri Jul  7 16:00:04 EDT 2017
recon-all -s sub-07 finished without error at Fri Jul  7 16:00:06 EDT 2017
\n\n
New invocation of recon-all 
\n\n
status file for recon-all
Fri Jul  7 16:00:06 EDT 2017
#@# AvgCurv rh Fri Jul  7 16:00:06 EDT 2017
recon-all -s sub-07 finished without error at Fri Jul  7 16:00:08 EDT 2017
\n\n
New invocation of recon-all 
\n\n
status file for recon-all
Fri Jul  7 16:00:08 EDT 2017
#@# Cortical ribbon mask Fri Jul  7 16:00:09 EDT 2017
recon-all -s sub-07 finished without error at Fri Jul  7 16:15:48 EDT 2017
\n\n
New invocation of recon-all 
\n\n
status file for recon-all
Fri Jul  7 16:15:48 EDT 2017
#@# Parcellation Stats lh Fri Jul  7 16:15:48 EDT 2017
recon-all -s sub-07 finished without error at Fri Jul  7 16:17:18 EDT 2017
\n\n
New invocation of recon-all 
\n\n
status file for recon-all
Fri Jul  7 16:17:19 EDT 2017
#@# Parcellation Stats rh Fri Jul  7 16:17:19 EDT 2017
recon-all -s sub-07 finished without error at Fri Jul  7 16:18:48 EDT 2017
\n\n
New invocation of recon-all 
\n\n
status file for recon-all
Fri Jul  7 16:18:48 EDT 2017
#@# Cortical Parc 2 lh Fri Jul  7 16:18:48 EDT 2017
recon-all -s sub-07 finished without error at Fri Jul  7 16:19:10 EDT 2017
\n\n
New invocation of recon-all 
\n\n
status file for recon-all
Fri Jul  7 16:19:11 EDT 2017
#@# Cortical Parc 2 rh Fri Jul  7 16:19:11 EDT 2017
recon-all -s sub-07 finished without error at Fri Jul  7 16:19:34 EDT 2017
\n\n
New invocation of recon-all 
\n\n
status file for recon-all
Fri Jul  7 16:19:34 EDT 2017
#@# Parcellation Stats 2 lh Fri Jul  7 16:19:34 EDT 2017
recon-all -s sub-07 finished without error at Fri Jul  7 16:20:18 EDT 2017
\n\n
New invocation of recon-all 
\n\n
status file for recon-all
Fri Jul  7 16:20:18 EDT 2017
#@# Parcellation Stats 2 rh Fri Jul  7 16:20:18 EDT 2017
recon-all -s sub-07 finished without error at Fri Jul  7 16:21:02 EDT 2017
\n\n
New invocation of recon-all 
\n\n
status file for recon-all
Fri Jul  7 16:21:02 EDT 2017
#@# Cortical Parc 3 lh Fri Jul  7 16:21:02 EDT 2017
recon-all -s sub-07 finished without error at Fri Jul  7 16:21:19 EDT 2017
\n\n
New invocation of recon-all 
\n\n
status file for recon-all
Fri Jul  7 16:21:20 EDT 2017
#@# Cortical Parc 3 rh Fri Jul  7 16:21:20 EDT 2017
recon-all -s sub-07 finished without error at Fri Jul  7 16:21:38 EDT 2017
\n\n
New invocation of recon-all 
\n\n
status file for recon-all
Fri Jul  7 16:21:39 EDT 2017
#@# Parcellation Stats 3 lh Fri Jul  7 16:21:39 EDT 2017
recon-all -s sub-07 finished without error at Fri Jul  7 16:22:20 EDT 2017
\n\n
New invocation of recon-all 
\n\n
status file for recon-all
Fri Jul  7 16:22:20 EDT 2017
#@# Parcellation Stats 3 rh Fri Jul  7 16:22:20 EDT 2017
recon-all -s sub-07 finished without error at Fri Jul  7 16:23:03 EDT 2017
\n\n
New invocation of recon-all 
\n\n
status file for recon-all
Fri Jul  7 16:23:03 EDT 2017
#@# WM/GM Contrast lh Fri Jul  7 16:23:03 EDT 2017
recon-all -s sub-07 finished without error at Fri Jul  7 16:23:10 EDT 2017
\n\n
New invocation of recon-all 
\n\n
status file for recon-all
Fri Jul  7 16:23:10 EDT 2017
#@# WM/GM Contrast rh Fri Jul  7 16:23:10 EDT 2017
recon-all -s sub-07 finished without error at Fri Jul  7 16:23:17 EDT 2017
\n\n
New invocation of recon-all 
\n\n
status file for recon-all
Fri Jul  7 16:23:17 EDT 2017
#@# Relabel Hypointensities Fri Jul  7 16:23:17 EDT 2017
recon-all -s sub-07 finished without error at Fri Jul  7 16:23:45 EDT 2017
\n\n
New invocation of recon-all 
\n\n
status file for recon-all
Fri Jul  7 16:23:45 EDT 2017
#@# AParc-to-ASeg aparc Fri Jul  7 16:23:45 EDT 2017
#@# AParc-to-ASeg a2009s Fri Jul  7 16:28:53 EDT 2017
#@# AParc-to-ASeg DKTatlas Fri Jul  7 16:34:01 EDT 2017
recon-all -s sub-07 finished without error at Fri Jul  7 16:39:57 EDT 2017
\n\n
New invocation of recon-all 
\n\n
status file for recon-all
Fri Jul  7 16:39:57 EDT 2017
#@# APas-to-ASeg Fri Jul  7 16:39:57 EDT 2017
recon-all -s sub-07 finished without error at Fri Jul  7 16:40:04 EDT 2017
\n\n
New invocation of recon-all 
\n\n
status file for recon-all
Fri Jul  7 16:40:04 EDT 2017
#@# ASeg Stats Fri Jul  7 16:40:04 EDT 2017
recon-all -s sub-07 finished without error at Fri Jul  7 16:41:39 EDT 2017
\n\n
New invocation of recon-all 
\n\n
status file for recon-all
Fri Jul  7 16:41:39 EDT 2017
#@# WMParc Fri Jul  7 16:41:39 EDT 2017
recon-all -s sub-07 finished without error at Fri Jul  7 16:50:05 EDT 2017
\n\n
New invocation of recon-all 
\n\n
status file for recon-all
Fri Jul  7 16:50:06 EDT 2017
#@# BA_exvivo Labels lh Fri Jul  7 16:50:06 EDT 2017
recon-all -s sub-07 finished without error at Fri Jul  7 16:55:45 EDT 2017
\n\n
New invocation of recon-all 
\n\n
status file for recon-all
Fri Jul  7 16:55:46 EDT 2017
#@# BA_exvivo Labels rh Fri Jul  7 16:55:46 EDT 2017
recon-all -s sub-07 finished without error at Fri Jul  7 17:01:10 EDT 2017
\n\n
New invocation of recon-all 
\n\n
status file for recon-all
Tue Jul 18 15:22:31 EDT 2017
#@# MotionCor Tue Jul 18 15:22:31 EDT 2017
Darwin CFMI-iMac-10.local 16.6.0 Darwin Kernel Version 16.6.0: Fri Apr 14 16:21:16 PDT 2017; root:xnu-3789.60.24~6/RELEASE_X86_64 x86_64

recon-all -s sub-07 exited with ERRORS at Tue Jul 18 15:22:31 EDT 2017

\n\n
New invocation of recon-all 
\n\n
status file for recon-all
Thu Jul 20 15:35:25 EDT 2017
#@# MotionCor Thu Jul 20 15:35:25 EDT 2017
recon-all -s sub-07 finished without error at Thu Jul 20 15:35:32 EDT 2017
\n\n
New invocation of recon-all 
\n\n
status file for recon-all
Thu Jul 20 15:35:32 EDT 2017
#@# Talairach Thu Jul 20 15:35:32 EDT 2017
#@# Talairach Failure Detection Thu Jul 20 15:37:03 EDT 2017
recon-all -s sub-07 finished without error at Thu Jul 20 15:37:03 EDT 2017
\n\n
New invocation of recon-all 
\n\n
status file for recon-all
Thu Jul 20 15:37:03 EDT 2017
#@# Nu Intensity Correction Thu Jul 20 15:37:03 EDT 2017
recon-all -s sub-07 finished without error at Thu Jul 20 15:38:41 EDT 2017
\n\n
New invocation of recon-all 
\n\n
status file for recon-all
Thu Jul 20 15:38:41 EDT 2017
#@# Intensity Normalization Thu Jul 20 15:38:41 EDT 2017
recon-all -s sub-07 finished without error at Thu Jul 20 15:40:46 EDT 2017
\n\n
New invocation of recon-all 
\n\n
status file for recon-all
Thu Jul 20 15:40:46 EDT 2017
#@# Skull Stripping Thu Jul 20 15:40:46 EDT 2017
recon-all -s sub-07 finished without error at Thu Jul 20 15:41:08 EDT 2017
\n\n
New invocation of recon-all 
\n\n
status file for recon-all
Thu Jul 20 15:41:08 EDT 2017
#@# EM Registration Thu Jul 20 15:41:08 EDT 2017
recon-all -s sub-07 finished without error at Thu Jul 20 15:50:42 EDT 2017
\n\n
New invocation of recon-all 
\n\n
status file for recon-all
Thu Jul 20 15:50:42 EDT 2017
#@# CA Normalize Thu Jul 20 15:50:42 EDT 2017
recon-all -s sub-07 finished without error at Thu Jul 20 15:52:01 EDT 2017
\n\n
New invocation of recon-all 
\n\n
status file for recon-all
Thu Jul 20 15:52:02 EDT 2017
#@# CA Reg Thu Jul 20 15:52:02 EDT 2017
recon-all -s sub-07 finished without error at Thu Jul 20 17:38:16 EDT 2017
\n\n
New invocation of recon-all 
\n\n
status file for recon-all
Thu Jul 20 17:38:17 EDT 2017
#@# SubCort Seg Thu Jul 20 17:38:17 EDT 2017
#@# Merge ASeg Thu Jul 20 18:27:58 EDT 2017
recon-all -s sub-07 finished without error at Thu Jul 20 18:27:58 EDT 2017
\n\n
New invocation of recon-all 
\n\n
status file for recon-all
Thu Jul 20 18:27:59 EDT 2017
#@# Intensity Normalization2 Thu Jul 20 18:27:59 EDT 2017
recon-all -s sub-07 finished without error at Thu Jul 20 18:31:10 EDT 2017
\n\n
New invocation of recon-all 
\n\n
status file for recon-all
Thu Jul 20 18:31:11 EDT 2017
#@# Mask BFS Thu Jul 20 18:31:11 EDT 2017
recon-all -s sub-07 finished without error at Thu Jul 20 18:31:12 EDT 2017
\n\n
New invocation of recon-all 
\n\n
status file for recon-all
Thu Jul 20 18:31:12 EDT 2017
#@# WM Segmentation Thu Jul 20 18:31:12 EDT 2017
recon-all -s sub-07 finished without error at Thu Jul 20 18:33:17 EDT 2017
\n\n
New invocation of recon-all 
\n\n
status file for recon-all
Thu Jul 20 18:33:17 EDT 2017
#@# Fill Thu Jul 20 18:33:17 EDT 2017
recon-all -s sub-07 finished without error at Thu Jul 20 18:33:50 EDT 2017
\n\n
New invocation of recon-all 
\n\n
status file for recon-all
Thu Jul 20 18:33:51 EDT 2017
#@# Tessellate lh Thu Jul 20 18:33:51 EDT 2017
recon-all -s sub-07 finished without error at Thu Jul 20 18:33:56 EDT 2017
\n\n
New invocation of recon-all 
\n\n
status file for recon-all
Thu Jul 20 18:33:56 EDT 2017
#@# Tessellate rh Thu Jul 20 18:33:56 EDT 2017
recon-all -s sub-07 finished without error at Thu Jul 20 18:34:02 EDT 2017
\n\n
New invocation of recon-all 
\n\n
status file for recon-all
Thu Jul 20 18:34:02 EDT 2017
#@# Smooth1 lh Thu Jul 20 18:34:02 EDT 2017
recon-all -s sub-07 finished without error at Thu Jul 20 18:34:10 EDT 2017
\n\n
New invocation of recon-all 
\n\n
status file for recon-all
Thu Jul 20 18:34:10 EDT 2017
#@# Smooth1 rh Thu Jul 20 18:34:10 EDT 2017
recon-all -s sub-07 finished without error at Thu Jul 20 18:34:19 EDT 2017
\n\n
New invocation of recon-all 
\n\n
status file for recon-all
Thu Jul 20 18:34:19 EDT 2017
#@# Inflation1 lh Thu Jul 20 18:34:19 EDT 2017
recon-all -s sub-07 finished without error at Thu Jul 20 18:34:47 EDT 2017
\n\n
New invocation of recon-all 
\n\n
status file for recon-all
Thu Jul 20 18:34:48 EDT 2017
#@# Inflation1 rh Thu Jul 20 18:34:48 EDT 2017
recon-all -s sub-07 finished without error at Thu Jul 20 18:35:17 EDT 2017
\n\n
New invocation of recon-all 
\n\n
status file for recon-all
Thu Jul 20 18:35:17 EDT 2017
#@# QSphere lh Thu Jul 20 18:35:17 EDT 2017
recon-all -s sub-07 finished without error at Thu Jul 20 18:38:02 EDT 2017
\n\n
New invocation of recon-all 
\n\n
status file for recon-all
Thu Jul 20 18:38:03 EDT 2017
#@# QSphere rh Thu Jul 20 18:38:03 EDT 2017
recon-all -s sub-07 finished without error at Thu Jul 20 18:40:51 EDT 2017
\n\n
New invocation of recon-all 
\n\n
status file for recon-all
Thu Jul 20 18:40:51 EDT 2017
#@# Fix Topology Copy lh Thu Jul 20 18:40:51 EDT 2017
#@# Fix Topology lh Thu Jul 20 18:40:51 EDT 2017
recon-all -s sub-07 finished without error at Thu Jul 20 19:23:16 EDT 2017
\n\n
New invocation of recon-all 
\n\n
status file for recon-all
Thu Jul 20 19:23:16 EDT 2017
#@# Fix Topology Copy rh Thu Jul 20 19:23:16 EDT 2017
#@# Fix Topology rh Thu Jul 20 19:23:16 EDT 2017
recon-all -s sub-07 finished without error at Thu Jul 20 20:01:13 EDT 2017
\n\n
New invocation of recon-all 
\n\n
status file for recon-all
Thu Jul 20 20:01:13 EDT 2017
#@# Make White Surf lh Thu Jul 20 20:01:13 EDT 2017
recon-all -s sub-07 finished without error at Thu Jul 20 20:16:22 EDT 2017
\n\n
New invocation of recon-all 
\n\n
status file for recon-all
Thu Jul 20 20:16:23 EDT 2017
#@# Make White Surf rh Thu Jul 20 20:16:23 EDT 2017
recon-all -s sub-07 finished without error at Thu Jul 20 20:31:20 EDT 2017
\n\n
New invocation of recon-all 
\n\n
status file for recon-all
Thu Jul 20 20:31:20 EDT 2017
#@# Smooth2 lh Thu Jul 20 20:31:20 EDT 2017
recon-all -s sub-07 finished without error at Thu Jul 20 20:31:28 EDT 2017
\n\n
New invocation of recon-all 
\n\n
status file for recon-all
Thu Jul 20 20:31:28 EDT 2017
#@# Inflation2 lh Thu Jul 20 20:31:28 EDT 2017
recon-all -s sub-07 finished without error at Thu Jul 20 20:31:57 EDT 2017
\n\n
New invocation of recon-all 
\n\n
status file for recon-all
Thu Jul 20 20:31:57 EDT 2017
#@# Sphere lh Thu Jul 20 20:31:57 EDT 2017
recon-all -s sub-07 finished without error at Thu Jul 20 21:06:21 EDT 2017
\n\n
New invocation of recon-all 
\n\n
status file for recon-all
Thu Jul 20 21:06:21 EDT 2017
#@# Surf Reg lh Thu Jul 20 21:06:21 EDT 2017
recon-all -s sub-07 finished without error at Thu Jul 20 21:51:46 EDT 2017
\n\n
New invocation of recon-all 
\n\n
status file for recon-all
Thu Jul 20 21:51:46 EDT 2017
#@# Cortical Parc lh Thu Jul 20 21:51:46 EDT 2017
recon-all -s sub-07 finished without error at Thu Jul 20 21:52:01 EDT 2017
\n\n
New invocation of recon-all 
\n\n
status file for recon-all
Thu Jul 20 21:52:01 EDT 2017
#@# Make Pial Surf lh Thu Jul 20 21:52:01 EDT 2017
#@# Surf Volume lh Thu Jul 20 22:07:05 EDT 2017
recon-all -s sub-07 finished without error at Thu Jul 20 22:07:09 EDT 2017
\n\n
New invocation of recon-all 
\n\n
status file for recon-all
Thu Jul 20 22:07:09 EDT 2017
#@# Surf Volume lh Thu Jul 20 22:07:09 EDT 2017
recon-all -s sub-07 finished without error at Thu Jul 20 22:07:12 EDT 2017
\n\n
New invocation of recon-all 
\n\n
status file for recon-all
Thu Jul 20 22:07:12 EDT 2017
#@# Smooth2 rh Thu Jul 20 22:07:12 EDT 2017
recon-all -s sub-07 finished without error at Thu Jul 20 22:07:21 EDT 2017
\n\n
New invocation of recon-all 
\n\n
status file for recon-all
Thu Jul 20 22:07:21 EDT 2017
#@# Inflation2 rh Thu Jul 20 22:07:21 EDT 2017
recon-all -s sub-07 finished without error at Thu Jul 20 22:07:49 EDT 2017
\n\n
New invocation of recon-all 
\n\n
status file for recon-all
Thu Jul 20 22:07:49 EDT 2017
#@# Sphere rh Thu Jul 20 22:07:49 EDT 2017
recon-all -s sub-07 finished without error at Thu Jul 20 22:44:48 EDT 2017
\n\n
New invocation of recon-all 
\n\n
status file for recon-all
Thu Jul 20 22:44:48 EDT 2017
#@# Surf Reg rh Thu Jul 20 22:44:48 EDT 2017
recon-all -s sub-07 finished without error at Thu Jul 20 23:36:48 EDT 2017
\n\n
New invocation of recon-all 
\n\n
status file for recon-all
Thu Jul 20 23:36:49 EDT 2017
#@# Cortical Parc rh Thu Jul 20 23:36:49 EDT 2017
recon-all -s sub-07 finished without error at Thu Jul 20 23:37:03 EDT 2017
\n\n
New invocation of recon-all 
\n\n
status file for recon-all
Thu Jul 20 23:37:03 EDT 2017
#@# Make Pial Surf rh Thu Jul 20 23:37:04 EDT 2017
#@# Surf Volume rh Thu Jul 20 23:51:51 EDT 2017
recon-all -s sub-07 finished without error at Thu Jul 20 23:51:55 EDT 2017
\n\n
New invocation of recon-all 
\n\n
status file for recon-all
Thu Jul 20 23:51:55 EDT 2017
#@# Surf Volume rh Thu Jul 20 23:51:55 EDT 2017
recon-all -s sub-07 finished without error at Thu Jul 20 23:51:58 EDT 2017
\n\n
New invocation of recon-all 
\n\n
status file for recon-all
Thu Jul 20 23:51:58 EDT 2017
#@# Curv .H and .K lh Thu Jul 20 23:51:58 EDT 2017
recon-all -s sub-07 finished without error at Thu Jul 20 23:53:05 EDT 2017
\n\n
New invocation of recon-all 
\n\n
status file for recon-all
Thu Jul 20 23:53:05 EDT 2017
#@# Curv .H and .K rh Thu Jul 20 23:53:05 EDT 2017
recon-all -s sub-07 finished without error at Thu Jul 20 23:54:10 EDT 2017
\n\n
New invocation of recon-all 
\n\n
status file for recon-all
Thu Jul 20 23:54:10 EDT 2017
#@# Curvature Stats lh Thu Jul 20 23:54:10 EDT 2017
recon-all -s sub-07 finished without error at Thu Jul 20 23:54:15 EDT 2017
\n\n
New invocation of recon-all 
\n\n
status file for recon-all
Thu Jul 20 23:54:16 EDT 2017
#@# Curvature Stats rh Thu Jul 20 23:54:16 EDT 2017
recon-all -s sub-07 finished without error at Thu Jul 20 23:54:21 EDT 2017
\n\n
New invocation of recon-all 
\n\n
status file for recon-all
Thu Jul 20 23:54:21 EDT 2017
#@# Jacobian white lh Thu Jul 20 23:54:21 EDT 2017
recon-all -s sub-07 finished without error at Thu Jul 20 23:54:23 EDT 2017
\n\n
New invocation of recon-all 
\n\n
status file for recon-all
Thu Jul 20 23:54:24 EDT 2017
#@# Jacobian white rh Thu Jul 20 23:54:24 EDT 2017
recon-all -s sub-07 finished without error at Thu Jul 20 23:54:25 EDT 2017
\n\n
New invocation of recon-all 
\n\n
status file for recon-all
Thu Jul 20 23:54:26 EDT 2017
#@# AvgCurv lh Thu Jul 20 23:54:26 EDT 2017
recon-all -s sub-07 finished without error at Thu Jul 20 23:54:27 EDT 2017
\n\n
New invocation of recon-all 
\n\n
status file for recon-all
Thu Jul 20 23:54:28 EDT 2017
#@# AvgCurv rh Thu Jul 20 23:54:28 EDT 2017
recon-all -s sub-07 finished without error at Thu Jul 20 23:54:29 EDT 2017
\n\n
New invocation of recon-all 
\n\n
status file for recon-all
Thu Jul 20 23:54:29 EDT 2017
#@# Cortical ribbon mask Thu Jul 20 23:54:29 EDT 2017
recon-all -s sub-07 finished without error at Fri Jul 21 00:09:24 EDT 2017
\n\n
New invocation of recon-all 
\n\n
status file for recon-all
Fri Jul 21 00:09:24 EDT 2017
#@# Parcellation Stats lh Fri Jul 21 00:09:24 EDT 2017
recon-all -s sub-07 finished without error at Fri Jul 21 00:10:33 EDT 2017
\n\n
New invocation of recon-all 
\n\n
status file for recon-all
Fri Jul 21 00:10:33 EDT 2017
#@# Parcellation Stats rh Fri Jul 21 00:10:33 EDT 2017
recon-all -s sub-07 finished without error at Fri Jul 21 00:11:41 EDT 2017
\n\n
New invocation of recon-all 
\n\n
status file for recon-all
Fri Jul 21 00:11:42 EDT 2017
#@# Cortical Parc 2 lh Fri Jul 21 00:11:42 EDT 2017
recon-all -s sub-07 finished without error at Fri Jul 21 00:12:02 EDT 2017
\n\n
New invocation of recon-all 
\n\n
status file for recon-all
Fri Jul 21 00:12:02 EDT 2017
#@# Cortical Parc 2 rh Fri Jul 21 00:12:02 EDT 2017
recon-all -s sub-07 finished without error at Fri Jul 21 00:12:21 EDT 2017
\n\n
New invocation of recon-all 
\n\n
status file for recon-all
Fri Jul 21 00:12:22 EDT 2017
#@# Parcellation Stats 2 lh Fri Jul 21 00:12:22 EDT 2017
recon-all -s sub-07 finished without error at Fri Jul 21 00:12:57 EDT 2017
\n\n
New invocation of recon-all 
\n\n
status file for recon-all
Fri Jul 21 00:12:58 EDT 2017
#@# Parcellation Stats 2 rh Fri Jul 21 00:12:58 EDT 2017
recon-all -s sub-07 finished without error at Fri Jul 21 00:13:33 EDT 2017
\n\n
New invocation of recon-all 
\n\n
status file for recon-all
Fri Jul 21 00:13:33 EDT 2017
#@# Cortical Parc 3 lh Fri Jul 21 00:13:33 EDT 2017
recon-all -s sub-07 finished without error at Fri Jul 21 00:13:49 EDT 2017
\n\n
New invocation of recon-all 
\n\n
status file for recon-all
Fri Jul 21 00:13:49 EDT 2017
#@# Cortical Parc 3 rh Fri Jul 21 00:13:49 EDT 2017
recon-all -s sub-07 finished without error at Fri Jul 21 00:14:05 EDT 2017
\n\n
New invocation of recon-all 
\n\n
status file for recon-all
Fri Jul 21 00:14:05 EDT 2017
#@# Parcellation Stats 3 lh Fri Jul 21 00:14:05 EDT 2017
recon-all -s sub-07 finished without error at Fri Jul 21 00:14:39 EDT 2017
\n\n
New invocation of recon-all 
\n\n
status file for recon-all
Fri Jul 21 00:14:39 EDT 2017
#@# Parcellation Stats 3 rh Fri Jul 21 00:14:39 EDT 2017
recon-all -s sub-07 finished without error at Fri Jul 21 00:15:13 EDT 2017
\n\n
New invocation of recon-all 
\n\n
status file for recon-all
Fri Jul 21 00:15:13 EDT 2017
#@# WM/GM Contrast lh Fri Jul 21 00:15:13 EDT 2017
recon-all -s sub-07 finished without error at Fri Jul 21 00:15:20 EDT 2017
\n\n
New invocation of recon-all 
\n\n
status file for recon-all
Fri Jul 21 00:15:20 EDT 2017
#@# WM/GM Contrast rh Fri Jul 21 00:15:20 EDT 2017
recon-all -s sub-07 finished without error at Fri Jul 21 00:15:25 EDT 2017
\n\n
New invocation of recon-all 
\n\n
status file for recon-all
Fri Jul 21 00:15:26 EDT 2017
#@# Relabel Hypointensities Fri Jul 21 00:15:26 EDT 2017
recon-all -s sub-07 finished without error at Fri Jul 21 00:15:48 EDT 2017
\n\n
New invocation of recon-all 
\n\n
status file for recon-all
Fri Jul 21 00:15:48 EDT 2017
#@# AParc-to-ASeg aparc Fri Jul 21 00:15:48 EDT 2017
#@# AParc-to-ASeg a2009s Fri Jul 21 00:20:08 EDT 2017
#@# AParc-to-ASeg DKTatlas Fri Jul 21 00:24:28 EDT 2017
recon-all -s sub-07 finished without error at Fri Jul 21 00:28:47 EDT 2017
\n\n
New invocation of recon-all 
\n\n
status file for recon-all
Fri Jul 21 00:28:48 EDT 2017
#@# APas-to-ASeg Fri Jul 21 00:28:48 EDT 2017
recon-all -s sub-07 finished without error at Fri Jul 21 00:28:53 EDT 2017
\n\n
New invocation of recon-all 
\n\n
status file for recon-all
Fri Jul 21 00:28:53 EDT 2017
#@# ASeg Stats Fri Jul 21 00:28:53 EDT 2017
recon-all -s sub-07 finished without error at Fri Jul 21 00:31:38 EDT 2017
\n\n
New invocation of recon-all 
\n\n
status file for recon-all
Fri Jul 21 00:31:38 EDT 2017
#@# WMParc Fri Jul 21 00:31:38 EDT 2017
recon-all -s sub-07 finished without error at Fri Jul 21 00:39:28 EDT 2017
\n\n
New invocation of recon-all 
\n\n
status file for recon-all
Fri Jul 21 00:39:28 EDT 2017
#@# BA_exvivo Labels lh Fri Jul 21 00:39:28 EDT 2017
recon-all -s sub-07 finished without error at Fri Jul 21 00:43:44 EDT 2017
\n\n
New invocation of recon-all 
\n\n
status file for recon-all
Fri Jul 21 00:43:45 EDT 2017
#@# BA_exvivo Labels rh Fri Jul 21 00:43:45 EDT 2017
recon-all -s sub-07 finished without error at Fri Jul 21 00:47:57 EDT 2017
