status file for recon-all
Thu Jul  6 19:07:07 EDT 2017
#@# MotionCor Thu Jul  6 19:07:16 EDT 2017
#@# Deface Thu Jul  6 19:07:26 EDT 2017
#@# Talairach Thu Jul  6 19:09:24 EDT 2017
#@# Talairach Failure Detection Thu Jul  6 19:11:03 EDT 2017
#@# Nu Intensity Correction Thu Jul  6 19:11:03 EDT 2017
#@# Intensity Normalization Thu Jul  6 19:12:36 EDT 2017
#@# Skull Stripping Thu Jul  6 19:14:47 EDT 2017
#@# EM Registration Thu Jul  6 19:26:40 EDT 2017
#@# CA Normalize Thu Jul  6 19:35:52 EDT 2017
#@# CA Reg Thu Jul  6 19:38:41 EDT 2017
#@# SubCort Seg Thu Jul  6 22:38:45 EDT 2017
#@# Merge ASeg Thu Jul  6 23:45:35 EDT 2017
#@# Intensity Normalization2 Thu Jul  6 23:45:35 EDT 2017
#@# Mask BFS Thu Jul  6 23:48:49 EDT 2017
#@# WM Segmentation Thu Jul  6 23:48:51 EDT 2017
#@# Fill Thu Jul  6 23:51:13 EDT 2017
#@# Tessellate lh Thu Jul  6 23:51:58 EDT 2017
#@# Tessellate rh Thu Jul  6 23:52:03 EDT 2017
#@# Smooth1 lh Thu Jul  6 23:52:08 EDT 2017
#@# Smooth1 rh Thu Jul  6 23:52:09 EDT 2017
Darwin trash-can.local 15.6.0 Darwin Kernel Version 15.6.0: Thu Jun 23 18:25:34 PDT 2016; root:xnu-3248.60.10~1/RELEASE_X86_64 x86_64 i386 MacPro6,1 Darwin

recon-all -s sub-04 exited with ERRORS at Thu Jul  6 23:52:09 EDT 2017

\n\n
New invocation of recon-all 
\n\n
status file for recon-all
Fri Jul  7 09:47:16 EDT 2017
#@# Smooth1 lh Fri Jul  7 09:47:16 EDT 2017
recon-all -s sub-04 finished without error at Fri Jul  7 09:47:26 EDT 2017
\n\n
New invocation of recon-all 
\n\n
status file for recon-all
Fri Jul  7 09:47:26 EDT 2017
#@# Smooth1 rh Fri Jul  7 09:47:26 EDT 2017
recon-all -s sub-04 finished without error at Fri Jul  7 09:47:36 EDT 2017
\n\n
New invocation of recon-all 
\n\n
status file for recon-all
Fri Jul  7 09:47:36 EDT 2017
#@# Inflation1 lh Fri Jul  7 09:47:36 EDT 2017
recon-all -s sub-04 finished without error at Fri Jul  7 09:47:57 EDT 2017
\n\n
New invocation of recon-all 
\n\n
status file for recon-all
Fri Jul  7 09:47:58 EDT 2017
#@# Inflation1 rh Fri Jul  7 09:47:58 EDT 2017
recon-all -s sub-04 finished without error at Fri Jul  7 09:48:22 EDT 2017
\n\n
New invocation of recon-all 
\n\n
status file for recon-all
Fri Jul  7 09:48:22 EDT 2017
#@# QSphere lh Fri Jul  7 09:48:22 EDT 2017
recon-all -s sub-04 finished without error at Fri Jul  7 09:51:14 EDT 2017
\n\n
New invocation of recon-all 
\n\n
status file for recon-all
Fri Jul  7 09:51:14 EDT 2017
#@# QSphere rh Fri Jul  7 09:51:14 EDT 2017
recon-all -s sub-04 finished without error at Fri Jul  7 09:54:43 EDT 2017
\n\n
New invocation of recon-all 
\n\n
status file for recon-all
Fri Jul  7 09:54:44 EDT 2017
#@# Fix Topology Copy lh Fri Jul  7 09:54:44 EDT 2017
#@# Fix Topology lh Fri Jul  7 09:54:44 EDT 2017
recon-all -s sub-04 finished without error at Fri Jul  7 10:38:45 EDT 2017
\n\n
New invocation of recon-all 
\n\n
status file for recon-all
Fri Jul  7 10:38:45 EDT 2017
#@# Fix Topology Copy rh Fri Jul  7 10:38:45 EDT 2017
#@# Fix Topology rh Fri Jul  7 10:38:45 EDT 2017
recon-all -s sub-04 finished without error at Fri Jul  7 11:20:15 EDT 2017
\n\n
New invocation of recon-all 
\n\n
status file for recon-all
Fri Jul  7 11:20:15 EDT 2017
#@# Make White Surf lh Fri Jul  7 11:20:15 EDT 2017
recon-all -s sub-04 finished without error at Fri Jul  7 11:42:26 EDT 2017
\n\n
New invocation of recon-all 
\n\n
status file for recon-all
Fri Jul  7 11:42:26 EDT 2017
#@# Make White Surf rh Fri Jul  7 11:42:26 EDT 2017
recon-all -s sub-04 finished without error at Fri Jul  7 12:05:42 EDT 2017
\n\n
New invocation of recon-all 
\n\n
status file for recon-all
Fri Jul  7 12:05:42 EDT 2017
#@# Smooth2 lh Fri Jul  7 12:05:42 EDT 2017
recon-all -s sub-04 finished without error at Fri Jul  7 12:05:55 EDT 2017
\n\n
New invocation of recon-all 
\n\n
status file for recon-all
Fri Jul  7 12:05:55 EDT 2017
#@# Inflation2 lh Fri Jul  7 12:05:55 EDT 2017
recon-all -s sub-04 finished without error at Fri Jul  7 12:06:25 EDT 2017
\n\n
New invocation of recon-all 
\n\n
status file for recon-all
Fri Jul  7 12:06:25 EDT 2017
#@# Sphere lh Fri Jul  7 12:06:25 EDT 2017
recon-all -s sub-04 finished without error at Fri Jul  7 12:36:43 EDT 2017
\n\n
New invocation of recon-all 
\n\n
status file for recon-all
Fri Jul  7 12:36:43 EDT 2017
#@# Surf Reg lh Fri Jul  7 12:36:43 EDT 2017
recon-all -s sub-04 finished without error at Fri Jul  7 13:19:26 EDT 2017
\n\n
New invocation of recon-all 
\n\n
status file for recon-all
Fri Jul  7 13:19:26 EDT 2017
#@# Cortical Parc lh Fri Jul  7 13:19:26 EDT 2017
recon-all -s sub-04 finished without error at Fri Jul  7 13:19:47 EDT 2017
\n\n
New invocation of recon-all 
\n\n
status file for recon-all
Fri Jul  7 13:19:47 EDT 2017
#@# Make Pial Surf lh Fri Jul  7 13:19:47 EDT 2017
#@# Surf Volume lh Fri Jul  7 13:50:19 EDT 2017
recon-all -s sub-04 finished without error at Fri Jul  7 13:50:25 EDT 2017
\n\n
New invocation of recon-all 
\n\n
status file for recon-all
Fri Jul  7 13:50:26 EDT 2017
#@# Surf Volume lh Fri Jul  7 13:50:26 EDT 2017
recon-all -s sub-04 finished without error at Fri Jul  7 13:50:32 EDT 2017
\n\n
New invocation of recon-all 
\n\n
status file for recon-all
Fri Jul  7 13:50:32 EDT 2017
#@# Smooth2 rh Fri Jul  7 13:50:32 EDT 2017
recon-all -s sub-04 finished without error at Fri Jul  7 13:50:45 EDT 2017
\n\n
New invocation of recon-all 
\n\n
status file for recon-all
Fri Jul  7 13:50:46 EDT 2017
#@# Inflation2 rh Fri Jul  7 13:50:46 EDT 2017
recon-all -s sub-04 finished without error at Fri Jul  7 13:51:16 EDT 2017
\n\n
New invocation of recon-all 
\n\n
status file for recon-all
Fri Jul  7 13:51:16 EDT 2017
#@# Sphere rh Fri Jul  7 13:51:16 EDT 2017
recon-all -s sub-04 finished without error at Fri Jul  7 14:14:09 EDT 2017
\n\n
New invocation of recon-all 
\n\n
status file for recon-all
Fri Jul  7 14:14:10 EDT 2017
#@# Surf Reg rh Fri Jul  7 14:14:10 EDT 2017
recon-all -s sub-04 finished without error at Fri Jul  7 14:49:45 EDT 2017
\n\n
New invocation of recon-all 
\n\n
status file for recon-all
Fri Jul  7 14:49:46 EDT 2017
#@# Cortical Parc rh Fri Jul  7 14:49:46 EDT 2017
recon-all -s sub-04 finished without error at Fri Jul  7 14:50:04 EDT 2017
\n\n
New invocation of recon-all 
\n\n
status file for recon-all
Fri Jul  7 14:50:04 EDT 2017
#@# Make Pial Surf rh Fri Jul  7 14:50:04 EDT 2017
#@# Surf Volume rh Fri Jul  7 15:10:09 EDT 2017
recon-all -s sub-04 finished without error at Fri Jul  7 15:10:14 EDT 2017
\n\n
New invocation of recon-all 
\n\n
status file for recon-all
Fri Jul  7 15:10:15 EDT 2017
#@# Surf Volume rh Fri Jul  7 15:10:15 EDT 2017
recon-all -s sub-04 finished without error at Fri Jul  7 15:10:19 EDT 2017
\n\n
New invocation of recon-all 
\n\n
status file for recon-all
Fri Jul  7 15:10:20 EDT 2017
#@# Curv .H and .K lh Fri Jul  7 15:10:20 EDT 2017
recon-all -s sub-04 finished without error at Fri Jul  7 15:11:56 EDT 2017
\n\n
New invocation of recon-all 
\n\n
status file for recon-all
Fri Jul  7 15:11:56 EDT 2017
#@# Curv .H and .K rh Fri Jul  7 15:11:56 EDT 2017
recon-all -s sub-04 finished without error at Fri Jul  7 15:13:26 EDT 2017
\n\n
New invocation of recon-all 
\n\n
status file for recon-all
Fri Jul  7 15:13:27 EDT 2017
#@# Curvature Stats lh Fri Jul  7 15:13:27 EDT 2017
recon-all -s sub-04 finished without error at Fri Jul  7 15:13:34 EDT 2017
\n\n
New invocation of recon-all 
\n\n
status file for recon-all
Fri Jul  7 15:13:34 EDT 2017
#@# Curvature Stats rh Fri Jul  7 15:13:35 EDT 2017
recon-all -s sub-04 finished without error at Fri Jul  7 15:13:41 EDT 2017
\n\n
New invocation of recon-all 
\n\n
status file for recon-all
Fri Jul  7 15:13:42 EDT 2017
#@# Jacobian white lh Fri Jul  7 15:13:42 EDT 2017
recon-all -s sub-04 finished without error at Fri Jul  7 15:13:44 EDT 2017
\n\n
New invocation of recon-all 
\n\n
status file for recon-all
Fri Jul  7 15:13:45 EDT 2017
#@# Jacobian white rh Fri Jul  7 15:13:45 EDT 2017
recon-all -s sub-04 finished without error at Fri Jul  7 15:13:47 EDT 2017
\n\n
New invocation of recon-all 
\n\n
status file for recon-all
Fri Jul  7 15:13:47 EDT 2017
#@# AvgCurv lh Fri Jul  7 15:13:48 EDT 2017
recon-all -s sub-04 finished without error at Fri Jul  7 15:13:50 EDT 2017
\n\n
New invocation of recon-all 
\n\n
status file for recon-all
Fri Jul  7 15:13:50 EDT 2017
#@# AvgCurv rh Fri Jul  7 15:13:50 EDT 2017
recon-all -s sub-04 finished without error at Fri Jul  7 15:13:53 EDT 2017
\n\n
New invocation of recon-all 
\n\n
status file for recon-all
Fri Jul  7 15:13:53 EDT 2017
#@# Cortical ribbon mask Fri Jul  7 15:13:53 EDT 2017
recon-all -s sub-04 finished without error at Fri Jul  7 15:37:54 EDT 2017
\n\n
New invocation of recon-all 
\n\n
status file for recon-all
Fri Jul  7 15:37:55 EDT 2017
#@# Parcellation Stats lh Fri Jul  7 15:37:55 EDT 2017
recon-all -s sub-04 finished without error at Fri Jul  7 15:39:18 EDT 2017
\n\n
New invocation of recon-all 
\n\n
status file for recon-all
Fri Jul  7 15:39:18 EDT 2017
#@# Parcellation Stats rh Fri Jul  7 15:39:18 EDT 2017
recon-all -s sub-04 finished without error at Fri Jul  7 15:40:40 EDT 2017
\n\n
New invocation of recon-all 
\n\n
status file for recon-all
Fri Jul  7 15:40:40 EDT 2017
#@# Cortical Parc 2 lh Fri Jul  7 15:40:40 EDT 2017
recon-all -s sub-04 finished without error at Fri Jul  7 15:41:02 EDT 2017
\n\n
New invocation of recon-all 
\n\n
status file for recon-all
Fri Jul  7 15:41:02 EDT 2017
#@# Cortical Parc 2 rh Fri Jul  7 15:41:03 EDT 2017
recon-all -s sub-04 finished without error at Fri Jul  7 15:41:25 EDT 2017
\n\n
New invocation of recon-all 
\n\n
status file for recon-all
Fri Jul  7 15:41:26 EDT 2017
#@# Parcellation Stats 2 lh Fri Jul  7 15:41:26 EDT 2017
recon-all -s sub-04 finished without error at Fri Jul  7 15:42:11 EDT 2017
\n\n
New invocation of recon-all 
\n\n
status file for recon-all
Fri Jul  7 15:42:12 EDT 2017
#@# Parcellation Stats 2 rh Fri Jul  7 15:42:12 EDT 2017
recon-all -s sub-04 finished without error at Fri Jul  7 15:42:53 EDT 2017
\n\n
New invocation of recon-all 
\n\n
status file for recon-all
Fri Jul  7 15:42:53 EDT 2017
#@# Cortical Parc 3 lh Fri Jul  7 15:42:53 EDT 2017
recon-all -s sub-04 finished without error at Fri Jul  7 15:43:11 EDT 2017
\n\n
New invocation of recon-all 
\n\n
status file for recon-all
Fri Jul  7 15:43:11 EDT 2017
#@# Cortical Parc 3 rh Fri Jul  7 15:43:11 EDT 2017
recon-all -s sub-04 finished without error at Fri Jul  7 15:43:28 EDT 2017
\n\n
New invocation of recon-all 
\n\n
status file for recon-all
Fri Jul  7 15:43:29 EDT 2017
#@# Parcellation Stats 3 lh Fri Jul  7 15:43:29 EDT 2017
recon-all -s sub-04 finished without error at Fri Jul  7 15:44:10 EDT 2017
\n\n
New invocation of recon-all 
\n\n
status file for recon-all
Fri Jul  7 15:44:10 EDT 2017
#@# Parcellation Stats 3 rh Fri Jul  7 15:44:10 EDT 2017
recon-all -s sub-04 finished without error at Fri Jul  7 15:44:52 EDT 2017
\n\n
New invocation of recon-all 
\n\n
status file for recon-all
Fri Jul  7 15:44:52 EDT 2017
#@# WM/GM Contrast lh Fri Jul  7 15:44:52 EDT 2017
recon-all -s sub-04 finished without error at Fri Jul  7 15:44:59 EDT 2017
\n\n
New invocation of recon-all 
\n\n
status file for recon-all
Fri Jul  7 15:44:59 EDT 2017
#@# WM/GM Contrast rh Fri Jul  7 15:44:59 EDT 2017
recon-all -s sub-04 finished without error at Fri Jul  7 15:45:06 EDT 2017
\n\n
New invocation of recon-all 
\n\n
status file for recon-all
Fri Jul  7 15:45:06 EDT 2017
#@# Relabel Hypointensities Fri Jul  7 15:45:06 EDT 2017
recon-all -s sub-04 finished without error at Fri Jul  7 15:45:33 EDT 2017
\n\n
New invocation of recon-all 
\n\n
status file for recon-all
Fri Jul  7 15:45:34 EDT 2017
#@# AParc-to-ASeg aparc Fri Jul  7 15:45:34 EDT 2017
#@# AParc-to-ASeg a2009s Fri Jul  7 15:51:04 EDT 2017
#@# AParc-to-ASeg DKTatlas Fri Jul  7 15:56:29 EDT 2017
recon-all -s sub-04 finished without error at Fri Jul  7 16:01:48 EDT 2017
\n\n
New invocation of recon-all 
\n\n
status file for recon-all
Fri Jul  7 16:01:49 EDT 2017
#@# APas-to-ASeg Fri Jul  7 16:01:49 EDT 2017
recon-all -s sub-04 finished without error at Fri Jul  7 16:01:54 EDT 2017
\n\n
New invocation of recon-all 
\n\n
status file for recon-all
Fri Jul  7 16:01:55 EDT 2017
#@# ASeg Stats Fri Jul  7 16:01:55 EDT 2017
recon-all -s sub-04 finished without error at Fri Jul  7 16:03:07 EDT 2017
\n\n
New invocation of recon-all 
\n\n
status file for recon-all
Fri Jul  7 16:03:07 EDT 2017
#@# WMParc Fri Jul  7 16:03:07 EDT 2017
recon-all -s sub-04 finished without error at Fri Jul  7 16:10:00 EDT 2017
\n\n
New invocation of recon-all 
\n\n
status file for recon-all
Fri Jul  7 16:10:00 EDT 2017
#@# BA_exvivo Labels lh Fri Jul  7 16:10:00 EDT 2017
recon-all -s sub-04 finished without error at Fri Jul  7 16:15:36 EDT 2017
\n\n
New invocation of recon-all 
\n\n
status file for recon-all
Fri Jul  7 16:15:36 EDT 2017
#@# BA_exvivo Labels rh Fri Jul  7 16:15:36 EDT 2017
recon-all -s sub-04 finished without error at Fri Jul  7 16:21:04 EDT 2017
\n\n
New invocation of recon-all 
\n\n
status file for recon-all
Tue Jul 18 15:22:29 EDT 2017
#@# MotionCor Tue Jul 18 15:22:29 EDT 2017
Darwin CFMI-iMac-10.local 16.6.0 Darwin Kernel Version 16.6.0: Fri Apr 14 16:21:16 PDT 2017; root:xnu-3789.60.24~6/RELEASE_X86_64 x86_64

recon-all -s sub-04 exited with ERRORS at Tue Jul 18 15:22:29 EDT 2017

\n\n
New invocation of recon-all 
\n\n
status file for recon-all
Wed Jul 19 16:12:00 EDT 2017
#@# MotionCor Wed Jul 19 16:12:00 EDT 2017
recon-all -s sub-04 finished without error at Wed Jul 19 16:12:07 EDT 2017
\n\n
New invocation of recon-all 
\n\n
status file for recon-all
Wed Jul 19 16:12:08 EDT 2017
#@# Talairach Wed Jul 19 16:12:08 EDT 2017
#@# Talairach Failure Detection Wed Jul 19 16:13:34 EDT 2017
recon-all -s sub-04 finished without error at Wed Jul 19 16:13:34 EDT 2017
\n\n
New invocation of recon-all 
\n\n
status file for recon-all
Wed Jul 19 16:13:35 EDT 2017
#@# Nu Intensity Correction Wed Jul 19 16:13:35 EDT 2017
recon-all -s sub-04 finished without error at Wed Jul 19 16:15:14 EDT 2017
\n\n
New invocation of recon-all 
\n\n
status file for recon-all
Wed Jul 19 16:15:14 EDT 2017
#@# Intensity Normalization Wed Jul 19 16:15:14 EDT 2017
recon-all -s sub-04 finished without error at Wed Jul 19 16:17:22 EDT 2017
\n\n
New invocation of recon-all 
\n\n
status file for recon-all
Wed Jul 19 16:17:22 EDT 2017
#@# Skull Stripping Wed Jul 19 16:17:22 EDT 2017
recon-all -s sub-04 finished without error at Wed Jul 19 16:17:44 EDT 2017
\n\n
New invocation of recon-all 
\n\n
status file for recon-all
Wed Jul 19 16:17:44 EDT 2017
#@# EM Registration Wed Jul 19 16:17:44 EDT 2017
recon-all -s sub-04 finished without error at Wed Jul 19 16:28:19 EDT 2017
\n\n
New invocation of recon-all 
\n\n
status file for recon-all
Wed Jul 19 16:28:20 EDT 2017
#@# CA Normalize Wed Jul 19 16:28:20 EDT 2017
recon-all -s sub-04 finished without error at Wed Jul 19 16:29:39 EDT 2017
\n\n
New invocation of recon-all 
\n\n
status file for recon-all
Wed Jul 19 16:29:39 EDT 2017
#@# CA Reg Wed Jul 19 16:29:39 EDT 2017
recon-all -s sub-04 finished without error at Wed Jul 19 18:28:13 EDT 2017
\n\n
New invocation of recon-all 
\n\n
status file for recon-all
Wed Jul 19 18:28:13 EDT 2017
#@# SubCort Seg Wed Jul 19 18:28:13 EDT 2017
#@# Merge ASeg Wed Jul 19 19:17:22 EDT 2017
recon-all -s sub-04 finished without error at Wed Jul 19 19:17:22 EDT 2017
\n\n
New invocation of recon-all 
\n\n
status file for recon-all
Wed Jul 19 19:17:23 EDT 2017
#@# Intensity Normalization2 Wed Jul 19 19:17:23 EDT 2017
recon-all -s sub-04 finished without error at Wed Jul 19 19:20:40 EDT 2017
\n\n
New invocation of recon-all 
\n\n
status file for recon-all
Wed Jul 19 19:20:41 EDT 2017
#@# Mask BFS Wed Jul 19 19:20:41 EDT 2017
recon-all -s sub-04 finished without error at Wed Jul 19 19:20:42 EDT 2017
\n\n
New invocation of recon-all 
\n\n
status file for recon-all
Wed Jul 19 19:20:42 EDT 2017
#@# WM Segmentation Wed Jul 19 19:20:42 EDT 2017
recon-all -s sub-04 finished without error at Wed Jul 19 19:22:45 EDT 2017
\n\n
New invocation of recon-all 
\n\n
status file for recon-all
Wed Jul 19 19:22:45 EDT 2017
#@# Fill Wed Jul 19 19:22:45 EDT 2017
recon-all -s sub-04 finished without error at Wed Jul 19 19:23:20 EDT 2017
\n\n
New invocation of recon-all 
\n\n
status file for recon-all
Wed Jul 19 19:23:20 EDT 2017
#@# Tessellate lh Wed Jul 19 19:23:20 EDT 2017
recon-all -s sub-04 finished without error at Wed Jul 19 19:23:26 EDT 2017
\n\n
New invocation of recon-all 
\n\n
status file for recon-all
Wed Jul 19 19:23:26 EDT 2017
#@# Tessellate rh Wed Jul 19 19:23:26 EDT 2017
recon-all -s sub-04 finished without error at Wed Jul 19 19:23:32 EDT 2017
\n\n
New invocation of recon-all 
\n\n
status file for recon-all
Wed Jul 19 19:23:32 EDT 2017
#@# Smooth1 lh Wed Jul 19 19:23:32 EDT 2017
recon-all -s sub-04 finished without error at Wed Jul 19 19:23:40 EDT 2017
\n\n
New invocation of recon-all 
\n\n
status file for recon-all
Wed Jul 19 19:23:40 EDT 2017
#@# Smooth1 rh Wed Jul 19 19:23:40 EDT 2017
recon-all -s sub-04 finished without error at Wed Jul 19 19:23:48 EDT 2017
\n\n
New invocation of recon-all 
\n\n
status file for recon-all
Wed Jul 19 19:23:48 EDT 2017
#@# Inflation1 lh Wed Jul 19 19:23:48 EDT 2017
recon-all -s sub-04 finished without error at Wed Jul 19 19:24:16 EDT 2017
\n\n
New invocation of recon-all 
\n\n
status file for recon-all
Wed Jul 19 19:24:16 EDT 2017
#@# Inflation1 rh Wed Jul 19 19:24:16 EDT 2017
recon-all -s sub-04 finished without error at Wed Jul 19 19:24:45 EDT 2017
\n\n
New invocation of recon-all 
\n\n
status file for recon-all
Wed Jul 19 19:24:45 EDT 2017
#@# QSphere lh Wed Jul 19 19:24:45 EDT 2017
recon-all -s sub-04 finished without error at Wed Jul 19 19:27:28 EDT 2017
\n\n
New invocation of recon-all 
\n\n
status file for recon-all
Wed Jul 19 19:27:28 EDT 2017
#@# QSphere rh Wed Jul 19 19:27:28 EDT 2017
recon-all -s sub-04 finished without error at Wed Jul 19 19:30:20 EDT 2017
\n\n
New invocation of recon-all 
\n\n
status file for recon-all
Wed Jul 19 19:30:20 EDT 2017
#@# Fix Topology Copy lh Wed Jul 19 19:30:20 EDT 2017
#@# Fix Topology lh Wed Jul 19 19:30:20 EDT 2017
recon-all -s sub-04 finished without error at Wed Jul 19 20:00:17 EDT 2017
\n\n
New invocation of recon-all 
\n\n
status file for recon-all
Wed Jul 19 20:00:18 EDT 2017
#@# Fix Topology Copy rh Wed Jul 19 20:00:18 EDT 2017
#@# Fix Topology rh Wed Jul 19 20:00:18 EDT 2017
recon-all -s sub-04 finished without error at Wed Jul 19 20:25:51 EDT 2017
\n\n
New invocation of recon-all 
\n\n
status file for recon-all
Wed Jul 19 20:25:51 EDT 2017
#@# Make White Surf lh Wed Jul 19 20:25:51 EDT 2017
recon-all -s sub-04 finished without error at Wed Jul 19 20:40:12 EDT 2017
\n\n
New invocation of recon-all 
\n\n
status file for recon-all
Wed Jul 19 20:40:12 EDT 2017
#@# Make White Surf rh Wed Jul 19 20:40:12 EDT 2017
recon-all -s sub-04 finished without error at Wed Jul 19 20:54:27 EDT 2017
\n\n
New invocation of recon-all 
\n\n
status file for recon-all
Wed Jul 19 20:54:28 EDT 2017
#@# Smooth2 lh Wed Jul 19 20:54:28 EDT 2017
recon-all -s sub-04 finished without error at Wed Jul 19 20:54:36 EDT 2017
\n\n
New invocation of recon-all 
\n\n
status file for recon-all
Wed Jul 19 20:54:36 EDT 2017
#@# Inflation2 lh Wed Jul 19 20:54:36 EDT 2017
recon-all -s sub-04 finished without error at Wed Jul 19 20:55:04 EDT 2017
\n\n
New invocation of recon-all 
\n\n
status file for recon-all
Wed Jul 19 20:55:04 EDT 2017
#@# Sphere lh Wed Jul 19 20:55:04 EDT 2017
recon-all -s sub-04 finished without error at Wed Jul 19 21:26:37 EDT 2017
\n\n
New invocation of recon-all 
\n\n
status file for recon-all
Wed Jul 19 21:26:37 EDT 2017
#@# Surf Reg lh Wed Jul 19 21:26:37 EDT 2017
recon-all -s sub-04 finished without error at Wed Jul 19 22:18:45 EDT 2017
\n\n
New invocation of recon-all 
\n\n
status file for recon-all
Wed Jul 19 22:18:45 EDT 2017
#@# Cortical Parc lh Wed Jul 19 22:18:45 EDT 2017
recon-all -s sub-04 finished without error at Wed Jul 19 22:19:00 EDT 2017
\n\n
New invocation of recon-all 
\n\n
status file for recon-all
Wed Jul 19 22:19:00 EDT 2017
#@# Make Pial Surf lh Wed Jul 19 22:19:01 EDT 2017
#@# Surf Volume lh Wed Jul 19 22:33:03 EDT 2017
recon-all -s sub-04 finished without error at Wed Jul 19 22:33:06 EDT 2017
\n\n
New invocation of recon-all 
\n\n
status file for recon-all
Wed Jul 19 22:33:07 EDT 2017
#@# Surf Volume lh Wed Jul 19 22:33:07 EDT 2017
recon-all -s sub-04 finished without error at Wed Jul 19 22:33:10 EDT 2017
\n\n
New invocation of recon-all 
\n\n
status file for recon-all
Wed Jul 19 22:33:10 EDT 2017
#@# Smooth2 rh Wed Jul 19 22:33:10 EDT 2017
recon-all -s sub-04 finished without error at Wed Jul 19 22:33:17 EDT 2017
\n\n
New invocation of recon-all 
\n\n
status file for recon-all
Wed Jul 19 22:33:18 EDT 2017
#@# Inflation2 rh Wed Jul 19 22:33:18 EDT 2017
recon-all -s sub-04 finished without error at Wed Jul 19 22:33:45 EDT 2017
\n\n
New invocation of recon-all 
\n\n
status file for recon-all
Wed Jul 19 22:33:45 EDT 2017
#@# Sphere rh Wed Jul 19 22:33:45 EDT 2017
recon-all -s sub-04 finished without error at Wed Jul 19 23:05:28 EDT 2017
\n\n
New invocation of recon-all 
\n\n
status file for recon-all
Wed Jul 19 23:05:28 EDT 2017
#@# Surf Reg rh Wed Jul 19 23:05:28 EDT 2017
recon-all -s sub-04 finished without error at Wed Jul 19 23:51:07 EDT 2017
\n\n
New invocation of recon-all 
\n\n
status file for recon-all
Wed Jul 19 23:51:07 EDT 2017
#@# Cortical Parc rh Wed Jul 19 23:51:07 EDT 2017
recon-all -s sub-04 finished without error at Wed Jul 19 23:51:21 EDT 2017
\n\n
New invocation of recon-all 
\n\n
status file for recon-all
Wed Jul 19 23:51:21 EDT 2017
#@# Make Pial Surf rh Wed Jul 19 23:51:21 EDT 2017
#@# Surf Volume rh Thu Jul 20 00:05:20 EDT 2017
recon-all -s sub-04 finished without error at Thu Jul 20 00:05:23 EDT 2017
\n\n
New invocation of recon-all 
\n\n
status file for recon-all
Thu Jul 20 00:05:23 EDT 2017
#@# Surf Volume rh Thu Jul 20 00:05:23 EDT 2017
recon-all -s sub-04 finished without error at Thu Jul 20 00:05:27 EDT 2017
\n\n
New invocation of recon-all 
\n\n
status file for recon-all
Thu Jul 20 00:05:27 EDT 2017
#@# Curv .H and .K lh Thu Jul 20 00:05:27 EDT 2017
recon-all -s sub-04 finished without error at Thu Jul 20 00:06:40 EDT 2017
\n\n
New invocation of recon-all 
\n\n
status file for recon-all
Thu Jul 20 00:06:40 EDT 2017
#@# Curv .H and .K rh Thu Jul 20 00:06:40 EDT 2017
recon-all -s sub-04 finished without error at Thu Jul 20 00:07:43 EDT 2017
\n\n
New invocation of recon-all 
\n\n
status file for recon-all
Thu Jul 20 00:07:43 EDT 2017
#@# Curvature Stats lh Thu Jul 20 00:07:43 EDT 2017
recon-all -s sub-04 finished without error at Thu Jul 20 00:07:49 EDT 2017
\n\n
New invocation of recon-all 
\n\n
status file for recon-all
Thu Jul 20 00:07:49 EDT 2017
#@# Curvature Stats rh Thu Jul 20 00:07:49 EDT 2017
recon-all -s sub-04 finished without error at Thu Jul 20 00:07:54 EDT 2017
\n\n
New invocation of recon-all 
\n\n
status file for recon-all
Thu Jul 20 00:07:54 EDT 2017
#@# Jacobian white lh Thu Jul 20 00:07:54 EDT 2017
recon-all -s sub-04 finished without error at Thu Jul 20 00:07:56 EDT 2017
\n\n
New invocation of recon-all 
\n\n
status file for recon-all
Thu Jul 20 00:07:57 EDT 2017
#@# Jacobian white rh Thu Jul 20 00:07:57 EDT 2017
recon-all -s sub-04 finished without error at Thu Jul 20 00:07:58 EDT 2017
\n\n
New invocation of recon-all 
\n\n
status file for recon-all
Thu Jul 20 00:07:58 EDT 2017
#@# AvgCurv lh Thu Jul 20 00:07:58 EDT 2017
recon-all -s sub-04 finished without error at Thu Jul 20 00:08:00 EDT 2017
\n\n
New invocation of recon-all 
\n\n
status file for recon-all
Thu Jul 20 00:08:01 EDT 2017
#@# AvgCurv rh Thu Jul 20 00:08:01 EDT 2017
recon-all -s sub-04 finished without error at Thu Jul 20 00:08:02 EDT 2017
\n\n
New invocation of recon-all 
\n\n
status file for recon-all
Thu Jul 20 00:08:02 EDT 2017
#@# Cortical ribbon mask Thu Jul 20 00:08:02 EDT 2017
recon-all -s sub-04 finished without error at Thu Jul 20 00:23:32 EDT 2017
\n\n
New invocation of recon-all 
\n\n
status file for recon-all
Thu Jul 20 00:23:32 EDT 2017
#@# Parcellation Stats lh Thu Jul 20 00:23:32 EDT 2017
recon-all -s sub-04 finished without error at Thu Jul 20 00:24:39 EDT 2017
\n\n
New invocation of recon-all 
\n\n
status file for recon-all
Thu Jul 20 00:24:39 EDT 2017
#@# Parcellation Stats rh Thu Jul 20 00:24:39 EDT 2017
recon-all -s sub-04 finished without error at Thu Jul 20 00:25:45 EDT 2017
\n\n
New invocation of recon-all 
\n\n
status file for recon-all
Thu Jul 20 00:25:45 EDT 2017
#@# Cortical Parc 2 lh Thu Jul 20 00:25:45 EDT 2017
recon-all -s sub-04 finished without error at Thu Jul 20 00:26:05 EDT 2017
\n\n
New invocation of recon-all 
\n\n
status file for recon-all
Thu Jul 20 00:26:05 EDT 2017
#@# Cortical Parc 2 rh Thu Jul 20 00:26:05 EDT 2017
recon-all -s sub-04 finished without error at Thu Jul 20 00:26:25 EDT 2017
\n\n
New invocation of recon-all 
\n\n
status file for recon-all
Thu Jul 20 00:26:25 EDT 2017
#@# Parcellation Stats 2 lh Thu Jul 20 00:26:25 EDT 2017
recon-all -s sub-04 finished without error at Thu Jul 20 00:27:00 EDT 2017
\n\n
New invocation of recon-all 
\n\n
status file for recon-all
Thu Jul 20 00:27:00 EDT 2017
#@# Parcellation Stats 2 rh Thu Jul 20 00:27:00 EDT 2017
recon-all -s sub-04 finished without error at Thu Jul 20 00:27:34 EDT 2017
\n\n
New invocation of recon-all 
\n\n
status file for recon-all
Thu Jul 20 00:27:34 EDT 2017
#@# Cortical Parc 3 lh Thu Jul 20 00:27:34 EDT 2017
recon-all -s sub-04 finished without error at Thu Jul 20 00:27:49 EDT 2017
\n\n
New invocation of recon-all 
\n\n
status file for recon-all
Thu Jul 20 00:27:49 EDT 2017
#@# Cortical Parc 3 rh Thu Jul 20 00:27:49 EDT 2017
recon-all -s sub-04 finished without error at Thu Jul 20 00:28:04 EDT 2017
\n\n
New invocation of recon-all 
\n\n
status file for recon-all
Thu Jul 20 00:28:04 EDT 2017
#@# Parcellation Stats 3 lh Thu Jul 20 00:28:04 EDT 2017
recon-all -s sub-04 finished without error at Thu Jul 20 00:28:38 EDT 2017
\n\n
New invocation of recon-all 
\n\n
status file for recon-all
Thu Jul 20 00:28:38 EDT 2017
#@# Parcellation Stats 3 rh Thu Jul 20 00:28:38 EDT 2017
recon-all -s sub-04 finished without error at Thu Jul 20 00:29:11 EDT 2017
\n\n
New invocation of recon-all 
\n\n
status file for recon-all
Thu Jul 20 00:29:11 EDT 2017
#@# WM/GM Contrast lh Thu Jul 20 00:29:11 EDT 2017
recon-all -s sub-04 finished without error at Thu Jul 20 00:29:17 EDT 2017
\n\n
New invocation of recon-all 
\n\n
status file for recon-all
Thu Jul 20 00:29:17 EDT 2017
#@# WM/GM Contrast rh Thu Jul 20 00:29:17 EDT 2017
recon-all -s sub-04 finished without error at Thu Jul 20 00:29:23 EDT 2017
\n\n
New invocation of recon-all 
\n\n
status file for recon-all
Thu Jul 20 00:29:23 EDT 2017
#@# Relabel Hypointensities Thu Jul 20 00:29:23 EDT 2017
recon-all -s sub-04 finished without error at Thu Jul 20 00:29:45 EDT 2017
\n\n
New invocation of recon-all 
\n\n
status file for recon-all
Thu Jul 20 00:29:45 EDT 2017
#@# AParc-to-ASeg aparc Thu Jul 20 00:29:45 EDT 2017
#@# AParc-to-ASeg a2009s Thu Jul 20 00:34:05 EDT 2017
#@# AParc-to-ASeg DKTatlas Thu Jul 20 00:38:22 EDT 2017
recon-all -s sub-04 finished without error at Thu Jul 20 00:42:40 EDT 2017
\n\n
New invocation of recon-all 
\n\n
status file for recon-all
Thu Jul 20 00:42:41 EDT 2017
#@# APas-to-ASeg Thu Jul 20 00:42:41 EDT 2017
recon-all -s sub-04 finished without error at Thu Jul 20 00:42:46 EDT 2017
\n\n
New invocation of recon-all 
\n\n
status file for recon-all
Thu Jul 20 00:42:47 EDT 2017
#@# ASeg Stats Thu Jul 20 00:42:47 EDT 2017
recon-all -s sub-04 finished without error at Thu Jul 20 00:45:28 EDT 2017
\n\n
New invocation of recon-all 
\n\n
status file for recon-all
Thu Jul 20 00:45:29 EDT 2017
#@# WMParc Thu Jul 20 00:45:29 EDT 2017
recon-all -s sub-04 finished without error at Thu Jul 20 00:53:14 EDT 2017
\n\n
New invocation of recon-all 
\n\n
status file for recon-all
Thu Jul 20 00:53:14 EDT 2017
#@# BA_exvivo Labels lh Thu Jul 20 00:53:15 EDT 2017
recon-all -s sub-04 finished without error at Thu Jul 20 00:57:26 EDT 2017
\n\n
New invocation of recon-all 
\n\n
status file for recon-all
Thu Jul 20 00:57:26 EDT 2017
#@# BA_exvivo Labels rh Thu Jul 20 00:57:26 EDT 2017
recon-all -s sub-04 finished without error at Thu Jul 20 01:01:32 EDT 2017
