Tue Jul 18 10:40:46 EDT 2017
setenv SUBJECTS_DIR /Users/freesurfer_user/Documents/github/Edits-FreeSurfer-Training-Data
cd /Users/freesurfer_user/Documents/github/Edits-FreeSurfer-Training-Data/sub-04/surf
/Applications/freesurfer/bin/mris_preproc --s sub-04 --hemi rh --meas sulc --target fsaverage --out rh.sulc.fsaverage.mgh

Darwin CFMI-iMac-10.local 16.6.0 Darwin Kernel Version 16.6.0: Fri Apr 14 16:21:16 PDT 2017; root:xnu-3789.60.24~6/RELEASE_X86_64 x86_64
$Id: FreeSurferEnv.csh,v 1.89 2016/06/09 14:54:31 zkaufman Exp $
freesurfer-Darwin-OSX-stable-pub-v6.0.0-2beb96c
tmpdir is ./tmp.mris_preproc.49726
Src rh sphere.reg
Trg rh sphere.reg

\n\n
---------------------------------------------------
#@# 1/1 sub-04 Tue Jul 18 10:40:46 EDT 2017 --------------
-----------------------
mri_surf2surf --srcsubject sub-04 --srchemi rh --srcsurfreg sphere.reg --trgsubject fsaverage --trghemi rh --trgsurfreg sphere.reg --tval ./tmp.mris_preproc.49726/sub-04.1.mgh --sval /Users/freesurfer_user/Documents/github/Edits-FreeSurfer-Training-Data/sub-04/surf/rh.sulc --sfmt curv --noreshape --cortex
Source registration surface changed to sphere.reg
Target registration surface changed to sphere.reg

$Id: mri_surf2surf.c,v 1.103 2015/11/05 22:07:33 greve Exp $

setenv SUBJECTS_DIR /Users/freesurfer_user/Documents/github/Edits-FreeSurfer-Training-Data
cd /Users/freesurfer_user/Documents/GitHub/Edits-FreeSurfer-Training-Data/sub-04/surf
mri_surf2surf --srcsubject sub-04 --srchemi rh --srcsurfreg sphere.reg --trgsubject fsaverage --trghemi rh --trgsurfreg sphere.reg --tval ./tmp.mris_preproc.49726/sub-04.1.mgh --sval /Users/freesurfer_user/Documents/github/Edits-FreeSurfer-Training-Data/sub-04/surf/rh.sulc --sfmt curv --noreshape --cortex 

sysname  Darwin
hostname CFMI-iMac-10.local
machine  x86_64
user     freesurfer_user
srcsubject = sub-04
srcval     = /Users/freesurfer_user/Documents/github/Edits-FreeSurfer-Training-Data/sub-04/surf/rh.sulc
srctype    = curv
trgsubject = fsaverage
trgval     = ./tmp.mris_preproc.49726/sub-04.1.mgh
trgtype    = 
srcsurfreg = sphere.reg
trgsurfreg = sphere.reg
srchemi    = rh
trghemi    = rh
frame      = 0
fwhm-in    = 0
fwhm-out   = 0
label-src  = rh.cortex.label
label-trg  = rh.cortex.label
OKToRevFaceOrder  = 1
UseDualHemi = 0
Reading source surface reg /Users/freesurfer_user/Documents/github/Edits-FreeSurfer-Training-Data/sub-04/surf/rh.sphere.reg
Loading source data
Reading curvature file /Users/freesurfer_user/Documents/github/Edits-FreeSurfer-Training-Data/sub-04/surf/rh.sulc
Reading source subject label mask rh.cortex.label
masking the input
Reading target surface reg /Users/freesurfer_user/Documents/github/Edits-FreeSurfer-Training-Data/fsaverage/surf/rh.sphere.reg
Done
Using surf2surf_nnfr()
Mapping Source Volume onto Source Subject Surface
surf2surf_nnfr: building source hash (res=16).
Surf2Surf: Forward Loop (163842)

surf2surf_nnfr: building target hash (res=16).
Surf2Surf: Reverse Loop (160090)
Reverse Loop had 36309 hits
Surf2Surf: Dividing by number of hits (163842)
INFO: nSrcLost = 0
nTrg121 = 137074, nTrgMulti = 26768, MnTrgMultiHits = 2.35643
nSrc121 = 127821, nSrcLost =     0, nSrcMulti = 32269, MnSrcMultiHits = 2.24147
Reading target space mask label rh.cortex.label
masking the input
Saving target data
Saving to ./tmp.mris_preproc.49726/sub-04.1.mgh
\n\n
-----------------------
mri_concat ./tmp.mris_preproc.49726/sub-04.1.mgh --o rh.sulc.fsaverage.mgh
ninputs = 1
Checking inputs
nframestot = 1
Allocing output
Done allocing
nframes = 1
Writing to rh.sulc.fsaverage.mgh
\n\n
Cleaning up
-----------------------
rm -r ./tmp.mris_preproc.49726
Tue Jul 18 10:40:54 EDT 2017
mris_preproc done
