status file for recon-all
Thu Jul  6 19:17:25 EDT 2017
#@# MotionCor Thu Jul  6 19:17:35 EDT 2017
#@# Deface Thu Jul  6 19:17:49 EDT 2017
#@# Talairach Thu Jul  6 19:21:07 EDT 2017
#@# Talairach Failure Detection Thu Jul  6 19:23:44 EDT 2017
#@# Nu Intensity Correction Thu Jul  6 19:23:44 EDT 2017
#@# Intensity Normalization Thu Jul  6 19:25:41 EDT 2017
#@# Skull Stripping Thu Jul  6 19:29:12 EDT 2017
#@# EM Registration Thu Jul  6 19:40:54 EDT 2017
#@# CA Normalize Thu Jul  6 19:54:45 EDT 2017
#@# CA Reg Thu Jul  6 19:57:24 EDT 2017
#@# SubCort Seg Thu Jul  6 22:10:25 EDT 2017
#@# Merge ASeg Thu Jul  6 23:17:36 EDT 2017
#@# Intensity Normalization2 Thu Jul  6 23:17:36 EDT 2017
#@# Mask BFS Thu Jul  6 23:20:50 EDT 2017
#@# WM Segmentation Thu Jul  6 23:20:51 EDT 2017
#@# Fill Thu Jul  6 23:23:27 EDT 2017
#@# Tessellate lh Thu Jul  6 23:24:10 EDT 2017
#@# Tessellate rh Thu Jul  6 23:24:15 EDT 2017
#@# Smooth1 lh Thu Jul  6 23:24:21 EDT 2017
#@# Smooth1 rh Thu Jul  6 23:24:21 EDT 2017
Darwin trash-can.local 15.6.0 Darwin Kernel Version 15.6.0: Thu Jun 23 18:25:34 PDT 2016; root:xnu-3248.60.10~1/RELEASE_X86_64 x86_64 i386 MacPro6,1 Darwin

recon-all -s sub-05 exited with ERRORS at Thu Jul  6 23:24:22 EDT 2017

\n\n
New invocation of recon-all 
\n\n
status file for recon-all
Fri Jul  7 09:47:34 EDT 2017
#@# Smooth1 lh Fri Jul  7 09:47:34 EDT 2017
recon-all -s sub-05 finished without error at Fri Jul  7 09:47:43 EDT 2017
\n\n
New invocation of recon-all 
\n\n
status file for recon-all
Fri Jul  7 09:47:44 EDT 2017
#@# Smooth1 rh Fri Jul  7 09:47:44 EDT 2017
recon-all -s sub-05 finished without error at Fri Jul  7 09:47:54 EDT 2017
\n\n
New invocation of recon-all 
\n\n
status file for recon-all
Fri Jul  7 09:47:54 EDT 2017
#@# Inflation1 lh Fri Jul  7 09:47:54 EDT 2017
recon-all -s sub-05 finished without error at Fri Jul  7 09:48:18 EDT 2017
\n\n
New invocation of recon-all 
\n\n
status file for recon-all
Fri Jul  7 09:48:18 EDT 2017
#@# Inflation1 rh Fri Jul  7 09:48:18 EDT 2017
recon-all -s sub-05 finished without error at Fri Jul  7 09:48:43 EDT 2017
\n\n
New invocation of recon-all 
\n\n
status file for recon-all
Fri Jul  7 09:48:44 EDT 2017
#@# QSphere lh Fri Jul  7 09:48:44 EDT 2017
recon-all -s sub-05 finished without error at Fri Jul  7 09:51:59 EDT 2017
\n\n
New invocation of recon-all 
\n\n
status file for recon-all
Fri Jul  7 09:52:00 EDT 2017
#@# QSphere rh Fri Jul  7 09:52:00 EDT 2017
recon-all -s sub-05 finished without error at Fri Jul  7 09:55:15 EDT 2017
\n\n
New invocation of recon-all 
\n\n
status file for recon-all
Fri Jul  7 09:55:15 EDT 2017
#@# Fix Topology Copy lh Fri Jul  7 09:55:15 EDT 2017
#@# Fix Topology lh Fri Jul  7 09:55:15 EDT 2017
\n\n
New invocation of recon-all 
\n\n
status file for recon-all
Thu Jul 13 10:53:18 EDT 2017
#@# MotionCor Thu Jul 13 10:53:18 EDT 2017
recon-all -s sub-05 finished without error at Thu Jul 13 10:53:26 EDT 2017
\n\n
New invocation of recon-all 
\n\n
status file for recon-all
Thu Jul 13 10:53:26 EDT 2017
#@# Talairach Thu Jul 13 10:53:26 EDT 2017
#@# Talairach Failure Detection Thu Jul 13 10:55:00 EDT 2017
recon-all -s sub-05 finished without error at Thu Jul 13 10:55:01 EDT 2017
\n\n
New invocation of recon-all 
\n\n
status file for recon-all
Thu Jul 13 10:55:01 EDT 2017
#@# Nu Intensity Correction Thu Jul 13 10:55:01 EDT 2017
recon-all -s sub-05 finished without error at Thu Jul 13 10:56:48 EDT 2017
\n\n
New invocation of recon-all 
\n\n
status file for recon-all
Thu Jul 13 10:56:49 EDT 2017
#@# Intensity Normalization Thu Jul 13 10:56:49 EDT 2017
recon-all -s sub-05 finished without error at Thu Jul 13 10:58:56 EDT 2017
\n\n
New invocation of recon-all 
\n\n
status file for recon-all
Thu Jul 13 10:58:57 EDT 2017
#@# Skull Stripping Thu Jul 13 10:58:57 EDT 2017
recon-all -s sub-05 finished without error at Thu Jul 13 10:59:20 EDT 2017
\n\n
New invocation of recon-all 
\n\n
status file for recon-all
Thu Jul 13 10:59:21 EDT 2017
#@# EM Registration Thu Jul 13 10:59:21 EDT 2017
recon-all -s sub-05 finished without error at Thu Jul 13 11:11:03 EDT 2017
\n\n
New invocation of recon-all 
\n\n
status file for recon-all
Thu Jul 13 11:11:03 EDT 2017
#@# CA Normalize Thu Jul 13 11:11:03 EDT 2017
recon-all -s sub-05 finished without error at Thu Jul 13 11:12:21 EDT 2017
\n\n
New invocation of recon-all 
\n\n
status file for recon-all
Thu Jul 13 11:12:22 EDT 2017
#@# CA Reg Thu Jul 13 11:12:22 EDT 2017
recon-all -s sub-05 finished without error at Thu Jul 13 13:02:56 EDT 2017
\n\n
New invocation of recon-all 
\n\n
status file for recon-all
Thu Jul 13 13:02:57 EDT 2017
#@# SubCort Seg Thu Jul 13 13:02:57 EDT 2017
#@# Merge ASeg Thu Jul 13 13:52:54 EDT 2017
recon-all -s sub-05 finished without error at Thu Jul 13 13:52:54 EDT 2017
\n\n
New invocation of recon-all 
\n\n
status file for recon-all
Thu Jul 13 13:52:55 EDT 2017
#@# Intensity Normalization2 Thu Jul 13 13:52:55 EDT 2017
recon-all -s sub-05 finished without error at Thu Jul 13 13:55:51 EDT 2017
\n\n
New invocation of recon-all 
\n\n
status file for recon-all
Thu Jul 13 13:55:51 EDT 2017
#@# Mask BFS Thu Jul 13 13:55:51 EDT 2017
recon-all -s sub-05 finished without error at Thu Jul 13 13:55:53 EDT 2017
\n\n
New invocation of recon-all 
\n\n
status file for recon-all
Thu Jul 13 13:55:54 EDT 2017
#@# WM Segmentation Thu Jul 13 13:55:54 EDT 2017
recon-all -s sub-05 finished without error at Thu Jul 13 13:58:03 EDT 2017
\n\n
New invocation of recon-all 
\n\n
status file for recon-all
Thu Jul 13 13:58:03 EDT 2017
#@# Fill Thu Jul 13 13:58:03 EDT 2017
recon-all -s sub-05 finished without error at Thu Jul 13 13:58:37 EDT 2017
\n\n
New invocation of recon-all 
\n\n
status file for recon-all
Thu Jul 13 13:58:37 EDT 2017
#@# Tessellate lh Thu Jul 13 13:58:37 EDT 2017
recon-all -s sub-05 finished without error at Thu Jul 13 13:58:43 EDT 2017
\n\n
New invocation of recon-all 
\n\n
status file for recon-all
Thu Jul 13 13:58:43 EDT 2017
#@# Tessellate rh Thu Jul 13 13:58:43 EDT 2017
recon-all -s sub-05 finished without error at Thu Jul 13 13:58:48 EDT 2017
\n\n
New invocation of recon-all 
\n\n
status file for recon-all
Thu Jul 13 13:58:48 EDT 2017
#@# Smooth1 lh Thu Jul 13 13:58:49 EDT 2017
recon-all -s sub-05 finished without error at Thu Jul 13 13:58:57 EDT 2017
\n\n
New invocation of recon-all 
\n\n
status file for recon-all
Thu Jul 13 13:58:57 EDT 2017
#@# Smooth1 rh Thu Jul 13 13:58:57 EDT 2017
recon-all -s sub-05 finished without error at Thu Jul 13 13:59:05 EDT 2017
\n\n
New invocation of recon-all 
\n\n
status file for recon-all
Thu Jul 13 13:59:05 EDT 2017
#@# Inflation1 lh Thu Jul 13 13:59:05 EDT 2017
recon-all -s sub-05 finished without error at Thu Jul 13 13:59:34 EDT 2017
\n\n
New invocation of recon-all 
\n\n
status file for recon-all
Thu Jul 13 13:59:34 EDT 2017
#@# Inflation1 rh Thu Jul 13 13:59:34 EDT 2017
recon-all -s sub-05 finished without error at Thu Jul 13 14:00:03 EDT 2017
\n\n
New invocation of recon-all 
\n\n
status file for recon-all
Thu Jul 13 14:00:03 EDT 2017
#@# QSphere lh Thu Jul 13 14:00:03 EDT 2017
recon-all -s sub-05 finished without error at Thu Jul 13 14:03:04 EDT 2017
\n\n
New invocation of recon-all 
\n\n
status file for recon-all
Thu Jul 13 14:03:04 EDT 2017
#@# QSphere rh Thu Jul 13 14:03:04 EDT 2017
recon-all -s sub-05 finished without error at Thu Jul 13 14:05:52 EDT 2017
\n\n
New invocation of recon-all 
\n\n
status file for recon-all
Thu Jul 13 14:05:52 EDT 2017
#@# Fix Topology Copy lh Thu Jul 13 14:05:52 EDT 2017
#@# Fix Topology lh Thu Jul 13 14:05:52 EDT 2017
\n\n
New invocation of recon-all 
\n\n
status file for recon-all
Fri Jul 14 14:09:38 EDT 2017
#@# Intensity Normalization2 Fri Jul 14 14:09:38 EDT 2017
#@# Mask BFS Fri Jul 14 14:12:39 EDT 2017
#@# WM Segmentation Fri Jul 14 14:12:41 EDT 2017
#@# Fill Fri Jul 14 14:14:52 EDT 2017
#@# Tessellate lh Fri Jul 14 14:15:26 EDT 2017
#@# Tessellate rh Fri Jul 14 14:15:32 EDT 2017
#@# Smooth1 lh Fri Jul 14 14:15:38 EDT 2017
#@# Smooth1 rh Fri Jul 14 14:15:45 EDT 2017
#@# Inflation1 lh Fri Jul 14 14:15:53 EDT 2017
#@# Inflation1 rh Fri Jul 14 14:16:23 EDT 2017
#@# QSphere lh Fri Jul 14 14:16:52 EDT 2017
#@# QSphere rh Fri Jul 14 14:19:58 EDT 2017
#@# Fix Topology Copy lh Fri Jul 14 14:23:04 EDT 2017
#@# Fix Topology Copy rh Fri Jul 14 14:23:04 EDT 2017
#@# Fix Topology lh Fri Jul 14 14:23:04 EDT 2017
\n\n
New invocation of recon-all 
\n\n
status file for recon-all
Fri Jul 14 15:42:14 EDT 2017
#@# Intensity Normalization2 Fri Jul 14 15:42:14 EDT 2017
Darwin CFMI-iMac-10.local 16.6.0 Darwin Kernel Version 16.6.0: Fri Apr 14 16:21:16 PDT 2017; root:xnu-3789.60.24~6/RELEASE_X86_64 x86_64

recon-all -s sub-05 exited with ERRORS at Fri Jul 14 15:42:14 EDT 2017

\n\n
New invocation of recon-all 
\n\n
status file for recon-all
Fri Jul 14 15:43:30 EDT 2017
#@# MotionCor Fri Jul 14 15:43:30 EDT 2017
#@# Talairach Fri Jul 14 15:43:37 EDT 2017
#@# Talairach Failure Detection Fri Jul 14 15:45:02 EDT 2017
#@# Nu Intensity Correction Fri Jul 14 15:45:02 EDT 2017
#@# Intensity Normalization Fri Jul 14 15:46:36 EDT 2017
#@# Skull Stripping Fri Jul 14 15:48:37 EDT 2017
recon-all -s sub-05 finished without error at Fri Jul 14 15:48:59 EDT 2017
\n\n
New invocation of recon-all 
\n\n
status file for recon-all
Fri Jul 14 15:52:13 EDT 2017
#@# Mask BFS Fri Jul 14 15:52:13 EDT 2017
Darwin CFMI-iMac-10.local 16.6.0 Darwin Kernel Version 16.6.0: Fri Apr 14 16:21:16 PDT 2017; root:xnu-3789.60.24~6/RELEASE_X86_64 x86_64

recon-all -s sub-05 exited with ERRORS at Fri Jul 14 15:52:13 EDT 2017

\n\n
New invocation of recon-all 
\n\n
status file for recon-all
Fri Jul 14 15:52:55 EDT 2017
#@# EM Registration Fri Jul 14 15:52:55 EDT 2017
#@# CA Normalize Fri Jul 14 16:04:55 EDT 2017
#@# CA Reg Fri Jul 14 16:06:05 EDT 2017
#@# SubCort Seg Fri Jul 14 17:50:01 EDT 2017
#@# Merge ASeg Fri Jul 14 18:35:05 EDT 2017
#@# Intensity Normalization2 Fri Jul 14 18:35:05 EDT 2017
#@# Mask BFS Fri Jul 14 18:38:09 EDT 2017
#@# WM Segmentation Fri Jul 14 18:38:10 EDT 2017
#@# Fill Fri Jul 14 18:40:09 EDT 2017
#@# Tessellate lh Fri Jul 14 18:40:41 EDT 2017
#@# Tessellate rh Fri Jul 14 18:40:47 EDT 2017
#@# Smooth1 lh Fri Jul 14 18:40:51 EDT 2017
#@# Smooth1 rh Fri Jul 14 18:40:59 EDT 2017
#@# Inflation1 lh Fri Jul 14 18:41:06 EDT 2017
#@# Inflation1 rh Fri Jul 14 18:41:32 EDT 2017
#@# QSphere lh Fri Jul 14 18:41:58 EDT 2017
#@# QSphere rh Fri Jul 14 18:44:25 EDT 2017
#@# Fix Topology Copy lh Fri Jul 14 18:47:00 EDT 2017
#@# Fix Topology Copy rh Fri Jul 14 18:47:00 EDT 2017
#@# Fix Topology lh Fri Jul 14 18:47:00 EDT 2017
#@# Fix Topology rh Fri Jul 14 19:01:55 EDT 2017
#@# Make White Surf lh Fri Jul 14 19:23:19 EDT 2017
#@# Make White Surf rh Fri Jul 14 19:35:48 EDT 2017
#@# Smooth2 lh Fri Jul 14 19:48:28 EDT 2017
#@# Smooth2 rh Fri Jul 14 19:48:35 EDT 2017
#@# Inflation2 lh Fri Jul 14 19:48:42 EDT 2017
#@# Inflation2 rh Fri Jul 14 19:49:08 EDT 2017
#@# Curv .H and .K lh Fri Jul 14 19:49:34 EDT 2017
#@# Curv .H and .K rh Fri Jul 14 19:50:32 EDT 2017
#@# Curvature Stats lh Fri Jul 14 19:51:30 EDT 2017
#@# Curvature Stats rh Fri Jul 14 19:51:35 EDT 2017
recon-all -s sub-05 finished without error at Fri Jul 14 19:51:40 EDT 2017
\n\n
New invocation of recon-all 
\n\n
status file for recon-all
Mon Jul 17 11:15:27 EDT 2017
#@# Sphere lh Mon Jul 17 11:15:27 EDT 2017
#@# Sphere rh Mon Jul 17 11:44:31 EDT 2017
#@# Surf Reg lh Mon Jul 17 12:27:06 EDT 2017
#@# Surf Reg rh Mon Jul 17 13:12:52 EDT 2017
#@# Jacobian white lh Mon Jul 17 14:03:51 EDT 2017
#@# Jacobian white rh Mon Jul 17 14:03:53 EDT 2017
#@# AvgCurv lh Mon Jul 17 14:03:55 EDT 2017
#@# AvgCurv rh Mon Jul 17 14:03:57 EDT 2017
#@# Cortical Parc lh Mon Jul 17 14:03:58 EDT 2017
#@# Cortical Parc rh Mon Jul 17 14:04:13 EDT 2017
#@# Make Pial Surf lh Mon Jul 17 14:04:28 EDT 2017
#@# Make Pial Surf rh Mon Jul 17 14:18:28 EDT 2017
#@# Surf Volume lh Mon Jul 17 14:32:24 EDT 2017
#@# Surf Volume rh Mon Jul 17 14:32:29 EDT 2017
#@# Cortical ribbon mask Mon Jul 17 14:32:32 EDT 2017
#@# Parcellation Stats lh Mon Jul 17 14:45:56 EDT 2017
#@# Parcellation Stats rh Mon Jul 17 14:47:05 EDT 2017
#@# Cortical Parc 2 lh Mon Jul 17 14:48:14 EDT 2017
#@# Cortical Parc 2 rh Mon Jul 17 14:48:33 EDT 2017
#@# Parcellation Stats 2 lh Mon Jul 17 14:48:53 EDT 2017
#@# Parcellation Stats 2 rh Mon Jul 17 14:49:28 EDT 2017
#@# Cortical Parc 3 lh Mon Jul 17 14:50:04 EDT 2017
#@# Cortical Parc 3 rh Mon Jul 17 14:50:19 EDT 2017
#@# Parcellation Stats 3 lh Mon Jul 17 14:50:34 EDT 2017
#@# Parcellation Stats 3 rh Mon Jul 17 14:51:08 EDT 2017
#@# WM/GM Contrast lh Mon Jul 17 14:51:42 EDT 2017
#@# WM/GM Contrast rh Mon Jul 17 14:51:48 EDT 2017
#@# Relabel Hypointensities Mon Jul 17 14:51:54 EDT 2017
#@# AParc-to-ASeg aparc Mon Jul 17 14:52:16 EDT 2017
#@# AParc-to-ASeg a2009s Mon Jul 17 14:57:14 EDT 2017
#@# AParc-to-ASeg DKTatlas Mon Jul 17 15:02:01 EDT 2017
#@# APas-to-ASeg Mon Jul 17 15:06:38 EDT 2017
#@# ASeg Stats Mon Jul 17 15:06:44 EDT 2017
#@# WMParc Mon Jul 17 15:09:46 EDT 2017
#@# BA_exvivo Labels lh Mon Jul 17 15:18:46 EDT 2017
#@# BA_exvivo Labels rh Mon Jul 17 15:23:09 EDT 2017
recon-all -s sub-05 finished without error at Mon Jul 17 15:27:35 EDT 2017
