status file for recon-all
Thu Jul  6 19:08:38 EDT 2017
#@# MotionCor Thu Jul  6 19:08:47 EDT 2017
#@# Deface Thu Jul  6 19:08:57 EDT 2017
#@# Talairach Thu Jul  6 19:11:21 EDT 2017
#@# Talairach Failure Detection Thu Jul  6 19:12:58 EDT 2017
#@# Nu Intensity Correction Thu Jul  6 19:12:58 EDT 2017
#@# Intensity Normalization Thu Jul  6 19:14:32 EDT 2017
#@# Skull Stripping Thu Jul  6 19:16:55 EDT 2017
#@# EM Registration Thu Jul  6 19:29:01 EDT 2017
#@# CA Normalize Thu Jul  6 19:43:40 EDT 2017
#@# CA Reg Thu Jul  6 19:46:18 EDT 2017
#@# SubCort Seg Thu Jul  6 22:42:49 EDT 2017
#@# Merge ASeg Thu Jul  6 23:35:06 EDT 2017
#@# Intensity Normalization2 Thu Jul  6 23:35:06 EDT 2017
#@# Mask BFS Thu Jul  6 23:38:10 EDT 2017
#@# WM Segmentation Thu Jul  6 23:38:11 EDT 2017
#@# Fill Thu Jul  6 23:40:33 EDT 2017
#@# Tessellate lh Thu Jul  6 23:41:16 EDT 2017
#@# Tessellate rh Thu Jul  6 23:41:22 EDT 2017
#@# Smooth1 lh Thu Jul  6 23:41:27 EDT 2017
#@# Smooth1 rh Thu Jul  6 23:41:27 EDT 2017
Darwin trash-can.local 15.6.0 Darwin Kernel Version 15.6.0: Thu Jun 23 18:25:34 PDT 2016; root:xnu-3248.60.10~1/RELEASE_X86_64 x86_64 i386 MacPro6,1 Darwin

recon-all -s sub-06 exited with ERRORS at Thu Jul  6 23:41:27 EDT 2017

\n\n
New invocation of recon-all 
\n\n
status file for recon-all
Fri Jul  7 09:48:00 EDT 2017
#@# Smooth1 lh Fri Jul  7 09:48:00 EDT 2017
recon-all -s sub-06 finished without error at Fri Jul  7 09:48:09 EDT 2017
\n\n
New invocation of recon-all 
\n\n
status file for recon-all
Fri Jul  7 09:48:09 EDT 2017
#@# Smooth1 rh Fri Jul  7 09:48:09 EDT 2017
recon-all -s sub-06 finished without error at Fri Jul  7 09:48:18 EDT 2017
\n\n
New invocation of recon-all 
\n\n
status file for recon-all
Fri Jul  7 09:48:19 EDT 2017
#@# Inflation1 lh Fri Jul  7 09:48:19 EDT 2017
recon-all -s sub-06 finished without error at Fri Jul  7 09:48:39 EDT 2017
\n\n
New invocation of recon-all 
\n\n
status file for recon-all
Fri Jul  7 09:48:39 EDT 2017
#@# Inflation1 rh Fri Jul  7 09:48:39 EDT 2017
recon-all -s sub-06 finished without error at Fri Jul  7 09:49:00 EDT 2017
\n\n
New invocation of recon-all 
\n\n
status file for recon-all
Fri Jul  7 09:49:00 EDT 2017
#@# QSphere lh Fri Jul  7 09:49:00 EDT 2017
recon-all -s sub-06 finished without error at Fri Jul  7 09:51:20 EDT 2017
\n\n
New invocation of recon-all 
\n\n
status file for recon-all
Fri Jul  7 09:51:21 EDT 2017
#@# QSphere rh Fri Jul  7 09:51:21 EDT 2017
recon-all -s sub-06 finished without error at Fri Jul  7 09:54:08 EDT 2017
\n\n
New invocation of recon-all 
\n\n
status file for recon-all
Fri Jul  7 09:54:08 EDT 2017
#@# Fix Topology Copy lh Fri Jul  7 09:54:08 EDT 2017
#@# Fix Topology lh Fri Jul  7 09:54:08 EDT 2017
recon-all -s sub-06 finished without error at Fri Jul  7 10:22:37 EDT 2017
\n\n
New invocation of recon-all 
\n\n
status file for recon-all
Fri Jul  7 10:22:37 EDT 2017
#@# Fix Topology Copy rh Fri Jul  7 10:22:37 EDT 2017
#@# Fix Topology rh Fri Jul  7 10:22:38 EDT 2017
recon-all -s sub-06 finished without error at Fri Jul  7 11:34:00 EDT 2017
\n\n
New invocation of recon-all 
\n\n
status file for recon-all
Fri Jul  7 11:34:00 EDT 2017
#@# Make White Surf lh Fri Jul  7 11:34:00 EDT 2017
recon-all -s sub-06 finished without error at Fri Jul  7 11:51:26 EDT 2017
\n\n
New invocation of recon-all 
\n\n
status file for recon-all
Fri Jul  7 11:51:26 EDT 2017
#@# Make White Surf rh Fri Jul  7 11:51:26 EDT 2017
recon-all -s sub-06 finished without error at Fri Jul  7 12:11:50 EDT 2017
\n\n
New invocation of recon-all 
\n\n
status file for recon-all
Fri Jul  7 12:11:51 EDT 2017
#@# Smooth2 lh Fri Jul  7 12:11:51 EDT 2017
recon-all -s sub-06 finished without error at Fri Jul  7 12:12:02 EDT 2017
\n\n
New invocation of recon-all 
\n\n
status file for recon-all
Fri Jul  7 12:12:02 EDT 2017
#@# Inflation2 lh Fri Jul  7 12:12:02 EDT 2017
recon-all -s sub-06 finished without error at Fri Jul  7 12:12:25 EDT 2017
\n\n
New invocation of recon-all 
\n\n
status file for recon-all
Fri Jul  7 12:12:26 EDT 2017
#@# Sphere lh Fri Jul  7 12:12:26 EDT 2017
recon-all -s sub-06 finished without error at Fri Jul  7 12:32:22 EDT 2017
\n\n
New invocation of recon-all 
\n\n
status file for recon-all
Fri Jul  7 12:32:23 EDT 2017
#@# Surf Reg lh Fri Jul  7 12:32:23 EDT 2017
recon-all -s sub-06 finished without error at Fri Jul  7 13:04:35 EDT 2017
\n\n
New invocation of recon-all 
\n\n
status file for recon-all
Fri Jul  7 13:04:35 EDT 2017
#@# Cortical Parc lh Fri Jul  7 13:04:35 EDT 2017
recon-all -s sub-06 finished without error at Fri Jul  7 13:04:58 EDT 2017
\n\n
New invocation of recon-all 
\n\n
status file for recon-all
Fri Jul  7 13:04:58 EDT 2017
#@# Make Pial Surf lh Fri Jul  7 13:04:58 EDT 2017
#@# Surf Volume lh Fri Jul  7 13:23:50 EDT 2017
recon-all -s sub-06 finished without error at Fri Jul  7 13:23:53 EDT 2017
\n\n
New invocation of recon-all 
\n\n
status file for recon-all
Fri Jul  7 13:23:54 EDT 2017
#@# Surf Volume lh Fri Jul  7 13:23:54 EDT 2017
recon-all -s sub-06 finished without error at Fri Jul  7 13:23:58 EDT 2017
\n\n
New invocation of recon-all 
\n\n
status file for recon-all
Fri Jul  7 13:23:59 EDT 2017
#@# Smooth2 rh Fri Jul  7 13:23:59 EDT 2017
recon-all -s sub-06 finished without error at Fri Jul  7 13:24:08 EDT 2017
\n\n
New invocation of recon-all 
\n\n
status file for recon-all
Fri Jul  7 13:24:09 EDT 2017
#@# Inflation2 rh Fri Jul  7 13:24:09 EDT 2017
recon-all -s sub-06 finished without error at Fri Jul  7 13:24:33 EDT 2017
\n\n
New invocation of recon-all 
\n\n
status file for recon-all
Fri Jul  7 13:24:34 EDT 2017
#@# Sphere rh Fri Jul  7 13:24:34 EDT 2017
recon-all -s sub-06 finished without error at Fri Jul  7 13:46:43 EDT 2017
\n\n
New invocation of recon-all 
\n\n
status file for recon-all
Fri Jul  7 13:46:44 EDT 2017
#@# Surf Reg rh Fri Jul  7 13:46:44 EDT 2017
recon-all -s sub-06 finished without error at Fri Jul  7 14:17:48 EDT 2017
\n\n
New invocation of recon-all 
\n\n
status file for recon-all
Fri Jul  7 14:17:49 EDT 2017
#@# Cortical Parc rh Fri Jul  7 14:17:49 EDT 2017
recon-all -s sub-06 finished without error at Fri Jul  7 14:18:04 EDT 2017
\n\n
New invocation of recon-all 
\n\n
status file for recon-all
Fri Jul  7 14:18:04 EDT 2017
#@# Make Pial Surf rh Fri Jul  7 14:18:04 EDT 2017
#@# Surf Volume rh Fri Jul  7 14:35:39 EDT 2017
recon-all -s sub-06 finished without error at Fri Jul  7 14:35:43 EDT 2017
\n\n
New invocation of recon-all 
\n\n
status file for recon-all
Fri Jul  7 14:35:44 EDT 2017
#@# Surf Volume rh Fri Jul  7 14:35:44 EDT 2017
recon-all -s sub-06 finished without error at Fri Jul  7 14:35:48 EDT 2017
\n\n
New invocation of recon-all 
\n\n
status file for recon-all
Fri Jul  7 14:35:48 EDT 2017
#@# Curv .H and .K lh Fri Jul  7 14:35:48 EDT 2017
recon-all -s sub-06 finished without error at Fri Jul  7 14:37:07 EDT 2017
\n\n
New invocation of recon-all 
\n\n
status file for recon-all
Fri Jul  7 14:37:07 EDT 2017
#@# Curv .H and .K rh Fri Jul  7 14:37:07 EDT 2017
recon-all -s sub-06 finished without error at Fri Jul  7 14:38:27 EDT 2017
\n\n
New invocation of recon-all 
\n\n
status file for recon-all
Fri Jul  7 14:38:27 EDT 2017
#@# Curvature Stats lh Fri Jul  7 14:38:27 EDT 2017
recon-all -s sub-06 finished without error at Fri Jul  7 14:38:34 EDT 2017
\n\n
New invocation of recon-all 
\n\n
status file for recon-all
Fri Jul  7 14:38:34 EDT 2017
#@# Curvature Stats rh Fri Jul  7 14:38:34 EDT 2017
recon-all -s sub-06 finished without error at Fri Jul  7 14:38:41 EDT 2017
\n\n
New invocation of recon-all 
\n\n
status file for recon-all
Fri Jul  7 14:38:41 EDT 2017
#@# Jacobian white lh Fri Jul  7 14:38:41 EDT 2017
recon-all -s sub-06 finished without error at Fri Jul  7 14:38:43 EDT 2017
\n\n
New invocation of recon-all 
\n\n
status file for recon-all
Fri Jul  7 14:38:43 EDT 2017
#@# Jacobian white rh Fri Jul  7 14:38:43 EDT 2017
recon-all -s sub-06 finished without error at Fri Jul  7 14:38:45 EDT 2017
\n\n
New invocation of recon-all 
\n\n
status file for recon-all
Fri Jul  7 14:38:46 EDT 2017
#@# AvgCurv lh Fri Jul  7 14:38:46 EDT 2017
recon-all -s sub-06 finished without error at Fri Jul  7 14:38:48 EDT 2017
\n\n
New invocation of recon-all 
\n\n
status file for recon-all
Fri Jul  7 14:38:48 EDT 2017
#@# AvgCurv rh Fri Jul  7 14:38:48 EDT 2017
recon-all -s sub-06 finished without error at Fri Jul  7 14:38:50 EDT 2017
\n\n
New invocation of recon-all 
\n\n
status file for recon-all
Fri Jul  7 14:38:51 EDT 2017
#@# Cortical ribbon mask Fri Jul  7 14:38:51 EDT 2017
recon-all -s sub-06 finished without error at Fri Jul  7 14:51:36 EDT 2017
\n\n
New invocation of recon-all 
\n\n
status file for recon-all
Fri Jul  7 14:51:37 EDT 2017
#@# Parcellation Stats lh Fri Jul  7 14:51:37 EDT 2017
recon-all -s sub-06 finished without error at Fri Jul  7 14:52:47 EDT 2017
\n\n
New invocation of recon-all 
\n\n
status file for recon-all
Fri Jul  7 14:52:47 EDT 2017
#@# Parcellation Stats rh Fri Jul  7 14:52:47 EDT 2017
recon-all -s sub-06 finished without error at Fri Jul  7 14:53:57 EDT 2017
\n\n
New invocation of recon-all 
\n\n
status file for recon-all
Fri Jul  7 14:53:57 EDT 2017
#@# Cortical Parc 2 lh Fri Jul  7 14:53:57 EDT 2017
recon-all -s sub-06 finished without error at Fri Jul  7 14:54:15 EDT 2017
\n\n
New invocation of recon-all 
\n\n
status file for recon-all
Fri Jul  7 14:54:15 EDT 2017
#@# Cortical Parc 2 rh Fri Jul  7 14:54:15 EDT 2017
recon-all -s sub-06 finished without error at Fri Jul  7 14:54:34 EDT 2017
\n\n
New invocation of recon-all 
\n\n
status file for recon-all
Fri Jul  7 14:54:34 EDT 2017
#@# Parcellation Stats 2 lh Fri Jul  7 14:54:34 EDT 2017
recon-all -s sub-06 finished without error at Fri Jul  7 14:55:08 EDT 2017
\n\n
New invocation of recon-all 
\n\n
status file for recon-all
Fri Jul  7 14:55:09 EDT 2017
#@# Parcellation Stats 2 rh Fri Jul  7 14:55:09 EDT 2017
recon-all -s sub-06 finished without error at Fri Jul  7 14:55:42 EDT 2017
\n\n
New invocation of recon-all 
\n\n
status file for recon-all
Fri Jul  7 14:55:43 EDT 2017
#@# Cortical Parc 3 lh Fri Jul  7 14:55:43 EDT 2017
recon-all -s sub-06 finished without error at Fri Jul  7 14:55:57 EDT 2017
\n\n
New invocation of recon-all 
\n\n
status file for recon-all
Fri Jul  7 14:55:58 EDT 2017
#@# Cortical Parc 3 rh Fri Jul  7 14:55:58 EDT 2017
recon-all -s sub-06 finished without error at Fri Jul  7 14:56:13 EDT 2017
\n\n
New invocation of recon-all 
\n\n
status file for recon-all
Fri Jul  7 14:56:13 EDT 2017
#@# Parcellation Stats 3 lh Fri Jul  7 14:56:13 EDT 2017
recon-all -s sub-06 finished without error at Fri Jul  7 14:56:47 EDT 2017
\n\n
New invocation of recon-all 
\n\n
status file for recon-all
Fri Jul  7 14:56:47 EDT 2017
#@# Parcellation Stats 3 rh Fri Jul  7 14:56:47 EDT 2017
recon-all -s sub-06 finished without error at Fri Jul  7 14:57:20 EDT 2017
\n\n
New invocation of recon-all 
\n\n
status file for recon-all
Fri Jul  7 14:57:20 EDT 2017
#@# WM/GM Contrast lh Fri Jul  7 14:57:20 EDT 2017
recon-all -s sub-06 finished without error at Fri Jul  7 14:57:27 EDT 2017
\n\n
New invocation of recon-all 
\n\n
status file for recon-all
Fri Jul  7 14:57:27 EDT 2017
#@# WM/GM Contrast rh Fri Jul  7 14:57:27 EDT 2017
recon-all -s sub-06 finished without error at Fri Jul  7 14:57:32 EDT 2017
\n\n
New invocation of recon-all 
\n\n
status file for recon-all
Fri Jul  7 14:57:33 EDT 2017
#@# Relabel Hypointensities Fri Jul  7 14:57:33 EDT 2017
recon-all -s sub-06 finished without error at Fri Jul  7 14:57:57 EDT 2017
\n\n
New invocation of recon-all 
\n\n
status file for recon-all
Fri Jul  7 14:57:57 EDT 2017
#@# AParc-to-ASeg aparc Fri Jul  7 14:57:57 EDT 2017
#@# AParc-to-ASeg a2009s Fri Jul  7 15:02:48 EDT 2017
#@# AParc-to-ASeg DKTatlas Fri Jul  7 15:08:20 EDT 2017
recon-all -s sub-06 finished without error at Fri Jul  7 15:13:55 EDT 2017
\n\n
New invocation of recon-all 
\n\n
status file for recon-all
Fri Jul  7 15:13:56 EDT 2017
#@# APas-to-ASeg Fri Jul  7 15:13:56 EDT 2017
recon-all -s sub-06 finished without error at Fri Jul  7 15:14:03 EDT 2017
\n\n
New invocation of recon-all 
\n\n
status file for recon-all
Fri Jul  7 15:14:03 EDT 2017
#@# ASeg Stats Fri Jul  7 15:14:03 EDT 2017
recon-all -s sub-06 finished without error at Fri Jul  7 15:15:50 EDT 2017
\n\n
New invocation of recon-all 
\n\n
status file for recon-all
Fri Jul  7 15:15:51 EDT 2017
#@# WMParc Fri Jul  7 15:15:51 EDT 2017
recon-all -s sub-06 finished without error at Fri Jul  7 15:24:07 EDT 2017
\n\n
New invocation of recon-all 
\n\n
status file for recon-all
Fri Jul  7 15:24:07 EDT 2017
#@# BA_exvivo Labels lh Fri Jul  7 15:24:08 EDT 2017
recon-all -s sub-06 finished without error at Fri Jul  7 15:29:04 EDT 2017
\n\n
New invocation of recon-all 
\n\n
status file for recon-all
Fri Jul  7 15:29:04 EDT 2017
#@# BA_exvivo Labels rh Fri Jul  7 15:29:04 EDT 2017
recon-all -s sub-06 finished without error at Fri Jul  7 15:33:51 EDT 2017
\n\n
New invocation of recon-all 
\n\n
status file for recon-all
Wed Jul 12 09:16:21 EDT 2017
#@# MotionCor Wed Jul 12 09:16:21 EDT 2017
Darwin CFMI-iMac-10.local 16.6.0 Darwin Kernel Version 16.6.0: Fri Apr 14 16:21:16 PDT 2017; root:xnu-3789.60.24~6/RELEASE_X86_64 x86_64

recon-all -s sub-06 exited with ERRORS at Wed Jul 12 09:16:21 EDT 2017

\n\n
New invocation of recon-all 
\n\n
status file for recon-all
Tue Jul 18 15:22:30 EDT 2017
#@# MotionCor Tue Jul 18 15:22:30 EDT 2017
Darwin CFMI-iMac-10.local 16.6.0 Darwin Kernel Version 16.6.0: Fri Apr 14 16:21:16 PDT 2017; root:xnu-3789.60.24~6/RELEASE_X86_64 x86_64

recon-all -s sub-06 exited with ERRORS at Tue Jul 18 15:22:30 EDT 2017

\n\n
New invocation of recon-all 
\n\n
status file for recon-all
Thu Jul 20 08:20:31 EDT 2017
#@# MotionCor Thu Jul 20 08:20:31 EDT 2017
recon-all -s sub-06 finished without error at Thu Jul 20 08:20:39 EDT 2017
\n\n
New invocation of recon-all 
\n\n
status file for recon-all
Thu Jul 20 08:20:39 EDT 2017
#@# Talairach Thu Jul 20 08:20:39 EDT 2017
#@# Talairach Failure Detection Thu Jul 20 08:22:04 EDT 2017
recon-all -s sub-06 finished without error at Thu Jul 20 08:22:05 EDT 2017
\n\n
New invocation of recon-all 
\n\n
status file for recon-all
Thu Jul 20 08:22:05 EDT 2017
#@# Nu Intensity Correction Thu Jul 20 08:22:05 EDT 2017
recon-all -s sub-06 finished without error at Thu Jul 20 08:23:42 EDT 2017
\n\n
New invocation of recon-all 
\n\n
status file for recon-all
Thu Jul 20 08:23:42 EDT 2017
#@# Intensity Normalization Thu Jul 20 08:23:42 EDT 2017
recon-all -s sub-06 finished without error at Thu Jul 20 08:25:44 EDT 2017
\n\n
New invocation of recon-all 
\n\n
status file for recon-all
Thu Jul 20 08:25:44 EDT 2017
#@# Skull Stripping Thu Jul 20 08:25:44 EDT 2017
recon-all -s sub-06 finished without error at Thu Jul 20 08:26:07 EDT 2017
\n\n
New invocation of recon-all 
\n\n
status file for recon-all
Thu Jul 20 08:26:07 EDT 2017
#@# EM Registration Thu Jul 20 08:26:07 EDT 2017
recon-all -s sub-06 finished without error at Thu Jul 20 08:36:21 EDT 2017
\n\n
New invocation of recon-all 
\n\n
status file for recon-all
Thu Jul 20 08:36:21 EDT 2017
#@# CA Normalize Thu Jul 20 08:36:21 EDT 2017
recon-all -s sub-06 finished without error at Thu Jul 20 08:37:34 EDT 2017
\n\n
New invocation of recon-all 
\n\n
status file for recon-all
Thu Jul 20 08:37:35 EDT 2017
#@# CA Reg Thu Jul 20 08:37:35 EDT 2017
recon-all -s sub-06 finished without error at Thu Jul 20 10:26:24 EDT 2017
\n\n
New invocation of recon-all 
\n\n
status file for recon-all
Thu Jul 20 10:26:24 EDT 2017
#@# SubCort Seg Thu Jul 20 10:26:24 EDT 2017
#@# Merge ASeg Thu Jul 20 11:04:10 EDT 2017
recon-all -s sub-06 finished without error at Thu Jul 20 11:04:10 EDT 2017
\n\n
New invocation of recon-all 
\n\n
status file for recon-all
Thu Jul 20 11:04:11 EDT 2017
#@# Intensity Normalization2 Thu Jul 20 11:04:11 EDT 2017
recon-all -s sub-06 finished without error at Thu Jul 20 11:07:10 EDT 2017
\n\n
New invocation of recon-all 
\n\n
status file for recon-all
Thu Jul 20 11:07:11 EDT 2017
#@# Mask BFS Thu Jul 20 11:07:11 EDT 2017
recon-all -s sub-06 finished without error at Thu Jul 20 11:07:12 EDT 2017
\n\n
New invocation of recon-all 
\n\n
status file for recon-all
Thu Jul 20 11:07:13 EDT 2017
#@# WM Segmentation Thu Jul 20 11:07:13 EDT 2017
recon-all -s sub-06 finished without error at Thu Jul 20 11:09:09 EDT 2017
\n\n
New invocation of recon-all 
\n\n
status file for recon-all
Thu Jul 20 11:09:09 EDT 2017
#@# Fill Thu Jul 20 11:09:09 EDT 2017
recon-all -s sub-06 finished without error at Thu Jul 20 11:09:41 EDT 2017
\n\n
New invocation of recon-all 
\n\n
status file for recon-all
Thu Jul 20 11:09:41 EDT 2017
#@# Tessellate lh Thu Jul 20 11:09:41 EDT 2017
recon-all -s sub-06 finished without error at Thu Jul 20 11:09:47 EDT 2017
\n\n
New invocation of recon-all 
\n\n
status file for recon-all
Thu Jul 20 11:09:47 EDT 2017
#@# Tessellate rh Thu Jul 20 11:09:47 EDT 2017
recon-all -s sub-06 finished without error at Thu Jul 20 11:09:52 EDT 2017
\n\n
New invocation of recon-all 
\n\n
status file for recon-all
Thu Jul 20 11:09:52 EDT 2017
#@# Smooth1 lh Thu Jul 20 11:09:52 EDT 2017
recon-all -s sub-06 finished without error at Thu Jul 20 11:09:58 EDT 2017
\n\n
New invocation of recon-all 
\n\n
status file for recon-all
Thu Jul 20 11:09:58 EDT 2017
#@# Smooth1 rh Thu Jul 20 11:09:58 EDT 2017
recon-all -s sub-06 finished without error at Thu Jul 20 11:10:05 EDT 2017
\n\n
New invocation of recon-all 
\n\n
status file for recon-all
Thu Jul 20 11:10:05 EDT 2017
#@# Inflation1 lh Thu Jul 20 11:10:05 EDT 2017
recon-all -s sub-06 finished without error at Thu Jul 20 11:10:28 EDT 2017
\n\n
New invocation of recon-all 
\n\n
status file for recon-all
Thu Jul 20 11:10:28 EDT 2017
#@# Inflation1 rh Thu Jul 20 11:10:28 EDT 2017
recon-all -s sub-06 finished without error at Thu Jul 20 11:10:50 EDT 2017
\n\n
New invocation of recon-all 
\n\n
status file for recon-all
Thu Jul 20 11:10:50 EDT 2017
#@# QSphere lh Thu Jul 20 11:10:50 EDT 2017
recon-all -s sub-06 finished without error at Thu Jul 20 11:12:59 EDT 2017
\n\n
New invocation of recon-all 
\n\n
status file for recon-all
Thu Jul 20 11:12:59 EDT 2017
#@# QSphere rh Thu Jul 20 11:12:59 EDT 2017
recon-all -s sub-06 finished without error at Thu Jul 20 11:15:08 EDT 2017
\n\n
New invocation of recon-all 
\n\n
status file for recon-all
Thu Jul 20 11:15:08 EDT 2017
#@# Fix Topology Copy lh Thu Jul 20 11:15:08 EDT 2017
#@# Fix Topology lh Thu Jul 20 11:15:08 EDT 2017
recon-all -s sub-06 finished without error at Thu Jul 20 11:41:01 EDT 2017
\n\n
New invocation of recon-all 
\n\n
status file for recon-all
Thu Jul 20 11:41:02 EDT 2017
#@# Fix Topology Copy rh Thu Jul 20 11:41:02 EDT 2017
#@# Fix Topology rh Thu Jul 20 11:41:02 EDT 2017
recon-all -s sub-06 finished without error at Thu Jul 20 12:07:49 EDT 2017
\n\n
New invocation of recon-all 
\n\n
status file for recon-all
Thu Jul 20 12:07:49 EDT 2017
#@# Make White Surf lh Thu Jul 20 12:07:49 EDT 2017
recon-all -s sub-06 finished without error at Thu Jul 20 12:18:56 EDT 2017
\n\n
New invocation of recon-all 
\n\n
status file for recon-all
Thu Jul 20 12:18:56 EDT 2017
#@# Make White Surf rh Thu Jul 20 12:18:56 EDT 2017
recon-all -s sub-06 finished without error at Thu Jul 20 12:30:20 EDT 2017
\n\n
New invocation of recon-all 
\n\n
status file for recon-all
Thu Jul 20 12:30:20 EDT 2017
#@# Smooth2 lh Thu Jul 20 12:30:20 EDT 2017
recon-all -s sub-06 finished without error at Thu Jul 20 12:30:26 EDT 2017
\n\n
New invocation of recon-all 
\n\n
status file for recon-all
Thu Jul 20 12:30:26 EDT 2017
#@# Inflation2 lh Thu Jul 20 12:30:26 EDT 2017
recon-all -s sub-06 finished without error at Thu Jul 20 12:30:48 EDT 2017
\n\n
New invocation of recon-all 
\n\n
status file for recon-all
Thu Jul 20 12:30:48 EDT 2017
#@# Sphere lh Thu Jul 20 12:30:48 EDT 2017
recon-all -s sub-06 finished without error at Thu Jul 20 12:59:22 EDT 2017
\n\n
New invocation of recon-all 
\n\n
status file for recon-all
Thu Jul 20 12:59:22 EDT 2017
#@# Surf Reg lh Thu Jul 20 12:59:22 EDT 2017
recon-all -s sub-06 finished without error at Thu Jul 20 13:30:58 EDT 2017
\n\n
New invocation of recon-all 
\n\n
status file for recon-all
Thu Jul 20 13:30:58 EDT 2017
#@# Cortical Parc lh Thu Jul 20 13:30:58 EDT 2017
recon-all -s sub-06 finished without error at Thu Jul 20 13:31:10 EDT 2017
\n\n
New invocation of recon-all 
\n\n
status file for recon-all
Thu Jul 20 13:31:10 EDT 2017
#@# Make Pial Surf lh Thu Jul 20 13:31:11 EDT 2017
#@# Surf Volume lh Thu Jul 20 13:42:10 EDT 2017
recon-all -s sub-06 finished without error at Thu Jul 20 13:42:13 EDT 2017
\n\n
New invocation of recon-all 
\n\n
status file for recon-all
Thu Jul 20 13:42:13 EDT 2017
#@# Surf Volume lh Thu Jul 20 13:42:13 EDT 2017
recon-all -s sub-06 finished without error at Thu Jul 20 13:42:16 EDT 2017
\n\n
New invocation of recon-all 
\n\n
status file for recon-all
Thu Jul 20 13:42:16 EDT 2017
#@# Smooth2 rh Thu Jul 20 13:42:16 EDT 2017
recon-all -s sub-06 finished without error at Thu Jul 20 13:42:22 EDT 2017
\n\n
New invocation of recon-all 
\n\n
status file for recon-all
Thu Jul 20 13:42:22 EDT 2017
#@# Inflation2 rh Thu Jul 20 13:42:22 EDT 2017
recon-all -s sub-06 finished without error at Thu Jul 20 13:42:44 EDT 2017
\n\n
New invocation of recon-all 
\n\n
status file for recon-all
Thu Jul 20 13:42:44 EDT 2017
#@# Sphere rh Thu Jul 20 13:42:44 EDT 2017
recon-all -s sub-06 finished without error at Thu Jul 20 14:10:03 EDT 2017
\n\n
New invocation of recon-all 
\n\n
status file for recon-all
Thu Jul 20 14:10:03 EDT 2017
#@# Surf Reg rh Thu Jul 20 14:10:03 EDT 2017
recon-all -s sub-06 finished without error at Thu Jul 20 14:40:47 EDT 2017
\n\n
New invocation of recon-all 
\n\n
status file for recon-all
Thu Jul 20 14:40:47 EDT 2017
#@# Cortical Parc rh Thu Jul 20 14:40:47 EDT 2017
recon-all -s sub-06 finished without error at Thu Jul 20 14:40:59 EDT 2017
\n\n
New invocation of recon-all 
\n\n
status file for recon-all
Thu Jul 20 14:40:59 EDT 2017
#@# Make Pial Surf rh Thu Jul 20 14:40:59 EDT 2017
#@# Surf Volume rh Thu Jul 20 14:52:03 EDT 2017
recon-all -s sub-06 finished without error at Thu Jul 20 14:52:06 EDT 2017
\n\n
New invocation of recon-all 
\n\n
status file for recon-all
Thu Jul 20 14:52:06 EDT 2017
#@# Surf Volume rh Thu Jul 20 14:52:06 EDT 2017
recon-all -s sub-06 finished without error at Thu Jul 20 14:52:08 EDT 2017
\n\n
New invocation of recon-all 
\n\n
status file for recon-all
Thu Jul 20 14:52:09 EDT 2017
#@# Curv .H and .K lh Thu Jul 20 14:52:09 EDT 2017
recon-all -s sub-06 finished without error at Thu Jul 20 14:52:58 EDT 2017
\n\n
New invocation of recon-all 
\n\n
status file for recon-all
Thu Jul 20 14:52:59 EDT 2017
#@# Curv .H and .K rh Thu Jul 20 14:52:59 EDT 2017
recon-all -s sub-06 finished without error at Thu Jul 20 14:53:50 EDT 2017
\n\n
New invocation of recon-all 
\n\n
status file for recon-all
Thu Jul 20 14:53:50 EDT 2017
#@# Curvature Stats lh Thu Jul 20 14:53:50 EDT 2017
recon-all -s sub-06 finished without error at Thu Jul 20 14:53:54 EDT 2017
\n\n
New invocation of recon-all 
\n\n
status file for recon-all
Thu Jul 20 14:53:54 EDT 2017
#@# Curvature Stats rh Thu Jul 20 14:53:54 EDT 2017
recon-all -s sub-06 finished without error at Thu Jul 20 14:53:59 EDT 2017
\n\n
New invocation of recon-all 
\n\n
status file for recon-all
Thu Jul 20 14:53:59 EDT 2017
#@# Jacobian white lh Thu Jul 20 14:53:59 EDT 2017
recon-all -s sub-06 finished without error at Thu Jul 20 14:54:01 EDT 2017
\n\n
New invocation of recon-all 
\n\n
status file for recon-all
Thu Jul 20 14:54:01 EDT 2017
#@# Jacobian white rh Thu Jul 20 14:54:01 EDT 2017
recon-all -s sub-06 finished without error at Thu Jul 20 14:54:02 EDT 2017
\n\n
New invocation of recon-all 
\n\n
status file for recon-all
Thu Jul 20 14:54:02 EDT 2017
#@# AvgCurv lh Thu Jul 20 14:54:02 EDT 2017
recon-all -s sub-06 finished without error at Thu Jul 20 14:54:04 EDT 2017
\n\n
New invocation of recon-all 
\n\n
status file for recon-all
Thu Jul 20 14:54:04 EDT 2017
#@# AvgCurv rh Thu Jul 20 14:54:04 EDT 2017
recon-all -s sub-06 finished without error at Thu Jul 20 14:54:05 EDT 2017
\n\n
New invocation of recon-all 
\n\n
status file for recon-all
Thu Jul 20 14:54:06 EDT 2017
#@# Cortical ribbon mask Thu Jul 20 14:54:06 EDT 2017
recon-all -s sub-06 finished without error at Thu Jul 20 15:01:57 EDT 2017
\n\n
New invocation of recon-all 
\n\n
status file for recon-all
Thu Jul 20 15:01:57 EDT 2017
#@# Parcellation Stats lh Thu Jul 20 15:01:57 EDT 2017
recon-all -s sub-06 finished without error at Thu Jul 20 15:02:49 EDT 2017
\n\n
New invocation of recon-all 
\n\n
status file for recon-all
Thu Jul 20 15:02:49 EDT 2017
#@# Parcellation Stats rh Thu Jul 20 15:02:49 EDT 2017
recon-all -s sub-06 finished without error at Thu Jul 20 15:03:42 EDT 2017
\n\n
New invocation of recon-all 
\n\n
status file for recon-all
Thu Jul 20 15:03:42 EDT 2017
#@# Cortical Parc 2 lh Thu Jul 20 15:03:42 EDT 2017
recon-all -s sub-06 finished without error at Thu Jul 20 15:03:57 EDT 2017
\n\n
New invocation of recon-all 
\n\n
status file for recon-all
Thu Jul 20 15:03:57 EDT 2017
#@# Cortical Parc 2 rh Thu Jul 20 15:03:57 EDT 2017
recon-all -s sub-06 finished without error at Thu Jul 20 15:04:13 EDT 2017
\n\n
New invocation of recon-all 
\n\n
status file for recon-all
Thu Jul 20 15:04:13 EDT 2017
#@# Parcellation Stats 2 lh Thu Jul 20 15:04:13 EDT 2017
recon-all -s sub-06 finished without error at Thu Jul 20 15:04:40 EDT 2017
\n\n
New invocation of recon-all 
\n\n
status file for recon-all
Thu Jul 20 15:04:40 EDT 2017
#@# Parcellation Stats 2 rh Thu Jul 20 15:04:40 EDT 2017
recon-all -s sub-06 finished without error at Thu Jul 20 15:05:08 EDT 2017
\n\n
New invocation of recon-all 
\n\n
status file for recon-all
Thu Jul 20 15:05:08 EDT 2017
#@# Cortical Parc 3 lh Thu Jul 20 15:05:08 EDT 2017
recon-all -s sub-06 finished without error at Thu Jul 20 15:05:20 EDT 2017
\n\n
New invocation of recon-all 
\n\n
status file for recon-all
Thu Jul 20 15:05:20 EDT 2017
#@# Cortical Parc 3 rh Thu Jul 20 15:05:20 EDT 2017
recon-all -s sub-06 finished without error at Thu Jul 20 15:05:33 EDT 2017
\n\n
New invocation of recon-all 
\n\n
status file for recon-all
Thu Jul 20 15:05:33 EDT 2017
#@# Parcellation Stats 3 lh Thu Jul 20 15:05:33 EDT 2017
recon-all -s sub-06 finished without error at Thu Jul 20 15:05:59 EDT 2017
\n\n
New invocation of recon-all 
\n\n
status file for recon-all
Thu Jul 20 15:05:59 EDT 2017
#@# Parcellation Stats 3 rh Thu Jul 20 15:05:59 EDT 2017
recon-all -s sub-06 finished without error at Thu Jul 20 15:06:26 EDT 2017
\n\n
New invocation of recon-all 
\n\n
status file for recon-all
Thu Jul 20 15:06:26 EDT 2017
#@# WM/GM Contrast lh Thu Jul 20 15:06:26 EDT 2017
recon-all -s sub-06 finished without error at Thu Jul 20 15:06:31 EDT 2017
\n\n
New invocation of recon-all 
\n\n
status file for recon-all
Thu Jul 20 15:06:31 EDT 2017
#@# WM/GM Contrast rh Thu Jul 20 15:06:31 EDT 2017
recon-all -s sub-06 finished without error at Thu Jul 20 15:06:36 EDT 2017
\n\n
New invocation of recon-all 
\n\n
status file for recon-all
Thu Jul 20 15:06:36 EDT 2017
#@# Relabel Hypointensities Thu Jul 20 15:06:36 EDT 2017
recon-all -s sub-06 finished without error at Thu Jul 20 15:06:54 EDT 2017
\n\n
New invocation of recon-all 
\n\n
status file for recon-all
Thu Jul 20 15:06:54 EDT 2017
#@# AParc-to-ASeg aparc Thu Jul 20 15:06:54 EDT 2017
#@# AParc-to-ASeg a2009s Thu Jul 20 15:10:51 EDT 2017
#@# AParc-to-ASeg DKTatlas Thu Jul 20 15:14:46 EDT 2017
recon-all -s sub-06 finished without error at Thu Jul 20 15:18:42 EDT 2017
\n\n
New invocation of recon-all 
\n\n
status file for recon-all
Thu Jul 20 15:18:42 EDT 2017
#@# APas-to-ASeg Thu Jul 20 15:18:42 EDT 2017
recon-all -s sub-06 finished without error at Thu Jul 20 15:18:47 EDT 2017
\n\n
New invocation of recon-all 
\n\n
status file for recon-all
Thu Jul 20 15:18:48 EDT 2017
#@# ASeg Stats Thu Jul 20 15:18:48 EDT 2017
recon-all -s sub-06 finished without error at Thu Jul 20 15:21:28 EDT 2017
\n\n
New invocation of recon-all 
\n\n
status file for recon-all
Thu Jul 20 15:21:28 EDT 2017
#@# WMParc Thu Jul 20 15:21:28 EDT 2017
recon-all -s sub-06 finished without error at Thu Jul 20 15:28:18 EDT 2017
\n\n
New invocation of recon-all 
\n\n
status file for recon-all
Thu Jul 20 15:28:19 EDT 2017
#@# BA_exvivo Labels lh Thu Jul 20 15:28:19 EDT 2017
recon-all -s sub-06 finished without error at Thu Jul 20 15:31:47 EDT 2017
\n\n
New invocation of recon-all 
\n\n
status file for recon-all
Thu Jul 20 15:31:48 EDT 2017
#@# BA_exvivo Labels rh Thu Jul 20 15:31:48 EDT 2017
recon-all -s sub-06 finished without error at Thu Jul 20 15:35:18 EDT 2017
