Log file for bmedits2surf
Tue Jul 18 15:40:42 EDT 2017

setenv SUBJECTS_DIR /Users/freesurfer_user/Documents/Github/Edits-FreeSurfer-Training-Data
cd /Users/freesurfer_user/Documents/Github/Edits-FreeSurfer-Training-Data
/Applications/freesurfer/bin/bmedits2surf --s sub-08 --overwrite

freesurfer-Darwin-OSX-stable-pub-v6.0.0-2beb96c
$Id: FreeSurferEnv.csh,v 1.89 2016/06/09 14:54:31 zkaufman Exp $
Darwin CFMI-iMac-10.local 16.6.0 Darwin Kernel Version 16.6.0: Fri Apr 14 16:21:16 PDT 2017; root:xnu-3789.60.24~6/RELEASE_X86_64 x86_64
mri_concat /Users/freesurfer_user/Documents/Github/Edits-FreeSurfer-Training-Data/sub-08/mri/brainmask.auto.mgz /Users/freesurfer_user/Documents/Github/Edits-FreeSurfer-Training-Data/sub-08/mri/brainmask.mgz --paired-diff --o /Users/freesurfer_user/Documents/Github/Edits-FreeSurfer-Training-Data/sub-08/surf/tmpdir.bmedits2surf.892/diff.mgh
ninputs = 2
Checking inputs
nframestot = 2
Allocing output
Done allocing
Combining pairs
nframes = 1
Writing to /Users/freesurfer_user/Documents/Github/Edits-FreeSurfer-Training-Data/sub-08/surf/tmpdir.bmedits2surf.892/diff.mgh
mri_binarize --abs --i /Users/freesurfer_user/Documents/Github/Edits-FreeSurfer-Training-Data/sub-08/surf/tmpdir.bmedits2surf.892/diff.mgh --min .5 --abs --o /Users/freesurfer_user/Documents/Github/Edits-FreeSurfer-Training-Data/sub-08/surf/tmpdir.bmedits2surf.892/diff.mgh

$Id: mri_binarize.c,v 1.43 2016/06/09 20:46:21 greve Exp $
cwd /Users/freesurfer_user/Documents/GitHub/Edits-FreeSurfer-Training-Data
cmdline mri_binarize.bin --abs --i /Users/freesurfer_user/Documents/Github/Edits-FreeSurfer-Training-Data/sub-08/surf/tmpdir.bmedits2surf.892/diff.mgh --min .5 --abs --o /Users/freesurfer_user/Documents/Github/Edits-FreeSurfer-Training-Data/sub-08/surf/tmpdir.bmedits2surf.892/diff.mgh 
sysname  Darwin
hostname CFMI-iMac-10.local
machine  x86_64
user     freesurfer_user

input      /Users/freesurfer_user/Documents/Github/Edits-FreeSurfer-Training-Data/sub-08/surf/tmpdir.bmedits2surf.892/diff.mgh
frame      0
nErode3d   0
nErode2d   0
output     /Users/freesurfer_user/Documents/Github/Edits-FreeSurfer-Training-Data/sub-08/surf/tmpdir.bmedits2surf.892/diff.mgh
Binarizing based on threshold
min        0.5
max        +infinity
binval        1
binvalnot     0
Removing sign from input
fstart = 0, fend = 0, nframes = 1
Found 1267836 values in range
Counting number of voxels in first frame
Found 1267836 voxels in final mask
Count: 1267836 1267836.000000 16777216 7.556891
mri_binarize done
mri_binarize --i /Users/freesurfer_user/Documents/Github/Edits-FreeSurfer-Training-Data/sub-08/mri/brainmask.mgz --match 1 --o /Users/freesurfer_user/Documents/Github/Edits-FreeSurfer-Training-Data/sub-08/surf/tmpdir.bmedits2surf.892/bm.erase.mgh --mask /Users/freesurfer_user/Documents/Github/Edits-FreeSurfer-Training-Data/sub-08/surf/tmpdir.bmedits2surf.892/diff.mgh --count /Users/freesurfer_user/Documents/Github/Edits-FreeSurfer-Training-Data/sub-08/stats/bm.erase.dat

$Id: mri_binarize.c,v 1.43 2016/06/09 20:46:21 greve Exp $
cwd /Users/freesurfer_user/Documents/GitHub/Edits-FreeSurfer-Training-Data
cmdline mri_binarize.bin --i /Users/freesurfer_user/Documents/Github/Edits-FreeSurfer-Training-Data/sub-08/mri/brainmask.mgz --match 1 --o /Users/freesurfer_user/Documents/Github/Edits-FreeSurfer-Training-Data/sub-08/surf/tmpdir.bmedits2surf.892/bm.erase.mgh --mask /Users/freesurfer_user/Documents/Github/Edits-FreeSurfer-Training-Data/sub-08/surf/tmpdir.bmedits2surf.892/diff.mgh --count /Users/freesurfer_user/Documents/Github/Edits-FreeSurfer-Training-Data/sub-08/stats/bm.erase.dat 
sysname  Darwin
hostname CFMI-iMac-10.local
machine  x86_64
user     freesurfer_user

input      /Users/freesurfer_user/Documents/Github/Edits-FreeSurfer-Training-Data/sub-08/mri/brainmask.mgz
frame      0
nErode3d   0
nErode2d   0
output     /Users/freesurfer_user/Documents/Github/Edits-FreeSurfer-Training-Data/sub-08/surf/tmpdir.bmedits2surf.892/bm.erase.mgh
Binarizing based on matching values
nMatch 1
 0     1
binval        1
binvalnot     0
mask       /Users/freesurfer_user/Documents/Github/Edits-FreeSurfer-Training-Data/sub-08/surf/tmpdir.bmedits2surf.892/diff.mgh
maskthresh 0.500000
Loading mask /Users/freesurfer_user/Documents/Github/Edits-FreeSurfer-Training-Data/sub-08/surf/tmpdir.bmedits2surf.892/diff.mgh
fstart = 0, fend = 0, nframes = 1
Found 59677 values in range
Counting number of voxels in first frame
Found 59677 voxels in final mask
Count: 59677 59677.000000 16777216 0.355703
mri_binarize done
mri_vol2surf --regheader sub-08 --hemi lh --mov /Users/freesurfer_user/Documents/Github/Edits-FreeSurfer-Training-Data/sub-08/surf/tmpdir.bmedits2surf.892/bm.erase.mgh --o /Users/freesurfer_user/Documents/Github/Edits-FreeSurfer-Training-Data/sub-08/surf/lh.bmerase.fsa.mgh --interp nearest --projfrac-max 0 2 .3 --trgsubject fsaverage
srcvol = /Users/freesurfer_user/Documents/Github/Edits-FreeSurfer-Training-Data/sub-08/surf/tmpdir.bmedits2surf.892/bm.erase.mgh
srcreg unspecified
srcregold = 0
srcwarp unspecified
surf = white
hemi = lh
trgsubject = fsaverage
surfreg = sphere.reg
ProjFrac = 0.5
thickness = thickness
reshape = 0
interp = nearest
float2int = round
GetProjMax = 1
INFO: float2int code = 0
INFO: changing type to float
Done loading volume
Computing registration from header.
  Using /Users/freesurfer_user/Documents/Github/Edits-FreeSurfer-Training-Data/sub-08/mri/orig.mgz as target reference.
-------- original matrix -----------
 1.00000   0.00000   0.00000   0.00000;
 0.00000   1.00000   0.00000   0.00000;
 0.00000   0.00000   1.00000   0.00000;
 0.00000   0.00000   0.00000   1.00000;
-------- original matrix -----------
Reading surface /Users/freesurfer_user/Documents/Github/Edits-FreeSurfer-Training-Data/sub-08/surf/lh.white
Done reading source surface
Reading thickness /Users/freesurfer_user/Documents/Github/Edits-FreeSurfer-Training-Data/sub-08/surf/lh.thickness
Done
Mapping Source Volume onto Source Subject Surface
 1 0 0 2
using old
 2 0.3 0 2
using old
 3 0.6 0 2
using old
 4 0.9 0 2
using old
 5 1.2 0 2
using old
 6 1.5 0 2
using old
 7 1.8 0 2
using old
Done mapping volume to surface
Number of source voxels hit = 98822
Reading source surface registration 
  /Users/freesurfer_user/Documents/Github/Edits-FreeSurfer-Training-Data/sub-08/surf/lh.sphere.reg
Done loading source registration surface
Reading target registration 
   /Users/freesurfer_user/Documents/Github/Edits-FreeSurfer-Training-Data/fsaverage/surf/lh.sphere.reg
Done loading target registration surface
Mapping Surfaces (sub-08 -> fsaverage)
surf2surf_nnfr: building source hash (res=16).
Surf2Surf: Forward Loop (163842)

surf2surf_nnfr: building target hash (res=16).
Surf2Surf: Reverse Loop (165237)
Reverse Loop had 37787 hits
Surf2Surf: Dividing by number of hits (163842)
INFO: nSrcLost = 0
Done mapping surfaces
nSrc121 = 135495, nSrcLost =     0, nSrcMulti = 29742, MnSrcMultiHits = 2.22359
nTrg121 = 135158, nTrgMulti = 28684, MnTrgMultiHits = 2.31735
Writing to /Users/freesurfer_user/Documents/Github/Edits-FreeSurfer-Training-Data/sub-08/surf/lh.bmerase.fsa.mgh
Dim: 163842 1 1
mri_binarize --i /Users/freesurfer_user/Documents/Github/Edits-FreeSurfer-Training-Data/sub-08/surf/lh.bmerase.fsa.mgh --min .0001 --o /Users/freesurfer_user/Documents/Github/Edits-FreeSurfer-Training-Data/sub-08/surf/lh.bmerase.fsa.mgh

$Id: mri_binarize.c,v 1.43 2016/06/09 20:46:21 greve Exp $
cwd /Users/freesurfer_user/Documents/GitHub/Edits-FreeSurfer-Training-Data
cmdline mri_binarize.bin --i /Users/freesurfer_user/Documents/Github/Edits-FreeSurfer-Training-Data/sub-08/surf/lh.bmerase.fsa.mgh --min .0001 --o /Users/freesurfer_user/Documents/Github/Edits-FreeSurfer-Training-Data/sub-08/surf/lh.bmerase.fsa.mgh 
sysname  Darwin
hostname CFMI-iMac-10.local
machine  x86_64
user     freesurfer_user

input      /Users/freesurfer_user/Documents/Github/Edits-FreeSurfer-Training-Data/sub-08/surf/lh.bmerase.fsa.mgh
frame      0
nErode3d   0
nErode2d   0
output     /Users/freesurfer_user/Documents/Github/Edits-FreeSurfer-Training-Data/sub-08/surf/lh.bmerase.fsa.mgh
Binarizing based on threshold
min        0.0001
max        +infinity
binval        1
binvalnot     0
fstart = 0, fend = 0, nframes = 1
Found 3211 values in range
Counting number of voxels in first frame
Found 3211 voxels in final mask
Count: 3211 3211.000000 163842 1.959815
mri_binarize done
mri_vol2surf --regheader sub-08 --hemi rh --mov /Users/freesurfer_user/Documents/Github/Edits-FreeSurfer-Training-Data/sub-08/surf/tmpdir.bmedits2surf.892/bm.erase.mgh --o /Users/freesurfer_user/Documents/Github/Edits-FreeSurfer-Training-Data/sub-08/surf/rh.bmerase.fsa.mgh --interp nearest --projfrac-max 0 2 .3 --trgsubject fsaverage
srcvol = /Users/freesurfer_user/Documents/Github/Edits-FreeSurfer-Training-Data/sub-08/surf/tmpdir.bmedits2surf.892/bm.erase.mgh
srcreg unspecified
srcregold = 0
srcwarp unspecified
surf = white
hemi = rh
trgsubject = fsaverage
surfreg = sphere.reg
ProjFrac = 0.5
thickness = thickness
reshape = 0
interp = nearest
float2int = round
GetProjMax = 1
INFO: float2int code = 0
INFO: changing type to float
Done loading volume
Computing registration from header.
  Using /Users/freesurfer_user/Documents/Github/Edits-FreeSurfer-Training-Data/sub-08/mri/orig.mgz as target reference.
-------- original matrix -----------
 1.00000   0.00000   0.00000   0.00000;
 0.00000   1.00000   0.00000   0.00000;
 0.00000   0.00000   1.00000   0.00000;
 0.00000   0.00000   0.00000   1.00000;
-------- original matrix -----------
Reading surface /Users/freesurfer_user/Documents/Github/Edits-FreeSurfer-Training-Data/sub-08/surf/rh.white
Done reading source surface
Reading thickness /Users/freesurfer_user/Documents/Github/Edits-FreeSurfer-Training-Data/sub-08/surf/rh.thickness
Done
Mapping Source Volume onto Source Subject Surface
 1 0 0 2
using old
 2 0.3 0 2
using old
 3 0.6 0 2
using old
 4 0.9 0 2
using old
 5 1.2 0 2
using old
 6 1.5 0 2
using old
 7 1.8 0 2
using old
Done mapping volume to surface
Number of source voxels hit = 100748
Reading source surface registration 
  /Users/freesurfer_user/Documents/Github/Edits-FreeSurfer-Training-Data/sub-08/surf/rh.sphere.reg
Done loading source registration surface
Reading target registration 
   /Users/freesurfer_user/Documents/Github/Edits-FreeSurfer-Training-Data/fsaverage/surf/rh.sphere.reg
Done loading target registration surface
Mapping Surfaces (sub-08 -> fsaverage)
surf2surf_nnfr: building source hash (res=16).
Surf2Surf: Forward Loop (163842)

surf2surf_nnfr: building target hash (res=16).
Surf2Surf: Reverse Loop (168572)
Reverse Loop had 41970 hits
Surf2Surf: Dividing by number of hits (163842)
INFO: nSrcLost = 0
Done mapping surfaces
nSrc121 = 138832, nSrcLost =     0, nSrcMulti = 29740, MnSrcMultiHits = 2.25219
nTrg121 = 133030, nTrgMulti = 30812, MnTrgMultiHits = 2.36213
Writing to /Users/freesurfer_user/Documents/Github/Edits-FreeSurfer-Training-Data/sub-08/surf/rh.bmerase.fsa.mgh
Dim: 163842 1 1
mri_binarize --i /Users/freesurfer_user/Documents/Github/Edits-FreeSurfer-Training-Data/sub-08/surf/rh.bmerase.fsa.mgh --min .0001 --o /Users/freesurfer_user/Documents/Github/Edits-FreeSurfer-Training-Data/sub-08/surf/rh.bmerase.fsa.mgh

$Id: mri_binarize.c,v 1.43 2016/06/09 20:46:21 greve Exp $
cwd /Users/freesurfer_user/Documents/GitHub/Edits-FreeSurfer-Training-Data
cmdline mri_binarize.bin --i /Users/freesurfer_user/Documents/Github/Edits-FreeSurfer-Training-Data/sub-08/surf/rh.bmerase.fsa.mgh --min .0001 --o /Users/freesurfer_user/Documents/Github/Edits-FreeSurfer-Training-Data/sub-08/surf/rh.bmerase.fsa.mgh 
sysname  Darwin
hostname CFMI-iMac-10.local
machine  x86_64
user     freesurfer_user

input      /Users/freesurfer_user/Documents/Github/Edits-FreeSurfer-Training-Data/sub-08/surf/rh.bmerase.fsa.mgh
frame      0
nErode3d   0
nErode2d   0
output     /Users/freesurfer_user/Documents/Github/Edits-FreeSurfer-Training-Data/sub-08/surf/rh.bmerase.fsa.mgh
Binarizing based on threshold
min        0.0001
max        +infinity
binval        1
binvalnot     0
fstart = 0, fend = 0, nframes = 1
Found 4059 values in range
Counting number of voxels in first frame
Found 4059 voxels in final mask
Count: 4059 4059.000000 163842 2.477387
mri_binarize done
mri_concat /Users/freesurfer_user/Documents/Github/Edits-FreeSurfer-Training-Data/sub-08/surf/tmpdir.bmedits2surf.892/diff.mgh /Users/freesurfer_user/Documents/Github/Edits-FreeSurfer-Training-Data/sub-08/surf/tmpdir.bmedits2surf.892/bm.erase.mgh --paired-diff --o /Users/freesurfer_user/Documents/Github/Edits-FreeSurfer-Training-Data/sub-08/surf/tmpdir.bmedits2surf.892/bm.clone.mgh
ninputs = 2
Checking inputs
nframestot = 2
Allocing output
Done allocing
Combining pairs
nframes = 1
Writing to /Users/freesurfer_user/Documents/Github/Edits-FreeSurfer-Training-Data/sub-08/surf/tmpdir.bmedits2surf.892/bm.clone.mgh
mri_binarize --i /Users/freesurfer_user/Documents/Github/Edits-FreeSurfer-Training-Data/sub-08/surf/tmpdir.bmedits2surf.892/bm.clone.mgh --match 1 --count /Users/freesurfer_user/Documents/Github/Edits-FreeSurfer-Training-Data/sub-08/stats/bm.clone.dat

$Id: mri_binarize.c,v 1.43 2016/06/09 20:46:21 greve Exp $
cwd /Users/freesurfer_user/Documents/GitHub/Edits-FreeSurfer-Training-Data
cmdline mri_binarize.bin --i /Users/freesurfer_user/Documents/Github/Edits-FreeSurfer-Training-Data/sub-08/surf/tmpdir.bmedits2surf.892/bm.clone.mgh --match 1 --count /Users/freesurfer_user/Documents/Github/Edits-FreeSurfer-Training-Data/sub-08/stats/bm.clone.dat 
sysname  Darwin
hostname CFMI-iMac-10.local
machine  x86_64
user     freesurfer_user

input      /Users/freesurfer_user/Documents/Github/Edits-FreeSurfer-Training-Data/sub-08/surf/tmpdir.bmedits2surf.892/bm.clone.mgh
frame      0
nErode3d   0
nErode2d   0
output     (null)
Binarizing based on matching values
nMatch 1
 0     1
binval        1
binvalnot     0
fstart = 0, fend = 0, nframes = 1
Found 1208159 values in range
Counting number of voxels in first frame
Found 1208159 voxels in final mask
Count: 1208159 1208159.000000 16777216 7.201189
mri_binarize done
mri_vol2surf --regheader sub-08 --hemi lh --mov /Users/freesurfer_user/Documents/Github/Edits-FreeSurfer-Training-Data/sub-08/surf/tmpdir.bmedits2surf.892/bm.clone.mgh --o /Users/freesurfer_user/Documents/Github/Edits-FreeSurfer-Training-Data/sub-08/surf/lh.bmclone.fsa.mgh --interp nearest --projfrac-max 0 2 .3 --trgsubject fsaverage
srcvol = /Users/freesurfer_user/Documents/Github/Edits-FreeSurfer-Training-Data/sub-08/surf/tmpdir.bmedits2surf.892/bm.clone.mgh
srcreg unspecified
srcregold = 0
srcwarp unspecified
surf = white
hemi = lh
trgsubject = fsaverage
surfreg = sphere.reg
ProjFrac = 0.5
thickness = thickness
reshape = 0
interp = nearest
float2int = round
GetProjMax = 1
INFO: float2int code = 0
Done loading volume
Computing registration from header.
  Using /Users/freesurfer_user/Documents/Github/Edits-FreeSurfer-Training-Data/sub-08/mri/orig.mgz as target reference.
-------- original matrix -----------
 1.00000   0.00000   0.00000   0.00000;
 0.00000   1.00000   0.00000   0.00000;
 0.00000   0.00000   1.00000   0.00000;
 0.00000   0.00000   0.00000   1.00000;
-------- original matrix -----------
Reading surface /Users/freesurfer_user/Documents/Github/Edits-FreeSurfer-Training-Data/sub-08/surf/lh.white
Done reading source surface
Reading thickness /Users/freesurfer_user/Documents/Github/Edits-FreeSurfer-Training-Data/sub-08/surf/lh.thickness
Done
Mapping Source Volume onto Source Subject Surface
 1 0 0 2
using old
 2 0.3 0 2
using old
 3 0.6 0 2
using old
 4 0.9 0 2
using old
 5 1.2 0 2
using old
 6 1.5 0 2
using old
 7 1.8 0 2
using old
Done mapping volume to surface
Number of source voxels hit = 98822
Reading source surface registration 
  /Users/freesurfer_user/Documents/Github/Edits-FreeSurfer-Training-Data/sub-08/surf/lh.sphere.reg
Done loading source registration surface
Reading target registration 
   /Users/freesurfer_user/Documents/Github/Edits-FreeSurfer-Training-Data/fsaverage/surf/lh.sphere.reg
Done loading target registration surface
Mapping Surfaces (sub-08 -> fsaverage)
surf2surf_nnfr: building source hash (res=16).
Surf2Surf: Forward Loop (163842)

surf2surf_nnfr: building target hash (res=16).
Surf2Surf: Reverse Loop (165237)
Reverse Loop had 37787 hits
Surf2Surf: Dividing by number of hits (163842)
INFO: nSrcLost = 0
Done mapping surfaces
nSrc121 = 135495, nSrcLost =     0, nSrcMulti = 29742, MnSrcMultiHits = 2.22359
nTrg121 = 135158, nTrgMulti = 28684, MnTrgMultiHits = 2.31735
Writing to /Users/freesurfer_user/Documents/Github/Edits-FreeSurfer-Training-Data/sub-08/surf/lh.bmclone.fsa.mgh
Dim: 163842 1 1
mri_binarize --i /Users/freesurfer_user/Documents/Github/Edits-FreeSurfer-Training-Data/sub-08/surf/lh.bmclone.fsa.mgh --min .0001 --o /Users/freesurfer_user/Documents/Github/Edits-FreeSurfer-Training-Data/sub-08/surf/lh.bmclone.fsa.mgh

$Id: mri_binarize.c,v 1.43 2016/06/09 20:46:21 greve Exp $
cwd /Users/freesurfer_user/Documents/GitHub/Edits-FreeSurfer-Training-Data
cmdline mri_binarize.bin --i /Users/freesurfer_user/Documents/Github/Edits-FreeSurfer-Training-Data/sub-08/surf/lh.bmclone.fsa.mgh --min .0001 --o /Users/freesurfer_user/Documents/Github/Edits-FreeSurfer-Training-Data/sub-08/surf/lh.bmclone.fsa.mgh 
sysname  Darwin
hostname CFMI-iMac-10.local
machine  x86_64
user     freesurfer_user

input      /Users/freesurfer_user/Documents/Github/Edits-FreeSurfer-Training-Data/sub-08/surf/lh.bmclone.fsa.mgh
frame      0
nErode3d   0
nErode2d   0
output     /Users/freesurfer_user/Documents/Github/Edits-FreeSurfer-Training-Data/sub-08/surf/lh.bmclone.fsa.mgh
Binarizing based on threshold
min        0.0001
max        +infinity
binval        1
binvalnot     0
fstart = 0, fend = 0, nframes = 1
Found 159876 values in range
Counting number of voxels in first frame
Found 159876 voxels in final mask
Count: 159876 159876.000000 163842 97.579375
mri_binarize done
mri_vol2surf --regheader sub-08 --hemi rh --mov /Users/freesurfer_user/Documents/Github/Edits-FreeSurfer-Training-Data/sub-08/surf/tmpdir.bmedits2surf.892/bm.clone.mgh --o /Users/freesurfer_user/Documents/Github/Edits-FreeSurfer-Training-Data/sub-08/surf/rh.bmclone.fsa.mgh --interp nearest --projfrac-max 0 2 .3 --trgsubject fsaverage
srcvol = /Users/freesurfer_user/Documents/Github/Edits-FreeSurfer-Training-Data/sub-08/surf/tmpdir.bmedits2surf.892/bm.clone.mgh
srcreg unspecified
srcregold = 0
srcwarp unspecified
surf = white
hemi = rh
trgsubject = fsaverage
surfreg = sphere.reg
ProjFrac = 0.5
thickness = thickness
reshape = 0
interp = nearest
float2int = round
GetProjMax = 1
INFO: float2int code = 0
Done loading volume
Computing registration from header.
  Using /Users/freesurfer_user/Documents/Github/Edits-FreeSurfer-Training-Data/sub-08/mri/orig.mgz as target reference.
-------- original matrix -----------
 1.00000   0.00000   0.00000   0.00000;
 0.00000   1.00000   0.00000   0.00000;
 0.00000   0.00000   1.00000   0.00000;
 0.00000   0.00000   0.00000   1.00000;
-------- original matrix -----------
Reading surface /Users/freesurfer_user/Documents/Github/Edits-FreeSurfer-Training-Data/sub-08/surf/rh.white
Done reading source surface
Reading thickness /Users/freesurfer_user/Documents/Github/Edits-FreeSurfer-Training-Data/sub-08/surf/rh.thickness
Done
Mapping Source Volume onto Source Subject Surface
 1 0 0 2
using old
 2 0.3 0 2
using old
 3 0.6 0 2
using old
 4 0.9 0 2
using old
 5 1.2 0 2
using old
 6 1.5 0 2
using old
 7 1.8 0 2
using old
Done mapping volume to surface
Number of source voxels hit = 100748
Reading source surface registration 
  /Users/freesurfer_user/Documents/Github/Edits-FreeSurfer-Training-Data/sub-08/surf/rh.sphere.reg
Done loading source registration surface
Reading target registration 
   /Users/freesurfer_user/Documents/Github/Edits-FreeSurfer-Training-Data/fsaverage/surf/rh.sphere.reg
Done loading target registration surface
Mapping Surfaces (sub-08 -> fsaverage)
surf2surf_nnfr: building source hash (res=16).
Surf2Surf: Forward Loop (163842)

surf2surf_nnfr: building target hash (res=16).
Surf2Surf: Reverse Loop (168572)
Reverse Loop had 41970 hits
Surf2Surf: Dividing by number of hits (163842)
INFO: nSrcLost = 0
Done mapping surfaces
nSrc121 = 138832, nSrcLost =     0, nSrcMulti = 29740, MnSrcMultiHits = 2.25219
nTrg121 = 133030, nTrgMulti = 30812, MnTrgMultiHits = 2.36213
Writing to /Users/freesurfer_user/Documents/Github/Edits-FreeSurfer-Training-Data/sub-08/surf/rh.bmclone.fsa.mgh
Dim: 163842 1 1
mri_binarize --i /Users/freesurfer_user/Documents/Github/Edits-FreeSurfer-Training-Data/sub-08/surf/rh.bmclone.fsa.mgh --min .0001 --o /Users/freesurfer_user/Documents/Github/Edits-FreeSurfer-Training-Data/sub-08/surf/rh.bmclone.fsa.mgh

$Id: mri_binarize.c,v 1.43 2016/06/09 20:46:21 greve Exp $
cwd /Users/freesurfer_user/Documents/GitHub/Edits-FreeSurfer-Training-Data
cmdline mri_binarize.bin --i /Users/freesurfer_user/Documents/Github/Edits-FreeSurfer-Training-Data/sub-08/surf/rh.bmclone.fsa.mgh --min .0001 --o /Users/freesurfer_user/Documents/Github/Edits-FreeSurfer-Training-Data/sub-08/surf/rh.bmclone.fsa.mgh 
sysname  Darwin
hostname CFMI-iMac-10.local
machine  x86_64
user     freesurfer_user

input      /Users/freesurfer_user/Documents/Github/Edits-FreeSurfer-Training-Data/sub-08/surf/rh.bmclone.fsa.mgh
frame      0
nErode3d   0
nErode2d   0
output     /Users/freesurfer_user/Documents/Github/Edits-FreeSurfer-Training-Data/sub-08/surf/rh.bmclone.fsa.mgh
Binarizing based on threshold
min        0.0001
max        +infinity
binval        1
binvalnot     0
fstart = 0, fend = 0, nframes = 1
Found 160131 values in range
Counting number of voxels in first frame
Found 160131 voxels in final mask
Count: 160131 160131.000000 163842 97.735013
mri_binarize done
 
Started at Tue Jul 18 15:40:42 EDT 2017 
Ended   at Tue Jul 18 15:41:33 EDT 2017
Bmedits2surf-Run-Time-Sec 51
Bmedits2surf-Run-Time-Hours 0.01
 
bmedits2surf Done
