Tue Jul 18 10:56:31 EDT 2017
setenv SUBJECTS_DIR /Users/freesurfer_user/Documents/github/Edits-FreeSurfer-Training-Data
cd /Users/freesurfer_user/Documents/github/Edits-FreeSurfer-Training-Data/sub-08/surf
/Applications/freesurfer/bin/mris_preproc --s sub-08 --hemi lh --meas area.pial --target fsaverage --out lh.area.pial.fsaverage.mgh

Darwin CFMI-iMac-10.local 16.6.0 Darwin Kernel Version 16.6.0: Fri Apr 14 16:21:16 PDT 2017; root:xnu-3789.60.24~6/RELEASE_X86_64 x86_64
$Id: FreeSurferEnv.csh,v 1.89 2016/06/09 14:54:31 zkaufman Exp $
freesurfer-Darwin-OSX-stable-pub-v6.0.0-2beb96c
tmpdir is ./tmp.mris_preproc.59633
Src lh sphere.reg
Trg lh sphere.reg

\n\n
---------------------------------------------------
#@# 1/1 sub-08 Tue Jul 18 10:56:31 EDT 2017 --------------
-----------------------
mri_surf2surf --srcsubject sub-08 --srchemi lh --srcsurfreg sphere.reg --trgsubject fsaverage --trghemi lh --trgsurfreg sphere.reg --tval ./tmp.mris_preproc.59633/sub-08.1.mgh --sval /Users/freesurfer_user/Documents/github/Edits-FreeSurfer-Training-Data/sub-08/surf/lh.area.pial --jac --sfmt curv --noreshape --cortex
Source registration surface changed to sphere.reg
Target registration surface changed to sphere.reg

$Id: mri_surf2surf.c,v 1.103 2015/11/05 22:07:33 greve Exp $

setenv SUBJECTS_DIR /Users/freesurfer_user/Documents/github/Edits-FreeSurfer-Training-Data
cd /Users/freesurfer_user/Documents/GitHub/Edits-FreeSurfer-Training-Data/sub-08/surf
mri_surf2surf --srcsubject sub-08 --srchemi lh --srcsurfreg sphere.reg --trgsubject fsaverage --trghemi lh --trgsurfreg sphere.reg --tval ./tmp.mris_preproc.59633/sub-08.1.mgh --sval /Users/freesurfer_user/Documents/github/Edits-FreeSurfer-Training-Data/sub-08/surf/lh.area.pial --jac --sfmt curv --noreshape --cortex 

sysname  Darwin
hostname CFMI-iMac-10.local
machine  x86_64
user     freesurfer_user
srcsubject = sub-08
srcval     = /Users/freesurfer_user/Documents/github/Edits-FreeSurfer-Training-Data/sub-08/surf/lh.area.pial
srctype    = curv
trgsubject = fsaverage
trgval     = ./tmp.mris_preproc.59633/sub-08.1.mgh
trgtype    = 
srcsurfreg = sphere.reg
trgsurfreg = sphere.reg
srchemi    = lh
trghemi    = lh
frame      = 0
fwhm-in    = 0
fwhm-out   = 0
label-src  = lh.cortex.label
label-trg  = lh.cortex.label
OKToRevFaceOrder  = 1
UseDualHemi = 0
Reading source surface reg /Users/freesurfer_user/Documents/github/Edits-FreeSurfer-Training-Data/sub-08/surf/lh.sphere.reg
Loading source data
Reading curvature file /Users/freesurfer_user/Documents/github/Edits-FreeSurfer-Training-Data/sub-08/surf/lh.area.pial
Reading source subject label mask lh.cortex.label
masking the input
Reading target surface reg /Users/freesurfer_user/Documents/github/Edits-FreeSurfer-Training-Data/fsaverage/surf/lh.sphere.reg
Done
Using surf2surf_nnfr()
Mapping Source Volume onto Source Subject Surface with Jacobian Correction
surf2surf_nnfr_jac: building source hash (res=16).
Surf2SurfJac: 1st Forward Loop (163842)
Surf2SurfJac: 2nd Forward Loop (163842)
surf2surf_nnfr: building target hash (res=16).
Surf2SurfJac: Reverse Loop (165237)
Reverse Loop had 37787 hits
INFO: nSrcLost = 0
surf2surf_nnfr_jac() done
nTrg121 = 135158, nTrgMulti = 28684, MnTrgMultiHits = 2.31735
nSrc121 = 135495, nSrcLost =     0, nSrcMulti = 29742, MnSrcMultiHits = 2.22359
Reading target space mask label lh.cortex.label
masking the input
Saving target data
Saving to ./tmp.mris_preproc.59633/sub-08.1.mgh
\n\n
-----------------------
mri_concat ./tmp.mris_preproc.59633/sub-08.1.mgh --o lh.area.pial.fsaverage.mgh
ninputs = 1
Checking inputs
nframestot = 1
Allocing output
Done allocing
nframes = 1
Writing to lh.area.pial.fsaverage.mgh
\n\n
Cleaning up
-----------------------
rm -r ./tmp.mris_preproc.59633
Tue Jul 18 10:56:41 EDT 2017
mris_preproc done
