Log file for bmedits2surf
Tue Jul 18 15:20:03 EDT 2017

setenv SUBJECTS_DIR /Users/freesurfer_user/Documents/Github/Edits-FreeSurfer-Training-Data
cd /Users/freesurfer_user/Documents/Github/Edits-FreeSurfer-Training-Data
/Applications/freesurfer/bin/bmedits2surf --s sub-09

freesurfer-Darwin-OSX-stable-pub-v6.0.0-2beb96c
$Id: FreeSurferEnv.csh,v 1.89 2016/06/09 14:54:31 zkaufman Exp $
Darwin CFMI-iMac-10.local 16.6.0 Darwin Kernel Version 16.6.0: Fri Apr 14 16:21:16 PDT 2017; root:xnu-3789.60.24~6/RELEASE_X86_64 x86_64
mri_concat /Users/freesurfer_user/Documents/Github/Edits-FreeSurfer-Training-Data/sub-09/mri/brainmask.auto.mgz /Users/freesurfer_user/Documents/Github/Edits-FreeSurfer-Training-Data/sub-09/mri/brainmask.mgz --paired-diff --o /Users/freesurfer_user/Documents/Github/Edits-FreeSurfer-Training-Data/sub-09/surf/tmpdir.bmedits2surf.94949/diff.mgh
ninputs = 2
Checking inputs
nframestot = 2
Allocing output
Done allocing
Combining pairs
nframes = 1
Writing to /Users/freesurfer_user/Documents/Github/Edits-FreeSurfer-Training-Data/sub-09/surf/tmpdir.bmedits2surf.94949/diff.mgh
mri_binarize --abs --i /Users/freesurfer_user/Documents/Github/Edits-FreeSurfer-Training-Data/sub-09/surf/tmpdir.bmedits2surf.94949/diff.mgh --min .5 --abs --o /Users/freesurfer_user/Documents/Github/Edits-FreeSurfer-Training-Data/sub-09/surf/tmpdir.bmedits2surf.94949/diff.mgh

$Id: mri_binarize.c,v 1.43 2016/06/09 20:46:21 greve Exp $
cwd /Users/freesurfer_user/Documents/GitHub/Edits-FreeSurfer-Training-Data
cmdline mri_binarize.bin --abs --i /Users/freesurfer_user/Documents/Github/Edits-FreeSurfer-Training-Data/sub-09/surf/tmpdir.bmedits2surf.94949/diff.mgh --min .5 --abs --o /Users/freesurfer_user/Documents/Github/Edits-FreeSurfer-Training-Data/sub-09/surf/tmpdir.bmedits2surf.94949/diff.mgh 
sysname  Darwin
hostname CFMI-iMac-10.local
machine  x86_64
user     freesurfer_user

input      /Users/freesurfer_user/Documents/Github/Edits-FreeSurfer-Training-Data/sub-09/surf/tmpdir.bmedits2surf.94949/diff.mgh
frame      0
nErode3d   0
nErode2d   0
output     /Users/freesurfer_user/Documents/Github/Edits-FreeSurfer-Training-Data/sub-09/surf/tmpdir.bmedits2surf.94949/diff.mgh
Binarizing based on threshold
min        0.5
max        +infinity
binval        1
binvalnot     0
Removing sign from input
fstart = 0, fend = 0, nframes = 1
Found 1256556 values in range
Counting number of voxels in first frame
Found 1256556 voxels in final mask
Count: 1256556 1256556.000000 16777216 7.489657
mri_binarize done
mri_binarize --i /Users/freesurfer_user/Documents/Github/Edits-FreeSurfer-Training-Data/sub-09/mri/brainmask.mgz --match 1 --o /Users/freesurfer_user/Documents/Github/Edits-FreeSurfer-Training-Data/sub-09/surf/tmpdir.bmedits2surf.94949/bm.erase.mgh --mask /Users/freesurfer_user/Documents/Github/Edits-FreeSurfer-Training-Data/sub-09/surf/tmpdir.bmedits2surf.94949/diff.mgh --count /Users/freesurfer_user/Documents/Github/Edits-FreeSurfer-Training-Data/sub-09/stats/bm.erase.dat

$Id: mri_binarize.c,v 1.43 2016/06/09 20:46:21 greve Exp $
cwd /Users/freesurfer_user/Documents/GitHub/Edits-FreeSurfer-Training-Data
cmdline mri_binarize.bin --i /Users/freesurfer_user/Documents/Github/Edits-FreeSurfer-Training-Data/sub-09/mri/brainmask.mgz --match 1 --o /Users/freesurfer_user/Documents/Github/Edits-FreeSurfer-Training-Data/sub-09/surf/tmpdir.bmedits2surf.94949/bm.erase.mgh --mask /Users/freesurfer_user/Documents/Github/Edits-FreeSurfer-Training-Data/sub-09/surf/tmpdir.bmedits2surf.94949/diff.mgh --count /Users/freesurfer_user/Documents/Github/Edits-FreeSurfer-Training-Data/sub-09/stats/bm.erase.dat 
sysname  Darwin
hostname CFMI-iMac-10.local
machine  x86_64
user     freesurfer_user

input      /Users/freesurfer_user/Documents/Github/Edits-FreeSurfer-Training-Data/sub-09/mri/brainmask.mgz
frame      0
nErode3d   0
nErode2d   0
output     /Users/freesurfer_user/Documents/Github/Edits-FreeSurfer-Training-Data/sub-09/surf/tmpdir.bmedits2surf.94949/bm.erase.mgh
Binarizing based on matching values
nMatch 1
 0     1
binval        1
binvalnot     0
mask       /Users/freesurfer_user/Documents/Github/Edits-FreeSurfer-Training-Data/sub-09/surf/tmpdir.bmedits2surf.94949/diff.mgh
maskthresh 0.500000
Loading mask /Users/freesurfer_user/Documents/Github/Edits-FreeSurfer-Training-Data/sub-09/surf/tmpdir.bmedits2surf.94949/diff.mgh
fstart = 0, fend = 0, nframes = 1
Found 65321 values in range
Counting number of voxels in first frame
Found 65321 voxels in final mask
Count: 65321 65321.000000 16777216 0.389344
mri_binarize done
mri_vol2surf --regheader sub-09 --hemi lh --mov /Users/freesurfer_user/Documents/Github/Edits-FreeSurfer-Training-Data/sub-09/surf/tmpdir.bmedits2surf.94949/bm.erase.mgh --o /Users/freesurfer_user/Documents/Github/Edits-FreeSurfer-Training-Data/sub-09/surf/lh.bmerase.fsa.mgh --interp nearest --projfrac-max 0 2 .3 --trgsubject fsaverage
srcvol = /Users/freesurfer_user/Documents/Github/Edits-FreeSurfer-Training-Data/sub-09/surf/tmpdir.bmedits2surf.94949/bm.erase.mgh
srcreg unspecified
srcregold = 0
srcwarp unspecified
surf = white
hemi = lh
trgsubject = fsaverage
surfreg = sphere.reg
ProjFrac = 0.5
thickness = thickness
reshape = 0
interp = nearest
float2int = round
GetProjMax = 1
INFO: float2int code = 0
INFO: changing type to float
Done loading volume
Computing registration from header.
  Using /Users/freesurfer_user/Documents/Github/Edits-FreeSurfer-Training-Data/sub-09/mri/orig.mgz as target reference.
-------- original matrix -----------
 1.00000   0.00000   0.00000   0.00000;
 0.00000   1.00000   0.00000   0.00000;
 0.00000   0.00000   1.00000   0.00000;
 0.00000   0.00000   0.00000   1.00000;
-------- original matrix -----------
Reading surface /Users/freesurfer_user/Documents/Github/Edits-FreeSurfer-Training-Data/sub-09/surf/lh.white
Done reading source surface
Reading thickness /Users/freesurfer_user/Documents/Github/Edits-FreeSurfer-Training-Data/sub-09/surf/lh.thickness
Done
Mapping Source Volume onto Source Subject Surface
 1 0 0 2
using old
 2 0.3 0 2
using old
 3 0.6 0 2
using old
 4 0.9 0 2
using old
 5 1.2 0 2
using old
 6 1.5 0 2
using old
 7 1.8 0 2
using old
Done mapping volume to surface
Number of source voxels hit = 95507
Reading source surface registration 
  /Users/freesurfer_user/Documents/Github/Edits-FreeSurfer-Training-Data/sub-09/surf/lh.sphere.reg
Done loading source registration surface
Reading target registration 
   /Users/freesurfer_user/Documents/Github/Edits-FreeSurfer-Training-Data/fsaverage/surf/lh.sphere.reg
Done loading target registration surface
Mapping Surfaces (sub-09 -> fsaverage)
surf2surf_nnfr: building source hash (res=16).
Surf2Surf: Forward Loop (163842)

surf2surf_nnfr: building target hash (res=16).
Surf2Surf: Reverse Loop (160379)
Reverse Loop had 36890 hits
Surf2Surf: Dividing by number of hits (163842)
INFO: nSrcLost = 0
Done mapping surfaces
nSrc121 = 128260, nSrcLost =     0, nSrcMulti = 32119, MnSrcMultiHits = 2.25636
nTrg121 = 136661, nTrgMulti = 27181, MnTrgMultiHits = 2.3572
Writing to /Users/freesurfer_user/Documents/Github/Edits-FreeSurfer-Training-Data/sub-09/surf/lh.bmerase.fsa.mgh
Dim: 163842 1 1
mri_binarize --i /Users/freesurfer_user/Documents/Github/Edits-FreeSurfer-Training-Data/sub-09/surf/lh.bmerase.fsa.mgh --min .0001 --o /Users/freesurfer_user/Documents/Github/Edits-FreeSurfer-Training-Data/sub-09/surf/lh.bmerase.fsa.mgh

$Id: mri_binarize.c,v 1.43 2016/06/09 20:46:21 greve Exp $
cwd /Users/freesurfer_user/Documents/GitHub/Edits-FreeSurfer-Training-Data
cmdline mri_binarize.bin --i /Users/freesurfer_user/Documents/Github/Edits-FreeSurfer-Training-Data/sub-09/surf/lh.bmerase.fsa.mgh --min .0001 --o /Users/freesurfer_user/Documents/Github/Edits-FreeSurfer-Training-Data/sub-09/surf/lh.bmerase.fsa.mgh 
sysname  Darwin
hostname CFMI-iMac-10.local
machine  x86_64
user     freesurfer_user

input      /Users/freesurfer_user/Documents/Github/Edits-FreeSurfer-Training-Data/sub-09/surf/lh.bmerase.fsa.mgh
frame      0
nErode3d   0
nErode2d   0
output     /Users/freesurfer_user/Documents/Github/Edits-FreeSurfer-Training-Data/sub-09/surf/lh.bmerase.fsa.mgh
Binarizing based on threshold
min        0.0001
max        +infinity
binval        1
binvalnot     0
fstart = 0, fend = 0, nframes = 1
Found 4202 values in range
Counting number of voxels in first frame
Found 4202 voxels in final mask
Count: 4202 4202.000000 163842 2.564666
mri_binarize done
mri_vol2surf --regheader sub-09 --hemi rh --mov /Users/freesurfer_user/Documents/Github/Edits-FreeSurfer-Training-Data/sub-09/surf/tmpdir.bmedits2surf.94949/bm.erase.mgh --o /Users/freesurfer_user/Documents/Github/Edits-FreeSurfer-Training-Data/sub-09/surf/rh.bmerase.fsa.mgh --interp nearest --projfrac-max 0 2 .3 --trgsubject fsaverage
srcvol = /Users/freesurfer_user/Documents/Github/Edits-FreeSurfer-Training-Data/sub-09/surf/tmpdir.bmedits2surf.94949/bm.erase.mgh
srcreg unspecified
srcregold = 0
srcwarp unspecified
surf = white
hemi = rh
trgsubject = fsaverage
surfreg = sphere.reg
ProjFrac = 0.5
thickness = thickness
reshape = 0
interp = nearest
float2int = round
GetProjMax = 1
INFO: float2int code = 0
INFO: changing type to float
Done loading volume
Computing registration from header.
  Using /Users/freesurfer_user/Documents/Github/Edits-FreeSurfer-Training-Data/sub-09/mri/orig.mgz as target reference.
-------- original matrix -----------
 1.00000   0.00000   0.00000   0.00000;
 0.00000   1.00000   0.00000   0.00000;
 0.00000   0.00000   1.00000   0.00000;
 0.00000   0.00000   0.00000   1.00000;
-------- original matrix -----------
Reading surface /Users/freesurfer_user/Documents/Github/Edits-FreeSurfer-Training-Data/sub-09/surf/rh.white
Done reading source surface
Reading thickness /Users/freesurfer_user/Documents/Github/Edits-FreeSurfer-Training-Data/sub-09/surf/rh.thickness
Done
Mapping Source Volume onto Source Subject Surface
 1 0 0 2
using old
 2 0.3 0 2
using old
 3 0.6 0 2
using old
 4 0.9 0 2
using old
 5 1.2 0 2
using old
 6 1.5 0 2
using old
 7 1.8 0 2
using old
Done mapping volume to surface
Number of source voxels hit = 96940
Reading source surface registration 
  /Users/freesurfer_user/Documents/Github/Edits-FreeSurfer-Training-Data/sub-09/surf/rh.sphere.reg
Done loading source registration surface
Reading target registration 
   /Users/freesurfer_user/Documents/Github/Edits-FreeSurfer-Training-Data/fsaverage/surf/rh.sphere.reg
Done loading target registration surface
Mapping Surfaces (sub-09 -> fsaverage)
surf2surf_nnfr: building source hash (res=16).
Surf2Surf: Forward Loop (163842)

surf2surf_nnfr: building target hash (res=16).
Surf2Surf: Reverse Loop (162938)
Reverse Loop had 37853 hits
Surf2Surf: Dividing by number of hits (163842)
INFO: nSrcLost = 0
Done mapping surfaces
nSrc121 = 131946, nSrcLost =     0, nSrcMulti = 30992, MnSrcMultiHits = 2.25055
nTrg121 = 135792, nTrgMulti = 28050, MnTrgMultiHits = 2.34948
Writing to /Users/freesurfer_user/Documents/Github/Edits-FreeSurfer-Training-Data/sub-09/surf/rh.bmerase.fsa.mgh
Dim: 163842 1 1
mri_binarize --i /Users/freesurfer_user/Documents/Github/Edits-FreeSurfer-Training-Data/sub-09/surf/rh.bmerase.fsa.mgh --min .0001 --o /Users/freesurfer_user/Documents/Github/Edits-FreeSurfer-Training-Data/sub-09/surf/rh.bmerase.fsa.mgh

$Id: mri_binarize.c,v 1.43 2016/06/09 20:46:21 greve Exp $
cwd /Users/freesurfer_user/Documents/GitHub/Edits-FreeSurfer-Training-Data
cmdline mri_binarize.bin --i /Users/freesurfer_user/Documents/Github/Edits-FreeSurfer-Training-Data/sub-09/surf/rh.bmerase.fsa.mgh --min .0001 --o /Users/freesurfer_user/Documents/Github/Edits-FreeSurfer-Training-Data/sub-09/surf/rh.bmerase.fsa.mgh 
sysname  Darwin
hostname CFMI-iMac-10.local
machine  x86_64
user     freesurfer_user

input      /Users/freesurfer_user/Documents/Github/Edits-FreeSurfer-Training-Data/sub-09/surf/rh.bmerase.fsa.mgh
frame      0
nErode3d   0
nErode2d   0
output     /Users/freesurfer_user/Documents/Github/Edits-FreeSurfer-Training-Data/sub-09/surf/rh.bmerase.fsa.mgh
Binarizing based on threshold
min        0.0001
max        +infinity
binval        1
binvalnot     0
fstart = 0, fend = 0, nframes = 1
Found 4214 values in range
Counting number of voxels in first frame
Found 4214 voxels in final mask
Count: 4214 4214.000000 163842 2.571990
mri_binarize done
mri_concat /Users/freesurfer_user/Documents/Github/Edits-FreeSurfer-Training-Data/sub-09/surf/tmpdir.bmedits2surf.94949/diff.mgh /Users/freesurfer_user/Documents/Github/Edits-FreeSurfer-Training-Data/sub-09/surf/tmpdir.bmedits2surf.94949/bm.erase.mgh --paired-diff --o /Users/freesurfer_user/Documents/Github/Edits-FreeSurfer-Training-Data/sub-09/surf/tmpdir.bmedits2surf.94949/bm.clone.mgh
ninputs = 2
Checking inputs
nframestot = 2
Allocing output
Done allocing
Combining pairs
nframes = 1
Writing to /Users/freesurfer_user/Documents/Github/Edits-FreeSurfer-Training-Data/sub-09/surf/tmpdir.bmedits2surf.94949/bm.clone.mgh
mri_binarize --i /Users/freesurfer_user/Documents/Github/Edits-FreeSurfer-Training-Data/sub-09/surf/tmpdir.bmedits2surf.94949/bm.clone.mgh --match 1 --count /Users/freesurfer_user/Documents/Github/Edits-FreeSurfer-Training-Data/sub-09/stats/bm.clone.dat

$Id: mri_binarize.c,v 1.43 2016/06/09 20:46:21 greve Exp $
cwd /Users/freesurfer_user/Documents/GitHub/Edits-FreeSurfer-Training-Data
cmdline mri_binarize.bin --i /Users/freesurfer_user/Documents/Github/Edits-FreeSurfer-Training-Data/sub-09/surf/tmpdir.bmedits2surf.94949/bm.clone.mgh --match 1 --count /Users/freesurfer_user/Documents/Github/Edits-FreeSurfer-Training-Data/sub-09/stats/bm.clone.dat 
sysname  Darwin
hostname CFMI-iMac-10.local
machine  x86_64
user     freesurfer_user

input      /Users/freesurfer_user/Documents/Github/Edits-FreeSurfer-Training-Data/sub-09/surf/tmpdir.bmedits2surf.94949/bm.clone.mgh
frame      0
nErode3d   0
nErode2d   0
output     (null)
Binarizing based on matching values
nMatch 1
 0     1
binval        1
binvalnot     0
fstart = 0, fend = 0, nframes = 1
Found 1191235 values in range
Counting number of voxels in first frame
Found 1191235 voxels in final mask
Count: 1191235 1191235.000000 16777216 7.100314
mri_binarize done
mri_vol2surf --regheader sub-09 --hemi lh --mov /Users/freesurfer_user/Documents/Github/Edits-FreeSurfer-Training-Data/sub-09/surf/tmpdir.bmedits2surf.94949/bm.clone.mgh --o /Users/freesurfer_user/Documents/Github/Edits-FreeSurfer-Training-Data/sub-09/surf/lh.bmclone.fsa.mgh --interp nearest --projfrac-max 0 2 .3 --trgsubject fsaverage
srcvol = /Users/freesurfer_user/Documents/Github/Edits-FreeSurfer-Training-Data/sub-09/surf/tmpdir.bmedits2surf.94949/bm.clone.mgh
srcreg unspecified
srcregold = 0
srcwarp unspecified
surf = white
hemi = lh
trgsubject = fsaverage
surfreg = sphere.reg
ProjFrac = 0.5
thickness = thickness
reshape = 0
interp = nearest
float2int = round
GetProjMax = 1
INFO: float2int code = 0
Done loading volume
Computing registration from header.
  Using /Users/freesurfer_user/Documents/Github/Edits-FreeSurfer-Training-Data/sub-09/mri/orig.mgz as target reference.
-------- original matrix -----------
 1.00000   0.00000   0.00000   0.00000;
 0.00000   1.00000   0.00000   0.00000;
 0.00000   0.00000   1.00000   0.00000;
 0.00000   0.00000   0.00000   1.00000;
-------- original matrix -----------
Reading surface /Users/freesurfer_user/Documents/Github/Edits-FreeSurfer-Training-Data/sub-09/surf/lh.white
Done reading source surface
Reading thickness /Users/freesurfer_user/Documents/Github/Edits-FreeSurfer-Training-Data/sub-09/surf/lh.thickness
Done
Mapping Source Volume onto Source Subject Surface
 1 0 0 2
using old
 2 0.3 0 2
using old
 3 0.6 0 2
using old
 4 0.9 0 2
using old
 5 1.2 0 2
using old
 6 1.5 0 2
using old
 7 1.8 0 2
using old
Done mapping volume to surface
Number of source voxels hit = 95507
Reading source surface registration 
  /Users/freesurfer_user/Documents/Github/Edits-FreeSurfer-Training-Data/sub-09/surf/lh.sphere.reg
Done loading source registration surface
Reading target registration 
   /Users/freesurfer_user/Documents/Github/Edits-FreeSurfer-Training-Data/fsaverage/surf/lh.sphere.reg
Done loading target registration surface
Mapping Surfaces (sub-09 -> fsaverage)
surf2surf_nnfr: building source hash (res=16).
Surf2Surf: Forward Loop (163842)

surf2surf_nnfr: building target hash (res=16).
Surf2Surf: Reverse Loop (160379)
Reverse Loop had 36890 hits
Surf2Surf: Dividing by number of hits (163842)
INFO: nSrcLost = 0
Done mapping surfaces
nSrc121 = 128260, nSrcLost =     0, nSrcMulti = 32119, MnSrcMultiHits = 2.25636
nTrg121 = 136661, nTrgMulti = 27181, MnTrgMultiHits = 2.3572
Writing to /Users/freesurfer_user/Documents/Github/Edits-FreeSurfer-Training-Data/sub-09/surf/lh.bmclone.fsa.mgh
Dim: 163842 1 1
mri_binarize --i /Users/freesurfer_user/Documents/Github/Edits-FreeSurfer-Training-Data/sub-09/surf/lh.bmclone.fsa.mgh --min .0001 --o /Users/freesurfer_user/Documents/Github/Edits-FreeSurfer-Training-Data/sub-09/surf/lh.bmclone.fsa.mgh

$Id: mri_binarize.c,v 1.43 2016/06/09 20:46:21 greve Exp $
cwd /Users/freesurfer_user/Documents/GitHub/Edits-FreeSurfer-Training-Data
cmdline mri_binarize.bin --i /Users/freesurfer_user/Documents/Github/Edits-FreeSurfer-Training-Data/sub-09/surf/lh.bmclone.fsa.mgh --min .0001 --o /Users/freesurfer_user/Documents/Github/Edits-FreeSurfer-Training-Data/sub-09/surf/lh.bmclone.fsa.mgh 
sysname  Darwin
hostname CFMI-iMac-10.local
machine  x86_64
user     freesurfer_user

input      /Users/freesurfer_user/Documents/Github/Edits-FreeSurfer-Training-Data/sub-09/surf/lh.bmclone.fsa.mgh
frame      0
nErode3d   0
nErode2d   0
output     /Users/freesurfer_user/Documents/Github/Edits-FreeSurfer-Training-Data/sub-09/surf/lh.bmclone.fsa.mgh
Binarizing based on threshold
min        0.0001
max        +infinity
binval        1
binvalnot     0
fstart = 0, fend = 0, nframes = 1
Found 159443 values in range
Counting number of voxels in first frame
Found 159443 voxels in final mask
Count: 159443 159443.000000 163842 97.315096
mri_binarize done
mri_vol2surf --regheader sub-09 --hemi rh --mov /Users/freesurfer_user/Documents/Github/Edits-FreeSurfer-Training-Data/sub-09/surf/tmpdir.bmedits2surf.94949/bm.clone.mgh --o /Users/freesurfer_user/Documents/Github/Edits-FreeSurfer-Training-Data/sub-09/surf/rh.bmclone.fsa.mgh --interp nearest --projfrac-max 0 2 .3 --trgsubject fsaverage
srcvol = /Users/freesurfer_user/Documents/Github/Edits-FreeSurfer-Training-Data/sub-09/surf/tmpdir.bmedits2surf.94949/bm.clone.mgh
srcreg unspecified
srcregold = 0
srcwarp unspecified
surf = white
hemi = rh
trgsubject = fsaverage
surfreg = sphere.reg
ProjFrac = 0.5
thickness = thickness
reshape = 0
interp = nearest
float2int = round
GetProjMax = 1
INFO: float2int code = 0
Done loading volume
Computing registration from header.
  Using /Users/freesurfer_user/Documents/Github/Edits-FreeSurfer-Training-Data/sub-09/mri/orig.mgz as target reference.
-------- original matrix -----------
 1.00000   0.00000   0.00000   0.00000;
 0.00000   1.00000   0.00000   0.00000;
 0.00000   0.00000   1.00000   0.00000;
 0.00000   0.00000   0.00000   1.00000;
-------- original matrix -----------
Reading surface /Users/freesurfer_user/Documents/Github/Edits-FreeSurfer-Training-Data/sub-09/surf/rh.white
Done reading source surface
Reading thickness /Users/freesurfer_user/Documents/Github/Edits-FreeSurfer-Training-Data/sub-09/surf/rh.thickness
Done
Mapping Source Volume onto Source Subject Surface
 1 0 0 2
using old
 2 0.3 0 2
using old
 3 0.6 0 2
using old
 4 0.9 0 2
using old
 5 1.2 0 2
using old
 6 1.5 0 2
using old
 7 1.8 0 2
using old
Done mapping volume to surface
Number of source voxels hit = 96940
Reading source surface registration 
  /Users/freesurfer_user/Documents/Github/Edits-FreeSurfer-Training-Data/sub-09/surf/rh.sphere.reg
Done loading source registration surface
Reading target registration 
   /Users/freesurfer_user/Documents/Github/Edits-FreeSurfer-Training-Data/fsaverage/surf/rh.sphere.reg
Done loading target registration surface
Mapping Surfaces (sub-09 -> fsaverage)
surf2surf_nnfr: building source hash (res=16).
Surf2Surf: Forward Loop (163842)

surf2surf_nnfr: building target hash (res=16).
Surf2Surf: Reverse Loop (162938)
Reverse Loop had 37853 hits
Surf2Surf: Dividing by number of hits (163842)
INFO: nSrcLost = 0
Done mapping surfaces
nSrc121 = 131946, nSrcLost =     0, nSrcMulti = 30992, MnSrcMultiHits = 2.25055
nTrg121 = 135792, nTrgMulti = 28050, MnTrgMultiHits = 2.34948
Writing to /Users/freesurfer_user/Documents/Github/Edits-FreeSurfer-Training-Data/sub-09/surf/rh.bmclone.fsa.mgh
Dim: 163842 1 1
mri_binarize --i /Users/freesurfer_user/Documents/Github/Edits-FreeSurfer-Training-Data/sub-09/surf/rh.bmclone.fsa.mgh --min .0001 --o /Users/freesurfer_user/Documents/Github/Edits-FreeSurfer-Training-Data/sub-09/surf/rh.bmclone.fsa.mgh

$Id: mri_binarize.c,v 1.43 2016/06/09 20:46:21 greve Exp $
cwd /Users/freesurfer_user/Documents/GitHub/Edits-FreeSurfer-Training-Data
cmdline mri_binarize.bin --i /Users/freesurfer_user/Documents/Github/Edits-FreeSurfer-Training-Data/sub-09/surf/rh.bmclone.fsa.mgh --min .0001 --o /Users/freesurfer_user/Documents/Github/Edits-FreeSurfer-Training-Data/sub-09/surf/rh.bmclone.fsa.mgh 
sysname  Darwin
hostname CFMI-iMac-10.local
machine  x86_64
user     freesurfer_user

input      /Users/freesurfer_user/Documents/Github/Edits-FreeSurfer-Training-Data/sub-09/surf/rh.bmclone.fsa.mgh
frame      0
nErode3d   0
nErode2d   0
output     /Users/freesurfer_user/Documents/Github/Edits-FreeSurfer-Training-Data/sub-09/surf/rh.bmclone.fsa.mgh
Binarizing based on threshold
min        0.0001
max        +infinity
binval        1
binvalnot     0
fstart = 0, fend = 0, nframes = 1
Found 158883 values in range
Counting number of voxels in first frame
Found 158883 voxels in final mask
Count: 158883 158883.000000 163842 96.973304
mri_binarize done
 
Started at Tue Jul 18 15:20:03 EDT 2017 
Ended   at Tue Jul 18 15:20:58 EDT 2017
Bmedits2surf-Run-Time-Sec 55
Bmedits2surf-Run-Time-Hours 0.02
 
bmedits2surf Done
