Log file for wmedits2surf
Tue Jul 18 15:38:36 EDT 2017

setenv SUBJECTS_DIR /Users/freesurfer_user/Documents/Github/Edits-FreeSurfer-Training-Data
cd /Users/freesurfer_user/Documents/Github/Edits-FreeSurfer-Training-Data
/Applications/freesurfer/bin/wmedits2surf --s sub-07 --overwrite

freesurfer-Darwin-OSX-stable-pub-v6.0.0-2beb96c
$Id: FreeSurferEnv.csh,v 1.89 2016/06/09 14:54:31 zkaufman Exp $
Darwin CFMI-iMac-10.local 16.6.0 Darwin Kernel Version 16.6.0: Fri Apr 14 16:21:16 PDT 2017; root:xnu-3789.60.24~6/RELEASE_X86_64 x86_64
mri_binarize --i /Users/freesurfer_user/Documents/Github/Edits-FreeSurfer-Training-Data/sub-07/mri/wm.mgz --match 1 --o /Users/freesurfer_user/Documents/Github/Edits-FreeSurfer-Training-Data/sub-07/surf/tmpdir.wmedits2surf.225/wm.erase.mgh --count /Users/freesurfer_user/Documents/Github/Edits-FreeSurfer-Training-Data/sub-07/stats/wm.erase.dat

$Id: mri_binarize.c,v 1.43 2016/06/09 20:46:21 greve Exp $
cwd /Users/freesurfer_user/Documents/GitHub/Edits-FreeSurfer-Training-Data
cmdline mri_binarize.bin --i /Users/freesurfer_user/Documents/Github/Edits-FreeSurfer-Training-Data/sub-07/mri/wm.mgz --match 1 --o /Users/freesurfer_user/Documents/Github/Edits-FreeSurfer-Training-Data/sub-07/surf/tmpdir.wmedits2surf.225/wm.erase.mgh --count /Users/freesurfer_user/Documents/Github/Edits-FreeSurfer-Training-Data/sub-07/stats/wm.erase.dat 
sysname  Darwin
hostname CFMI-iMac-10.local
machine  x86_64
user     freesurfer_user

input      /Users/freesurfer_user/Documents/Github/Edits-FreeSurfer-Training-Data/sub-07/mri/wm.mgz
frame      0
nErode3d   0
nErode2d   0
output     /Users/freesurfer_user/Documents/Github/Edits-FreeSurfer-Training-Data/sub-07/surf/tmpdir.wmedits2surf.225/wm.erase.mgh
Binarizing based on matching values
nMatch 1
 0     1
binval        1
binvalnot     0
fstart = 0, fend = 0, nframes = 1
Found 0 values in range
Counting number of voxels in first frame
Found 0 voxels in final mask
Count: 0 0.000000 16777216 0.000000
mri_binarize done
mri_vol2surf --regheader sub-07 --hemi lh --mov /Users/freesurfer_user/Documents/Github/Edits-FreeSurfer-Training-Data/sub-07/surf/tmpdir.wmedits2surf.225/wm.erase.mgh --o /Users/freesurfer_user/Documents/Github/Edits-FreeSurfer-Training-Data/sub-07/surf/lh.wmerase.fsa.mgh --interp nearest --projfrac-max -1 1 .3 --trgsubject fsaverage
srcvol = /Users/freesurfer_user/Documents/Github/Edits-FreeSurfer-Training-Data/sub-07/surf/tmpdir.wmedits2surf.225/wm.erase.mgh
srcreg unspecified
srcregold = 0
srcwarp unspecified
surf = white
hemi = lh
trgsubject = fsaverage
surfreg = sphere.reg
ProjFrac = 0.5
thickness = thickness
reshape = 0
interp = nearest
float2int = round
GetProjMax = 1
INFO: float2int code = 0
INFO: changing type to float
Done loading volume
Computing registration from header.
  Using /Users/freesurfer_user/Documents/Github/Edits-FreeSurfer-Training-Data/sub-07/mri/orig.mgz as target reference.
-------- original matrix -----------
 1.00000   0.00000   0.00000   0.00000;
 0.00000   1.00000   0.00000   0.00000;
 0.00000   0.00000   1.00000   0.00000;
 0.00000   0.00000   0.00000   1.00000;
-------- original matrix -----------
Reading surface /Users/freesurfer_user/Documents/Github/Edits-FreeSurfer-Training-Data/sub-07/surf/lh.white
Done reading source surface
Reading thickness /Users/freesurfer_user/Documents/Github/Edits-FreeSurfer-Training-Data/sub-07/surf/lh.thickness
Done
Mapping Source Volume onto Source Subject Surface
 1 -1 -1 1
using old
 2 -0.7 -1 1
using old
 3 -0.4 -1 1
using old
 4 -0.1 -1 1
using old
 5 0.2 -1 1
using old
 6 0.5 -1 1
using old
 7 0.8 -1 1
using old
Done mapping volume to surface
Number of source voxels hit = 91595
Reading source surface registration 
  /Users/freesurfer_user/Documents/Github/Edits-FreeSurfer-Training-Data/sub-07/surf/lh.sphere.reg
Done loading source registration surface
Reading target registration 
   /Users/freesurfer_user/Documents/Github/Edits-FreeSurfer-Training-Data/fsaverage/surf/lh.sphere.reg
Done loading target registration surface
Mapping Surfaces (sub-07 -> fsaverage)
surf2surf_nnfr: building source hash (res=16).
Surf2Surf: Forward Loop (163842)

surf2surf_nnfr: building target hash (res=16).
Surf2Surf: Reverse Loop (162696)
Reverse Loop had 37485 hits
Surf2Surf: Dividing by number of hits (163842)
INFO: nSrcLost = 0
Done mapping surfaces
nSrc121 = 131148, nSrcLost =     0, nSrcMulti = 31548, MnSrcMultiHits = 2.22451
nTrg121 = 136730, nTrgMulti = 27112, MnTrgMultiHits = 2.3826
Writing to /Users/freesurfer_user/Documents/Github/Edits-FreeSurfer-Training-Data/sub-07/surf/lh.wmerase.fsa.mgh
Dim: 163842 1 1
mri_binarize --i /Users/freesurfer_user/Documents/Github/Edits-FreeSurfer-Training-Data/sub-07/surf/lh.wmerase.fsa.mgh --min .0001 --o /Users/freesurfer_user/Documents/Github/Edits-FreeSurfer-Training-Data/sub-07/surf/lh.wmerase.fsa.mgh

$Id: mri_binarize.c,v 1.43 2016/06/09 20:46:21 greve Exp $
cwd /Users/freesurfer_user/Documents/GitHub/Edits-FreeSurfer-Training-Data
cmdline mri_binarize.bin --i /Users/freesurfer_user/Documents/Github/Edits-FreeSurfer-Training-Data/sub-07/surf/lh.wmerase.fsa.mgh --min .0001 --o /Users/freesurfer_user/Documents/Github/Edits-FreeSurfer-Training-Data/sub-07/surf/lh.wmerase.fsa.mgh 
sysname  Darwin
hostname CFMI-iMac-10.local
machine  x86_64
user     freesurfer_user

input      /Users/freesurfer_user/Documents/Github/Edits-FreeSurfer-Training-Data/sub-07/surf/lh.wmerase.fsa.mgh
frame      0
nErode3d   0
nErode2d   0
output     /Users/freesurfer_user/Documents/Github/Edits-FreeSurfer-Training-Data/sub-07/surf/lh.wmerase.fsa.mgh
Binarizing based on threshold
min        0.0001
max        +infinity
binval        1
binvalnot     0
fstart = 0, fend = 0, nframes = 1
Found 0 values in range
Counting number of voxels in first frame
Found 0 voxels in final mask
Count: 0 0.000000 163842 0.000000
mri_binarize done
mri_vol2surf --regheader sub-07 --hemi rh --mov /Users/freesurfer_user/Documents/Github/Edits-FreeSurfer-Training-Data/sub-07/surf/tmpdir.wmedits2surf.225/wm.erase.mgh --o /Users/freesurfer_user/Documents/Github/Edits-FreeSurfer-Training-Data/sub-07/surf/rh.wmerase.fsa.mgh --interp nearest --projfrac-max -1 1 .3 --trgsubject fsaverage
srcvol = /Users/freesurfer_user/Documents/Github/Edits-FreeSurfer-Training-Data/sub-07/surf/tmpdir.wmedits2surf.225/wm.erase.mgh
srcreg unspecified
srcregold = 0
srcwarp unspecified
surf = white
hemi = rh
trgsubject = fsaverage
surfreg = sphere.reg
ProjFrac = 0.5
thickness = thickness
reshape = 0
interp = nearest
float2int = round
GetProjMax = 1
INFO: float2int code = 0
INFO: changing type to float
Done loading volume
Computing registration from header.
  Using /Users/freesurfer_user/Documents/Github/Edits-FreeSurfer-Training-Data/sub-07/mri/orig.mgz as target reference.
-------- original matrix -----------
 1.00000   0.00000   0.00000   0.00000;
 0.00000   1.00000   0.00000   0.00000;
 0.00000   0.00000   1.00000   0.00000;
 0.00000   0.00000   0.00000   1.00000;
-------- original matrix -----------
Reading surface /Users/freesurfer_user/Documents/Github/Edits-FreeSurfer-Training-Data/sub-07/surf/rh.white
Done reading source surface
Reading thickness /Users/freesurfer_user/Documents/Github/Edits-FreeSurfer-Training-Data/sub-07/surf/rh.thickness
Done
Mapping Source Volume onto Source Subject Surface
 1 -1 -1 1
using old
 2 -0.7 -1 1
using old
 3 -0.4 -1 1
using old
 4 -0.1 -1 1
using old
 5 0.2 -1 1
using old
 6 0.5 -1 1
using old
 7 0.8 -1 1
using old
Done mapping volume to surface
Number of source voxels hit = 90804
Reading source surface registration 
  /Users/freesurfer_user/Documents/Github/Edits-FreeSurfer-Training-Data/sub-07/surf/rh.sphere.reg
Done loading source registration surface
Reading target registration 
   /Users/freesurfer_user/Documents/Github/Edits-FreeSurfer-Training-Data/fsaverage/surf/rh.sphere.reg
Done loading target registration surface
Mapping Surfaces (sub-07 -> fsaverage)
surf2surf_nnfr: building source hash (res=16).
Surf2Surf: Forward Loop (163842)

surf2surf_nnfr: building target hash (res=16).
Surf2Surf: Reverse Loop (162518)
Reverse Loop had 38577 hits
Surf2Surf: Dividing by number of hits (163842)
INFO: nSrcLost = 0
Done mapping surfaces
nSrc121 = 130678, nSrcLost =     0, nSrcMulti = 31840, MnSrcMultiHits = 2.25317
nTrg121 = 135585, nTrgMulti = 28257, MnTrgMultiHits = 2.36522
Writing to /Users/freesurfer_user/Documents/Github/Edits-FreeSurfer-Training-Data/sub-07/surf/rh.wmerase.fsa.mgh
Dim: 163842 1 1
mri_binarize --i /Users/freesurfer_user/Documents/Github/Edits-FreeSurfer-Training-Data/sub-07/surf/rh.wmerase.fsa.mgh --min .0001 --o /Users/freesurfer_user/Documents/Github/Edits-FreeSurfer-Training-Data/sub-07/surf/rh.wmerase.fsa.mgh

$Id: mri_binarize.c,v 1.43 2016/06/09 20:46:21 greve Exp $
cwd /Users/freesurfer_user/Documents/GitHub/Edits-FreeSurfer-Training-Data
cmdline mri_binarize.bin --i /Users/freesurfer_user/Documents/Github/Edits-FreeSurfer-Training-Data/sub-07/surf/rh.wmerase.fsa.mgh --min .0001 --o /Users/freesurfer_user/Documents/Github/Edits-FreeSurfer-Training-Data/sub-07/surf/rh.wmerase.fsa.mgh 
sysname  Darwin
hostname CFMI-iMac-10.local
machine  x86_64
user     freesurfer_user

input      /Users/freesurfer_user/Documents/Github/Edits-FreeSurfer-Training-Data/sub-07/surf/rh.wmerase.fsa.mgh
frame      0
nErode3d   0
nErode2d   0
output     /Users/freesurfer_user/Documents/Github/Edits-FreeSurfer-Training-Data/sub-07/surf/rh.wmerase.fsa.mgh
Binarizing based on threshold
min        0.0001
max        +infinity
binval        1
binvalnot     0
fstart = 0, fend = 0, nframes = 1
Found 0 values in range
Counting number of voxels in first frame
Found 0 voxels in final mask
Count: 0 0.000000 163842 0.000000
mri_binarize done
mri_binarize --i /Users/freesurfer_user/Documents/Github/Edits-FreeSurfer-Training-Data/sub-07/mri/wm.mgz --match 255 --o /Users/freesurfer_user/Documents/Github/Edits-FreeSurfer-Training-Data/sub-07/surf/tmpdir.wmedits2surf.225/wm.fill.mgh --count /Users/freesurfer_user/Documents/Github/Edits-FreeSurfer-Training-Data/sub-07/stats/wm.fill.dat

$Id: mri_binarize.c,v 1.43 2016/06/09 20:46:21 greve Exp $
cwd /Users/freesurfer_user/Documents/GitHub/Edits-FreeSurfer-Training-Data
cmdline mri_binarize.bin --i /Users/freesurfer_user/Documents/Github/Edits-FreeSurfer-Training-Data/sub-07/mri/wm.mgz --match 255 --o /Users/freesurfer_user/Documents/Github/Edits-FreeSurfer-Training-Data/sub-07/surf/tmpdir.wmedits2surf.225/wm.fill.mgh --count /Users/freesurfer_user/Documents/Github/Edits-FreeSurfer-Training-Data/sub-07/stats/wm.fill.dat 
sysname  Darwin
hostname CFMI-iMac-10.local
machine  x86_64
user     freesurfer_user

input      /Users/freesurfer_user/Documents/Github/Edits-FreeSurfer-Training-Data/sub-07/mri/wm.mgz
frame      0
nErode3d   0
nErode2d   0
output     /Users/freesurfer_user/Documents/Github/Edits-FreeSurfer-Training-Data/sub-07/surf/tmpdir.wmedits2surf.225/wm.fill.mgh
Binarizing based on matching values
nMatch 1
 0   255
binval        1
binvalnot     0
fstart = 0, fend = 0, nframes = 1
Found 32 values in range
Counting number of voxels in first frame
Found 32 voxels in final mask
Count: 32 32.000000 16777216 0.000191
mri_binarize done
mri_vol2surf --regheader sub-07 --hemi lh --mov /Users/freesurfer_user/Documents/Github/Edits-FreeSurfer-Training-Data/sub-07/surf/tmpdir.wmedits2surf.225/wm.fill.mgh --o /Users/freesurfer_user/Documents/Github/Edits-FreeSurfer-Training-Data/sub-07/surf/lh.wmfill.fsa.mgh --interp nearest --projfrac-max -1 1 .3 --trgsubject fsaverage
srcvol = /Users/freesurfer_user/Documents/Github/Edits-FreeSurfer-Training-Data/sub-07/surf/tmpdir.wmedits2surf.225/wm.fill.mgh
srcreg unspecified
srcregold = 0
srcwarp unspecified
surf = white
hemi = lh
trgsubject = fsaverage
surfreg = sphere.reg
ProjFrac = 0.5
thickness = thickness
reshape = 0
interp = nearest
float2int = round
GetProjMax = 1
INFO: float2int code = 0
INFO: changing type to float
Done loading volume
Computing registration from header.
  Using /Users/freesurfer_user/Documents/Github/Edits-FreeSurfer-Training-Data/sub-07/mri/orig.mgz as target reference.
-------- original matrix -----------
 1.00000   0.00000   0.00000   0.00000;
 0.00000   1.00000   0.00000   0.00000;
 0.00000   0.00000   1.00000   0.00000;
 0.00000   0.00000   0.00000   1.00000;
-------- original matrix -----------
Reading surface /Users/freesurfer_user/Documents/Github/Edits-FreeSurfer-Training-Data/sub-07/surf/lh.white
Done reading source surface
Reading thickness /Users/freesurfer_user/Documents/Github/Edits-FreeSurfer-Training-Data/sub-07/surf/lh.thickness
Done
Mapping Source Volume onto Source Subject Surface
 1 -1 -1 1
using old
 2 -0.7 -1 1
using old
 3 -0.4 -1 1
using old
 4 -0.1 -1 1
using old
 5 0.2 -1 1
using old
 6 0.5 -1 1
using old
 7 0.8 -1 1
using old
Done mapping volume to surface
Number of source voxels hit = 91595
Reading source surface registration 
  /Users/freesurfer_user/Documents/Github/Edits-FreeSurfer-Training-Data/sub-07/surf/lh.sphere.reg
Done loading source registration surface
Reading target registration 
   /Users/freesurfer_user/Documents/Github/Edits-FreeSurfer-Training-Data/fsaverage/surf/lh.sphere.reg
Done loading target registration surface
Mapping Surfaces (sub-07 -> fsaverage)
surf2surf_nnfr: building source hash (res=16).
Surf2Surf: Forward Loop (163842)

surf2surf_nnfr: building target hash (res=16).
Surf2Surf: Reverse Loop (162696)
Reverse Loop had 37485 hits
Surf2Surf: Dividing by number of hits (163842)
INFO: nSrcLost = 0
Done mapping surfaces
nSrc121 = 131148, nSrcLost =     0, nSrcMulti = 31548, MnSrcMultiHits = 2.22451
nTrg121 = 136730, nTrgMulti = 27112, MnTrgMultiHits = 2.3826
Writing to /Users/freesurfer_user/Documents/Github/Edits-FreeSurfer-Training-Data/sub-07/surf/lh.wmfill.fsa.mgh
Dim: 163842 1 1
mri_binarize --i /Users/freesurfer_user/Documents/Github/Edits-FreeSurfer-Training-Data/sub-07/surf/lh.wmfill.fsa.mgh --min .0001 --o /Users/freesurfer_user/Documents/Github/Edits-FreeSurfer-Training-Data/sub-07/surf/lh.wmfill.fsa.mgh

$Id: mri_binarize.c,v 1.43 2016/06/09 20:46:21 greve Exp $
cwd /Users/freesurfer_user/Documents/GitHub/Edits-FreeSurfer-Training-Data
cmdline mri_binarize.bin --i /Users/freesurfer_user/Documents/Github/Edits-FreeSurfer-Training-Data/sub-07/surf/lh.wmfill.fsa.mgh --min .0001 --o /Users/freesurfer_user/Documents/Github/Edits-FreeSurfer-Training-Data/sub-07/surf/lh.wmfill.fsa.mgh 
sysname  Darwin
hostname CFMI-iMac-10.local
machine  x86_64
user     freesurfer_user

input      /Users/freesurfer_user/Documents/Github/Edits-FreeSurfer-Training-Data/sub-07/surf/lh.wmfill.fsa.mgh
frame      0
nErode3d   0
nErode2d   0
output     /Users/freesurfer_user/Documents/Github/Edits-FreeSurfer-Training-Data/sub-07/surf/lh.wmfill.fsa.mgh
Binarizing based on threshold
min        0.0001
max        +infinity
binval        1
binvalnot     0
fstart = 0, fend = 0, nframes = 1
Found 37 values in range
Counting number of voxels in first frame
Found 37 voxels in final mask
Count: 37 37.000000 163842 0.022583
mri_binarize done
mri_vol2surf --regheader sub-07 --hemi rh --mov /Users/freesurfer_user/Documents/Github/Edits-FreeSurfer-Training-Data/sub-07/surf/tmpdir.wmedits2surf.225/wm.fill.mgh --o /Users/freesurfer_user/Documents/Github/Edits-FreeSurfer-Training-Data/sub-07/surf/rh.wmfill.fsa.mgh --interp nearest --projfrac-max -1 1 .3 --trgsubject fsaverage
srcvol = /Users/freesurfer_user/Documents/Github/Edits-FreeSurfer-Training-Data/sub-07/surf/tmpdir.wmedits2surf.225/wm.fill.mgh
srcreg unspecified
srcregold = 0
srcwarp unspecified
surf = white
hemi = rh
trgsubject = fsaverage
surfreg = sphere.reg
ProjFrac = 0.5
thickness = thickness
reshape = 0
interp = nearest
float2int = round
GetProjMax = 1
INFO: float2int code = 0
INFO: changing type to float
Done loading volume
Computing registration from header.
  Using /Users/freesurfer_user/Documents/Github/Edits-FreeSurfer-Training-Data/sub-07/mri/orig.mgz as target reference.
-------- original matrix -----------
 1.00000   0.00000   0.00000   0.00000;
 0.00000   1.00000   0.00000   0.00000;
 0.00000   0.00000   1.00000   0.00000;
 0.00000   0.00000   0.00000   1.00000;
-------- original matrix -----------
Reading surface /Users/freesurfer_user/Documents/Github/Edits-FreeSurfer-Training-Data/sub-07/surf/rh.white
Done reading source surface
Reading thickness /Users/freesurfer_user/Documents/Github/Edits-FreeSurfer-Training-Data/sub-07/surf/rh.thickness
Done
Mapping Source Volume onto Source Subject Surface
 1 -1 -1 1
using old
 2 -0.7 -1 1
using old
 3 -0.4 -1 1
using old
 4 -0.1 -1 1
using old
 5 0.2 -1 1
using old
 6 0.5 -1 1
using old
 7 0.8 -1 1
using old
Done mapping volume to surface
Number of source voxels hit = 90804
Reading source surface registration 
  /Users/freesurfer_user/Documents/Github/Edits-FreeSurfer-Training-Data/sub-07/surf/rh.sphere.reg
Done loading source registration surface
Reading target registration 
   /Users/freesurfer_user/Documents/Github/Edits-FreeSurfer-Training-Data/fsaverage/surf/rh.sphere.reg
Done loading target registration surface
Mapping Surfaces (sub-07 -> fsaverage)
surf2surf_nnfr: building source hash (res=16).
Surf2Surf: Forward Loop (163842)

surf2surf_nnfr: building target hash (res=16).
Surf2Surf: Reverse Loop (162518)
Reverse Loop had 38577 hits
Surf2Surf: Dividing by number of hits (163842)
INFO: nSrcLost = 0
Done mapping surfaces
nSrc121 = 130678, nSrcLost =     0, nSrcMulti = 31840, MnSrcMultiHits = 2.25317
nTrg121 = 135585, nTrgMulti = 28257, MnTrgMultiHits = 2.36522
Writing to /Users/freesurfer_user/Documents/Github/Edits-FreeSurfer-Training-Data/sub-07/surf/rh.wmfill.fsa.mgh
Dim: 163842 1 1
mri_binarize --i /Users/freesurfer_user/Documents/Github/Edits-FreeSurfer-Training-Data/sub-07/surf/rh.wmfill.fsa.mgh --min .0001 --o /Users/freesurfer_user/Documents/Github/Edits-FreeSurfer-Training-Data/sub-07/surf/rh.wmfill.fsa.mgh

$Id: mri_binarize.c,v 1.43 2016/06/09 20:46:21 greve Exp $
cwd /Users/freesurfer_user/Documents/GitHub/Edits-FreeSurfer-Training-Data
cmdline mri_binarize.bin --i /Users/freesurfer_user/Documents/Github/Edits-FreeSurfer-Training-Data/sub-07/surf/rh.wmfill.fsa.mgh --min .0001 --o /Users/freesurfer_user/Documents/Github/Edits-FreeSurfer-Training-Data/sub-07/surf/rh.wmfill.fsa.mgh 
sysname  Darwin
hostname CFMI-iMac-10.local
machine  x86_64
user     freesurfer_user

input      /Users/freesurfer_user/Documents/Github/Edits-FreeSurfer-Training-Data/sub-07/surf/rh.wmfill.fsa.mgh
frame      0
nErode3d   0
nErode2d   0
output     /Users/freesurfer_user/Documents/Github/Edits-FreeSurfer-Training-Data/sub-07/surf/rh.wmfill.fsa.mgh
Binarizing based on threshold
min        0.0001
max        +infinity
binval        1
binvalnot     0
fstart = 0, fend = 0, nframes = 1
Found 16 values in range
Counting number of voxels in first frame
Found 16 voxels in final mask
Count: 16 16.000000 163842 0.009766
mri_binarize done
 
Started at Tue Jul 18 15:38:36 EDT 2017 
Ended   at Tue Jul 18 15:39:13 EDT 2017
Wmedits2surf-Run-Time-Sec 37
Wmedits2surf-Run-Time-Hours 0.01
 
wmedits2surf Done
