status file for recon-all
Thu Jul  6 19:05:36 EDT 2017
#@# MotionCor Thu Jul  6 19:05:44 EDT 2017
#@# Deface Thu Jul  6 19:05:55 EDT 2017
#@# Talairach Thu Jul  6 19:08:28 EDT 2017
#@# Talairach Failure Detection Thu Jul  6 19:10:04 EDT 2017
#@# Nu Intensity Correction Thu Jul  6 19:10:04 EDT 2017
#@# Intensity Normalization Thu Jul  6 19:11:33 EDT 2017
#@# Skull Stripping Thu Jul  6 19:13:37 EDT 2017
#@# EM Registration Thu Jul  6 19:23:48 EDT 2017
#@# CA Normalize Thu Jul  6 19:32:50 EDT 2017
#@# CA Reg Thu Jul  6 19:35:41 EDT 2017
#@# SubCort Seg Thu Jul  6 22:08:35 EDT 2017
#@# Merge ASeg Thu Jul  6 23:16:24 EDT 2017
#@# Intensity Normalization2 Thu Jul  6 23:16:24 EDT 2017
#@# Mask BFS Thu Jul  6 23:19:44 EDT 2017
#@# WM Segmentation Thu Jul  6 23:19:46 EDT 2017
#@# Fill Thu Jul  6 23:22:29 EDT 2017
#@# Tessellate lh Thu Jul  6 23:23:17 EDT 2017
#@# Tessellate rh Thu Jul  6 23:23:22 EDT 2017
#@# Smooth1 lh Thu Jul  6 23:23:28 EDT 2017
#@# Smooth1 rh Thu Jul  6 23:23:28 EDT 2017
Darwin trash-can.local 15.6.0 Darwin Kernel Version 15.6.0: Thu Jun 23 18:25:34 PDT 2016; root:xnu-3248.60.10~1/RELEASE_X86_64 x86_64 i386 MacPro6,1 Darwin

recon-all -s sub-02 exited with ERRORS at Thu Jul  6 23:23:29 EDT 2017

\n\n
New invocation of recon-all 
\n\n
status file for recon-all
Fri Jul  7 09:46:09 EDT 2017
#@# Smooth1 lh Fri Jul  7 09:46:09 EDT 2017
recon-all -s sub-02 finished without error at Fri Jul  7 09:46:16 EDT 2017
\n\n
New invocation of recon-all 
\n\n
status file for recon-all
Fri Jul  7 09:46:17 EDT 2017
#@# Smooth1 rh Fri Jul  7 09:46:17 EDT 2017
recon-all -s sub-02 finished without error at Fri Jul  7 09:46:25 EDT 2017
\n\n
New invocation of recon-all 
\n\n
status file for recon-all
Fri Jul  7 09:46:25 EDT 2017
#@# Inflation1 lh Fri Jul  7 09:46:25 EDT 2017
recon-all -s sub-02 finished without error at Fri Jul  7 09:46:42 EDT 2017
\n\n
New invocation of recon-all 
\n\n
status file for recon-all
Fri Jul  7 09:46:42 EDT 2017
#@# Inflation1 rh Fri Jul  7 09:46:42 EDT 2017
recon-all -s sub-02 finished without error at Fri Jul  7 09:47:00 EDT 2017
\n\n
New invocation of recon-all 
\n\n
status file for recon-all
Fri Jul  7 09:47:00 EDT 2017
#@# QSphere lh Fri Jul  7 09:47:00 EDT 2017
recon-all -s sub-02 finished without error at Fri Jul  7 09:49:00 EDT 2017
\n\n
New invocation of recon-all 
\n\n
status file for recon-all
Fri Jul  7 09:49:00 EDT 2017
#@# QSphere rh Fri Jul  7 09:49:01 EDT 2017
recon-all -s sub-02 finished without error at Fri Jul  7 09:51:54 EDT 2017
\n\n
New invocation of recon-all 
\n\n
status file for recon-all
Fri Jul  7 09:51:55 EDT 2017
#@# Fix Topology Copy lh Fri Jul  7 09:51:55 EDT 2017
#@# Fix Topology lh Fri Jul  7 09:51:55 EDT 2017
recon-all -s sub-02 finished without error at Fri Jul  7 10:39:47 EDT 2017
\n\n
New invocation of recon-all 
\n\n
status file for recon-all
Fri Jul  7 10:39:47 EDT 2017
#@# Fix Topology Copy rh Fri Jul  7 10:39:47 EDT 2017
#@# Fix Topology rh Fri Jul  7 10:39:47 EDT 2017
recon-all -s sub-02 finished without error at Fri Jul  7 11:13:46 EDT 2017
\n\n
New invocation of recon-all 
\n\n
status file for recon-all
Fri Jul  7 11:13:47 EDT 2017
#@# Make White Surf lh Fri Jul  7 11:13:47 EDT 2017
recon-all -s sub-02 finished without error at Fri Jul  7 11:33:26 EDT 2017
\n\n
New invocation of recon-all 
\n\n
status file for recon-all
Fri Jul  7 11:33:27 EDT 2017
#@# Make White Surf rh Fri Jul  7 11:33:27 EDT 2017
recon-all -s sub-02 finished without error at Fri Jul  7 11:54:08 EDT 2017
\n\n
New invocation of recon-all 
\n\n
status file for recon-all
Fri Jul  7 11:54:09 EDT 2017
#@# Smooth2 lh Fri Jul  7 11:54:09 EDT 2017
recon-all -s sub-02 finished without error at Fri Jul  7 11:54:18 EDT 2017
\n\n
New invocation of recon-all 
\n\n
status file for recon-all
Fri Jul  7 11:54:18 EDT 2017
#@# Inflation2 lh Fri Jul  7 11:54:18 EDT 2017
recon-all -s sub-02 finished without error at Fri Jul  7 11:54:38 EDT 2017
\n\n
New invocation of recon-all 
\n\n
status file for recon-all
Fri Jul  7 11:54:38 EDT 2017
#@# Sphere lh Fri Jul  7 11:54:38 EDT 2017
recon-all -s sub-02 finished without error at Fri Jul  7 12:08:15 EDT 2017
\n\n
New invocation of recon-all 
\n\n
status file for recon-all
Fri Jul  7 12:08:15 EDT 2017
#@# Surf Reg lh Fri Jul  7 12:08:15 EDT 2017
recon-all -s sub-02 finished without error at Fri Jul  7 12:44:08 EDT 2017
\n\n
New invocation of recon-all 
\n\n
status file for recon-all
Fri Jul  7 12:44:08 EDT 2017
#@# Cortical Parc lh Fri Jul  7 12:44:08 EDT 2017
recon-all -s sub-02 finished without error at Fri Jul  7 12:44:35 EDT 2017
\n\n
New invocation of recon-all 
\n\n
status file for recon-all
Fri Jul  7 12:44:35 EDT 2017
#@# Make Pial Surf lh Fri Jul  7 12:44:36 EDT 2017
#@# Surf Volume lh Fri Jul  7 13:11:39 EDT 2017
recon-all -s sub-02 finished without error at Fri Jul  7 13:11:43 EDT 2017
\n\n
New invocation of recon-all 
\n\n
status file for recon-all
Fri Jul  7 13:11:44 EDT 2017
#@# Surf Volume lh Fri Jul  7 13:11:44 EDT 2017
recon-all -s sub-02 finished without error at Fri Jul  7 13:11:48 EDT 2017
\n\n
New invocation of recon-all 
\n\n
status file for recon-all
Fri Jul  7 13:11:48 EDT 2017
#@# Smooth2 rh Fri Jul  7 13:11:48 EDT 2017
recon-all -s sub-02 finished without error at Fri Jul  7 13:11:58 EDT 2017
\n\n
New invocation of recon-all 
\n\n
status file for recon-all
Fri Jul  7 13:11:59 EDT 2017
#@# Inflation2 rh Fri Jul  7 13:11:59 EDT 2017
recon-all -s sub-02 finished without error at Fri Jul  7 13:12:20 EDT 2017
\n\n
New invocation of recon-all 
\n\n
status file for recon-all
Fri Jul  7 13:12:21 EDT 2017
#@# Sphere rh Fri Jul  7 13:12:21 EDT 2017
recon-all -s sub-02 finished without error at Fri Jul  7 13:22:58 EDT 2017
\n\n
New invocation of recon-all 
\n\n
status file for recon-all
Fri Jul  7 13:22:58 EDT 2017
#@# Surf Reg rh Fri Jul  7 13:22:58 EDT 2017
recon-all -s sub-02 finished without error at Fri Jul  7 14:06:10 EDT 2017
\n\n
New invocation of recon-all 
\n\n
status file for recon-all
Fri Jul  7 14:06:10 EDT 2017
#@# Cortical Parc rh Fri Jul  7 14:06:10 EDT 2017
recon-all -s sub-02 finished without error at Fri Jul  7 14:06:33 EDT 2017
\n\n
New invocation of recon-all 
\n\n
status file for recon-all
Fri Jul  7 14:06:34 EDT 2017
#@# Make Pial Surf rh Fri Jul  7 14:06:34 EDT 2017
#@# Surf Volume rh Fri Jul  7 14:27:01 EDT 2017
recon-all -s sub-02 finished without error at Fri Jul  7 14:27:05 EDT 2017
\n\n
New invocation of recon-all 
\n\n
status file for recon-all
Fri Jul  7 14:27:06 EDT 2017
#@# Surf Volume rh Fri Jul  7 14:27:06 EDT 2017
recon-all -s sub-02 finished without error at Fri Jul  7 14:27:10 EDT 2017
\n\n
New invocation of recon-all 
\n\n
status file for recon-all
Fri Jul  7 14:27:10 EDT 2017
#@# Curv .H and .K lh Fri Jul  7 14:27:10 EDT 2017
recon-all -s sub-02 finished without error at Fri Jul  7 14:28:40 EDT 2017
\n\n
New invocation of recon-all 
\n\n
status file for recon-all
Fri Jul  7 14:28:40 EDT 2017
#@# Curv .H and .K rh Fri Jul  7 14:28:40 EDT 2017
recon-all -s sub-02 finished without error at Fri Jul  7 14:30:11 EDT 2017
\n\n
New invocation of recon-all 
\n\n
status file for recon-all
Fri Jul  7 14:30:11 EDT 2017
#@# Curvature Stats lh Fri Jul  7 14:30:11 EDT 2017
recon-all -s sub-02 finished without error at Fri Jul  7 14:30:18 EDT 2017
\n\n
New invocation of recon-all 
\n\n
status file for recon-all
Fri Jul  7 14:30:19 EDT 2017
#@# Curvature Stats rh Fri Jul  7 14:30:19 EDT 2017
recon-all -s sub-02 finished without error at Fri Jul  7 14:30:27 EDT 2017
\n\n
New invocation of recon-all 
\n\n
status file for recon-all
Fri Jul  7 14:30:27 EDT 2017
#@# Jacobian white lh Fri Jul  7 14:30:27 EDT 2017
recon-all -s sub-02 finished without error at Fri Jul  7 14:30:30 EDT 2017
\n\n
New invocation of recon-all 
\n\n
status file for recon-all
Fri Jul  7 14:30:30 EDT 2017
#@# Jacobian white rh Fri Jul  7 14:30:30 EDT 2017
recon-all -s sub-02 finished without error at Fri Jul  7 14:30:33 EDT 2017
\n\n
New invocation of recon-all 
\n\n
status file for recon-all
Fri Jul  7 14:30:33 EDT 2017
#@# AvgCurv lh Fri Jul  7 14:30:33 EDT 2017
recon-all -s sub-02 finished without error at Fri Jul  7 14:30:36 EDT 2017
\n\n
New invocation of recon-all 
\n\n
status file for recon-all
Fri Jul  7 14:30:36 EDT 2017
#@# AvgCurv rh Fri Jul  7 14:30:36 EDT 2017
recon-all -s sub-02 finished without error at Fri Jul  7 14:30:38 EDT 2017
\n\n
New invocation of recon-all 
\n\n
status file for recon-all
Fri Jul  7 14:30:39 EDT 2017
#@# Cortical ribbon mask Fri Jul  7 14:30:39 EDT 2017
recon-all -s sub-02 finished without error at Fri Jul  7 14:48:27 EDT 2017
\n\n
New invocation of recon-all 
\n\n
status file for recon-all
Fri Jul  7 14:48:27 EDT 2017
#@# Parcellation Stats lh Fri Jul  7 14:48:27 EDT 2017
recon-all -s sub-02 finished without error at Fri Jul  7 14:49:49 EDT 2017
\n\n
New invocation of recon-all 
\n\n
status file for recon-all
Fri Jul  7 14:49:49 EDT 2017
#@# Parcellation Stats rh Fri Jul  7 14:49:49 EDT 2017
recon-all -s sub-02 finished without error at Fri Jul  7 14:51:08 EDT 2017
\n\n
New invocation of recon-all 
\n\n
status file for recon-all
Fri Jul  7 14:51:08 EDT 2017
#@# Cortical Parc 2 lh Fri Jul  7 14:51:08 EDT 2017
recon-all -s sub-02 finished without error at Fri Jul  7 14:51:30 EDT 2017
\n\n
New invocation of recon-all 
\n\n
status file for recon-all
Fri Jul  7 14:51:31 EDT 2017
#@# Cortical Parc 2 rh Fri Jul  7 14:51:31 EDT 2017
recon-all -s sub-02 finished without error at Fri Jul  7 14:51:52 EDT 2017
\n\n
New invocation of recon-all 
\n\n
status file for recon-all
Fri Jul  7 14:51:53 EDT 2017
#@# Parcellation Stats 2 lh Fri Jul  7 14:51:53 EDT 2017
recon-all -s sub-02 finished without error at Fri Jul  7 14:52:33 EDT 2017
\n\n
New invocation of recon-all 
\n\n
status file for recon-all
Fri Jul  7 14:52:33 EDT 2017
#@# Parcellation Stats 2 rh Fri Jul  7 14:52:33 EDT 2017
recon-all -s sub-02 finished without error at Fri Jul  7 14:53:14 EDT 2017
\n\n
New invocation of recon-all 
\n\n
status file for recon-all
Fri Jul  7 14:53:14 EDT 2017
#@# Cortical Parc 3 lh Fri Jul  7 14:53:14 EDT 2017
recon-all -s sub-02 finished without error at Fri Jul  7 14:53:32 EDT 2017
\n\n
New invocation of recon-all 
\n\n
status file for recon-all
Fri Jul  7 14:53:32 EDT 2017
#@# Cortical Parc 3 rh Fri Jul  7 14:53:32 EDT 2017
recon-all -s sub-02 finished without error at Fri Jul  7 14:53:49 EDT 2017
\n\n
New invocation of recon-all 
\n\n
status file for recon-all
Fri Jul  7 14:53:49 EDT 2017
#@# Parcellation Stats 3 lh Fri Jul  7 14:53:49 EDT 2017
recon-all -s sub-02 finished without error at Fri Jul  7 14:54:26 EDT 2017
\n\n
New invocation of recon-all 
\n\n
status file for recon-all
Fri Jul  7 14:54:26 EDT 2017
#@# Parcellation Stats 3 rh Fri Jul  7 14:54:26 EDT 2017
recon-all -s sub-02 finished without error at Fri Jul  7 14:55:04 EDT 2017
\n\n
New invocation of recon-all 
\n\n
status file for recon-all
Fri Jul  7 14:55:04 EDT 2017
#@# WM/GM Contrast lh Fri Jul  7 14:55:04 EDT 2017
recon-all -s sub-02 finished without error at Fri Jul  7 14:55:10 EDT 2017
\n\n
New invocation of recon-all 
\n\n
status file for recon-all
Fri Jul  7 14:55:11 EDT 2017
#@# WM/GM Contrast rh Fri Jul  7 14:55:11 EDT 2017
recon-all -s sub-02 finished without error at Fri Jul  7 14:55:17 EDT 2017
\n\n
New invocation of recon-all 
\n\n
status file for recon-all
Fri Jul  7 14:55:17 EDT 2017
#@# Relabel Hypointensities Fri Jul  7 14:55:17 EDT 2017
recon-all -s sub-02 finished without error at Fri Jul  7 14:55:44 EDT 2017
\n\n
New invocation of recon-all 
\n\n
status file for recon-all
Fri Jul  7 14:55:44 EDT 2017
#@# AParc-to-ASeg aparc Fri Jul  7 14:55:44 EDT 2017
#@# AParc-to-ASeg a2009s Fri Jul  7 15:01:07 EDT 2017
#@# AParc-to-ASeg DKTatlas Fri Jul  7 15:07:14 EDT 2017
recon-all -s sub-02 finished without error at Fri Jul  7 15:13:38 EDT 2017
\n\n
New invocation of recon-all 
\n\n
status file for recon-all
Fri Jul  7 15:13:38 EDT 2017
#@# APas-to-ASeg Fri Jul  7 15:13:38 EDT 2017
recon-all -s sub-02 finished without error at Fri Jul  7 15:13:45 EDT 2017
\n\n
New invocation of recon-all 
\n\n
status file for recon-all
Fri Jul  7 15:13:46 EDT 2017
#@# ASeg Stats Fri Jul  7 15:13:46 EDT 2017
recon-all -s sub-02 finished without error at Fri Jul  7 15:15:33 EDT 2017
\n\n
New invocation of recon-all 
\n\n
status file for recon-all
Fri Jul  7 15:15:33 EDT 2017
#@# WMParc Fri Jul  7 15:15:33 EDT 2017
recon-all -s sub-02 finished without error at Fri Jul  7 15:24:46 EDT 2017
\n\n
New invocation of recon-all 
\n\n
status file for recon-all
Fri Jul  7 15:24:46 EDT 2017
#@# BA_exvivo Labels lh Fri Jul  7 15:24:46 EDT 2017
recon-all -s sub-02 finished without error at Fri Jul  7 15:30:03 EDT 2017
\n\n
New invocation of recon-all 
\n\n
status file for recon-all
Fri Jul  7 15:30:03 EDT 2017
#@# BA_exvivo Labels rh Fri Jul  7 15:30:03 EDT 2017
recon-all -s sub-02 finished without error at Fri Jul  7 15:35:12 EDT 2017
\n\n
New invocation of recon-all 
\n\n
status file for recon-all
Mon Jul 10 15:27:10 EDT 2017
#@# Intensity Normalization2 Mon Jul 10 15:27:10 EDT 2017
Darwin CFMI-iMac-10.local 16.6.0 Darwin Kernel Version 16.6.0: Fri Apr 14 16:21:16 PDT 2017; root:xnu-3789.60.24~6/RELEASE_X86_64 x86_64

recon-all -s sub-02 exited with ERRORS at Mon Jul 10 15:27:10 EDT 2017

\n\n
New invocation of recon-all 
\n\n
status file for recon-all
Mon Jul 10 15:28:14 EDT 2017
#@# MotionCor Mon Jul 10 15:28:14 EDT 2017
recon-all -s sub-02 finished without error at Mon Jul 10 15:28:22 EDT 2017
\n\n
New invocation of recon-all 
\n\n
status file for recon-all
Mon Jul 10 15:28:23 EDT 2017
#@# Talairach Mon Jul 10 15:28:23 EDT 2017
#@# Talairach Failure Detection Mon Jul 10 15:30:13 EDT 2017
recon-all -s sub-02 finished without error at Mon Jul 10 15:30:13 EDT 2017
\n\n
New invocation of recon-all 
\n\n
status file for recon-all
Mon Jul 10 15:30:14 EDT 2017
#@# Nu Intensity Correction Mon Jul 10 15:30:14 EDT 2017
recon-all -s sub-02 finished without error at Mon Jul 10 15:32:17 EDT 2017
\n\n
New invocation of recon-all 
\n\n
status file for recon-all
Mon Jul 10 15:32:18 EDT 2017
#@# Intensity Normalization Mon Jul 10 15:32:18 EDT 2017
recon-all -s sub-02 finished without error at Mon Jul 10 15:34:38 EDT 2017
\n\n
New invocation of recon-all 
\n\n
status file for recon-all
Mon Jul 10 15:34:38 EDT 2017
#@# Skull Stripping Mon Jul 10 15:34:38 EDT 2017
recon-all -s sub-02 finished without error at Mon Jul 10 15:35:02 EDT 2017
\n\n
New invocation of recon-all 
\n\n
status file for recon-all
Mon Jul 10 15:35:03 EDT 2017
#@# EM Registration Mon Jul 10 15:35:03 EDT 2017
recon-all -s sub-02 finished without error at Mon Jul 10 15:44:05 EDT 2017
\n\n
New invocation of recon-all 
\n\n
status file for recon-all
Mon Jul 10 15:44:05 EDT 2017
#@# CA Normalize Mon Jul 10 15:44:05 EDT 2017
recon-all -s sub-02 finished without error at Mon Jul 10 15:45:30 EDT 2017
\n\n
New invocation of recon-all 
\n\n
status file for recon-all
Mon Jul 10 15:45:30 EDT 2017
#@# CA Reg Mon Jul 10 15:45:30 EDT 2017
recon-all -s sub-02 finished without error at Mon Jul 10 17:48:45 EDT 2017
\n\n
New invocation of recon-all 
\n\n
status file for recon-all
Mon Jul 10 17:48:46 EDT 2017
#@# SubCort Seg Mon Jul 10 17:48:46 EDT 2017
#@# Merge ASeg Mon Jul 10 18:41:59 EDT 2017
recon-all -s sub-02 finished without error at Mon Jul 10 18:42:00 EDT 2017
\n\n
New invocation of recon-all 
\n\n
status file for recon-all
Mon Jul 10 18:42:00 EDT 2017
#@# Intensity Normalization2 Mon Jul 10 18:42:00 EDT 2017
recon-all -s sub-02 finished without error at Mon Jul 10 18:45:50 EDT 2017
\n\n
New invocation of recon-all 
\n\n
status file for recon-all
Mon Jul 10 18:45:50 EDT 2017
#@# Mask BFS Mon Jul 10 18:45:50 EDT 2017
recon-all -s sub-02 finished without error at Mon Jul 10 18:45:52 EDT 2017
\n\n
New invocation of recon-all 
\n\n
status file for recon-all
Mon Jul 10 18:45:53 EDT 2017
#@# WM Segmentation Mon Jul 10 18:45:53 EDT 2017
recon-all -s sub-02 finished without error at Mon Jul 10 18:48:24 EDT 2017
\n\n
New invocation of recon-all 
\n\n
status file for recon-all
Mon Jul 10 18:48:24 EDT 2017
#@# Fill Mon Jul 10 18:48:24 EDT 2017
recon-all -s sub-02 finished without error at Mon Jul 10 18:49:07 EDT 2017
\n\n
New invocation of recon-all 
\n\n
status file for recon-all
Mon Jul 10 18:49:08 EDT 2017
#@# Tessellate lh Mon Jul 10 18:49:08 EDT 2017
recon-all -s sub-02 finished without error at Mon Jul 10 18:49:15 EDT 2017
\n\n
New invocation of recon-all 
\n\n
status file for recon-all
Mon Jul 10 18:49:15 EDT 2017
#@# Tessellate rh Mon Jul 10 18:49:15 EDT 2017
recon-all -s sub-02 finished without error at Mon Jul 10 18:49:21 EDT 2017
\n\n
New invocation of recon-all 
\n\n
status file for recon-all
Mon Jul 10 18:49:21 EDT 2017
#@# Smooth1 lh Mon Jul 10 18:49:21 EDT 2017
recon-all -s sub-02 finished without error at Mon Jul 10 18:49:29 EDT 2017
\n\n
New invocation of recon-all 
\n\n
status file for recon-all
Mon Jul 10 18:49:30 EDT 2017
#@# Smooth1 rh Mon Jul 10 18:49:30 EDT 2017
recon-all -s sub-02 finished without error at Mon Jul 10 18:49:38 EDT 2017
\n\n
New invocation of recon-all 
\n\n
status file for recon-all
Mon Jul 10 18:49:38 EDT 2017
#@# Inflation1 lh Mon Jul 10 18:49:38 EDT 2017
recon-all -s sub-02 finished without error at Mon Jul 10 18:50:12 EDT 2017
\n\n
New invocation of recon-all 
\n\n
status file for recon-all
Mon Jul 10 18:50:12 EDT 2017
#@# Inflation1 rh Mon Jul 10 18:50:12 EDT 2017
recon-all -s sub-02 finished without error at Mon Jul 10 18:50:45 EDT 2017
\n\n
New invocation of recon-all 
\n\n
status file for recon-all
Mon Jul 10 18:50:45 EDT 2017
#@# QSphere lh Mon Jul 10 18:50:45 EDT 2017
recon-all -s sub-02 finished without error at Mon Jul 10 18:53:42 EDT 2017
\n\n
New invocation of recon-all 
\n\n
status file for recon-all
Mon Jul 10 18:53:42 EDT 2017
#@# QSphere rh Mon Jul 10 18:53:42 EDT 2017
recon-all -s sub-02 finished without error at Mon Jul 10 18:56:49 EDT 2017
\n\n
New invocation of recon-all 
\n\n
status file for recon-all
Mon Jul 10 18:56:49 EDT 2017
#@# Fix Topology Copy lh Mon Jul 10 18:56:49 EDT 2017
#@# Fix Topology lh Mon Jul 10 18:56:49 EDT 2017
recon-all -s sub-02 finished without error at Mon Jul 10 19:29:01 EDT 2017
\n\n
New invocation of recon-all 
\n\n
status file for recon-all
Mon Jul 10 19:29:02 EDT 2017
#@# Fix Topology Copy rh Mon Jul 10 19:29:02 EDT 2017
#@# Fix Topology rh Mon Jul 10 19:29:02 EDT 2017
recon-all -s sub-02 finished without error at Mon Jul 10 20:19:44 EDT 2017
\n\n
New invocation of recon-all 
\n\n
status file for recon-all
Mon Jul 10 20:19:44 EDT 2017
#@# Make White Surf lh Mon Jul 10 20:19:44 EDT 2017
recon-all -s sub-02 finished without error at Mon Jul 10 20:34:41 EDT 2017
\n\n
New invocation of recon-all 
\n\n
status file for recon-all
Mon Jul 10 20:34:41 EDT 2017
#@# Make White Surf rh Mon Jul 10 20:34:41 EDT 2017
recon-all -s sub-02 finished without error at Mon Jul 10 20:49:23 EDT 2017
\n\n
New invocation of recon-all 
\n\n
status file for recon-all
Mon Jul 10 20:49:23 EDT 2017
#@# Smooth2 lh Mon Jul 10 20:49:23 EDT 2017
recon-all -s sub-02 finished without error at Mon Jul 10 20:49:30 EDT 2017
\n\n
New invocation of recon-all 
\n\n
status file for recon-all
Mon Jul 10 20:49:30 EDT 2017
#@# Inflation2 lh Mon Jul 10 20:49:30 EDT 2017
recon-all -s sub-02 finished without error at Mon Jul 10 20:49:58 EDT 2017
\n\n
New invocation of recon-all 
\n\n
status file for recon-all
Mon Jul 10 20:49:58 EDT 2017
#@# Sphere lh Mon Jul 10 20:49:58 EDT 2017
recon-all -s sub-02 finished without error at Mon Jul 10 21:32:20 EDT 2017
\n\n
New invocation of recon-all 
\n\n
status file for recon-all
Mon Jul 10 21:32:20 EDT 2017
#@# Surf Reg lh Mon Jul 10 21:32:20 EDT 2017
recon-all -s sub-02 finished without error at Mon Jul 10 22:19:29 EDT 2017
\n\n
New invocation of recon-all 
\n\n
status file for recon-all
Mon Jul 10 22:19:29 EDT 2017
#@# Cortical Parc lh Mon Jul 10 22:19:29 EDT 2017
recon-all -s sub-02 finished without error at Mon Jul 10 22:19:46 EDT 2017
\n\n
New invocation of recon-all 
\n\n
status file for recon-all
Mon Jul 10 22:19:47 EDT 2017
#@# Make Pial Surf lh Mon Jul 10 22:19:47 EDT 2017
#@# Surf Volume lh Mon Jul 10 22:34:50 EDT 2017
recon-all -s sub-02 finished without error at Mon Jul 10 22:34:54 EDT 2017
\n\n
New invocation of recon-all 
\n\n
status file for recon-all
Mon Jul 10 22:34:54 EDT 2017
#@# Surf Volume lh Mon Jul 10 22:34:54 EDT 2017
recon-all -s sub-02 finished without error at Mon Jul 10 22:34:57 EDT 2017
\n\n
New invocation of recon-all 
\n\n
status file for recon-all
Mon Jul 10 22:34:57 EDT 2017
#@# Smooth2 rh Mon Jul 10 22:34:57 EDT 2017
recon-all -s sub-02 finished without error at Mon Jul 10 22:35:04 EDT 2017
\n\n
New invocation of recon-all 
\n\n
status file for recon-all
Mon Jul 10 22:35:05 EDT 2017
#@# Inflation2 rh Mon Jul 10 22:35:05 EDT 2017
recon-all -s sub-02 finished without error at Mon Jul 10 22:35:33 EDT 2017
\n\n
New invocation of recon-all 
\n\n
status file for recon-all
Mon Jul 10 22:35:33 EDT 2017
#@# Sphere rh Mon Jul 10 22:35:33 EDT 2017
recon-all -s sub-02 finished without error at Mon Jul 10 22:57:09 EDT 2017
\n\n
New invocation of recon-all 
\n\n
status file for recon-all
Mon Jul 10 22:57:10 EDT 2017
#@# Surf Reg rh Mon Jul 10 22:57:10 EDT 2017
recon-all -s sub-02 finished without error at Mon Jul 10 23:45:52 EDT 2017
\n\n
New invocation of recon-all 
\n\n
status file for recon-all
Mon Jul 10 23:45:53 EDT 2017
#@# Cortical Parc rh Mon Jul 10 23:45:53 EDT 2017
recon-all -s sub-02 finished without error at Mon Jul 10 23:46:09 EDT 2017
\n\n
New invocation of recon-all 
\n\n
status file for recon-all
Mon Jul 10 23:46:10 EDT 2017
#@# Make Pial Surf rh Mon Jul 10 23:46:10 EDT 2017
#@# Surf Volume rh Tue Jul 11 00:00:47 EDT 2017
recon-all -s sub-02 finished without error at Tue Jul 11 00:00:51 EDT 2017
\n\n
New invocation of recon-all 
\n\n
status file for recon-all
Tue Jul 11 00:00:51 EDT 2017
#@# Surf Volume rh Tue Jul 11 00:00:51 EDT 2017
recon-all -s sub-02 finished without error at Tue Jul 11 00:00:54 EDT 2017
\n\n
New invocation of recon-all 
\n\n
status file for recon-all
Tue Jul 11 00:00:54 EDT 2017
#@# Curv .H and .K lh Tue Jul 11 00:00:54 EDT 2017
recon-all -s sub-02 finished without error at Tue Jul 11 00:01:57 EDT 2017
\n\n
New invocation of recon-all 
\n\n
status file for recon-all
Tue Jul 11 00:01:57 EDT 2017
#@# Curv .H and .K rh Tue Jul 11 00:01:57 EDT 2017
recon-all -s sub-02 finished without error at Tue Jul 11 00:02:59 EDT 2017
\n\n
New invocation of recon-all 
\n\n
status file for recon-all
Tue Jul 11 00:03:00 EDT 2017
#@# Curvature Stats lh Tue Jul 11 00:03:00 EDT 2017
recon-all -s sub-02 finished without error at Tue Jul 11 00:03:05 EDT 2017
\n\n
New invocation of recon-all 
\n\n
status file for recon-all
Tue Jul 11 00:03:05 EDT 2017
#@# Curvature Stats rh Tue Jul 11 00:03:05 EDT 2017
recon-all -s sub-02 finished without error at Tue Jul 11 00:03:11 EDT 2017
\n\n
New invocation of recon-all 
\n\n
status file for recon-all
Tue Jul 11 00:03:11 EDT 2017
#@# Jacobian white lh Tue Jul 11 00:03:11 EDT 2017
recon-all -s sub-02 finished without error at Tue Jul 11 00:03:13 EDT 2017
\n\n
New invocation of recon-all 
\n\n
status file for recon-all
Tue Jul 11 00:03:13 EDT 2017
#@# Jacobian white rh Tue Jul 11 00:03:13 EDT 2017
recon-all -s sub-02 finished without error at Tue Jul 11 00:03:15 EDT 2017
\n\n
New invocation of recon-all 
\n\n
status file for recon-all
Tue Jul 11 00:03:16 EDT 2017
#@# AvgCurv lh Tue Jul 11 00:03:16 EDT 2017
recon-all -s sub-02 finished without error at Tue Jul 11 00:03:17 EDT 2017
\n\n
New invocation of recon-all 
\n\n
status file for recon-all
Tue Jul 11 00:03:18 EDT 2017
#@# AvgCurv rh Tue Jul 11 00:03:18 EDT 2017
recon-all -s sub-02 finished without error at Tue Jul 11 00:03:19 EDT 2017
\n\n
New invocation of recon-all 
\n\n
status file for recon-all
Tue Jul 11 00:03:19 EDT 2017
#@# Cortical ribbon mask Tue Jul 11 00:03:19 EDT 2017
recon-all -s sub-02 finished without error at Tue Jul 11 00:16:43 EDT 2017
\n\n
New invocation of recon-all 
\n\n
status file for recon-all
Tue Jul 11 00:16:43 EDT 2017
#@# Parcellation Stats lh Tue Jul 11 00:16:43 EDT 2017
recon-all -s sub-02 finished without error at Tue Jul 11 00:17:45 EDT 2017
\n\n
New invocation of recon-all 
\n\n
status file for recon-all
Tue Jul 11 00:17:45 EDT 2017
#@# Parcellation Stats rh Tue Jul 11 00:17:45 EDT 2017
recon-all -s sub-02 finished without error at Tue Jul 11 00:18:47 EDT 2017
\n\n
New invocation of recon-all 
\n\n
status file for recon-all
Tue Jul 11 00:18:47 EDT 2017
#@# Cortical Parc 2 lh Tue Jul 11 00:18:47 EDT 2017
recon-all -s sub-02 finished without error at Tue Jul 11 00:19:05 EDT 2017
\n\n
New invocation of recon-all 
\n\n
status file for recon-all
Tue Jul 11 00:19:05 EDT 2017
#@# Cortical Parc 2 rh Tue Jul 11 00:19:05 EDT 2017
recon-all -s sub-02 finished without error at Tue Jul 11 00:19:22 EDT 2017
\n\n
New invocation of recon-all 
\n\n
status file for recon-all
Tue Jul 11 00:19:23 EDT 2017
#@# Parcellation Stats 2 lh Tue Jul 11 00:19:23 EDT 2017
recon-all -s sub-02 finished without error at Tue Jul 11 00:19:54 EDT 2017
\n\n
New invocation of recon-all 
\n\n
status file for recon-all
Tue Jul 11 00:19:54 EDT 2017
#@# Parcellation Stats 2 rh Tue Jul 11 00:19:54 EDT 2017
recon-all -s sub-02 finished without error at Tue Jul 11 00:20:26 EDT 2017
\n\n
New invocation of recon-all 
\n\n
status file for recon-all
Tue Jul 11 00:20:26 EDT 2017
#@# Cortical Parc 3 lh Tue Jul 11 00:20:26 EDT 2017
recon-all -s sub-02 finished without error at Tue Jul 11 00:20:40 EDT 2017
\n\n
New invocation of recon-all 
\n\n
status file for recon-all
Tue Jul 11 00:20:41 EDT 2017
#@# Cortical Parc 3 rh Tue Jul 11 00:20:41 EDT 2017
recon-all -s sub-02 finished without error at Tue Jul 11 00:20:54 EDT 2017
\n\n
New invocation of recon-all 
\n\n
status file for recon-all
Tue Jul 11 00:20:55 EDT 2017
#@# Parcellation Stats 3 lh Tue Jul 11 00:20:55 EDT 2017
recon-all -s sub-02 finished without error at Tue Jul 11 00:21:25 EDT 2017
\n\n
New invocation of recon-all 
\n\n
status file for recon-all
Tue Jul 11 00:21:25 EDT 2017
#@# Parcellation Stats 3 rh Tue Jul 11 00:21:25 EDT 2017
recon-all -s sub-02 finished without error at Tue Jul 11 00:21:55 EDT 2017
\n\n
New invocation of recon-all 
\n\n
status file for recon-all
Tue Jul 11 00:21:55 EDT 2017
#@# WM/GM Contrast lh Tue Jul 11 00:21:55 EDT 2017
recon-all -s sub-02 finished without error at Tue Jul 11 00:22:01 EDT 2017
\n\n
New invocation of recon-all 
\n\n
status file for recon-all
Tue Jul 11 00:22:01 EDT 2017
#@# WM/GM Contrast rh Tue Jul 11 00:22:01 EDT 2017
recon-all -s sub-02 finished without error at Tue Jul 11 00:22:06 EDT 2017
\n\n
New invocation of recon-all 
\n\n
status file for recon-all
Tue Jul 11 00:22:07 EDT 2017
#@# Relabel Hypointensities Tue Jul 11 00:22:07 EDT 2017
recon-all -s sub-02 finished without error at Tue Jul 11 00:22:28 EDT 2017
\n\n
New invocation of recon-all 
\n\n
status file for recon-all
Tue Jul 11 00:22:28 EDT 2017
#@# AParc-to-ASeg aparc Tue Jul 11 00:22:28 EDT 2017
#@# AParc-to-ASeg a2009s Tue Jul 11 00:26:52 EDT 2017
#@# AParc-to-ASeg DKTatlas Tue Jul 11 00:31:22 EDT 2017
recon-all -s sub-02 finished without error at Tue Jul 11 00:35:50 EDT 2017
\n\n
New invocation of recon-all 
\n\n
status file for recon-all
Tue Jul 11 00:35:51 EDT 2017
#@# APas-to-ASeg Tue Jul 11 00:35:51 EDT 2017
recon-all -s sub-02 finished without error at Tue Jul 11 00:35:56 EDT 2017
\n\n
New invocation of recon-all 
\n\n
status file for recon-all
Tue Jul 11 00:35:57 EDT 2017
#@# ASeg Stats Tue Jul 11 00:35:57 EDT 2017
recon-all -s sub-02 finished without error at Tue Jul 11 00:38:54 EDT 2017
\n\n
New invocation of recon-all 
\n\n
status file for recon-all
Tue Jul 11 00:38:55 EDT 2017
#@# WMParc Tue Jul 11 00:38:55 EDT 2017
recon-all -s sub-02 finished without error at Tue Jul 11 00:47:17 EDT 2017
\n\n
New invocation of recon-all 
\n\n
status file for recon-all
Tue Jul 11 00:47:17 EDT 2017
#@# BA_exvivo Labels lh Tue Jul 11 00:47:17 EDT 2017
recon-all -s sub-02 finished without error at Tue Jul 11 00:51:24 EDT 2017
\n\n
New invocation of recon-all 
\n\n
status file for recon-all
Tue Jul 11 00:51:25 EDT 2017
#@# BA_exvivo Labels rh Tue Jul 11 00:51:25 EDT 2017
recon-all -s sub-02 finished without error at Tue Jul 11 00:55:35 EDT 2017
\n\n
New invocation of recon-all 
\n\n
status file for recon-all
Tue Jul 11 10:56:51 EDT 2017
#@# Intensity Normalization2 Tue Jul 11 10:56:51 EDT 2017
#@# Mask BFS Tue Jul 11 11:00:30 EDT 2017
#@# WM Segmentation Tue Jul 11 11:00:32 EDT 2017
#@# Fill Tue Jul 11 11:03:00 EDT 2017
#@# Tessellate lh Tue Jul 11 11:03:41 EDT 2017
#@# Tessellate rh Tue Jul 11 11:03:47 EDT 2017
#@# Smooth1 lh Tue Jul 11 11:03:52 EDT 2017
#@# Smooth1 rh Tue Jul 11 11:04:00 EDT 2017
#@# Inflation1 lh Tue Jul 11 11:04:07 EDT 2017
#@# Inflation1 rh Tue Jul 11 11:04:34 EDT 2017
#@# QSphere lh Tue Jul 11 11:05:02 EDT 2017
#@# QSphere rh Tue Jul 11 11:07:41 EDT 2017
#@# Fix Topology Copy lh Tue Jul 11 11:10:20 EDT 2017
#@# Fix Topology Copy rh Tue Jul 11 11:10:21 EDT 2017
#@# Fix Topology lh Tue Jul 11 11:10:21 EDT 2017
#@# Fix Topology rh Tue Jul 11 11:41:12 EDT 2017
#@# Make White Surf lh Tue Jul 11 12:32:54 EDT 2017
#@# Make White Surf rh Tue Jul 11 12:37:47 EDT 2017
#@# Smooth2 lh Tue Jul 11 12:42:50 EDT 2017
#@# Smooth2 rh Tue Jul 11 12:42:58 EDT 2017
#@# Inflation2 lh Tue Jul 11 12:43:06 EDT 2017
#@# Inflation2 rh Tue Jul 11 12:43:36 EDT 2017
#@# Curv .H and .K lh Tue Jul 11 12:44:07 EDT 2017
#@# Curv .H and .K rh Tue Jul 11 12:45:12 EDT 2017
#@# Curvature Stats lh Tue Jul 11 12:46:21 EDT 2017
#@# Curvature Stats rh Tue Jul 11 12:46:27 EDT 2017
#@# Sphere lh Tue Jul 11 12:46:32 EDT 2017
#@# Sphere rh Tue Jul 11 13:25:16 EDT 2017
#@# Surf Reg lh Tue Jul 11 13:55:03 EDT 2017
#@# Surf Reg rh Tue Jul 11 14:52:26 EDT 2017
#@# Jacobian white lh Tue Jul 11 16:00:34 EDT 2017
#@# Jacobian white rh Tue Jul 11 16:00:36 EDT 2017
#@# AvgCurv lh Tue Jul 11 16:00:39 EDT 2017
#@# AvgCurv rh Tue Jul 11 16:00:41 EDT 2017
#@# Cortical Parc lh Tue Jul 11 16:00:43 EDT 2017
#@# Cortical Parc rh Tue Jul 11 16:01:01 EDT 2017
#@# Make Pial Surf lh Tue Jul 11 16:01:19 EDT 2017
#@# Make Pial Surf rh Tue Jul 11 16:16:50 EDT 2017
#@# Surf Volume lh Tue Jul 11 16:32:20 EDT 2017
#@# Surf Volume rh Tue Jul 11 16:32:25 EDT 2017
#@# Cortical ribbon mask Tue Jul 11 16:32:28 EDT 2017
#@# Parcellation Stats lh Tue Jul 11 16:49:02 EDT 2017
#@# Parcellation Stats rh Tue Jul 11 16:50:21 EDT 2017
#@# Cortical Parc 2 lh Tue Jul 11 16:51:41 EDT 2017
#@# Cortical Parc 2 rh Tue Jul 11 16:52:02 EDT 2017
#@# Parcellation Stats 2 lh Tue Jul 11 16:52:24 EDT 2017
#@# Parcellation Stats 2 rh Tue Jul 11 16:53:06 EDT 2017
#@# Cortical Parc 3 lh Tue Jul 11 16:53:48 EDT 2017
#@# Cortical Parc 3 rh Tue Jul 11 16:54:05 EDT 2017
#@# Parcellation Stats 3 lh Tue Jul 11 16:54:21 EDT 2017
#@# Parcellation Stats 3 rh Tue Jul 11 16:55:00 EDT 2017
#@# WM/GM Contrast lh Tue Jul 11 16:55:40 EDT 2017
#@# WM/GM Contrast rh Tue Jul 11 16:55:47 EDT 2017
#@# Relabel Hypointensities Tue Jul 11 16:55:54 EDT 2017
#@# AParc-to-ASeg aparc Tue Jul 11 16:56:20 EDT 2017
#@# AParc-to-ASeg a2009s Tue Jul 11 17:02:46 EDT 2017
#@# AParc-to-ASeg DKTatlas Tue Jul 11 17:09:17 EDT 2017
#@# APas-to-ASeg Tue Jul 11 17:15:13 EDT 2017
#@# ASeg Stats Tue Jul 11 17:15:20 EDT 2017
#@# WMParc Tue Jul 11 17:18:38 EDT 2017
#@# BA_exvivo Labels lh Tue Jul 11 17:28:47 EDT 2017
#@# BA_exvivo Labels rh Tue Jul 11 17:33:31 EDT 2017
recon-all -s sub-02 finished without error at Tue Jul 11 17:38:11 EDT 2017
\n\n
New invocation of recon-all 
\n\n
status file for recon-all
Tue Jul 18 10:37:15 EDT 2017
#@# Qdec Cache preproc lh thickness fsaverage Tue Jul 18 10:37:16 EDT 2017
#@# Qdec Cache preproc lh area fsaverage Tue Jul 18 10:37:24 EDT 2017
#@# Qdec Cache preproc lh area.pial fsaverage Tue Jul 18 10:37:32 EDT 2017
#@# Qdec Cache preproc lh volume fsaverage Tue Jul 18 10:37:39 EDT 2017
#@# Qdec Cache preproc lh curv fsaverage Tue Jul 18 10:37:46 EDT 2017
#@# Qdec Cache preproc lh sulc fsaverage Tue Jul 18 10:37:52 EDT 2017
#@# Qdec Cache preproc lh white.K fsaverage Tue Jul 18 10:37:58 EDT 2017
#@# Qdec Cache preproc lh white.H fsaverage Tue Jul 18 10:38:03 EDT 2017
#@# Qdec Cache preproc lh jacobian_white fsaverage Tue Jul 18 10:38:09 EDT 2017
#@# Qdec Cache preproc lh w-g.pct.mgh fsaverage Tue Jul 18 10:38:15 EDT 2017
#@# Qdec Cache preproc rh thickness fsaverage Tue Jul 18 10:38:21 EDT 2017
#@# Qdec Cache preproc rh area fsaverage Tue Jul 18 10:38:28 EDT 2017
#@# Qdec Cache preproc rh area.pial fsaverage Tue Jul 18 10:38:36 EDT 2017
#@# Qdec Cache preproc rh volume fsaverage Tue Jul 18 10:38:45 EDT 2017
#@# Qdec Cache preproc rh curv fsaverage Tue Jul 18 10:38:55 EDT 2017
#@# Qdec Cache preproc rh sulc fsaverage Tue Jul 18 10:39:02 EDT 2017
#@# Qdec Cache preproc rh white.K fsaverage Tue Jul 18 10:39:09 EDT 2017
#@# Qdec Cache preproc rh white.H fsaverage Tue Jul 18 10:39:16 EDT 2017
#@# Qdec Cache preproc rh jacobian_white fsaverage Tue Jul 18 10:39:23 EDT 2017
#@# Qdec Cache preproc rh w-g.pct.mgh fsaverage Tue Jul 18 10:39:30 EDT 2017
#@# Qdec Cache surf2surf lh thickness fwhm0 fsaverage Tue Jul 18 10:39:38 EDT 2017
#@# Qdec Cache surf2surf lh thickness fwhm5 fsaverage Tue Jul 18 10:39:40 EDT 2017
#@# Qdec Cache surf2surf lh thickness fwhm10 fsaverage Tue Jul 18 10:39:46 EDT 2017
#@# Qdec Cache surf2surf lh thickness fwhm15 fsaverage Tue Jul 18 10:39:52 EDT 2017
#@# Qdec Cache surf2surf lh thickness fwhm20 fsaverage Tue Jul 18 10:39:58 EDT 2017
#@# Qdec Cache surf2surf lh thickness fwhm25 fsaverage Tue Jul 18 10:40:05 EDT 2017
#@# Qdec Cache surf2surf lh area fwhm0 fsaverage Tue Jul 18 10:40:12 EDT 2017
#@# Qdec Cache surf2surf lh area fwhm5 fsaverage Tue Jul 18 10:40:15 EDT 2017
#@# Qdec Cache surf2surf lh area fwhm10 fsaverage Tue Jul 18 10:40:20 EDT 2017
#@# Qdec Cache surf2surf lh area fwhm15 fsaverage Tue Jul 18 10:40:26 EDT 2017
#@# Qdec Cache surf2surf lh area fwhm20 fsaverage Tue Jul 18 10:40:32 EDT 2017
#@# Qdec Cache surf2surf lh area fwhm25 fsaverage Tue Jul 18 10:40:38 EDT 2017
#@# Qdec Cache surf2surf lh area.pial fwhm0 fsaverage Tue Jul 18 10:40:45 EDT 2017
#@# Qdec Cache surf2surf lh area.pial fwhm5 fsaverage Tue Jul 18 10:40:47 EDT 2017
#@# Qdec Cache surf2surf lh area.pial fwhm10 fsaverage Tue Jul 18 10:40:53 EDT 2017
#@# Qdec Cache surf2surf lh area.pial fwhm15 fsaverage Tue Jul 18 10:40:59 EDT 2017
#@# Qdec Cache surf2surf lh area.pial fwhm20 fsaverage Tue Jul 18 10:41:05 EDT 2017
#@# Qdec Cache surf2surf lh area.pial fwhm25 fsaverage Tue Jul 18 10:41:12 EDT 2017
#@# Qdec Cache surf2surf lh volume fwhm0 fsaverage Tue Jul 18 10:41:19 EDT 2017
#@# Qdec Cache surf2surf lh volume fwhm5 fsaverage Tue Jul 18 10:41:21 EDT 2017
#@# Qdec Cache surf2surf lh volume fwhm10 fsaverage Tue Jul 18 10:41:27 EDT 2017
#@# Qdec Cache surf2surf lh volume fwhm15 fsaverage Tue Jul 18 10:41:33 EDT 2017
#@# Qdec Cache surf2surf lh volume fwhm20 fsaverage Tue Jul 18 10:41:39 EDT 2017
#@# Qdec Cache surf2surf lh volume fwhm25 fsaverage Tue Jul 18 10:41:46 EDT 2017
#@# Qdec Cache surf2surf lh curv fwhm0 fsaverage Tue Jul 18 10:41:53 EDT 2017
#@# Qdec Cache surf2surf lh curv fwhm5 fsaverage Tue Jul 18 10:41:55 EDT 2017
#@# Qdec Cache surf2surf lh curv fwhm10 fsaverage Tue Jul 18 10:42:01 EDT 2017
#@# Qdec Cache surf2surf lh curv fwhm15 fsaverage Tue Jul 18 10:42:07 EDT 2017
#@# Qdec Cache surf2surf lh curv fwhm20 fsaverage Tue Jul 18 10:42:13 EDT 2017
#@# Qdec Cache surf2surf lh curv fwhm25 fsaverage Tue Jul 18 10:42:20 EDT 2017
#@# Qdec Cache surf2surf lh sulc fwhm0 fsaverage Tue Jul 18 10:42:28 EDT 2017
#@# Qdec Cache surf2surf lh sulc fwhm5 fsaverage Tue Jul 18 10:42:30 EDT 2017
#@# Qdec Cache surf2surf lh sulc fwhm10 fsaverage Tue Jul 18 10:42:36 EDT 2017
#@# Qdec Cache surf2surf lh sulc fwhm15 fsaverage Tue Jul 18 10:42:41 EDT 2017
#@# Qdec Cache surf2surf lh sulc fwhm20 fsaverage Tue Jul 18 10:42:47 EDT 2017
#@# Qdec Cache surf2surf lh sulc fwhm25 fsaverage Tue Jul 18 10:42:54 EDT 2017
#@# Qdec Cache surf2surf lh white.K fwhm0 fsaverage Tue Jul 18 10:43:01 EDT 2017
#@# Qdec Cache surf2surf lh white.K fwhm5 fsaverage Tue Jul 18 10:43:04 EDT 2017
#@# Qdec Cache surf2surf lh white.K fwhm10 fsaverage Tue Jul 18 10:43:10 EDT 2017
#@# Qdec Cache surf2surf lh white.K fwhm15 fsaverage Tue Jul 18 10:43:15 EDT 2017
#@# Qdec Cache surf2surf lh white.K fwhm20 fsaverage Tue Jul 18 10:43:21 EDT 2017
#@# Qdec Cache surf2surf lh white.K fwhm25 fsaverage Tue Jul 18 10:43:28 EDT 2017
#@# Qdec Cache surf2surf lh white.H fwhm0 fsaverage Tue Jul 18 10:43:36 EDT 2017
#@# Qdec Cache surf2surf lh white.H fwhm5 fsaverage Tue Jul 18 10:43:38 EDT 2017
#@# Qdec Cache surf2surf lh white.H fwhm10 fsaverage Tue Jul 18 10:43:44 EDT 2017
#@# Qdec Cache surf2surf lh white.H fwhm15 fsaverage Tue Jul 18 10:43:50 EDT 2017
#@# Qdec Cache surf2surf lh white.H fwhm20 fsaverage Tue Jul 18 10:43:56 EDT 2017
#@# Qdec Cache surf2surf lh white.H fwhm25 fsaverage Tue Jul 18 10:44:02 EDT 2017
#@# Qdec Cache surf2surf lh jacobian_white fwhm0 fsaverage Tue Jul 18 10:44:09 EDT 2017
#@# Qdec Cache surf2surf lh jacobian_white fwhm5 fsaverage Tue Jul 18 10:44:11 EDT 2017
#@# Qdec Cache surf2surf lh jacobian_white fwhm10 fsaverage Tue Jul 18 10:44:17 EDT 2017
#@# Qdec Cache surf2surf lh jacobian_white fwhm15 fsaverage Tue Jul 18 10:44:22 EDT 2017
#@# Qdec Cache surf2surf lh jacobian_white fwhm20 fsaverage Tue Jul 18 10:44:28 EDT 2017
#@# Qdec Cache surf2surf lh jacobian_white fwhm25 fsaverage Tue Jul 18 10:44:34 EDT 2017
#@# Qdec Cache surf2surf lh w-g.pct.mgh fwhm0 fsaverage Tue Jul 18 10:44:40 EDT 2017
#@# Qdec Cache surf2surf lh w-g.pct.mgh fwhm5 fsaverage Tue Jul 18 10:44:43 EDT 2017
#@# Qdec Cache surf2surf lh w-g.pct.mgh fwhm10 fsaverage Tue Jul 18 10:44:49 EDT 2017
#@# Qdec Cache surf2surf lh w-g.pct.mgh fwhm15 fsaverage Tue Jul 18 10:44:54 EDT 2017
#@# Qdec Cache surf2surf lh w-g.pct.mgh fwhm20 fsaverage Tue Jul 18 10:45:00 EDT 2017
#@# Qdec Cache surf2surf lh w-g.pct.mgh fwhm25 fsaverage Tue Jul 18 10:45:06 EDT 2017
#@# Qdec Cache surf2surf rh thickness fwhm0 fsaverage Tue Jul 18 10:45:13 EDT 2017
#@# Qdec Cache surf2surf rh thickness fwhm5 fsaverage Tue Jul 18 10:45:15 EDT 2017
#@# Qdec Cache surf2surf rh thickness fwhm10 fsaverage Tue Jul 18 10:45:21 EDT 2017
#@# Qdec Cache surf2surf rh thickness fwhm15 fsaverage Tue Jul 18 10:45:26 EDT 2017
#@# Qdec Cache surf2surf rh thickness fwhm20 fsaverage Tue Jul 18 10:45:32 EDT 2017
#@# Qdec Cache surf2surf rh thickness fwhm25 fsaverage Tue Jul 18 10:45:38 EDT 2017
#@# Qdec Cache surf2surf rh area fwhm0 fsaverage Tue Jul 18 10:45:44 EDT 2017
#@# Qdec Cache surf2surf rh area fwhm5 fsaverage Tue Jul 18 10:45:47 EDT 2017
#@# Qdec Cache surf2surf rh area fwhm10 fsaverage Tue Jul 18 10:45:53 EDT 2017
#@# Qdec Cache surf2surf rh area fwhm15 fsaverage Tue Jul 18 10:45:58 EDT 2017
#@# Qdec Cache surf2surf rh area fwhm20 fsaverage Tue Jul 18 10:46:04 EDT 2017
#@# Qdec Cache surf2surf rh area fwhm25 fsaverage Tue Jul 18 10:46:09 EDT 2017
#@# Qdec Cache surf2surf rh area.pial fwhm0 fsaverage Tue Jul 18 10:46:16 EDT 2017
#@# Qdec Cache surf2surf rh area.pial fwhm5 fsaverage Tue Jul 18 10:46:18 EDT 2017
#@# Qdec Cache surf2surf rh area.pial fwhm10 fsaverage Tue Jul 18 10:46:25 EDT 2017
#@# Qdec Cache surf2surf rh area.pial fwhm15 fsaverage Tue Jul 18 10:46:31 EDT 2017
#@# Qdec Cache surf2surf rh area.pial fwhm20 fsaverage Tue Jul 18 10:46:37 EDT 2017
#@# Qdec Cache surf2surf rh area.pial fwhm25 fsaverage Tue Jul 18 10:46:43 EDT 2017
#@# Qdec Cache surf2surf rh volume fwhm0 fsaverage Tue Jul 18 10:46:49 EDT 2017
#@# Qdec Cache surf2surf rh volume fwhm5 fsaverage Tue Jul 18 10:46:51 EDT 2017
#@# Qdec Cache surf2surf rh volume fwhm10 fsaverage Tue Jul 18 10:46:56 EDT 2017
#@# Qdec Cache surf2surf rh volume fwhm15 fsaverage Tue Jul 18 10:47:01 EDT 2017
#@# Qdec Cache surf2surf rh volume fwhm20 fsaverage Tue Jul 18 10:47:07 EDT 2017
#@# Qdec Cache surf2surf rh volume fwhm25 fsaverage Tue Jul 18 10:47:13 EDT 2017
#@# Qdec Cache surf2surf rh curv fwhm0 fsaverage Tue Jul 18 10:47:18 EDT 2017
#@# Qdec Cache surf2surf rh curv fwhm5 fsaverage Tue Jul 18 10:47:21 EDT 2017
#@# Qdec Cache surf2surf rh curv fwhm10 fsaverage Tue Jul 18 10:47:26 EDT 2017
#@# Qdec Cache surf2surf rh curv fwhm15 fsaverage Tue Jul 18 10:47:31 EDT 2017
#@# Qdec Cache surf2surf rh curv fwhm20 fsaverage Tue Jul 18 10:47:37 EDT 2017
#@# Qdec Cache surf2surf rh curv fwhm25 fsaverage Tue Jul 18 10:47:42 EDT 2017
#@# Qdec Cache surf2surf rh sulc fwhm0 fsaverage Tue Jul 18 10:47:48 EDT 2017
#@# Qdec Cache surf2surf rh sulc fwhm5 fsaverage Tue Jul 18 10:47:50 EDT 2017
#@# Qdec Cache surf2surf rh sulc fwhm10 fsaverage Tue Jul 18 10:47:55 EDT 2017
#@# Qdec Cache surf2surf rh sulc fwhm15 fsaverage Tue Jul 18 10:48:00 EDT 2017
#@# Qdec Cache surf2surf rh sulc fwhm20 fsaverage Tue Jul 18 10:48:05 EDT 2017
#@# Qdec Cache surf2surf rh sulc fwhm25 fsaverage Tue Jul 18 10:48:10 EDT 2017
#@# Qdec Cache surf2surf rh white.K fwhm0 fsaverage Tue Jul 18 10:48:16 EDT 2017
#@# Qdec Cache surf2surf rh white.K fwhm5 fsaverage Tue Jul 18 10:48:18 EDT 2017
#@# Qdec Cache surf2surf rh white.K fwhm10 fsaverage Tue Jul 18 10:48:24 EDT 2017
#@# Qdec Cache surf2surf rh white.K fwhm15 fsaverage Tue Jul 18 10:48:29 EDT 2017
#@# Qdec Cache surf2surf rh white.K fwhm20 fsaverage Tue Jul 18 10:48:35 EDT 2017
#@# Qdec Cache surf2surf rh white.K fwhm25 fsaverage Tue Jul 18 10:48:41 EDT 2017
#@# Qdec Cache surf2surf rh white.H fwhm0 fsaverage Tue Jul 18 10:48:47 EDT 2017
#@# Qdec Cache surf2surf rh white.H fwhm5 fsaverage Tue Jul 18 10:48:49 EDT 2017
#@# Qdec Cache surf2surf rh white.H fwhm10 fsaverage Tue Jul 18 10:48:54 EDT 2017
#@# Qdec Cache surf2surf rh white.H fwhm15 fsaverage Tue Jul 18 10:48:59 EDT 2017
#@# Qdec Cache surf2surf rh white.H fwhm20 fsaverage Tue Jul 18 10:49:04 EDT 2017
#@# Qdec Cache surf2surf rh white.H fwhm25 fsaverage Tue Jul 18 10:49:09 EDT 2017
#@# Qdec Cache surf2surf rh jacobian_white fwhm0 fsaverage Tue Jul 18 10:49:15 EDT 2017
#@# Qdec Cache surf2surf rh jacobian_white fwhm5 fsaverage Tue Jul 18 10:49:17 EDT 2017
#@# Qdec Cache surf2surf rh jacobian_white fwhm10 fsaverage Tue Jul 18 10:49:22 EDT 2017
#@# Qdec Cache surf2surf rh jacobian_white fwhm15 fsaverage Tue Jul 18 10:49:27 EDT 2017
#@# Qdec Cache surf2surf rh jacobian_white fwhm20 fsaverage Tue Jul 18 10:49:32 EDT 2017
#@# Qdec Cache surf2surf rh jacobian_white fwhm25 fsaverage Tue Jul 18 10:49:37 EDT 2017
#@# Qdec Cache surf2surf rh w-g.pct.mgh fwhm0 fsaverage Tue Jul 18 10:49:43 EDT 2017
#@# Qdec Cache surf2surf rh w-g.pct.mgh fwhm5 fsaverage Tue Jul 18 10:49:46 EDT 2017
#@# Qdec Cache surf2surf rh w-g.pct.mgh fwhm10 fsaverage Tue Jul 18 10:49:50 EDT 2017
#@# Qdec Cache surf2surf rh w-g.pct.mgh fwhm15 fsaverage Tue Jul 18 10:49:55 EDT 2017
#@# Qdec Cache surf2surf rh w-g.pct.mgh fwhm20 fsaverage Tue Jul 18 10:50:00 EDT 2017
#@# Qdec Cache surf2surf rh w-g.pct.mgh fwhm25 fsaverage Tue Jul 18 10:50:06 EDT 2017
recon-all -s sub-02 finished without error at Tue Jul 18 10:50:12 EDT 2017
