Tue Jul 18 10:35:09 EDT 2017
setenv SUBJECTS_DIR /Users/freesurfer_user/Documents/github/Edits-FreeSurfer-Training-Data
cd /Users/freesurfer_user/Documents/github/Edits-FreeSurfer-Training-Data/sub-01/surf
/Applications/freesurfer/bin/mris_preproc --s sub-01 --hemi rh --meas area --target fsaverage --out rh.area.fsaverage.mgh

Darwin CFMI-iMac-10.local 16.6.0 Darwin Kernel Version 16.6.0: Fri Apr 14 16:21:16 PDT 2017; root:xnu-3789.60.24~6/RELEASE_X86_64 x86_64
$Id: FreeSurferEnv.csh,v 1.89 2016/06/09 14:54:31 zkaufman Exp $
freesurfer-Darwin-OSX-stable-pub-v6.0.0-2beb96c
tmpdir is ./tmp.mris_preproc.42323
Src rh sphere.reg
Trg rh sphere.reg

\n\n
---------------------------------------------------
#@# 1/1 sub-01 Tue Jul 18 10:35:09 EDT 2017 --------------
-----------------------
mri_surf2surf --srcsubject sub-01 --srchemi rh --srcsurfreg sphere.reg --trgsubject fsaverage --trghemi rh --trgsurfreg sphere.reg --tval ./tmp.mris_preproc.42323/sub-01.1.mgh --sval /Users/freesurfer_user/Documents/github/Edits-FreeSurfer-Training-Data/sub-01/surf/rh.area --jac --sfmt curv --noreshape --cortex
Source registration surface changed to sphere.reg
Target registration surface changed to sphere.reg

$Id: mri_surf2surf.c,v 1.103 2015/11/05 22:07:33 greve Exp $

setenv SUBJECTS_DIR /Users/freesurfer_user/Documents/github/Edits-FreeSurfer-Training-Data
cd /Users/freesurfer_user/Documents/GitHub/Edits-FreeSurfer-Training-Data/sub-01/surf
mri_surf2surf --srcsubject sub-01 --srchemi rh --srcsurfreg sphere.reg --trgsubject fsaverage --trghemi rh --trgsurfreg sphere.reg --tval ./tmp.mris_preproc.42323/sub-01.1.mgh --sval /Users/freesurfer_user/Documents/github/Edits-FreeSurfer-Training-Data/sub-01/surf/rh.area --jac --sfmt curv --noreshape --cortex 

sysname  Darwin
hostname CFMI-iMac-10.local
machine  x86_64
user     freesurfer_user
srcsubject = sub-01
srcval     = /Users/freesurfer_user/Documents/github/Edits-FreeSurfer-Training-Data/sub-01/surf/rh.area
srctype    = curv
trgsubject = fsaverage
trgval     = ./tmp.mris_preproc.42323/sub-01.1.mgh
trgtype    = 
srcsurfreg = sphere.reg
trgsurfreg = sphere.reg
srchemi    = rh
trghemi    = rh
frame      = 0
fwhm-in    = 0
fwhm-out   = 0
label-src  = rh.cortex.label
label-trg  = rh.cortex.label
OKToRevFaceOrder  = 1
UseDualHemi = 0
Reading source surface reg /Users/freesurfer_user/Documents/github/Edits-FreeSurfer-Training-Data/sub-01/surf/rh.sphere.reg
Loading source data
Reading curvature file /Users/freesurfer_user/Documents/github/Edits-FreeSurfer-Training-Data/sub-01/surf/rh.area
Reading source subject label mask rh.cortex.label
masking the input
Reading target surface reg /Users/freesurfer_user/Documents/github/Edits-FreeSurfer-Training-Data/fsaverage/surf/rh.sphere.reg
Done
Using surf2surf_nnfr()
Mapping Source Volume onto Source Subject Surface with Jacobian Correction
surf2surf_nnfr_jac: building source hash (res=16).
Surf2SurfJac: 1st Forward Loop (163842)
Surf2SurfJac: 2nd Forward Loop (163842)
surf2surf_nnfr: building target hash (res=16).
Surf2SurfJac: Reverse Loop (156495)
Reverse Loop had 33248 hits
INFO: nSrcLost = 0
surf2surf_nnfr_jac() done
nTrg121 = 139020, nTrgMulti = 24822, MnTrgMultiHits = 2.33946
nSrc121 = 123728, nSrcLost =     0, nSrcMulti = 32767, MnSrcMultiHits = 2.2389
Reading target space mask label rh.cortex.label
masking the input
Saving target data
Saving to ./tmp.mris_preproc.42323/sub-01.1.mgh
\n\n
-----------------------
mri_concat ./tmp.mris_preproc.42323/sub-01.1.mgh --o rh.area.fsaverage.mgh
ninputs = 1
Checking inputs
nframestot = 1
Allocing output
Done allocing
nframes = 1
Writing to rh.area.fsaverage.mgh
\n\n
Cleaning up
-----------------------
rm -r ./tmp.mris_preproc.42323
Tue Jul 18 10:35:17 EDT 2017
mris_preproc done
